ARM GAS  C:\cygwin64\tmp\ccHEf8rx.s 			page 1


   1              		.cpu cortex-m3
   2              		.eabi_attribute 20, 1
   3              		.eabi_attribute 21, 1
   4              		.eabi_attribute 23, 3
   5              		.eabi_attribute 24, 1
   6              		.eabi_attribute 25, 1
   7              		.eabi_attribute 26, 1
   8              		.eabi_attribute 30, 1
   9              		.eabi_attribute 34, 1
  10              		.eabi_attribute 18, 4
  11              		.file	"BMSconfig.c"
  12              		.text
  13              	.Ltext0:
  14              		.cfi_sections	.debug_frame
  15              		.section	.text.loadConfig,"ax",%progbits
  16              		.align	1
  17              		.global	loadConfig
  18              		.arch armv7-m
  19              		.syntax unified
  20              		.thumb
  21              		.thumb_func
  22              		.fpu softvfp
  24              	loadConfig:
  25              	.LVL0:
  26              	.LFB66:
  27              		.file 1 "Src/BMSconfig.c"
   1:Src/BMSconfig.c **** #include "BMSconfig.h"
   2:Src/BMSconfig.c **** 
   3:Src/BMSconfig.c **** void loadConfig(BMSconfigStructTypedef* cfg) {
  28              		.loc 1 3 46 view -0
  29              		.cfi_startproc
  30              		@ args = 0, pretend = 0, frame = 0
  31              		@ frame_needed = 0, uses_anonymous_args = 0
  32              		@ link register save eliminated.
   4:Src/BMSconfig.c **** 	
   5:Src/BMSconfig.c **** 	// 422 Hz
   6:Src/BMSconfig.c **** 	cfg->ADCModeOption = 0;
  33              		.loc 1 6 2 view .LVU1
  34              		.loc 1 6 21 is_stmt 0 view .LVU2
  35 0000 0023     		movs	r3, #0
  36 0002 8371     		strb	r3, [r0, #6]
   7:Src/BMSconfig.c **** 	cfg->ADCMode = 0;
  37              		.loc 1 7 2 is_stmt 1 view .LVU3
  38              		.loc 1 7 15 is_stmt 0 view .LVU4
  39 0004 4376     		strb	r3, [r0, #25]
   8:Src/BMSconfig.c **** 	
   9:Src/BMSconfig.c **** 	cfg->GPIO5PulldownOff = 1;
  40              		.loc 1 9 2 is_stmt 1 view .LVU5
  41              		.loc 1 9 24 is_stmt 0 view .LVU6
  42 0006 0122     		movs	r2, #1
  43 0008 0270     		strb	r2, [r0]
  10:Src/BMSconfig.c **** 	cfg->GPIO4PulldownOff = 1;
  44              		.loc 1 10 2 is_stmt 1 view .LVU7
  45              		.loc 1 10 24 is_stmt 0 view .LVU8
  46 000a 4270     		strb	r2, [r0, #1]
  11:Src/BMSconfig.c **** 	cfg->GPIO3PulldownOff = 1;
  47              		.loc 1 11 2 is_stmt 1 view .LVU9
ARM GAS  C:\cygwin64\tmp\ccHEf8rx.s 			page 2


  48              		.loc 1 11 24 is_stmt 0 view .LVU10
  49 000c 8270     		strb	r2, [r0, #2]
  12:Src/BMSconfig.c **** 	cfg->GPIO2PulldownOff = 1;
  50              		.loc 1 12 2 is_stmt 1 view .LVU11
  51              		.loc 1 12 24 is_stmt 0 view .LVU12
  52 000e C270     		strb	r2, [r0, #3]
  13:Src/BMSconfig.c **** 	cfg->GPIO1PulldownOff = 1;
  53              		.loc 1 13 2 is_stmt 1 view .LVU13
  54              		.loc 1 13 24 is_stmt 0 view .LVU14
  55 0010 0271     		strb	r2, [r0, #4]
  14:Src/BMSconfig.c **** 	
  15:Src/BMSconfig.c **** 	cfg->ReferenceOn = 1; // makes conversion faster
  56              		.loc 1 15 2 is_stmt 1 view .LVU15
  57              		.loc 1 15 19 is_stmt 0 view .LVU16
  58 0012 4271     		strb	r2, [r0, #5]
  16:Src/BMSconfig.c **** 	
  17:Src/BMSconfig.c **** 	cfg->UndervoltageComparisonVoltage = 0x000;
  59              		.loc 1 17 2 is_stmt 1 view .LVU17
  60              		.loc 1 17 37 is_stmt 0 view .LVU18
  61 0014 0381     		strh	r3, [r0, #8]	@ movhi
  18:Src/BMSconfig.c **** 	cfg->OvervoltageComparisonVoltage = 0x000;
  62              		.loc 1 18 2 is_stmt 1 view .LVU19
  63              		.loc 1 18 36 is_stmt 0 view .LVU20
  64 0016 4381     		strh	r3, [r0, #10]	@ movhi
  19:Src/BMSconfig.c **** 	
  20:Src/BMSconfig.c **** 	cfg->DischargeCell1 = 0;
  65              		.loc 1 20 2 is_stmt 1 view .LVU21
  66              		.loc 1 20 22 is_stmt 0 view .LVU22
  67 0018 0373     		strb	r3, [r0, #12]
  21:Src/BMSconfig.c **** 	cfg->DischargeCell2 = 0;
  68              		.loc 1 21 2 is_stmt 1 view .LVU23
  69              		.loc 1 21 22 is_stmt 0 view .LVU24
  70 001a 4373     		strb	r3, [r0, #13]
  22:Src/BMSconfig.c **** 	cfg->DischargeCell3 = 0;
  71              		.loc 1 22 2 is_stmt 1 view .LVU25
  72              		.loc 1 22 22 is_stmt 0 view .LVU26
  73 001c 8373     		strb	r3, [r0, #14]
  23:Src/BMSconfig.c **** 	cfg->DischargeCell4 = 0;
  74              		.loc 1 23 2 is_stmt 1 view .LVU27
  75              		.loc 1 23 22 is_stmt 0 view .LVU28
  76 001e C373     		strb	r3, [r0, #15]
  24:Src/BMSconfig.c **** 	cfg->DischargeCell5 = 0;
  77              		.loc 1 24 2 is_stmt 1 view .LVU29
  78              		.loc 1 24 22 is_stmt 0 view .LVU30
  79 0020 0374     		strb	r3, [r0, #16]
  25:Src/BMSconfig.c **** 	cfg->DischargeCell6 = 0;
  80              		.loc 1 25 2 is_stmt 1 view .LVU31
  81              		.loc 1 25 22 is_stmt 0 view .LVU32
  82 0022 4374     		strb	r3, [r0, #17]
  26:Src/BMSconfig.c **** 	cfg->DischargeCell7 = 0;
  83              		.loc 1 26 2 is_stmt 1 view .LVU33
  84              		.loc 1 26 22 is_stmt 0 view .LVU34
  85 0024 8374     		strb	r3, [r0, #18]
  27:Src/BMSconfig.c **** 	cfg->DischargeCell8 = 0;
  86              		.loc 1 27 2 is_stmt 1 view .LVU35
  87              		.loc 1 27 22 is_stmt 0 view .LVU36
  88 0026 C374     		strb	r3, [r0, #19]
ARM GAS  C:\cygwin64\tmp\ccHEf8rx.s 			page 3


  28:Src/BMSconfig.c **** 	cfg->DischargeCell9 = 0;
  89              		.loc 1 28 2 is_stmt 1 view .LVU37
  90              		.loc 1 28 22 is_stmt 0 view .LVU38
  91 0028 0375     		strb	r3, [r0, #20]
  29:Src/BMSconfig.c **** 	cfg->DischargeCell10 = 0;
  92              		.loc 1 29 2 is_stmt 1 view .LVU39
  93              		.loc 1 29 23 is_stmt 0 view .LVU40
  94 002a 4375     		strb	r3, [r0, #21]
  30:Src/BMSconfig.c **** 	cfg->DischargeCell11 = 0;
  95              		.loc 1 30 2 is_stmt 1 view .LVU41
  96              		.loc 1 30 23 is_stmt 0 view .LVU42
  97 002c 8375     		strb	r3, [r0, #22]
  31:Src/BMSconfig.c **** 	cfg->DischargeCell12 = 0;
  98              		.loc 1 31 2 is_stmt 1 view .LVU43
  99              		.loc 1 31 23 is_stmt 0 view .LVU44
 100 002e C375     		strb	r3, [r0, #23]
  32:Src/BMSconfig.c **** 	
  33:Src/BMSconfig.c **** 	cfg->DischargeTimeoutValue = 0x0;
 101              		.loc 1 33 2 is_stmt 1 view .LVU45
 102              		.loc 1 33 29 is_stmt 0 view .LVU46
 103 0030 0376     		strb	r3, [r0, #24]
  34:Src/BMSconfig.c **** }
 104              		.loc 1 34 1 view .LVU47
 105 0032 7047     		bx	lr
 106              		.cfi_endproc
 107              	.LFE66:
 109              		.text
 110              	.Letext0:
 111              		.file 2 "c:\\arm-gcc\\8-2018-q4-major\\arm-none-eabi\\include\\machine\\_default_types.h"
 112              		.file 3 "c:\\arm-gcc\\8-2018-q4-major\\arm-none-eabi\\include\\sys\\_stdint.h"
 113              		.file 4 "Drivers/CMSIS/Include/core_cm3.h"
 114              		.file 5 "Drivers/CMSIS/Device/ST/STM32F1xx/Include/system_stm32f1xx.h"
 115              		.file 6 "c:\\arm-gcc\\8-2018-q4-major\\arm-none-eabi\\include\\sys\\lock.h"
 116              		.file 7 "c:\\arm-gcc\\8-2018-q4-major\\arm-none-eabi\\include\\sys\\_types.h"
 117              		.file 8 "c:\\arm-gcc\\8-2018-q4-major\\lib\\gcc\\arm-none-eabi\\8.2.1\\include\\stddef.h"
 118              		.file 9 "c:\\arm-gcc\\8-2018-q4-major\\arm-none-eabi\\include\\sys\\reent.h"
 119              		.file 10 "c:\\arm-gcc\\8-2018-q4-major\\arm-none-eabi\\include\\stdlib.h"
 120              		.file 11 "Inc/BMSconfig.h"
ARM GAS  C:\cygwin64\tmp\ccHEf8rx.s 			page 4


DEFINED SYMBOLS
                            *ABS*:00000000 BMSconfig.c
C:\cygwin64\tmp\ccHEf8rx.s:16     .text.loadConfig:00000000 $t
C:\cygwin64\tmp\ccHEf8rx.s:24     .text.loadConfig:00000000 loadConfig

NO UNDEFINED SYMBOLS
