ARM GAS  C:\cygwin64\tmp\ccmpjsRQ.s 			page 1


   1              		.cpu cortex-m3
   2              		.eabi_attribute 20, 1
   3              		.eabi_attribute 21, 1
   4              		.eabi_attribute 23, 3
   5              		.eabi_attribute 24, 1
   6              		.eabi_attribute 25, 1
   7              		.eabi_attribute 26, 1
   8              		.eabi_attribute 30, 1
   9              		.eabi_attribute 34, 1
  10              		.eabi_attribute 18, 4
  11              		.file	"SPI.c"
  12              		.text
  13              	.Ltext0:
  14              		.cfi_sections	.debug_frame
  15              		.section	.text.SPI_Init,"ax",%progbits
  16              		.align	1
  17              		.global	SPI_Init
  18              		.arch armv7-m
  19              		.syntax unified
  20              		.thumb
  21              		.thumb_func
  22              		.fpu softvfp
  24              	SPI_Init:
  25              	.LFB66:
  26              		.file 1 "Src/SPI.c"
   1:Src/SPI.c     **** //uint8_t SPIWrite();
   2:Src/SPI.c     **** 
   3:Src/SPI.c     **** #include "SPI.h"
   4:Src/SPI.c     **** 
   5:Src/SPI.c     **** SPI_HandleTypeDef SPIHandle;
   6:Src/SPI.c     **** 
   7:Src/SPI.c     **** void SPI_Init(void)
   8:Src/SPI.c     **** {
  27              		.loc 1 8 1 view -0
  28              		.cfi_startproc
  29              		@ args = 0, pretend = 0, frame = 0
  30              		@ frame_needed = 0, uses_anonymous_args = 0
  31 0000 08B5     		push	{r3, lr}
  32              	.LCFI0:
  33              		.cfi_def_cfa_offset 8
  34              		.cfi_offset 3, -8
  35              		.cfi_offset 14, -4
   9:Src/SPI.c     **** 
  10:Src/SPI.c     ****   SPIHandle.Instance = SPI1;
  36              		.loc 1 10 3 view .LVU1
  37              		.loc 1 10 22 is_stmt 0 view .LVU2
  38 0002 0D48     		ldr	r0, .L3
  39 0004 0D4B     		ldr	r3, .L3+4
  40 0006 0360     		str	r3, [r0]
  11:Src/SPI.c     ****   SPIHandle.Init.Mode = SPI_MODE_MASTER;
  41              		.loc 1 11 3 is_stmt 1 view .LVU3
  42              		.loc 1 11 23 is_stmt 0 view .LVU4
  43 0008 4FF48273 		mov	r3, #260
  44 000c 4360     		str	r3, [r0, #4]
  12:Src/SPI.c     ****   SPIHandle.Init.Direction = SPI_DIRECTION_2LINES;
  45              		.loc 1 12 3 is_stmt 1 view .LVU5
  46              		.loc 1 12 28 is_stmt 0 view .LVU6
ARM GAS  C:\cygwin64\tmp\ccmpjsRQ.s 			page 2


  47 000e 0023     		movs	r3, #0
  48 0010 8360     		str	r3, [r0, #8]
  13:Src/SPI.c     ****   SPIHandle.Init.DataSize = SPI_DATASIZE_8BIT;
  49              		.loc 1 13 3 is_stmt 1 view .LVU7
  50              		.loc 1 13 27 is_stmt 0 view .LVU8
  51 0012 C360     		str	r3, [r0, #12]
  14:Src/SPI.c     ****   SPIHandle.Init.CLKPolarity = SPI_POLARITY_HIGH;
  52              		.loc 1 14 3 is_stmt 1 view .LVU9
  53              		.loc 1 14 30 is_stmt 0 view .LVU10
  54 0014 0222     		movs	r2, #2
  55 0016 0261     		str	r2, [r0, #16]
  15:Src/SPI.c     ****   SPIHandle.Init.CLKPhase = SPI_PHASE_2EDGE;
  56              		.loc 1 15 3 is_stmt 1 view .LVU11
  57              		.loc 1 15 27 is_stmt 0 view .LVU12
  58 0018 0122     		movs	r2, #1
  59 001a 4261     		str	r2, [r0, #20]
  16:Src/SPI.c     ****   SPIHandle.Init.NSS = SPI_NSS_HARD_OUTPUT;
  60              		.loc 1 16 3 is_stmt 1 view .LVU13
  61              		.loc 1 16 22 is_stmt 0 view .LVU14
  62 001c 4FF48022 		mov	r2, #262144
  63 0020 8261     		str	r2, [r0, #24]
  17:Src/SPI.c     ****   SPIHandle.Init.BaudRatePrescaler = SPI_BAUDRATEPRESCALER_16;
  64              		.loc 1 17 3 is_stmt 1 view .LVU15
  65              		.loc 1 17 36 is_stmt 0 view .LVU16
  66 0022 1822     		movs	r2, #24
  67 0024 C261     		str	r2, [r0, #28]
  18:Src/SPI.c     ****   SPIHandle.Init.FirstBit = SPI_FIRSTBIT_MSB;
  68              		.loc 1 18 3 is_stmt 1 view .LVU17
  69              		.loc 1 18 27 is_stmt 0 view .LVU18
  70 0026 0362     		str	r3, [r0, #32]
  19:Src/SPI.c     ****   SPIHandle.Init.TIMode = SPI_TIMODE_DISABLE;
  71              		.loc 1 19 3 is_stmt 1 view .LVU19
  72              		.loc 1 19 25 is_stmt 0 view .LVU20
  73 0028 4362     		str	r3, [r0, #36]
  20:Src/SPI.c     ****   SPIHandle.Init.CRCCalculation = SPI_CRCCALCULATION_DISABLE;
  74              		.loc 1 20 3 is_stmt 1 view .LVU21
  75              		.loc 1 20 33 is_stmt 0 view .LVU22
  76 002a 8362     		str	r3, [r0, #40]
  21:Src/SPI.c     ****   SPIHandle.Init.CRCPolynomial = 10;
  77              		.loc 1 21 3 is_stmt 1 view .LVU23
  78              		.loc 1 21 32 is_stmt 0 view .LVU24
  79 002c 0A23     		movs	r3, #10
  80 002e C362     		str	r3, [r0, #44]
  22:Src/SPI.c     **** 
  23:Src/SPI.c     ****   HAL_SPI_Init(&SPIHandle);
  81              		.loc 1 23 3 is_stmt 1 view .LVU25
  82 0030 FFF7FEFF 		bl	HAL_SPI_Init
  83              	.LVL0:
  24:Src/SPI.c     **** 
  25:Src/SPI.c     **** }
  84              		.loc 1 25 1 is_stmt 0 view .LVU26
  85 0034 08BD     		pop	{r3, pc}
  86              	.L4:
  87 0036 00BF     		.align	2
  88              	.L3:
  89 0038 00000000 		.word	SPIHandle
  90 003c 00300140 		.word	1073819648
ARM GAS  C:\cygwin64\tmp\ccmpjsRQ.s 			page 3


  91              		.cfi_endproc
  92              	.LFE66:
  94              		.section	.text.SPIWrite,"ax",%progbits
  95              		.align	1
  96              		.global	SPIWrite
  97              		.syntax unified
  98              		.thumb
  99              		.thumb_func
 100              		.fpu softvfp
 102              	SPIWrite:
 103              	.LVL1:
 104              	.LFB67:
  26:Src/SPI.c     **** 
  27:Src/SPI.c     **** bool SPIWrite(uint8_t *writeBuffer, uint8_t totalBytes) {
 105              		.loc 1 27 57 is_stmt 1 view -0
 106              		.cfi_startproc
 107              		@ args = 0, pretend = 0, frame = 0
 108              		@ frame_needed = 1, uses_anonymous_args = 0
 109              		.loc 1 27 57 is_stmt 0 view .LVU28
 110 0000 F0B5     		push	{r4, r5, r6, r7, lr}
 111              	.LCFI1:
 112              		.cfi_def_cfa_offset 20
 113              		.cfi_offset 4, -20
 114              		.cfi_offset 5, -16
 115              		.cfi_offset 6, -12
 116              		.cfi_offset 7, -8
 117              		.cfi_offset 14, -4
 118 0002 83B0     		sub	sp, sp, #12
 119              	.LCFI2:
 120              		.cfi_def_cfa_offset 32
 121 0004 02AF     		add	r7, sp, #8
 122              	.LCFI3:
 123              		.cfi_def_cfa 7, 24
 124 0006 0546     		mov	r5, r0
 125 0008 0C46     		mov	r4, r1
  28:Src/SPI.c     **** 	
  29:Src/SPI.c     **** 	HAL_StatusTypeDef halReturnStatus;
 126              		.loc 1 29 2 is_stmt 1 view .LVU29
  30:Src/SPI.c     **** 	uint8_t readBuffer[totalBytes];
 127              		.loc 1 30 2 view .LVU30
 128              	.LVL2:
 129              		.loc 1 30 10 is_stmt 0 view .LVU31
 130 000a CB1D     		adds	r3, r1, #7
 131 000c 03F4FC73 		and	r3, r3, #504
 132 0010 ADEB030D 		sub	sp, sp, r3
 133 0014 02AE     		add	r6, sp, #8
 134              	.LVL3:
  31:Src/SPI.c     **** 	
  32:Src/SPI.c     **** 	HAL_GPIO_WritePin(GPIOA, GPIO_PIN_4, GPIO_PIN_RESET);
 135              		.loc 1 32 2 is_stmt 1 view .LVU32
 136 0016 0022     		movs	r2, #0
 137 0018 1021     		movs	r1, #16
 138              	.LVL4:
 139              		.loc 1 32 2 is_stmt 0 view .LVU33
 140 001a 0F48     		ldr	r0, .L8
 141              	.LVL5:
 142              		.loc 1 32 2 view .LVU34
ARM GAS  C:\cygwin64\tmp\ccmpjsRQ.s 			page 4


 143 001c FFF7FEFF 		bl	HAL_GPIO_WritePin
 144              	.LVL6:
  33:Src/SPI.c     **** 	halReturnStatus = HAL_SPI_TransmitReceive(&SPIHandle, writeBuffer, readBuffer, totalBytes, 1000);
 145              		.loc 1 33 2 is_stmt 1 view .LVU35
 146              		.loc 1 33 20 is_stmt 0 view .LVU36
 147 0020 4FF47A73 		mov	r3, #1000
 148 0024 0093     		str	r3, [sp]
 149 0026 2346     		mov	r3, r4
 150 0028 3246     		mov	r2, r6
 151 002a 2946     		mov	r1, r5
 152 002c 0B48     		ldr	r0, .L8+4
 153 002e FFF7FEFF 		bl	HAL_SPI_TransmitReceive
 154              	.LVL7:
 155 0032 0446     		mov	r4, r0
 156              	.LVL8:
  34:Src/SPI.c     **** 	while( SPIHandle.State == HAL_SPI_STATE_BUSY );  // wait xmission complete
 157              		.loc 1 34 2 is_stmt 1 view .LVU37
 158              	.L6:
 159              		.loc 1 34 48 discriminator 1 view .LVU38
 160              		.loc 1 34 18 is_stmt 0 discriminator 1 view .LVU39
 161 0034 094B     		ldr	r3, .L8+4
 162 0036 93F85130 		ldrb	r3, [r3, #81]	@ zero_extendqisi2
 163 003a DBB2     		uxtb	r3, r3
 164              		.loc 1 34 7 discriminator 1 view .LVU40
 165 003c 022B     		cmp	r3, #2
 166 003e F9D0     		beq	.L6
  35:Src/SPI.c     **** 	HAL_GPIO_WritePin(GPIOA, GPIO_PIN_4, GPIO_PIN_SET);
 167              		.loc 1 35 2 is_stmt 1 view .LVU41
 168 0040 0122     		movs	r2, #1
 169 0042 1021     		movs	r1, #16
 170 0044 0448     		ldr	r0, .L8
 171 0046 FFF7FEFF 		bl	HAL_GPIO_WritePin
 172              	.LVL9:
  36:Src/SPI.c     **** 	
  37:Src/SPI.c     **** 	return(halReturnStatus == HAL_OK);
 173              		.loc 1 37 2 view .LVU42
  38:Src/SPI.c     **** };
 174              		.loc 1 38 1 is_stmt 0 view .LVU43
 175 004a B4FA84F0 		clz	r0, r4
 176 004e 4009     		lsrs	r0, r0, #5
 177 0050 0437     		adds	r7, r7, #4
 178              	.LCFI4:
 179              		.cfi_def_cfa_offset 20
 180 0052 BD46     		mov	sp, r7
 181              	.LCFI5:
 182              		.cfi_def_cfa_register 13
 183              		@ sp needed
 184 0054 F0BD     		pop	{r4, r5, r6, r7, pc}
 185              	.LVL10:
 186              	.L9:
 187              		.loc 1 38 1 view .LVU44
 188 0056 00BF     		.align	2
 189              	.L8:
 190 0058 00080140 		.word	1073809408
 191 005c 00000000 		.word	SPIHandle
 192              		.cfi_endproc
 193              	.LFE67:
ARM GAS  C:\cygwin64\tmp\ccmpjsRQ.s 			page 5


 195              		.section	.text.SPIWriteRead,"ax",%progbits
 196              		.align	1
 197              		.global	SPIWriteRead
 198              		.syntax unified
 199              		.thumb
 200              		.thumb_func
 201              		.fpu softvfp
 203              	SPIWriteRead:
 204              	.LVL11:
 205              	.LFB68:
  39:Src/SPI.c     **** 
  40:Src/SPI.c     **** bool SPIWriteRead(uint8_t *writeBuffer, uint8_t *readBuffer, uint8_t totalBytes) {
 206              		.loc 1 40 82 is_stmt 1 view -0
 207              		.cfi_startproc
 208              		@ args = 0, pretend = 0, frame = 0
 209              		@ frame_needed = 0, uses_anonymous_args = 0
 210              		.loc 1 40 82 is_stmt 0 view .LVU46
 211 0000 70B5     		push	{r4, r5, r6, lr}
 212              	.LCFI6:
 213              		.cfi_def_cfa_offset 16
 214              		.cfi_offset 4, -16
 215              		.cfi_offset 5, -12
 216              		.cfi_offset 6, -8
 217              		.cfi_offset 14, -4
 218 0002 82B0     		sub	sp, sp, #8
 219              	.LCFI7:
 220              		.cfi_def_cfa_offset 24
 221 0004 0446     		mov	r4, r0
 222 0006 0D46     		mov	r5, r1
 223 0008 1646     		mov	r6, r2
  41:Src/SPI.c     **** 	
  42:Src/SPI.c     **** 	HAL_StatusTypeDef halReturnStatus;
 224              		.loc 1 42 2 is_stmt 1 view .LVU47
  43:Src/SPI.c     **** 	
  44:Src/SPI.c     **** 	HAL_GPIO_WritePin(GPIOA, GPIO_PIN_4, GPIO_PIN_RESET);
 225              		.loc 1 44 2 view .LVU48
 226 000a 0022     		movs	r2, #0
 227              	.LVL12:
 228              		.loc 1 44 2 is_stmt 0 view .LVU49
 229 000c 1021     		movs	r1, #16
 230              	.LVL13:
 231              		.loc 1 44 2 view .LVU50
 232 000e 0E48     		ldr	r0, .L13
 233              	.LVL14:
 234              		.loc 1 44 2 view .LVU51
 235 0010 FFF7FEFF 		bl	HAL_GPIO_WritePin
 236              	.LVL15:
  45:Src/SPI.c     **** 	halReturnStatus = HAL_SPI_TransmitReceive(&SPIHandle, writeBuffer, readBuffer, totalBytes, 1000);
 237              		.loc 1 45 2 is_stmt 1 view .LVU52
 238              		.loc 1 45 20 is_stmt 0 view .LVU53
 239 0014 4FF47A73 		mov	r3, #1000
 240 0018 0093     		str	r3, [sp]
 241 001a 3346     		mov	r3, r6
 242 001c 2A46     		mov	r2, r5
 243 001e 2146     		mov	r1, r4
 244 0020 0A48     		ldr	r0, .L13+4
 245 0022 FFF7FEFF 		bl	HAL_SPI_TransmitReceive
ARM GAS  C:\cygwin64\tmp\ccmpjsRQ.s 			page 6


 246              	.LVL16:
 247 0026 0446     		mov	r4, r0
 248              	.LVL17:
  46:Src/SPI.c     **** 	while( SPIHandle.State == HAL_SPI_STATE_BUSY );  // wait xmission complete
 249              		.loc 1 46 2 is_stmt 1 view .LVU54
 250              	.L11:
 251              		.loc 1 46 48 discriminator 1 view .LVU55
 252              		.loc 1 46 18 is_stmt 0 discriminator 1 view .LVU56
 253 0028 084B     		ldr	r3, .L13+4
 254 002a 93F85130 		ldrb	r3, [r3, #81]	@ zero_extendqisi2
 255 002e DBB2     		uxtb	r3, r3
 256              		.loc 1 46 7 discriminator 1 view .LVU57
 257 0030 022B     		cmp	r3, #2
 258 0032 F9D0     		beq	.L11
  47:Src/SPI.c     **** 	HAL_GPIO_WritePin(GPIOA, GPIO_PIN_4, GPIO_PIN_SET);
 259              		.loc 1 47 2 is_stmt 1 view .LVU58
 260 0034 0122     		movs	r2, #1
 261 0036 1021     		movs	r1, #16
 262 0038 0348     		ldr	r0, .L13
 263 003a FFF7FEFF 		bl	HAL_GPIO_WritePin
 264              	.LVL18:
  48:Src/SPI.c     **** 	
  49:Src/SPI.c     **** 	return(halReturnStatus == HAL_OK);
 265              		.loc 1 49 2 view .LVU59
  50:Src/SPI.c     **** };...
 266              		.loc 1 50 1 is_stmt 0 view .LVU60
 267 003e B4FA84F0 		clz	r0, r4
 268 0042 4009     		lsrs	r0, r0, #5
 269 0044 02B0     		add	sp, sp, #8
 270              	.LCFI8:
 271              		.cfi_def_cfa_offset 16
 272              		@ sp needed
 273 0046 70BD     		pop	{r4, r5, r6, pc}
 274              	.LVL19:
 275              	.L14:
 276              		.loc 1 50 1 view .LVU61
 277              		.align	2
 278              	.L13:
 279 0048 00080140 		.word	1073809408
 280 004c 00000000 		.word	SPIHandle
 281              		.cfi_endproc
 282              	.LFE68:
 284              		.comm	SPIHandle,88,4
 285              		.text
 286              	.Letext0:
 287              		.file 2 "c:\\arm-gcc\\8-2018-q4-major\\arm-none-eabi\\include\\machine\\_default_types.h"
 288              		.file 3 "c:\\arm-gcc\\8-2018-q4-major\\arm-none-eabi\\include\\sys\\_stdint.h"
 289              		.file 4 "Drivers/CMSIS/Include/core_cm3.h"
 290              		.file 5 "Drivers/CMSIS/Device/ST/STM32F1xx/Include/system_stm32f1xx.h"
 291              		.file 6 "Drivers/CMSIS/Device/ST/STM32F1xx/Include/stm32f103xb.h"
 292              		.file 7 "c:\\arm-gcc\\8-2018-q4-major\\arm-none-eabi\\include\\sys\\lock.h"
 293              		.file 8 "c:\\arm-gcc\\8-2018-q4-major\\arm-none-eabi\\include\\sys\\_types.h"
 294              		.file 9 "c:\\arm-gcc\\8-2018-q4-major\\lib\\gcc\\arm-none-eabi\\8.2.1\\include\\stddef.h"
 295              		.file 10 "c:\\arm-gcc\\8-2018-q4-major\\arm-none-eabi\\include\\sys\\reent.h"
 296              		.file 11 "Drivers/STM32F1xx_HAL_Driver/Inc/stm32f1xx_hal_def.h"
 297              		.file 12 "Drivers/STM32F1xx_HAL_Driver/Inc/stm32f1xx_hal_gpio.h"
 298              		.file 13 "Drivers/STM32F1xx_HAL_Driver/Inc/stm32f1xx_hal_dma.h"
ARM GAS  C:\cygwin64\tmp\ccmpjsRQ.s 			page 7


 299              		.file 14 "Drivers/STM32F1xx_HAL_Driver/Inc/stm32f1xx_hal_spi.h"
 300              		.file 15 "c:\\arm-gcc\\8-2018-q4-major\\arm-none-eabi\\include\\stdlib.h"
ARM GAS  C:\cygwin64\tmp\ccmpjsRQ.s 			page 8


DEFINED SYMBOLS
                            *ABS*:00000000 SPI.c
C:\cygwin64\tmp\ccmpjsRQ.s:16     .text.SPI_Init:00000000 $t
C:\cygwin64\tmp\ccmpjsRQ.s:24     .text.SPI_Init:00000000 SPI_Init
C:\cygwin64\tmp\ccmpjsRQ.s:89     .text.SPI_Init:00000038 $d
                            *COM*:00000058 SPIHandle
C:\cygwin64\tmp\ccmpjsRQ.s:95     .text.SPIWrite:00000000 $t
C:\cygwin64\tmp\ccmpjsRQ.s:102    .text.SPIWrite:00000000 SPIWrite
C:\cygwin64\tmp\ccmpjsRQ.s:190    .text.SPIWrite:00000058 $d
C:\cygwin64\tmp\ccmpjsRQ.s:196    .text.SPIWriteRead:00000000 $t
C:\cygwin64\tmp\ccmpjsRQ.s:203    .text.SPIWriteRead:00000000 SPIWriteRead
C:\cygwin64\tmp\ccmpjsRQ.s:279    .text.SPIWriteRead:00000048 $d

UNDEFINED SYMBOLS
HAL_SPI_Init
HAL_GPIO_WritePin
HAL_SPI_TransmitReceive
