ARM GAS  /tmp/ccBCEdfw.s 			page 1


   1              		.cpu cortex-m3
   2              		.eabi_attribute 20, 1
   3              		.eabi_attribute 21, 1
   4              		.eabi_attribute 23, 3
   5              		.eabi_attribute 24, 1
   6              		.eabi_attribute 25, 1
   7              		.eabi_attribute 26, 1
   8              		.eabi_attribute 30, 1
   9              		.eabi_attribute 34, 1
  10              		.eabi_attribute 18, 4
  11              		.file	"stm32f1xx_it.c"
  12              		.text
  13              	.Ltext0:
  14              		.cfi_sections	.debug_frame
  15              		.section	.text.NMI_Handler,"ax",%progbits
  16              		.align	1
  17              		.global	NMI_Handler
  18              		.syntax unified
  19              		.thumb
  20              		.thumb_func
  21              		.fpu softvfp
  23              	NMI_Handler:
  24              	.LFB66:
  25              		.file 1 "Src/stm32f1xx_it.c"
   1:Src/stm32f1xx_it.c **** /* USER CODE BEGIN Header */
   2:Src/stm32f1xx_it.c **** /**
   3:Src/stm32f1xx_it.c ****   ******************************************************************************
   4:Src/stm32f1xx_it.c ****   * @file    stm32f1xx_it.c
   5:Src/stm32f1xx_it.c ****   * @brief   Interrupt Service Routines.
   6:Src/stm32f1xx_it.c ****   ******************************************************************************
   7:Src/stm32f1xx_it.c ****   *
   8:Src/stm32f1xx_it.c ****   * COPYRIGHT(c) 2018 STMicroelectronics
   9:Src/stm32f1xx_it.c ****   *
  10:Src/stm32f1xx_it.c ****   * Redistribution and use in source and binary forms, with or without modification,
  11:Src/stm32f1xx_it.c ****   * are permitted provided that the following conditions are met:
  12:Src/stm32f1xx_it.c ****   *   1. Redistributions of source code must retain the above copyright notice,
  13:Src/stm32f1xx_it.c ****   *      this list of conditions and the following disclaimer.
  14:Src/stm32f1xx_it.c ****   *   2. Redistributions in binary form must reproduce the above copyright notice,
  15:Src/stm32f1xx_it.c ****   *      this list of conditions and the following disclaimer in the documentation
  16:Src/stm32f1xx_it.c ****   *      and/or other materials provided with the distribution.
  17:Src/stm32f1xx_it.c ****   *   3. Neither the name of STMicroelectronics nor the names of its contributors
  18:Src/stm32f1xx_it.c ****   *      may be used to endorse or promote products derived from this software
  19:Src/stm32f1xx_it.c ****   *      without specific prior written permission.
  20:Src/stm32f1xx_it.c ****   *
  21:Src/stm32f1xx_it.c ****   * THIS SOFTWARE IS PROVIDED BY THE COPYRIGHT HOLDERS AND CONTRIBUTORS "AS IS"
  22:Src/stm32f1xx_it.c ****   * AND ANY EXPRESS OR IMPLIED WARRANTIES, INCLUDING, BUT NOT LIMITED TO, THE
  23:Src/stm32f1xx_it.c ****   * IMPLIED WARRANTIES OF MERCHANTABILITY AND FITNESS FOR A PARTICULAR PURPOSE ARE
  24:Src/stm32f1xx_it.c ****   * DISCLAIMED. IN NO EVENT SHALL THE COPYRIGHT HOLDER OR CONTRIBUTORS BE LIABLE
  25:Src/stm32f1xx_it.c ****   * FOR ANY DIRECT, INDIRECT, INCIDENTAL, SPECIAL, EXEMPLARY, OR CONSEQUENTIAL
  26:Src/stm32f1xx_it.c ****   * DAMAGES (INCLUDING, BUT NOT LIMITED TO, PROCUREMENT OF SUBSTITUTE GOODS OR
  27:Src/stm32f1xx_it.c ****   * SERVICES; LOSS OF USE, DATA, OR PROFITS; OR BUSINESS INTERRUPTION) HOWEVER
  28:Src/stm32f1xx_it.c ****   * CAUSED AND ON ANY THEORY OF LIABILITY, WHETHER IN CONTRACT, STRICT LIABILITY,
  29:Src/stm32f1xx_it.c ****   * OR TORT (INCLUDING NEGLIGENCE OR OTHERWISE) ARISING IN ANY WAY OUT OF THE USE
  30:Src/stm32f1xx_it.c ****   * OF THIS SOFTWARE, EVEN IF ADVISED OF THE POSSIBILITY OF SUCH DAMAGE.
  31:Src/stm32f1xx_it.c ****   *
  32:Src/stm32f1xx_it.c ****   ******************************************************************************
  33:Src/stm32f1xx_it.c ****   */
ARM GAS  /tmp/ccBCEdfw.s 			page 2


  34:Src/stm32f1xx_it.c **** /* USER CODE END Header */
  35:Src/stm32f1xx_it.c **** 
  36:Src/stm32f1xx_it.c **** /* Includes ------------------------------------------------------------------*/
  37:Src/stm32f1xx_it.c **** #include "main.h"
  38:Src/stm32f1xx_it.c **** #include "stm32f1xx_it.h"
  39:Src/stm32f1xx_it.c **** /* Private includes ----------------------------------------------------------*/
  40:Src/stm32f1xx_it.c **** /* USER CODE BEGIN Includes */
  41:Src/stm32f1xx_it.c **** /* USER CODE END Includes */
  42:Src/stm32f1xx_it.c **** 
  43:Src/stm32f1xx_it.c **** /* Private typedef -----------------------------------------------------------*/
  44:Src/stm32f1xx_it.c **** /* USER CODE BEGIN TD */
  45:Src/stm32f1xx_it.c **** 
  46:Src/stm32f1xx_it.c **** /* USER CODE END TD */
  47:Src/stm32f1xx_it.c **** 
  48:Src/stm32f1xx_it.c **** /* Private define ------------------------------------------------------------*/
  49:Src/stm32f1xx_it.c **** /* USER CODE BEGIN PD */
  50:Src/stm32f1xx_it.c ****  
  51:Src/stm32f1xx_it.c **** /* USER CODE END PD */
  52:Src/stm32f1xx_it.c **** 
  53:Src/stm32f1xx_it.c **** /* Private macro -------------------------------------------------------------*/
  54:Src/stm32f1xx_it.c **** /* USER CODE BEGIN PM */
  55:Src/stm32f1xx_it.c **** 
  56:Src/stm32f1xx_it.c **** /* USER CODE END PM */
  57:Src/stm32f1xx_it.c **** 
  58:Src/stm32f1xx_it.c **** /* Private variables ---------------------------------------------------------*/
  59:Src/stm32f1xx_it.c **** /* USER CODE BEGIN PV */
  60:Src/stm32f1xx_it.c **** 
  61:Src/stm32f1xx_it.c **** /* USER CODE END PV */
  62:Src/stm32f1xx_it.c **** 
  63:Src/stm32f1xx_it.c **** /* Private function prototypes -----------------------------------------------*/
  64:Src/stm32f1xx_it.c **** /* USER CODE BEGIN PFP */
  65:Src/stm32f1xx_it.c **** 
  66:Src/stm32f1xx_it.c **** /* USER CODE END PFP */
  67:Src/stm32f1xx_it.c **** 
  68:Src/stm32f1xx_it.c **** /* Private user code ---------------------------------------------------------*/
  69:Src/stm32f1xx_it.c **** /* USER CODE BEGIN 0 */
  70:Src/stm32f1xx_it.c **** 
  71:Src/stm32f1xx_it.c **** /* USER CODE END 0 */
  72:Src/stm32f1xx_it.c **** 
  73:Src/stm32f1xx_it.c **** /* External variables --------------------------------------------------------*/
  74:Src/stm32f1xx_it.c **** extern CAN_HandleTypeDef hcan;
  75:Src/stm32f1xx_it.c **** /* USER CODE BEGIN EV */
  76:Src/stm32f1xx_it.c **** 
  77:Src/stm32f1xx_it.c **** /* USER CODE END EV */
  78:Src/stm32f1xx_it.c **** 
  79:Src/stm32f1xx_it.c **** /******************************************************************************/
  80:Src/stm32f1xx_it.c **** /*           Cortex-M3 Processor Interruption and Exception Handlers          */ 
  81:Src/stm32f1xx_it.c **** /******************************************************************************/
  82:Src/stm32f1xx_it.c **** /**
  83:Src/stm32f1xx_it.c ****   * @brief This function handles Non maskable interrupt.
  84:Src/stm32f1xx_it.c ****   */
  85:Src/stm32f1xx_it.c **** void NMI_Handler(void)
  86:Src/stm32f1xx_it.c **** {
  26              		.loc 1 86 0
  27              		.cfi_startproc
  28              		@ args = 0, pretend = 0, frame = 0
  29              		@ frame_needed = 0, uses_anonymous_args = 0
ARM GAS  /tmp/ccBCEdfw.s 			page 3


  30              		@ link register save eliminated.
  87:Src/stm32f1xx_it.c ****   /* USER CODE BEGIN NonMaskableInt_IRQn 0 */
  88:Src/stm32f1xx_it.c **** 
  89:Src/stm32f1xx_it.c ****   /* USER CODE END NonMaskableInt_IRQn 0 */
  90:Src/stm32f1xx_it.c ****   /* USER CODE BEGIN NonMaskableInt_IRQn 1 */
  91:Src/stm32f1xx_it.c **** 
  92:Src/stm32f1xx_it.c ****   /* USER CODE END NonMaskableInt_IRQn 1 */
  93:Src/stm32f1xx_it.c **** }
  31              		.loc 1 93 0
  32 0000 7047     		bx	lr
  33              		.cfi_endproc
  34              	.LFE66:
  36              		.section	.text.HardFault_Handler,"ax",%progbits
  37              		.align	1
  38              		.global	HardFault_Handler
  39              		.syntax unified
  40              		.thumb
  41              		.thumb_func
  42              		.fpu softvfp
  44              	HardFault_Handler:
  45              	.LFB67:
  94:Src/stm32f1xx_it.c **** 
  95:Src/stm32f1xx_it.c **** /**
  96:Src/stm32f1xx_it.c ****   * @brief This function handles Hard fault interrupt.
  97:Src/stm32f1xx_it.c ****   */
  98:Src/stm32f1xx_it.c **** void HardFault_Handler(void)
  99:Src/stm32f1xx_it.c **** {
  46              		.loc 1 99 0
  47              		.cfi_startproc
  48              		@ Volatile: function does not return.
  49              		@ args = 0, pretend = 0, frame = 0
  50              		@ frame_needed = 0, uses_anonymous_args = 0
  51              		@ link register save eliminated.
  52              	.L3:
  53 0000 FEE7     		b	.L3
  54              		.cfi_endproc
  55              	.LFE67:
  57              		.section	.text.MemManage_Handler,"ax",%progbits
  58              		.align	1
  59              		.global	MemManage_Handler
  60              		.syntax unified
  61              		.thumb
  62              		.thumb_func
  63              		.fpu softvfp
  65              	MemManage_Handler:
  66              	.LFB68:
 100:Src/stm32f1xx_it.c ****   /* USER CODE BEGIN HardFault_IRQn 0 */
 101:Src/stm32f1xx_it.c **** 
 102:Src/stm32f1xx_it.c ****   /* USER CODE END HardFault_IRQn 0 */
 103:Src/stm32f1xx_it.c ****   while (1)
 104:Src/stm32f1xx_it.c ****   {
 105:Src/stm32f1xx_it.c ****     /* USER CODE BEGIN W1_HardFault_IRQn 0 */
 106:Src/stm32f1xx_it.c ****     /* USER CODE END W1_HardFault_IRQn 0 */
 107:Src/stm32f1xx_it.c ****   }
 108:Src/stm32f1xx_it.c **** }
 109:Src/stm32f1xx_it.c **** 
 110:Src/stm32f1xx_it.c **** /**
ARM GAS  /tmp/ccBCEdfw.s 			page 4


 111:Src/stm32f1xx_it.c ****   * @brief This function handles Memory management fault.
 112:Src/stm32f1xx_it.c ****   */
 113:Src/stm32f1xx_it.c **** void MemManage_Handler(void)
 114:Src/stm32f1xx_it.c **** {
  67              		.loc 1 114 0
  68              		.cfi_startproc
  69              		@ Volatile: function does not return.
  70              		@ args = 0, pretend = 0, frame = 0
  71              		@ frame_needed = 0, uses_anonymous_args = 0
  72              		@ link register save eliminated.
  73              	.L5:
  74 0000 FEE7     		b	.L5
  75              		.cfi_endproc
  76              	.LFE68:
  78              		.section	.text.BusFault_Handler,"ax",%progbits
  79              		.align	1
  80              		.global	BusFault_Handler
  81              		.syntax unified
  82              		.thumb
  83              		.thumb_func
  84              		.fpu softvfp
  86              	BusFault_Handler:
  87              	.LFB69:
 115:Src/stm32f1xx_it.c ****   /* USER CODE BEGIN MemoryManagement_IRQn 0 */
 116:Src/stm32f1xx_it.c **** 
 117:Src/stm32f1xx_it.c ****   /* USER CODE END MemoryManagement_IRQn 0 */
 118:Src/stm32f1xx_it.c ****   while (1)
 119:Src/stm32f1xx_it.c ****   {
 120:Src/stm32f1xx_it.c ****     /* USER CODE BEGIN W1_MemoryManagement_IRQn 0 */
 121:Src/stm32f1xx_it.c ****     /* USER CODE END W1_MemoryManagement_IRQn 0 */
 122:Src/stm32f1xx_it.c ****   }
 123:Src/stm32f1xx_it.c **** }
 124:Src/stm32f1xx_it.c **** 
 125:Src/stm32f1xx_it.c **** /**
 126:Src/stm32f1xx_it.c ****   * @brief This function handles Prefetch fault, memory access fault.
 127:Src/stm32f1xx_it.c ****   */
 128:Src/stm32f1xx_it.c **** void BusFault_Handler(void)
 129:Src/stm32f1xx_it.c **** {
  88              		.loc 1 129 0
  89              		.cfi_startproc
  90              		@ Volatile: function does not return.
  91              		@ args = 0, pretend = 0, frame = 0
  92              		@ frame_needed = 0, uses_anonymous_args = 0
  93              		@ link register save eliminated.
  94              	.L7:
  95 0000 FEE7     		b	.L7
  96              		.cfi_endproc
  97              	.LFE69:
  99              		.section	.text.UsageFault_Handler,"ax",%progbits
 100              		.align	1
 101              		.global	UsageFault_Handler
 102              		.syntax unified
 103              		.thumb
 104              		.thumb_func
 105              		.fpu softvfp
 107              	UsageFault_Handler:
 108              	.LFB70:
ARM GAS  /tmp/ccBCEdfw.s 			page 5


 130:Src/stm32f1xx_it.c ****   /* USER CODE BEGIN BusFault_IRQn 0 */
 131:Src/stm32f1xx_it.c **** 
 132:Src/stm32f1xx_it.c ****   /* USER CODE END BusFault_IRQn 0 */
 133:Src/stm32f1xx_it.c ****   while (1)
 134:Src/stm32f1xx_it.c ****   {
 135:Src/stm32f1xx_it.c ****     /* USER CODE BEGIN W1_BusFault_IRQn 0 */
 136:Src/stm32f1xx_it.c ****     /* USER CODE END W1_BusFault_IRQn 0 */
 137:Src/stm32f1xx_it.c ****   }
 138:Src/stm32f1xx_it.c **** }
 139:Src/stm32f1xx_it.c **** 
 140:Src/stm32f1xx_it.c **** /**
 141:Src/stm32f1xx_it.c ****   * @brief This function handles Undefined instruction or illegal state.
 142:Src/stm32f1xx_it.c ****   */
 143:Src/stm32f1xx_it.c **** void UsageFault_Handler(void)
 144:Src/stm32f1xx_it.c **** {
 109              		.loc 1 144 0
 110              		.cfi_startproc
 111              		@ Volatile: function does not return.
 112              		@ args = 0, pretend = 0, frame = 0
 113              		@ frame_needed = 0, uses_anonymous_args = 0
 114              		@ link register save eliminated.
 115              	.L9:
 116 0000 FEE7     		b	.L9
 117              		.cfi_endproc
 118              	.LFE70:
 120              		.section	.text.SVC_Handler,"ax",%progbits
 121              		.align	1
 122              		.global	SVC_Handler
 123              		.syntax unified
 124              		.thumb
 125              		.thumb_func
 126              		.fpu softvfp
 128              	SVC_Handler:
 129              	.LFB71:
 145:Src/stm32f1xx_it.c ****   /* USER CODE BEGIN UsageFault_IRQn 0 */
 146:Src/stm32f1xx_it.c **** 
 147:Src/stm32f1xx_it.c ****   /* USER CODE END UsageFault_IRQn 0 */
 148:Src/stm32f1xx_it.c ****   while (1)
 149:Src/stm32f1xx_it.c ****   {
 150:Src/stm32f1xx_it.c ****     /* USER CODE BEGIN W1_UsageFault_IRQn 0 */
 151:Src/stm32f1xx_it.c ****     /* USER CODE END W1_UsageFault_IRQn 0 */
 152:Src/stm32f1xx_it.c ****   }
 153:Src/stm32f1xx_it.c **** }
 154:Src/stm32f1xx_it.c **** 
 155:Src/stm32f1xx_it.c **** /**
 156:Src/stm32f1xx_it.c ****   * @brief This function handles System service call via SWI instruction.
 157:Src/stm32f1xx_it.c ****   */
 158:Src/stm32f1xx_it.c **** void SVC_Handler(void)
 159:Src/stm32f1xx_it.c **** {
 130              		.loc 1 159 0
 131              		.cfi_startproc
 132              		@ args = 0, pretend = 0, frame = 0
 133              		@ frame_needed = 0, uses_anonymous_args = 0
 134              		@ link register save eliminated.
 160:Src/stm32f1xx_it.c ****   /* USER CODE BEGIN SVCall_IRQn 0 */
 161:Src/stm32f1xx_it.c **** 
 162:Src/stm32f1xx_it.c ****   /* USER CODE END SVCall_IRQn 0 */
ARM GAS  /tmp/ccBCEdfw.s 			page 6


 163:Src/stm32f1xx_it.c ****   /* USER CODE BEGIN SVCall_IRQn 1 */
 164:Src/stm32f1xx_it.c **** 
 165:Src/stm32f1xx_it.c ****   /* USER CODE END SVCall_IRQn 1 */
 166:Src/stm32f1xx_it.c **** }
 135              		.loc 1 166 0
 136 0000 7047     		bx	lr
 137              		.cfi_endproc
 138              	.LFE71:
 140              		.section	.text.DebugMon_Handler,"ax",%progbits
 141              		.align	1
 142              		.global	DebugMon_Handler
 143              		.syntax unified
 144              		.thumb
 145              		.thumb_func
 146              		.fpu softvfp
 148              	DebugMon_Handler:
 149              	.LFB72:
 167:Src/stm32f1xx_it.c **** 
 168:Src/stm32f1xx_it.c **** /**
 169:Src/stm32f1xx_it.c ****   * @brief This function handles Debug monitor.
 170:Src/stm32f1xx_it.c ****   */
 171:Src/stm32f1xx_it.c **** void DebugMon_Handler(void)
 172:Src/stm32f1xx_it.c **** {
 150              		.loc 1 172 0
 151              		.cfi_startproc
 152              		@ args = 0, pretend = 0, frame = 0
 153              		@ frame_needed = 0, uses_anonymous_args = 0
 154              		@ link register save eliminated.
 173:Src/stm32f1xx_it.c ****   /* USER CODE BEGIN DebugMonitor_IRQn 0 */
 174:Src/stm32f1xx_it.c **** 
 175:Src/stm32f1xx_it.c ****   /* USER CODE END DebugMonitor_IRQn 0 */
 176:Src/stm32f1xx_it.c ****   /* USER CODE BEGIN DebugMonitor_IRQn 1 */
 177:Src/stm32f1xx_it.c **** 
 178:Src/stm32f1xx_it.c ****   /* USER CODE END DebugMonitor_IRQn 1 */
 179:Src/stm32f1xx_it.c **** }
 155              		.loc 1 179 0
 156 0000 7047     		bx	lr
 157              		.cfi_endproc
 158              	.LFE72:
 160              		.section	.text.PendSV_Handler,"ax",%progbits
 161              		.align	1
 162              		.global	PendSV_Handler
 163              		.syntax unified
 164              		.thumb
 165              		.thumb_func
 166              		.fpu softvfp
 168              	PendSV_Handler:
 169              	.LFB73:
 180:Src/stm32f1xx_it.c **** 
 181:Src/stm32f1xx_it.c **** /**
 182:Src/stm32f1xx_it.c ****   * @brief This function handles Pendable request for system service.
 183:Src/stm32f1xx_it.c ****   */
 184:Src/stm32f1xx_it.c **** void PendSV_Handler(void)
 185:Src/stm32f1xx_it.c **** {
 170              		.loc 1 185 0
 171              		.cfi_startproc
 172              		@ args = 0, pretend = 0, frame = 0
ARM GAS  /tmp/ccBCEdfw.s 			page 7


 173              		@ frame_needed = 0, uses_anonymous_args = 0
 174              		@ link register save eliminated.
 186:Src/stm32f1xx_it.c ****   /* USER CODE BEGIN PendSV_IRQn 0 */
 187:Src/stm32f1xx_it.c **** 
 188:Src/stm32f1xx_it.c ****   /* USER CODE END PendSV_IRQn 0 */
 189:Src/stm32f1xx_it.c ****   /* USER CODE BEGIN PendSV_IRQn 1 */
 190:Src/stm32f1xx_it.c **** 
 191:Src/stm32f1xx_it.c ****   /* USER CODE END PendSV_IRQn 1 */
 192:Src/stm32f1xx_it.c **** }
 175              		.loc 1 192 0
 176 0000 7047     		bx	lr
 177              		.cfi_endproc
 178              	.LFE73:
 180              		.section	.text.SysTick_Handler,"ax",%progbits
 181              		.align	1
 182              		.global	SysTick_Handler
 183              		.syntax unified
 184              		.thumb
 185              		.thumb_func
 186              		.fpu softvfp
 188              	SysTick_Handler:
 189              	.LFB74:
 193:Src/stm32f1xx_it.c **** 
 194:Src/stm32f1xx_it.c **** /**
 195:Src/stm32f1xx_it.c ****   * @brief This function handles System tick timer.
 196:Src/stm32f1xx_it.c ****   */
 197:Src/stm32f1xx_it.c **** void SysTick_Handler(void)
 198:Src/stm32f1xx_it.c **** {
 190              		.loc 1 198 0
 191              		.cfi_startproc
 192              		@ args = 0, pretend = 0, frame = 0
 193              		@ frame_needed = 0, uses_anonymous_args = 0
 194 0000 08B5     		push	{r3, lr}
 195              	.LCFI0:
 196              		.cfi_def_cfa_offset 8
 197              		.cfi_offset 3, -8
 198              		.cfi_offset 14, -4
 199:Src/stm32f1xx_it.c ****   /* USER CODE BEGIN SysTick_IRQn 0 */
 200:Src/stm32f1xx_it.c **** 
 201:Src/stm32f1xx_it.c ****   /* USER CODE END SysTick_IRQn 0 */
 202:Src/stm32f1xx_it.c ****   HAL_IncTick();
 199              		.loc 1 202 0
 200 0002 FFF7FEFF 		bl	HAL_IncTick
 201              	.LVL0:
 203:Src/stm32f1xx_it.c ****   /* USER CODE BEGIN SysTick_IRQn 1 */
 204:Src/stm32f1xx_it.c **** 
 205:Src/stm32f1xx_it.c ****   /* USER CODE END SysTick_IRQn 1 */
 206:Src/stm32f1xx_it.c **** }
 202              		.loc 1 206 0
 203 0006 08BD     		pop	{r3, pc}
 204              		.cfi_endproc
 205              	.LFE74:
 207              		.section	.text.USB_LP_CAN1_RX0_IRQHandler,"ax",%progbits
 208              		.align	1
 209              		.global	USB_LP_CAN1_RX0_IRQHandler
 210              		.syntax unified
 211              		.thumb
ARM GAS  /tmp/ccBCEdfw.s 			page 8


 212              		.thumb_func
 213              		.fpu softvfp
 215              	USB_LP_CAN1_RX0_IRQHandler:
 216              	.LFB75:
 207:Src/stm32f1xx_it.c **** 
 208:Src/stm32f1xx_it.c **** /******************************************************************************/
 209:Src/stm32f1xx_it.c **** /* STM32F1xx Peripheral Interrupt Handlers                                    */
 210:Src/stm32f1xx_it.c **** /* Add here the Interrupt Handlers for the used peripherals.                  */
 211:Src/stm32f1xx_it.c **** /* For the available peripheral interrupt handler names,                      */
 212:Src/stm32f1xx_it.c **** /* please refer to the startup file (startup_stm32f1xx.s).                    */
 213:Src/stm32f1xx_it.c **** /******************************************************************************/
 214:Src/stm32f1xx_it.c **** 
 215:Src/stm32f1xx_it.c **** /**
 216:Src/stm32f1xx_it.c ****   * @brief This function handles USB low priority or CAN RX0 interrupts.
 217:Src/stm32f1xx_it.c ****   */
 218:Src/stm32f1xx_it.c **** void USB_LP_CAN1_RX0_IRQHandler(void)
 219:Src/stm32f1xx_it.c **** {
 217              		.loc 1 219 0
 218              		.cfi_startproc
 219              		@ args = 0, pretend = 0, frame = 0
 220              		@ frame_needed = 0, uses_anonymous_args = 0
 221 0000 08B5     		push	{r3, lr}
 222              	.LCFI1:
 223              		.cfi_def_cfa_offset 8
 224              		.cfi_offset 3, -8
 225              		.cfi_offset 14, -4
 220:Src/stm32f1xx_it.c ****   /* USER CODE BEGIN USB_LP_CAN1_RX0_IRQn 0 */
 221:Src/stm32f1xx_it.c **** 
 222:Src/stm32f1xx_it.c ****   /* USER CODE END USB_LP_CAN1_RX0_IRQn 0 */
 223:Src/stm32f1xx_it.c ****   HAL_CAN_IRQHandler(&hcan);
 226              		.loc 1 223 0
 227 0002 0248     		ldr	r0, .L17
 228 0004 FFF7FEFF 		bl	HAL_CAN_IRQHandler
 229              	.LVL1:
 224:Src/stm32f1xx_it.c ****   /* USER CODE BEGIN USB_LP_CAN1_RX0_IRQn 1 */
 225:Src/stm32f1xx_it.c **** 
 226:Src/stm32f1xx_it.c ****   /* USER CODE END USB_LP_CAN1_RX0_IRQn 1 */
 227:Src/stm32f1xx_it.c **** }
 230              		.loc 1 227 0
 231 0008 08BD     		pop	{r3, pc}
 232              	.L18:
 233 000a 00BF     		.align	2
 234              	.L17:
 235 000c 00000000 		.word	hcan
 236              		.cfi_endproc
 237              	.LFE75:
 239              		.text
 240              	.Letext0:
 241              		.file 2 "/home/osboxes/opt/gcc-arm-none-eabi-7-2018-q2-update/arm-none-eabi/include/machine/_defau
 242              		.file 3 "/home/osboxes/opt/gcc-arm-none-eabi-7-2018-q2-update/arm-none-eabi/include/sys/_stdint.h"
 243              		.file 4 "Drivers/CMSIS/Include/core_cm3.h"
 244              		.file 5 "Drivers/CMSIS/Device/ST/STM32F1xx/Include/system_stm32f1xx.h"
 245              		.file 6 "Drivers/CMSIS/Device/ST/STM32F1xx/Include/stm32f103xb.h"
 246              		.file 7 "/home/osboxes/opt/gcc-arm-none-eabi-7-2018-q2-update/arm-none-eabi/include/sys/lock.h"
 247              		.file 8 "/home/osboxes/opt/gcc-arm-none-eabi-7-2018-q2-update/arm-none-eabi/include/sys/_types.h"
 248              		.file 9 "/home/osboxes/opt/gcc-arm-none-eabi-7-2018-q2-update/lib/gcc/arm-none-eabi/7.3.1/include/
 249              		.file 10 "/home/osboxes/opt/gcc-arm-none-eabi-7-2018-q2-update/arm-none-eabi/include/sys/reent.h"
ARM GAS  /tmp/ccBCEdfw.s 			page 9


 250              		.file 11 "Drivers/STM32F1xx_HAL_Driver/Inc/stm32f1xx_hal_def.h"
 251              		.file 12 "Drivers/STM32F1xx_HAL_Driver/Inc/stm32f1xx_hal_can.h"
 252              		.file 13 "Drivers/STM32F1xx_HAL_Driver/Inc/stm32f1xx_hal.h"
ARM GAS  /tmp/ccBCEdfw.s 			page 10


DEFINED SYMBOLS
                            *ABS*:0000000000000000 stm32f1xx_it.c
     /tmp/ccBCEdfw.s:16     .text.NMI_Handler:0000000000000000 $t
     /tmp/ccBCEdfw.s:23     .text.NMI_Handler:0000000000000000 NMI_Handler
     /tmp/ccBCEdfw.s:37     .text.HardFault_Handler:0000000000000000 $t
     /tmp/ccBCEdfw.s:44     .text.HardFault_Handler:0000000000000000 HardFault_Handler
     /tmp/ccBCEdfw.s:58     .text.MemManage_Handler:0000000000000000 $t
     /tmp/ccBCEdfw.s:65     .text.MemManage_Handler:0000000000000000 MemManage_Handler
     /tmp/ccBCEdfw.s:79     .text.BusFault_Handler:0000000000000000 $t
     /tmp/ccBCEdfw.s:86     .text.BusFault_Handler:0000000000000000 BusFault_Handler
     /tmp/ccBCEdfw.s:100    .text.UsageFault_Handler:0000000000000000 $t
     /tmp/ccBCEdfw.s:107    .text.UsageFault_Handler:0000000000000000 UsageFault_Handler
     /tmp/ccBCEdfw.s:121    .text.SVC_Handler:0000000000000000 $t
     /tmp/ccBCEdfw.s:128    .text.SVC_Handler:0000000000000000 SVC_Handler
     /tmp/ccBCEdfw.s:141    .text.DebugMon_Handler:0000000000000000 $t
     /tmp/ccBCEdfw.s:148    .text.DebugMon_Handler:0000000000000000 DebugMon_Handler
     /tmp/ccBCEdfw.s:161    .text.PendSV_Handler:0000000000000000 $t
     /tmp/ccBCEdfw.s:168    .text.PendSV_Handler:0000000000000000 PendSV_Handler
     /tmp/ccBCEdfw.s:181    .text.SysTick_Handler:0000000000000000 $t
     /tmp/ccBCEdfw.s:188    .text.SysTick_Handler:0000000000000000 SysTick_Handler
     /tmp/ccBCEdfw.s:208    .text.USB_LP_CAN1_RX0_IRQHandler:0000000000000000 $t
     /tmp/ccBCEdfw.s:215    .text.USB_LP_CAN1_RX0_IRQHandler:0000000000000000 USB_LP_CAN1_RX0_IRQHandler
     /tmp/ccBCEdfw.s:235    .text.USB_LP_CAN1_RX0_IRQHandler:000000000000000c $d

UNDEFINED SYMBOLS
HAL_IncTick
HAL_CAN_IRQHandler
hcan
