Compiling the C compiler identification source file "CMakeCCompilerId.c" failed.
Compiler: /usr/bin/arm-none-eabi-gcc 
Build flags: 
Id flags:  

The output was:
1
/usr/lib/gcc/arm-none-eabi/7.3.1/../../../arm-none-eabi/bin/ld: /usr/lib/gcc/arm-none-eabi/7.3.1/../../../arm-none-eabi/lib/libc.a(lib_a-exit.o): in function `exit':
/tmp/building/package/build/arm-none-eabi/newlib/libc/stdlib/../../../../../newlib/libc/stdlib/exit.c:64: undefined reference to `_exit'
collect2: error: ld returned 1 exit status


Compiling the CXX compiler identification source file "CMakeCXXCompilerId.cpp" failed.
Compiler: /usr/bin/arm-none-eabi-gcc 
Build flags: 
Id flags:  

The output was:
1
/usr/lib/gcc/arm-none-eabi/7.3.1/../../../arm-none-eabi/bin/ld: /usr/lib/gcc/arm-none-eabi/7.3.1/../../../arm-none-eabi/lib/libc.a(lib_a-exit.o): in function `exit':
/tmp/building/package/build/arm-none-eabi/newlib/libc/stdlib/../../../../../newlib/libc/stdlib/exit.c:64: undefined reference to `_exit'
collect2: error: ld returned 1 exit status


Determining if the C compiler works failed with the following output:
Change Dir: /mnt/c/Users/chait/Documents/WSL/IFE_Software_2019/BMS/BMS_Master_STM32/cmake-build-debug/CMakeFiles/CMakeTmp

Run Build Command:"/usr/bin/cc" "cmTC_67662/fast"
cc: error: cmTC_67662/fast: No such file or directory
cc: fatal error: no input files
compilation terminated.


