#
# There is insufficient memory for the Java Runtime Environment to continue.
# Native memory allocation (malloc) failed to allocate 32744 bytes for ChunkPool::allocate
# Possible reasons:
#   The system is out of physical RAM or swap space
#   The process is running with CompressedOops enabled, and the Java Heap may be blocking the growth of the native heap
# Possible solutions:
#   Reduce memory load on the system
#   Increase physical memory or swap space
#   Check if swap backing store is full
#   Decrease Java heap size (-Xmx/-Xms)
#   Decrease number of Java threads
#   Decrease Java thread stack sizes (-Xss)
#   Set larger code cache with -XX:ReservedCodeCacheSize=
#   JVM is running with Unscaled Compressed Oops mode in which the Java heap is
#     placed in the first 4GB address space. The Java Heap base address is the
#     maximum limit for the native heap growth. Please use -XX:HeapBaseMinAddress
#     to set the Java Heap base and to place the Java Heap above 4GB virtual address.
# This output file may be truncated or incomplete.
#
#  Out of Memory Error (t:/workspace/open/src/hotspot/share/memory/arena.cpp:82), pid=3612, tid=3056
#
# JRE version: Java(TM) SE Runtime Environment (10.0.1+10) (build 10.0.1+10)
# Java VM: Java HotSpot(TM) 64-Bit Server VM (10.0.1+10, mixed mode, tiered, compressed oops, g1 gc, windows-amd64)
# No core dump will be written. Minidumps are not enabled by default on client versions of Windows
#

---------------  S U M M A R Y ------------

Command Line: com.st.microxplorer.maingui.STM32CubeMX C:\Users\chait\Documents\WSL\IFE_Software_2019\BMS\BMS_FINAL_Lower\BMS_FINAL.ioc

Host: Intel(R) Core(TM) i5-7200U CPU @ 2.50GHz, 4 cores, 7G,  Windows 10 , 64 bit Build 17134 (10.0.17134.753)
Time: Mon Jun 17 23:37:54 2019 Central Daylight Time elapsed time: 42 seconds (0d 0h 0m 42s)

---------------  T H R E A D  ---------------

Current thread (0x000001d0ff4df000):  JavaThread "C2 CompilerThread1" daemon [_thread_in_native, id=3056, stack(0x0000008b5c300000,0x0000008b5c400000)]


Current CompileTask:
C2:  42171 5129       4       com.st.microxplorer.plugins.thirdparty.xml.FilterComponent::<init> (1237 bytes)

Stack: [0x0000008b5c300000,0x0000008b5c400000]
Native frames: (J=compiled Java code, j=interpreted, Vv=VM code, C=native code)
V  [jvm.dll+0x5a0369]
V  [jvm.dll+0x6bcf81]
V  [jvm.dll+0x6be176]
V  [jvm.dll+0x6be803]
V  [jvm.dll+0x234998]
V  [jvm.dll+0xbbb7b]
V  [jvm.dll+0xbb97a]
V  [jvm.dll+0xbbe2c]
V  [jvm.dll+0x3510ef]
V  [jvm.dll+0x4a8454]
V  [jvm.dll+0x310f29]
V  [jvm.dll+0x31048a]
V  [jvm.dll+0x1ffde1]
V  [jvm.dll+0x1ff066]
V  [jvm.dll+0x17ca6b]
V  [jvm.dll+0x20c81d]
V  [jvm.dll+0x20b5e6]
V  [jvm.dll+0x68bb6f]
V  [jvm.dll+0x59f680]
C  [msvcr120.dll+0x24f7f]
C  [msvcr120.dll+0x25126]
C  [KERNEL32.DLL+0x14034]
C  [ntdll.dll+0x73691]


---------------  P R O C E S S  ---------------

Threads class SMR info:
_java_thread_list=0x000001d0856932f0, length=21, elements={
0x000001d0ff4af000, 0x000001d0ff4b8000, 0x000001d083f33800, 0x000001d0ff4cb000,
0x000001d0ff4d4000, 0x000001d0ff4df000, 0x000001d0ff4ed000, 0x000001d0ff4fe000,
0x000001d0840f5800, 0x000001d0840fa000, 0x000001d0848a4800, 0x000001d084432800,
0x000001d084463000, 0x000001d084570000, 0x000001d085628000, 0x000001d0e0220800,
0x000001d087e00800, 0x000001d0856bf800, 0x000001d0856b9000, 0x000001d0856ba800,
0x000001d0856bd000
}

Java Threads: ( => current thread )
  0x000001d0ff4af000 JavaThread "Reference Handler" daemon [_thread_blocked, id=22376, stack(0x0000008b5be00000,0x0000008b5bf00000)]
  0x000001d0ff4b8000 JavaThread "Finalizer" daemon [_thread_blocked, id=15692, stack(0x0000008b5bf00000,0x0000008b5c000000)]
  0x000001d083f33800 JavaThread "Signal Dispatcher" daemon [_thread_blocked, id=24060, stack(0x0000008b5c000000,0x0000008b5c100000)]
  0x000001d0ff4cb000 JavaThread "Attach Listener" daemon [_thread_blocked, id=24120, stack(0x0000008b5c100000,0x0000008b5c200000)]
  0x000001d0ff4d4000 JavaThread "C2 CompilerThread0" daemon [_thread_in_native, id=24132, stack(0x0000008b5c200000,0x0000008b5c300000)]
=>0x000001d0ff4df000 JavaThread "C2 CompilerThread1" daemon [_thread_in_native, id=3056, stack(0x0000008b5c300000,0x0000008b5c400000)]
  0x000001d0ff4ed000 JavaThread "C1 CompilerThread2" daemon [_thread_in_native, id=23140, stack(0x0000008b5c400000,0x0000008b5c500000)]
  0x000001d0ff4fe000 JavaThread "Sweeper thread" daemon [_thread_blocked, id=14724, stack(0x0000008b5c500000,0x0000008b5c600000)]
  0x000001d0840f5800 JavaThread "Service Thread" daemon [_thread_blocked, id=17204, stack(0x0000008b5c600000,0x0000008b5c700000)]
  0x000001d0840fa000 JavaThread "Common-Cleaner" daemon [_thread_blocked, id=21188, stack(0x0000008b5c700000,0x0000008b5c800000)]
  0x000001d0848a4800 JavaThread "Java2D Disposer" daemon [_thread_blocked, id=18384, stack(0x0000008b5c900000,0x0000008b5ca00000)]
  0x000001d084432800 JavaThread "AWT-Shutdown" [_thread_blocked, id=23952, stack(0x0000008b5ca00000,0x0000008b5cb00000)]
  0x000001d084463000 JavaThread "AWT-Windows" daemon [_thread_in_native, id=6124, stack(0x0000008b5cb00000,0x0000008b5cc00000)]
  0x000001d084570000 JavaThread "AWT-EventQueue-0" [_thread_blocked, id=19640, stack(0x0000008b5cc00000,0x0000008b5cd00000)]
  0x000001d085628000 JavaThread "SplashThread" [_thread_blocked, id=12180, stack(0x0000008b5cd00000,0x0000008b5ce00000)]
  0x000001d0e0220800 JavaThread "DestroyJavaVM" [_thread_blocked, id=21500, stack(0x0000008b5b100000,0x0000008b5b200000)]
  0x000001d087e00800 JavaThread "Thread-1" [_thread_in_Java, id=15784, stack(0x0000008b5d100000,0x0000008b5d200000)]
  0x000001d0856bf800 JavaThread "Swing-Shell" daemon [_thread_blocked, id=12904, stack(0x0000008b5d200000,0x0000008b5d300000)]
  0x000001d0856b9000 JavaThread "TimerQueue" daemon [_thread_blocked, id=17904, stack(0x0000008b5da00000,0x0000008b5db00000)]
  0x000001d0856ba800 JavaThread "Keep-Alive-Timer" daemon [_thread_blocked, id=17612, stack(0x0000008b5d000000,0x0000008b5d100000)]
  0x000001d0856bd000 JavaThread "Thread-535" [_thread_in_vm, id=912, stack(0x0000008b5cf00000,0x0000008b5d000000)]

Other Threads:
  0x000001d0ff4ab800 VMThread "VM Thread" [stack: 0x0000008b5bd00000,0x0000008b5be00000] [id=11448]
  0x000001d0840fa800 WatcherThread [stack: 0x0000008b5c800000,0x0000008b5c900000] [id=21736]
  0x000001d0e0238800 GCTaskThread "GC Thread#0" [stack: 0x0000008b5b200000,0x0000008b5b300000] [id=21088]
  0x000001d0e023b000 GCTaskThread "GC Thread#1" [stack: 0x0000008b5b300000,0x0000008b5b400000] [id=15696]
  0x000001d0e023d800 GCTaskThread "GC Thread#2" [stack: 0x0000008b5b400000,0x0000008b5b500000] [id=9464]
  0x000001d0e023f000 GCTaskThread "GC Thread#3" [stack: 0x0000008b5b500000,0x0000008b5b600000] [id=22768]
  0x000001d0e02a9000 ConcurrentGCThread "G1 Main Marker" [stack: 0x0000008b5b600000,0x0000008b5b700000] [id=20748]
  0x000001d0e02b0800 ConcurrentGCThread "G1 Conc#0" [stack: 0x0000008b5b700000,0x0000008b5b800000] [id=20560]
  0x000001d0e02fd800 ConcurrentGCThread "G1 Refine#0" [stack: 0x0000008b5b800000,0x0000008b5b900000] [id=9340]
  0x000001d0e02fe800 ConcurrentGCThread "G1 Refine#1" [stack: 0x0000008b5b900000,0x0000008b5ba00000] [id=22412]
  0x000001d0ff33c000 ConcurrentGCThread "G1 Refine#2" [stack: 0x0000008b5ba00000,0x0000008b5bb00000] [id=1052]
  0x000001d0ff33f000 ConcurrentGCThread "G1 Refine#3" [stack: 0x0000008b5bb00000,0x0000008b5bc00000] [id=20772]
  0x000001d0ff340000 ConcurrentGCThread "G1 Young RemSet Sampling" [stack: 0x0000008b5bc00000,0x0000008b5bd00000] [id=24412]

Threads with active compile tasks:
C2 CompilerThread05137       4       com.sun.org.apache.xerces.internal.dom.ElementImpl::setAttribute (116 bytes)
C2 CompilerThread15129       4       com.st.microxplorer.plugins.thirdparty.xml.FilterComponent::<init> (1237 bytes)
C1 CompilerThread25158       3       com.sun.org.apache.xml.internal.serializer.SerializerBase::getLocalName (23 bytes)

VM state:not at safepoint (normal execution)

VM Mutex/Monitor currently owned by a thread: None

Heap address: 0x0000000084400000, size: 1980 MB, Compressed Oops mode: 32-bit
Narrow klass base: 0x0000000000000000, Narrow klass shift: 3
Compressed class space size: 1073741824 Address: 0x0000000100000000

Heap:
 garbage-first heap   total 183296K, used 83592K [0x0000000084400000, 0x0000000100000000)
  region size 1024K, 47 young (48128K), 2 survivors (2048K)
 Metaspace       used 47076K, capacity 49703K, committed 50044K, reserved 1093632K
  class space    used 5251K, capacity 6484K, committed 6524K, reserved 1048576K
Heap Regions: E=young(eden), S=young(survivor), O=old, HS=humongous(starts), HC=humongous(continues), CS=collection set, F=free, A=archive, TS=gc time stamp, AC=allocation context, TAMS=top-at-mark-start (previous, next)
|   0|0x0000000084400000, 0x0000000084500000, 0x0000000084500000|100%|HS|  |TS  0|AC  0|TAMS 0x0000000084500000, 0x0000000084500000|
|   1|0x0000000084500000, 0x0000000084600000, 0x0000000084600000|100%|HC|  |TS  0|AC  0|TAMS 0x0000000084600000, 0x0000000084600000|
|   2|0x0000000084600000, 0x0000000084700000, 0x0000000084700000|100%|HC|  |TS  0|AC  0|TAMS 0x0000000084700000, 0x0000000084700000|
|   3|0x0000000084700000, 0x0000000084800000, 0x0000000084800000|100%|HS|  |TS  0|AC  0|TAMS 0x0000000084800000, 0x0000000084800000|
|   4|0x0000000084800000, 0x0000000084900000, 0x0000000084900000|100%| O|  |TS  0|AC  0|TAMS 0x0000000084900000, 0x0000000084900000|
|   5|0x0000000084900000, 0x0000000084a00000, 0x0000000084a00000|100%| O|  |TS  0|AC  0|TAMS 0x0000000084a00000, 0x0000000084a00000|
|   6|0x0000000084a00000, 0x0000000084b00000, 0x0000000084b00000|100%|HS|  |TS  0|AC  0|TAMS 0x0000000084b00000, 0x0000000084b00000|
|   7|0x0000000084b00000, 0x0000000084c00000, 0x0000000084c00000|100%|HC|  |TS  0|AC  0|TAMS 0x0000000084c00000, 0x0000000084c00000|
|   8|0x0000000084c00000, 0x0000000084d00000, 0x0000000084d00000|100%| O|  |TS  0|AC  0|TAMS 0x0000000084d00000, 0x0000000084d00000|
|   9|0x0000000084d00000, 0x0000000084e00000, 0x0000000084e00000|100%| O|  |TS  0|AC  0|TAMS 0x0000000084e00000, 0x0000000084e00000|
|  10|0x0000000084e00000, 0x0000000084f00000, 0x0000000084f00000|100%|HS|  |TS  0|AC  0|TAMS 0x0000000084f00000, 0x0000000084f00000|
|  11|0x0000000084f00000, 0x0000000085000000, 0x0000000085000000|100%| O|  |TS  0|AC  0|TAMS 0x0000000085000000, 0x0000000085000000|
|  12|0x0000000085000000, 0x0000000085100000, 0x0000000085100000|100%| O|  |TS  0|AC  0|TAMS 0x0000000085100000, 0x0000000085100000|
|  13|0x0000000085100000, 0x0000000085200000, 0x0000000085200000|100%| O|  |TS  0|AC  0|TAMS 0x0000000085200000, 0x0000000085200000|
|  14|0x0000000085200000, 0x0000000085300000, 0x0000000085300000|100%| O|  |TS  0|AC  0|TAMS 0x0000000085300000, 0x0000000085300000|
|  15|0x0000000085300000, 0x0000000085400000, 0x0000000085400000|100%| O|  |TS  0|AC  0|TAMS 0x0000000085400000, 0x0000000085400000|
|  16|0x0000000085400000, 0x0000000085500000, 0x0000000085500000|100%| O|  |TS  0|AC  0|TAMS 0x0000000085500000, 0x0000000085500000|
|  17|0x0000000085500000, 0x0000000085600000, 0x0000000085600000|100%| O|  |TS  0|AC  0|TAMS 0x0000000085600000, 0x0000000085600000|
|  18|0x0000000085600000, 0x0000000085700000, 0x0000000085700000|100%| O|  |TS  0|AC  0|TAMS 0x0000000085700000, 0x0000000085700000|
|  19|0x0000000085700000, 0x0000000085800000, 0x0000000085800000|100%|HS|  |TS  0|AC  0|TAMS 0x0000000085800000, 0x0000000085800000|
|  20|0x0000000085800000, 0x0000000085900000, 0x0000000085900000|100%|HS|  |TS  0|AC  0|TAMS 0x0000000085800000, 0x0000000085800000|
|  21|0x0000000085900000, 0x0000000085a00000, 0x0000000085a00000|100%|HS|  |TS  0|AC  0|TAMS 0x0000000085900000, 0x0000000085900000|
|  22|0x0000000085a00000, 0x0000000085b00000, 0x0000000085b00000|100%|HS|  |TS  0|AC  0|TAMS 0x0000000085a00000, 0x0000000085a00000|
|  23|0x0000000085b00000, 0x0000000085c00000, 0x0000000085c00000|100%|HS|  |TS  0|AC  0|TAMS 0x0000000085b00000, 0x0000000085b00000|
|  24|0x0000000085c00000, 0x0000000085d00000, 0x0000000085d00000|100%|HS|  |TS  0|AC  0|TAMS 0x0000000085c00000, 0x0000000085c00000|
|  25|0x0000000085d00000, 0x0000000085e00000, 0x0000000085e00000|100%|HS|  |TS  0|AC  0|TAMS 0x0000000085d00000, 0x0000000085d00000|
|  26|0x0000000085e00000, 0x0000000085f00000, 0x0000000085f00000|100%|HS|  |TS  0|AC  0|TAMS 0x0000000085e00000, 0x0000000085e00000|
|  27|0x0000000085f00000, 0x0000000086000000, 0x0000000086000000|100%|HS|  |TS  0|AC  0|TAMS 0x0000000085f00000, 0x0000000085f00000|
|  28|0x0000000086000000, 0x0000000086100000, 0x0000000086100000|100%|HS|  |TS  0|AC  0|TAMS 0x0000000086000000, 0x0000000086000000|
|  29|0x0000000086100000, 0x0000000086100000, 0x0000000086200000|  0%| F|  |TS  0|AC  0|TAMS 0x0000000086100000, 0x0000000086100000|
|  30|0x0000000086200000, 0x0000000086300000, 0x0000000086300000|100%| O|  |TS  0|AC  0|TAMS 0x0000000086300000, 0x0000000086300000|
|  31|0x0000000086300000, 0x0000000086300000, 0x0000000086400000|  0%| F|  |TS  0|AC  0|TAMS 0x0000000086300000, 0x0000000086300000|
|  32|0x0000000086400000, 0x0000000086400000, 0x0000000086500000|  0%| F|  |TS  0|AC  0|TAMS 0x0000000086400000, 0x0000000086400000|
|  33|0x0000000086500000, 0x0000000086500000, 0x0000000086600000|  0%| F|  |TS  0|AC  0|TAMS 0x0000000086500000, 0x0000000086500000|
|  34|0x0000000086600000, 0x0000000086600000, 0x0000000086700000|  0%| F|  |TS  0|AC  0|TAMS 0x0000000086600000, 0x0000000086600000|
|  35|0x0000000086700000, 0x0000000086700000, 0x0000000086800000|  0%| F|  |TS  0|AC  0|TAMS 0x0000000086700000, 0x0000000086700000|
|  36|0x0000000086800000, 0x0000000086800000, 0x0000000086900000|  0%| F|  |TS  0|AC  0|TAMS 0x0000000086800000, 0x0000000086800000|
|  37|0x0000000086900000, 0x0000000086900000, 0x0000000086a00000|  0%| F|  |TS  0|AC  0|TAMS 0x0000000086900000, 0x0000000086900000|
|  38|0x0000000086a00000, 0x0000000086a00000, 0x0000000086b00000|  0%| F|  |TS  0|AC  0|TAMS 0x0000000086a00000, 0x0000000086a00000|
|  39|0x0000000086b00000, 0x0000000086b00000, 0x0000000086c00000|  0%| F|  |TS  0|AC  0|TAMS 0x0000000086b00000, 0x0000000086b00000|
|  40|0x0000000086c00000, 0x0000000086c00000, 0x0000000086d00000|  0%| F|  |TS  0|AC  0|TAMS 0x0000000086c00000, 0x0000000086c00000|
|  41|0x0000000086d00000, 0x0000000086d00000, 0x0000000086e00000|  0%| F|  |TS  0|AC  0|TAMS 0x0000000086d00000, 0x0000000086d00000|
|  42|0x0000000086e00000, 0x0000000086e00000, 0x0000000086f00000|  0%| F|  |TS  0|AC  0|TAMS 0x0000000086e00000, 0x0000000086e00000|
|  43|0x0000000086f00000, 0x0000000086f00000, 0x0000000087000000|  0%| F|  |TS  0|AC  0|TAMS 0x0000000086f00000, 0x0000000086f00000|
|  44|0x0000000087000000, 0x0000000087000000, 0x0000000087100000|  0%| F|  |TS  0|AC  0|TAMS 0x0000000087000000, 0x0000000087000000|
|  45|0x0000000087100000, 0x0000000087100000, 0x0000000087200000|  0%| F|  |TS  0|AC  0|TAMS 0x0000000087100000, 0x0000000087100000|
|  46|0x0000000087200000, 0x0000000087200000, 0x0000000087300000|  0%| F|  |TS  0|AC  0|TAMS 0x0000000087200000, 0x0000000087200000|
|  47|0x0000000087300000, 0x0000000087300000, 0x0000000087400000|  0%| F|  |TS  0|AC  0|TAMS 0x0000000087300000, 0x0000000087300000|
|  48|0x0000000087400000, 0x0000000087400000, 0x0000000087500000|  0%| F|  |TS  0|AC  0|TAMS 0x0000000087400000, 0x0000000087400000|
|  49|0x0000000087500000, 0x0000000087500000, 0x0000000087600000|  0%| F|  |TS  0|AC  0|TAMS 0x0000000087500000, 0x0000000087500000|
|  50|0x0000000087600000, 0x0000000087600000, 0x0000000087700000|  0%| F|  |TS  0|AC  0|TAMS 0x0000000087600000, 0x0000000087600000|
|  51|0x0000000087700000, 0x00000000877be200, 0x0000000087800000| 74%| O|  |TS  0|AC  0|TAMS 0x00000000877be200, 0x00000000877be200|
|  52|0x0000000087800000, 0x0000000087800000, 0x0000000087900000|  0%| F|  |TS  0|AC  0|TAMS 0x0000000087800000, 0x0000000087800000|
|  53|0x0000000087900000, 0x0000000087900000, 0x0000000087a00000|  0%| F|  |TS  0|AC  0|TAMS 0x0000000087900000, 0x0000000087900000|
|  54|0x0000000087a00000, 0x0000000087a00000, 0x0000000087b00000|  0%| F|  |TS  0|AC  0|TAMS 0x0000000087a00000, 0x0000000087a00000|
|  55|0x0000000087b00000, 0x0000000087b00000, 0x0000000087c00000|  0%| F|  |TS  0|AC  0|TAMS 0x0000000087b00000, 0x0000000087b00000|
|  56|0x0000000087c00000, 0x0000000087d00000, 0x0000000087d00000|100%| O|  |TS  0|AC  0|TAMS 0x0000000087d00000, 0x0000000087d00000|
|  57|0x0000000087d00000, 0x0000000087e00000, 0x0000000087e00000|100%| O|  |TS  0|AC  0|TAMS 0x0000000087e00000, 0x0000000087e00000|
|  58|0x0000000087e00000, 0x0000000087f00000, 0x0000000087f00000|100%| O|  |TS  0|AC  0|TAMS 0x0000000087f00000, 0x0000000087f00000|
|  59|0x0000000087f00000, 0x0000000088000000, 0x0000000088000000|100%| O|  |TS  0|AC  0|TAMS 0x0000000088000000, 0x0000000088000000|
|  60|0x0000000088000000, 0x0000000088100000, 0x0000000088100000|100%| O|  |TS  0|AC  0|TAMS 0x0000000088100000, 0x0000000088100000|
|  61|0x0000000088100000, 0x0000000088100000, 0x0000000088200000|  0%| F|  |TS  0|AC  0|TAMS 0x0000000088100000, 0x0000000088100000|
|  62|0x0000000088200000, 0x0000000088200000, 0x0000000088300000|  0%| F|  |TS  0|AC  0|TAMS 0x0000000088200000, 0x0000000088200000|
|  63|0x0000000088300000, 0x0000000088300000, 0x0000000088400000|  0%| F|  |TS  0|AC  0|TAMS 0x0000000088300000, 0x0000000088300000|
|  64|0x0000000088400000, 0x0000000088400000, 0x0000000088500000|  0%| F|  |TS  0|AC  0|TAMS 0x0000000088400000, 0x0000000088400000|
|  65|0x0000000088500000, 0x0000000088500000, 0x0000000088600000|  0%| F|  |TS  0|AC  0|TAMS 0x0000000088500000, 0x0000000088500000|
|  66|0x0000000088600000, 0x0000000088600000, 0x0000000088700000|  0%| F|  |TS  0|AC  0|TAMS 0x0000000088600000, 0x0000000088600000|
|  67|0x0000000088700000, 0x0000000088700000, 0x0000000088800000|  0%| F|  |TS  0|AC  0|TAMS 0x0000000088700000, 0x0000000088700000|
|  68|0x0000000088800000, 0x0000000088800000, 0x0000000088900000|  0%| F|  |TS  0|AC  0|TAMS 0x0000000088800000, 0x0000000088800000|
|  69|0x0000000088900000, 0x0000000088900000, 0x0000000088a00000|  0%| F|  |TS  0|AC  0|TAMS 0x0000000088900000, 0x0000000088900000|
|  70|0x0000000088a00000, 0x0000000088a00000, 0x0000000088b00000|  0%| F|  |TS  0|AC  0|TAMS 0x0000000088a00000, 0x0000000088a00000|
|  71|0x0000000088b00000, 0x0000000088b00000, 0x0000000088c00000|  0%| F|  |TS  0|AC  0|TAMS 0x0000000088b00000, 0x0000000088b00000|
|  72|0x0000000088c00000, 0x0000000088c00000, 0x0000000088d00000|  0%| F|  |TS  0|AC  0|TAMS 0x0000000088c00000, 0x0000000088c00000|
|  73|0x0000000088d00000, 0x0000000088d00000, 0x0000000088e00000|  0%| F|  |TS  0|AC  0|TAMS 0x0000000088d00000, 0x0000000088d00000|
|  74|0x0000000088e00000, 0x0000000088e00000, 0x0000000088f00000|  0%| F|  |TS  0|AC  0|TAMS 0x0000000088e00000, 0x0000000088e00000|
|  75|0x0000000088f00000, 0x0000000088f00000, 0x0000000089000000|  0%| F|  |TS  0|AC  0|TAMS 0x0000000088f00000, 0x0000000088f00000|
|  76|0x0000000089000000, 0x0000000089000000, 0x0000000089100000|  0%| F|  |TS  0|AC  0|TAMS 0x0000000089000000, 0x0000000089000000|
|  77|0x0000000089100000, 0x0000000089100000, 0x0000000089200000|  0%| F|  |TS  0|AC  0|TAMS 0x0000000089100000, 0x0000000089100000|
|  78|0x0000000089200000, 0x0000000089200000, 0x0000000089300000|  0%| F|  |TS  0|AC  0|TAMS 0x0000000089200000, 0x0000000089200000|
|  79|0x0000000089300000, 0x0000000089300000, 0x0000000089400000|  0%| F|  |TS  0|AC  0|TAMS 0x0000000089300000, 0x0000000089300000|
|  80|0x0000000089400000, 0x0000000089400000, 0x0000000089500000|  0%| F|  |TS  0|AC  0|TAMS 0x0000000089400000, 0x0000000089400000|
|  81|0x0000000089500000, 0x0000000089500000, 0x0000000089600000|  0%| F|  |TS  0|AC  0|TAMS 0x0000000089500000, 0x0000000089500000|
|  82|0x0000000089600000, 0x0000000089600000, 0x0000000089700000|  0%| F|  |TS  0|AC  0|TAMS 0x0000000089600000, 0x0000000089600000|
|  83|0x0000000089700000, 0x0000000089700000, 0x0000000089800000|  0%| F|  |TS  0|AC  0|TAMS 0x0000000089700000, 0x0000000089700000|
|  84|0x0000000089800000, 0x0000000089800000, 0x0000000089900000|  0%| F|  |TS  0|AC  0|TAMS 0x0000000089800000, 0x0000000089800000|
|  85|0x0000000089900000, 0x0000000089900000, 0x0000000089a00000|  0%| F|  |TS  0|AC  0|TAMS 0x0000000089900000, 0x0000000089900000|
|  86|0x0000000089a00000, 0x0000000089a00000, 0x0000000089b00000|  0%| F|  |TS  0|AC  0|TAMS 0x0000000089a00000, 0x0000000089a00000|
|  87|0x0000000089b00000, 0x0000000089b00000, 0x0000000089c00000|  0%| F|  |TS  0|AC  0|TAMS 0x0000000089b00000, 0x0000000089b00000|
|  88|0x0000000089c00000, 0x0000000089c00000, 0x0000000089d00000|  0%| F|  |TS  0|AC  0|TAMS 0x0000000089c00000, 0x0000000089c00000|
|  89|0x0000000089d00000, 0x0000000089d00000, 0x0000000089e00000|  0%| F|  |TS  0|AC  0|TAMS 0x0000000089d00000, 0x0000000089d00000|
|  90|0x0000000089e00000, 0x0000000089e00000, 0x0000000089f00000|  0%| F|  |TS  0|AC  0|TAMS 0x0000000089e00000, 0x0000000089e00000|
|  91|0x0000000089f00000, 0x0000000089f00000, 0x000000008a000000|  0%| F|  |TS  0|AC  0|TAMS 0x0000000089f00000, 0x0000000089f00000|
|  92|0x000000008a000000, 0x000000008a000000, 0x000000008a100000|  0%| F|  |TS  0|AC  0|TAMS 0x000000008a000000, 0x000000008a000000|
|  93|0x000000008a100000, 0x000000008a100000, 0x000000008a200000|  0%| F|  |TS  0|AC  0|TAMS 0x000000008a100000, 0x000000008a100000|
|  94|0x000000008a200000, 0x000000008a200000, 0x000000008a300000|  0%| F|  |TS  0|AC  0|TAMS 0x000000008a200000, 0x000000008a200000|
|  95|0x000000008a300000, 0x000000008a300000, 0x000000008a400000|  0%| F|  |TS  0|AC  0|TAMS 0x000000008a300000, 0x000000008a300000|
|  96|0x000000008a400000, 0x000000008a400000, 0x000000008a500000|  0%| F|  |TS  0|AC  0|TAMS 0x000000008a400000, 0x000000008a400000|
|  97|0x000000008a500000, 0x000000008a500000, 0x000000008a600000|  0%| F|  |TS  0|AC  0|TAMS 0x000000008a500000, 0x000000008a500000|
|  98|0x000000008a600000, 0x000000008a600000, 0x000000008a700000|  0%| F|  |TS  0|AC  0|TAMS 0x000000008a600000, 0x000000008a600000|
|  99|0x000000008a700000, 0x000000008a700000, 0x000000008a800000|  0%| F|  |TS  0|AC  0|TAMS 0x000000008a700000, 0x000000008a700000|
| 100|0x000000008a800000, 0x000000008a800000, 0x000000008a900000|  0%| F|  |TS  0|AC  0|TAMS 0x000000008a800000, 0x000000008a800000|
| 101|0x000000008a900000, 0x000000008a900000, 0x000000008aa00000|  0%| F|  |TS  0|AC  0|TAMS 0x000000008a900000, 0x000000008a900000|
| 102|0x000000008aa00000, 0x000000008aa00000, 0x000000008ab00000|  0%| F|  |TS  0|AC  0|TAMS 0x000000008aa00000, 0x000000008aa00000|
| 103|0x000000008ab00000, 0x000000008ab00000, 0x000000008ac00000|  0%| F|  |TS  0|AC  0|TAMS 0x000000008ab00000, 0x000000008ab00000|
| 104|0x000000008ac00000, 0x000000008ac00000, 0x000000008ad00000|  0%| F|  |TS  0|AC  0|TAMS 0x000000008ac00000, 0x000000008ac00000|
| 105|0x000000008ad00000, 0x000000008ad00000, 0x000000008ae00000|  0%| F|  |TS  0|AC  0|TAMS 0x000000008ad00000, 0x000000008ad00000|
| 106|0x000000008ae00000, 0x000000008ae00000, 0x000000008af00000|  0%| F|  |TS  0|AC  0|TAMS 0x000000008ae00000, 0x000000008ae00000|
| 107|0x000000008af00000, 0x000000008af00000, 0x000000008b000000|  0%| F|  |TS  0|AC  0|TAMS 0x000000008af00000, 0x000000008af00000|
| 108|0x000000008b000000, 0x000000008b000000, 0x000000008b100000|  0%| F|  |TS  0|AC  0|TAMS 0x000000008b000000, 0x000000008b000000|
| 109|0x000000008b100000, 0x000000008b100000, 0x000000008b200000|  0%| F|  |TS  0|AC  0|TAMS 0x000000008b100000, 0x000000008b100000|
| 110|0x000000008b200000, 0x000000008b200000, 0x000000008b300000|  0%| F|  |TS  0|AC  0|TAMS 0x000000008b200000, 0x000000008b200000|
| 111|0x000000008b300000, 0x000000008b300000, 0x000000008b400000|  0%| F|  |TS  0|AC  0|TAMS 0x000000008b300000, 0x000000008b300000|
| 112|0x000000008b400000, 0x000000008b400000, 0x000000008b500000|  0%| F|  |TS  0|AC  0|TAMS 0x000000008b400000, 0x000000008b400000|
| 113|0x000000008b500000, 0x000000008b500000, 0x000000008b600000|  0%| F|  |TS  0|AC  0|TAMS 0x000000008b500000, 0x000000008b500000|
| 114|0x000000008b600000, 0x000000008b600000, 0x000000008b700000|  0%| F|  |TS  0|AC  0|TAMS 0x000000008b600000, 0x000000008b600000|
| 115|0x000000008b700000, 0x000000008b700000, 0x000000008b800000|  0%| F|  |TS  0|AC  0|TAMS 0x000000008b700000, 0x000000008b700000|
| 116|0x000000008b800000, 0x000000008b800000, 0x000000008b900000|  0%| F|  |TS  0|AC  0|TAMS 0x000000008b800000, 0x000000008b800000|
| 117|0x000000008b900000, 0x000000008b900000, 0x000000008ba00000|  0%| F|  |TS  0|AC  0|TAMS 0x000000008b900000, 0x000000008b900000|
| 118|0x000000008ba00000, 0x000000008ba00000, 0x000000008bb00000|  0%| F|  |TS  0|AC  0|TAMS 0x000000008ba00000, 0x000000008ba00000|
| 119|0x000000008bb00000, 0x000000008bb00000, 0x000000008bc00000|  0%| F|  |TS  0|AC  0|TAMS 0x000000008bb00000, 0x000000008bb00000|
| 120|0x000000008bc00000, 0x000000008bc00000, 0x000000008bd00000|  0%| F|  |TS  0|AC  0|TAMS 0x000000008bc00000, 0x000000008bc00000|
| 121|0x000000008bd00000, 0x000000008bd00000, 0x000000008be00000|  0%| F|  |TS  0|AC  0|TAMS 0x000000008bd00000, 0x000000008bd00000|
| 122|0x000000008be00000, 0x000000008be00000, 0x000000008bf00000|  0%| F|  |TS  0|AC  0|TAMS 0x000000008be00000, 0x000000008be00000|
| 123|0x000000008bf00000, 0x000000008bf00000, 0x000000008c000000|  0%| F|  |TS  0|AC  0|TAMS 0x000000008bf00000, 0x000000008bf00000|
| 124|0x000000008c000000, 0x000000008c000000, 0x000000008c100000|  0%| F|  |TS  0|AC  0|TAMS 0x000000008c000000, 0x000000008c000000|
| 125|0x000000008c100000, 0x000000008c100000, 0x000000008c200000|  0%| F|  |TS  0|AC  0|TAMS 0x000000008c100000, 0x000000008c100000|
| 126|0x000000008c200000, 0x000000008c200000, 0x000000008c300000|  0%| F|  |TS  0|AC  0|TAMS 0x000000008c200000, 0x000000008c200000|
| 127|0x000000008c300000, 0x000000008c300000, 0x000000008c400000|  0%| F|  |TS  0|AC  0|TAMS 0x000000008c300000, 0x000000008c300000|
| 128|0x000000008c400000, 0x000000008c400000, 0x000000008c500000|  0%| F|  |TS  0|AC  0|TAMS 0x000000008c400000, 0x000000008c400000|
| 129|0x000000008c500000, 0x000000008c500000, 0x000000008c600000|  0%| F|  |TS  0|AC  0|TAMS 0x000000008c500000, 0x000000008c500000|
| 130|0x000000008c600000, 0x000000008c600000, 0x000000008c700000|  0%| F|  |TS  0|AC  0|TAMS 0x000000008c600000, 0x000000008c600000|
| 131|0x000000008c700000, 0x000000008c700000, 0x000000008c800000|  0%| F|  |TS  0|AC  0|TAMS 0x000000008c700000, 0x000000008c700000|
| 132|0x000000008c800000, 0x000000008c827690, 0x000000008c900000| 15%| E|  |TS  0|AC  0|TAMS 0x000000008c800000, 0x000000008c800000|
| 133|0x000000008c900000, 0x000000008ca00000, 0x000000008ca00000|100%| E|CS|TS  0|AC  0|TAMS 0x000000008c900000, 0x000000008c900000|
| 134|0x000000008ca00000, 0x000000008cb00000, 0x000000008cb00000|100%| E|CS|TS  0|AC  0|TAMS 0x000000008ca00000, 0x000000008ca00000|
| 135|0x000000008cb00000, 0x000000008cc00000, 0x000000008cc00000|100%| E|CS|TS  0|AC  0|TAMS 0x000000008cb00000, 0x000000008cb00000|
| 136|0x000000008cc00000, 0x000000008cd00000, 0x000000008cd00000|100%| E|CS|TS  0|AC  0|TAMS 0x000000008cc00000, 0x000000008cc00000|
| 137|0x000000008cd00000, 0x000000008cde3e80, 0x000000008ce00000| 89%| S|CS|TS  0|AC  0|TAMS 0x000000008cd00000, 0x000000008cd00000|
| 138|0x000000008ce00000, 0x000000008cf00000, 0x000000008cf00000|100%| S|CS|TS  0|AC  0|TAMS 0x000000008ce00000, 0x000000008ce00000|
| 139|0x000000008cf00000, 0x000000008d000000, 0x000000008d000000|100%| E|CS|TS  0|AC  0|TAMS 0x000000008cf00000, 0x000000008cf00000|
| 140|0x000000008d000000, 0x000000008d100000, 0x000000008d100000|100%| E|CS|TS  0|AC  0|TAMS 0x000000008d000000, 0x000000008d000000|
| 141|0x000000008d100000, 0x000000008d200000, 0x000000008d200000|100%| E|CS|TS  0|AC  0|TAMS 0x000000008d100000, 0x000000008d100000|
| 142|0x000000008d200000, 0x000000008d300000, 0x000000008d300000|100%| E|CS|TS  0|AC  0|TAMS 0x000000008d200000, 0x000000008d200000|
| 143|0x000000008d300000, 0x000000008d400000, 0x000000008d400000|100%| E|CS|TS  0|AC  0|TAMS 0x000000008d300000, 0x000000008d300000|
| 144|0x000000008d400000, 0x000000008d500000, 0x000000008d500000|100%| E|CS|TS  0|AC  0|TAMS 0x000000008d400000, 0x000000008d400000|
| 145|0x000000008d500000, 0x000000008d600000, 0x000000008d600000|100%| E|CS|TS  0|AC  0|TAMS 0x000000008d500000, 0x000000008d500000|
| 146|0x000000008d600000, 0x000000008d700000, 0x000000008d700000|100%| E|CS|TS  0|AC  0|TAMS 0x000000008d600000, 0x000000008d600000|
| 147|0x000000008d700000, 0x000000008d800000, 0x000000008d800000|100%| E|CS|TS  0|AC  0|TAMS 0x000000008d700000, 0x000000008d700000|
| 148|0x000000008d800000, 0x000000008d900000, 0x000000008d900000|100%| E|CS|TS  0|AC  0|TAMS 0x000000008d800000, 0x000000008d800000|
| 149|0x000000008d900000, 0x000000008da00000, 0x000000008da00000|100%| E|CS|TS  0|AC  0|TAMS 0x000000008d900000, 0x000000008d900000|
| 150|0x000000008da00000, 0x000000008db00000, 0x000000008db00000|100%| E|CS|TS  0|AC  0|TAMS 0x000000008da00000, 0x000000008da00000|
| 151|0x000000008db00000, 0x000000008dc00000, 0x000000008dc00000|100%| E|CS|TS  0|AC  0|TAMS 0x000000008db00000, 0x000000008db00000|
| 152|0x000000008dc00000, 0x000000008dd00000, 0x000000008dd00000|100%| E|CS|TS  0|AC  0|TAMS 0x000000008dc00000, 0x000000008dc00000|
| 153|0x000000008dd00000, 0x000000008de00000, 0x000000008de00000|100%| E|CS|TS  0|AC  0|TAMS 0x000000008dd00000, 0x000000008dd00000|
| 154|0x000000008de00000, 0x000000008df00000, 0x000000008df00000|100%| E|CS|TS  0|AC  0|TAMS 0x000000008de00000, 0x000000008de00000|
| 155|0x000000008df00000, 0x000000008e000000, 0x000000008e000000|100%| E|CS|TS  0|AC  0|TAMS 0x000000008df00000, 0x000000008df00000|
| 156|0x000000008e000000, 0x000000008e100000, 0x000000008e100000|100%| E|CS|TS  0|AC  0|TAMS 0x000000008e000000, 0x000000008e000000|
| 157|0x000000008e100000, 0x000000008e200000, 0x000000008e200000|100%| E|CS|TS  0|AC  0|TAMS 0x000000008e100000, 0x000000008e100000|
| 158|0x000000008e200000, 0x000000008e300000, 0x000000008e300000|100%| E|CS|TS  0|AC  0|TAMS 0x000000008e200000, 0x000000008e200000|
| 159|0x000000008e300000, 0x000000008e400000, 0x000000008e400000|100%| E|CS|TS  0|AC  0|TAMS 0x000000008e300000, 0x000000008e300000|
| 160|0x000000008e400000, 0x000000008e500000, 0x000000008e500000|100%| E|CS|TS  0|AC  0|TAMS 0x000000008e400000, 0x000000008e400000|
| 161|0x000000008e500000, 0x000000008e600000, 0x000000008e600000|100%| E|CS|TS  0|AC  0|TAMS 0x000000008e500000, 0x000000008e500000|
| 162|0x000000008e600000, 0x000000008e700000, 0x000000008e700000|100%| E|CS|TS  0|AC  0|TAMS 0x000000008e600000, 0x000000008e600000|
| 163|0x000000008e700000, 0x000000008e800000, 0x000000008e800000|100%| E|CS|TS  0|AC  0|TAMS 0x000000008e700000, 0x000000008e700000|
| 164|0x000000008e800000, 0x000000008e900000, 0x000000008e900000|100%| E|CS|TS  0|AC  0|TAMS 0x000000008e800000, 0x000000008e800000|
| 165|0x000000008e900000, 0x000000008ea00000, 0x000000008ea00000|100%| E|CS|TS  0|AC  0|TAMS 0x000000008e900000, 0x000000008e900000|
| 166|0x000000008ea00000, 0x000000008eb00000, 0x000000008eb00000|100%| E|CS|TS  0|AC  0|TAMS 0x000000008ea00000, 0x000000008ea00000|
| 167|0x000000008eb00000, 0x000000008ec00000, 0x000000008ec00000|100%| E|CS|TS  0|AC  0|TAMS 0x000000008eb00000, 0x000000008eb00000|
| 168|0x000000008ec00000, 0x000000008ed00000, 0x000000008ed00000|100%| E|CS|TS  0|AC  0|TAMS 0x000000008ec00000, 0x000000008ec00000|
| 169|0x000000008ed00000, 0x000000008ee00000, 0x000000008ee00000|100%| E|CS|TS  0|AC  0|TAMS 0x000000008ed00000, 0x000000008ed00000|
| 170|0x000000008ee00000, 0x000000008ef00000, 0x000000008ef00000|100%| E|CS|TS  0|AC  0|TAMS 0x000000008ee00000, 0x000000008ee00000|
| 171|0x000000008ef00000, 0x000000008f000000, 0x000000008f000000|100%| E|CS|TS  0|AC  0|TAMS 0x000000008ef00000, 0x000000008ef00000|
| 172|0x000000008f000000, 0x000000008f100000, 0x000000008f100000|100%| E|CS|TS  0|AC  0|TAMS 0x000000008f000000, 0x000000008f000000|
| 173|0x000000008f100000, 0x000000008f200000, 0x000000008f200000|100%| E|CS|TS  0|AC  0|TAMS 0x000000008f100000, 0x000000008f100000|
| 174|0x000000008f200000, 0x000000008f300000, 0x000000008f300000|100%| E|CS|TS  0|AC  0|TAMS 0x000000008f200000, 0x000000008f200000|
| 175|0x000000008f300000, 0x000000008f400000, 0x000000008f400000|100%| E|CS|TS  0|AC  0|TAMS 0x000000008f300000, 0x000000008f300000|
| 176|0x000000008f400000, 0x000000008f500000, 0x000000008f500000|100%| E|CS|TS  0|AC  0|TAMS 0x000000008f400000, 0x000000008f400000|
| 177|0x000000008f500000, 0x000000008f600000, 0x000000008f600000|100%| E|CS|TS  0|AC  0|TAMS 0x000000008f500000, 0x000000008f500000|
| 178|0x000000008f600000, 0x000000008f700000, 0x000000008f700000|100%| E|CS|TS  0|AC  0|TAMS 0x000000008f600000, 0x000000008f600000|

Card table byte_map: [0x000001d0fc780000,0x000001d0fcb60000] byte_map_base: 0x000001d0fc35e000

Marking Bits (Prev, Next): (CMBitMap*) 0x000001d0e02a87a8, (CMBitMap*) 0x000001d0e02a8770
 Prev Bits: [0x000001d080000000, 0x000001d081ef0000)
 Next Bits: [0x000001d0fcf40000, 0x000001d0fee30000)

Polling page: 0x000001d0e01e0000

CodeHeap 'non-profiled nmethods': size=120064Kb used=2661Kb max_used=2661Kb free=117402Kb
 bounds [0x000001d0f4830000, 0x000001d0f4ad0000, 0x000001d0fbd70000]
CodeHeap 'profiled nmethods': size=120000Kb used=10435Kb max_used=10435Kb free=109564Kb
 bounds [0x000001d0ed300000, 0x000001d0edd40000, 0x000001d0f4830000]
CodeHeap 'non-nmethods': size=5696Kb used=1309Kb max_used=1341Kb free=4386Kb
 bounds [0x000001d0ecd70000, 0x000001d0ecfe0000, 0x000001d0ed300000]
 total_blobs=7250 nmethods=4462 adapters=637
 compilation: enabled

Compilation events (10 events):
Event: 41.973 Thread 0x000001d0ff4ed000 5134       3       com.st.microxplorer.plugins.thirdparty.xml.Components::<init> (276 bytes)
Event: 41.975 Thread 0x000001d0ff4ed000 nmethod 5134 0x000001d0edd20090 code [0x000001d0edd204e0, 0x000001d0edd22530]
Event: 42.054 Thread 0x000001d0ff4ed000 5135       3       com.st.components.pdscmanager.xml.common.LibraryFile::<init> (315 bytes)
Event: 42.058 Thread 0x000001d0ff4ed000 nmethod 5135 0x000001d0edd22e10 code [0x000001d0edd23480, 0x000001d0edd27f20]
Event: 42.121 Thread 0x000001d0ff4d4000 nmethod 5130 0x000001d0f4ac3710 code [0x000001d0f4ac3a40, 0x000001d0f4ac69f0]
Event: 42.121 Thread 0x000001d0ff4d4000 5133       4       com.sun.org.apache.xerces.internal.dom.NodeImpl::isNormalized (55 bytes)
Event: 42.123 Thread 0x000001d0ff4d4000 nmethod 5133 0x000001d0f4ac8410 code [0x000001d0f4ac85a0, 0x000001d0f4ac8658]
Event: 42.150 Thread 0x000001d0ff4d4000 5136       4       com.sun.org.apache.xerces.internal.dom.CharacterDataImpl::getNodeValue (16 bytes)
Event: 42.157 Thread 0x000001d0ff4d4000 nmethod 5136 0x000001d0f4ac8710 code [0x000001d0f4ac88e0, 0x000001d0f4ac8da8]
Event: 42.160 Thread 0x000001d0ff4d4000 5137       4       com.sun.org.apache.xerces.internal.dom.ElementImpl::setAttribute (116 bytes)

GC Heap History (10 events):
Event: 38.097 GC heap before
{Heap before GC invocations=48 (full 0):
 garbage-first heap   total 152576K, used 76908K [0x0000000084400000, 0x0000000100000000)
  region size 1024K, 10 young (10240K), 2 survivors (2048K)
 Metaspace       used 45945K, capacity 48515K, committed 48636K, reserved 1091584K
  class space    used 5159K, capacity 6387K, committed 6396K, reserved 1048576K
}
Event: 38.100 GC heap after
{Heap after GC invocations=49 (full 0):
 garbage-first heap   total 152576K, used 28737K [0x0000000084400000, 0x0000000100000000)
  region size 1024K, 2 young (2048K), 2 survivors (2048K)
 Metaspace       used 45945K, capacity 48515K, committed 48636K, reserved 1091584K
  class space    used 5159K, capacity 6387K, committed 6396K, reserved 1048576K
}
Event: 38.707 GC heap before
{Heap before GC invocations=50 (full 0):
 garbage-first heap   total 152576K, used 81985K [0x0000000084400000, 0x0000000100000000)
  region size 1024K, 15 young (15360K), 2 survivors (2048K)
 Metaspace       used 45968K, capacity 48515K, committed 48636K, reserved 1091584K
  class space    used 5159K, capacity 6387K, committed 6396K, reserved 1048576K
}
Event: 38.711 GC heap after
{Heap after GC invocations=51 (full 0):
 garbage-first heap   total 152576K, used 29083K [0x0000000084400000, 0x0000000100000000)
  region size 1024K, 2 young (2048K), 2 survivors (2048K)
 Metaspace       used 45968K, capacity 48515K, committed 48636K, reserved 1091584K
  class space    used 5159K, capacity 6387K, committed 6396K, reserved 1048576K
}
Event: 39.013 GC heap before
{Heap before GC invocations=52 (full 0):
 garbage-first heap   total 152576K, used 73115K [0x0000000084400000, 0x0000000100000000)
  region size 1024K, 6 young (6144K), 2 survivors (2048K)
 Metaspace       used 45968K, capacity 48515K, committed 48636K, reserved 1091584K
  class space    used 5159K, capacity 6387K, committed 6396K, reserved 1048576K
}
Event: 39.016 GC heap after
{Heap after GC invocations=53 (full 0):
 garbage-first heap   total 152576K, used 29204K [0x0000000084400000, 0x0000000100000000)
  region size 1024K, 2 young (2048K), 2 survivors (2048K)
 Metaspace       used 45968K, capacity 48515K, committed 48636K, reserved 1091584K
  class space    used 5159K, capacity 6387K, committed 6396K, reserved 1048576K
}
Event: 39.206 GC heap before
{Heap before GC invocations=54 (full 0):
 garbage-first heap   total 152576K, used 74260K [0x0000000084400000, 0x0000000100000000)
  region size 1024K, 7 young (7168K), 2 survivors (2048K)
 Metaspace       used 45971K, capacity 48515K, committed 48636K, reserved 1091584K
  class space    used 5159K, capacity 6387K, committed 6396K, reserved 1048576K
}
Event: 39.210 GC heap after
{Heap after GC invocations=55 (full 0):
 garbage-first heap   total 152576K, used 29213K [0x0000000084400000, 0x0000000100000000)
  region size 1024K, 2 young (2048K), 2 survivors (2048K)
 Metaspace       used 45971K, capacity 48515K, committed 48636K, reserved 1091584K
  class space    used 5159K, capacity 6387K, committed 6396K, reserved 1048576K
}
Event: 39.391 GC heap before
{Heap before GC invocations=56 (full 0):
 garbage-first heap   total 152576K, used 77341K [0x0000000084400000, 0x0000000100000000)
  region size 1024K, 10 young (10240K), 2 survivors (2048K)
 Metaspace       used 45973K, capacity 48515K, committed 48636K, reserved 1091584K
  class space    used 5159K, capacity 6387K, committed 6396K, reserved 1048576K
}
Event: 39.396 GC heap after
{Heap after GC invocations=57 (full 0):
 garbage-first heap   total 183296K, used 29320K [0x0000000084400000, 0x0000000100000000)
  region size 1024K, 2 young (2048K), 2 survivors (2048K)
 Metaspace       used 45973K, capacity 48515K, committed 48636K, reserved 1091584K
  class space    used 5159K, capacity 6387K, committed 6396K, reserved 1048576K
}

Deoptimization events (10 events):
Event: 39.807 Thread 0x000001d0856bd000 Uncommon trap: reason=class_check action=maybe_recompile pc=0x000001d0f499f494 method=java.io.DataInputStream.readFully([BII)V @ 34 c2
Event: 39.807 Thread 0x000001d0856bd000 Uncommon trap: reason=class_check action=maybe_recompile pc=0x000001d0f499f494 method=java.io.DataInputStream.readFully([BII)V @ 34 c2
Event: 39.807 Thread 0x000001d0856bd000 Uncommon trap: reason=class_check action=maybe_recompile pc=0x000001d0f499f494 method=java.io.DataInputStream.readFully([BII)V @ 34 c2
Event: 39.828 Thread 0x000001d0856bd000 Uncommon trap: reason=unstable_if action=reinterpret pc=0x000001d0f497f5a8 method=java.util.TreeMap.getEntry(Ljava/lang/Object;)Ljava/util/TreeMap$Entry; @ 4 c2
Event: 40.077 Thread 0x000001d084570000 Uncommon trap: reason=array_check action=maybe_recompile pc=0x000001d0f4a97558 method=java.util.AbstractCollection.toArray([Ljava/lang/Object;)[Ljava/lang/Object; @ 116 c2
Event: 40.315 Thread 0x000001d0856bb800 Uncommon trap: reason=unstable_if action=reinterpret pc=0x000001d0f4a7b8bc method=javax.swing.RepaintManager.addDirtyRegion0(Ljava/awt/Container;IIII)V @ 19 c2
Event: 40.336 Thread 0x000001d0856a1000 Uncommon trap: reason=predicate action=maybe_recompile pc=0x000001d0f497befc method=java.util.TreeMap.getEntryUsingComparator(Ljava/lang/Object;)Ljava/util/TreeMap$Entry; @ 22 c2
Event: 41.825 Thread 0x000001d087e00800 Uncommon trap: reason=class_check action=maybe_recompile pc=0x000001d0f491a3b4 method=com.sun.org.apache.xerces.internal.dom.NamedNodeMapImpl.findNamePoint(Ljava/lang/String;I)I @ 51 c2
Event: 41.826 Thread 0x000001d087e00800 Uncommon trap: reason=unstable_fused_if action=reinterpret pc=0x000001d0f48e597c method=com.sun.org.apache.xerces.internal.dom.ParentNode.nodeListItem(I)Lorg/w3c/dom/Node; @ 125 c2
Event: 41.829 Thread 0x000001d087e00800 Uncommon trap: reason=unstable_fused_if action=reinterpret pc=0x000001d0f48e4fa0 method=com.sun.org.apache.xerces.internal.dom.ParentNode.nodeListItem(I)Lorg/w3c/dom/Node; @ 125 c2

Classes redefined (0 events):
No events

Internal exceptions (10 events):
Event: 41.809 Thread 0x000001d087e00800 Exception <a 'java/lang/ArrayIndexOutOfBoundsException'{0x000000008d019978}: 1> (0x000000008d019978) thrown at [t:/workspace/open/src/hotspot/share/interpreter/interpreterRuntime.cpp, line 372]
Event: 41.809 Thread 0x000001d087e00800 Exception <a 'java/lang/ArrayIndexOutOfBoundsException'{0x000000008d019e58}: 1> (0x000000008d019e58) thrown at [t:/workspace/open/src/hotspot/share/interpreter/interpreterRuntime.cpp, line 372]
Event: 41.809 Thread 0x000001d087e00800 Exception <a 'java/lang/ArrayIndexOutOfBoundsException'{0x000000008d01a4b0}: 1> (0x000000008d01a4b0) thrown at [t:/workspace/open/src/hotspot/share/interpreter/interpreterRuntime.cpp, line 372]
Event: 41.809 Thread 0x000001d087e00800 Exception <a 'java/lang/ArrayIndexOutOfBoundsException'{0x000000008d01ab08}: 1> (0x000000008d01ab08) thrown at [t:/workspace/open/src/hotspot/share/interpreter/interpreterRuntime.cpp, line 372]
Event: 41.809 Thread 0x000001d087e00800 Exception <a 'java/lang/ArrayIndexOutOfBoundsException'{0x000000008d01b160}: 1> (0x000000008d01b160) thrown at [t:/workspace/open/src/hotspot/share/interpreter/interpreterRuntime.cpp, line 372]
Event: 41.809 Thread 0x000001d087e00800 Exception <a 'java/lang/ArrayIndexOutOfBoundsException'{0x000000008d01b7b8}: 1> (0x000000008d01b7b8) thrown at [t:/workspace/open/src/hotspot/share/interpreter/interpreterRuntime.cpp, line 372]
Event: 41.809 Thread 0x000001d087e00800 Exception <a 'java/lang/ArrayIndexOutOfBoundsException'{0x000000008d01be10}: 1> (0x000000008d01be10) thrown at [t:/workspace/open/src/hotspot/share/interpreter/interpreterRuntime.cpp, line 372]
Event: 41.809 Thread 0x000001d087e00800 Exception <a 'java/lang/ArrayIndexOutOfBoundsException'{0x000000008d01c2f0}: 1> (0x000000008d01c2f0) thrown at [t:/workspace/open/src/hotspot/share/interpreter/interpreterRuntime.cpp, line 372]
Event: 41.809 Thread 0x000001d087e00800 Exception <a 'java/lang/ArrayIndexOutOfBoundsException'{0x000000008d01c948}: 1> (0x000000008d01c948) thrown at [t:/workspace/open/src/hotspot/share/interpreter/interpreterRuntime.cpp, line 372]
Event: 41.809 Thread 0x000001d087e00800 Exception <a 'java/lang/ArrayIndexOutOfBoundsException'{0x000000008d01cfa0}: 1> (0x000000008d01cfa0) thrown at [t:/workspace/open/src/hotspot/share/interpreter/interpreterRuntime.cpp, line 372]

Events (10 events):
Event: 41.826 Thread 0x000001d087e00800 DEOPT PACKING pc=0x000001d0f48e597c sp=0x0000008b5d1feb60
Event: 41.826 Thread 0x000001d087e00800 DEOPT UNPACKING pc=0x000001d0ecd98a2f sp=0x0000008b5d1feab0 mode 2
Event: 41.828 Thread 0x000001d0856bc800 Thread added: 0x000001d0856bc800
Event: 41.828 Thread 0x000001d0856bb800 Thread exited: 0x000001d0856bb800
Event: 41.829 Thread 0x000001d087e00800 Uncommon trap: trap_request=0xffffff4d fr.pc=0x000001d0f48e4fa0 relative=0x00000000000002e0
Event: 41.829 Thread 0x000001d087e00800 DEOPT PACKING pc=0x000001d0f48e4fa0 sp=0x0000008b5d1feb20
Event: 41.829 Thread 0x000001d087e00800 DEOPT UNPACKING pc=0x000001d0ecd98a2f sp=0x0000008b5d1feac8 mode 2
Event: 41.927 Thread 0x000001d0856bb800 Thread added: 0x000001d0856bb800
Event: 41.927 Thread 0x000001d0856bc800 Thread exited: 0x000001d0856bc800
Event: 42.161 Executing VM operation: RevokeBias


Dynamic libraries:
0x00007ff69c8c0000 - 0x00007ff69c8fe000 	C:\Program Files\Java\jdk-10.0.1\bin\javaw.exe
0x00007fff300f0000 - 0x00007fff302d1000 	C:\WINDOWS\SYSTEM32\ntdll.dll
0x00007fff2e570000 - 0x00007fff2e621000 	C:\WINDOWS\System32\KERNEL32.DLL
0x00007fff2c4c0000 - 0x00007fff2c733000 	C:\WINDOWS\System32\KERNELBASE.dll
0x00007fff2d850000 - 0x00007fff2d8f1000 	C:\WINDOWS\System32\ADVAPI32.dll
0x00007fff2d750000 - 0x00007fff2d7ee000 	C:\WINDOWS\System32\msvcrt.dll
0x00007fff2e000000 - 0x00007fff2e05b000 	C:\WINDOWS\System32\sechost.dll
0x00007fff2d620000 - 0x00007fff2d744000 	C:\WINDOWS\System32\RPCRT4.dll
0x00007fff2e1e0000 - 0x00007fff2e370000 	C:\WINDOWS\System32\USER32.dll
0x00007fff2d560000 - 0x00007fff2d580000 	C:\WINDOWS\System32\win32u.dll
0x00007fff2d5e0000 - 0x00007fff2d608000 	C:\WINDOWS\System32\GDI32.dll
0x00007fff2d240000 - 0x00007fff2d3d2000 	C:\WINDOWS\System32\gdi32full.dll
0x00007fff2c9e0000 - 0x00007fff2ca7f000 	C:\WINDOWS\System32\msvcp_win.dll
0x00007fff2d3e0000 - 0x00007fff2d4d8000 	C:\WINDOWS\System32\ucrtbase.dll
0x00007fff1d0b0000 - 0x00007fff1d319000 	C:\WINDOWS\WinSxS\amd64_microsoft.windows.common-controls_6595b64144ccf1df_6.0.17134.799_none_fb46a2653061bee5\COMCTL32.dll
0x00007fff2db80000 - 0x00007fff2dea2000 	C:\WINDOWS\System32\combase.dll
0x00007fff2d4e0000 - 0x00007fff2d55a000 	C:\WINDOWS\System32\bcryptPrimitives.dll
0x00007fff25380000 - 0x00007fff2538a000 	C:\WINDOWS\SYSTEM32\VERSION.dll
0x00007fff2fec0000 - 0x00007fff2feed000 	C:\WINDOWS\System32\IMM32.DLL
0x00007fff011b0000 - 0x00007fff0129f000 	C:\Program Files\Java\jdk-10.0.1\bin\msvcr120.dll
0x00007ffef1810000 - 0x00007ffef18b6000 	C:\Program Files\Java\jdk-10.0.1\bin\msvcp120.dll
0x000000005c8f0000 - 0x000000005d360000 	C:\Program Files\Java\jdk-10.0.1\bin\server\jvm.dll
0x00007fff300b0000 - 0x00007fff300b8000 	C:\WINDOWS\System32\PSAPI.DLL
0x00007fff178d0000 - 0x00007fff178d9000 	C:\WINDOWS\SYSTEM32\WSOCK32.dll
0x00007fff2e370000 - 0x00007fff2e3dc000 	C:\WINDOWS\System32\WS2_32.dll
0x00007fff288a0000 - 0x00007fff288c3000 	C:\WINDOWS\SYSTEM32\WINMM.dll
0x00007fff28870000 - 0x00007fff2889a000 	C:\WINDOWS\SYSTEM32\WINMMBASE.dll
0x00007fff2d1f0000 - 0x00007fff2d239000 	C:\WINDOWS\System32\cfgmgr32.dll
0x00007fff28140000 - 0x00007fff2814f000 	C:\Program Files\Java\jdk-10.0.1\bin\verify.dll
0x00007fff2a950000 - 0x00007fff2ab19000 	C:\WINDOWS\SYSTEM32\DBGHELP.DLL
0x00007fff15670000 - 0x00007fff15699000 	C:\WINDOWS\SYSTEM32\dbgcore.DLL
0x00007fff1c890000 - 0x00007fff1c8b7000 	C:\Program Files\Java\jdk-10.0.1\bin\java.dll
0x00007fff1a7f0000 - 0x00007fff1a806000 	C:\Program Files\Java\jdk-10.0.1\bin\zip.dll
0x00007fff1a660000 - 0x00007fff1a66a000 	C:\Program Files\Java\jdk-10.0.1\bin\jimage.dll
0x00007fff2ea80000 - 0x00007fff2fec0000 	C:\WINDOWS\System32\SHELL32.dll
0x00007fff2e3e0000 - 0x00007fff2e489000 	C:\WINDOWS\System32\shcore.dll
0x00007fff2ca80000 - 0x00007fff2d18d000 	C:\WINDOWS\System32\windows.storage.dll
0x00007fff2d580000 - 0x00007fff2d5d1000 	C:\WINDOWS\System32\shlwapi.dll
0x00007fff2c480000 - 0x00007fff2c491000 	C:\WINDOWS\System32\kernel.appcore.dll
0x00007fff2c4a0000 - 0x00007fff2c4bf000 	C:\WINDOWS\System32\profapi.dll
0x00007fff2c430000 - 0x00007fff2c47c000 	C:\WINDOWS\System32\powrprof.dll
0x00007fff2c400000 - 0x00007fff2c40a000 	C:\WINDOWS\System32\FLTLIB.DLL
0x00007fff1a0c0000 - 0x00007fff1a0da000 	C:\Program Files\Java\jdk-10.0.1\bin\net.dll
0x00007fff27d10000 - 0x00007fff27ded000 	C:\WINDOWS\SYSTEM32\WINHTTP.dll
0x00007fff2bc80000 - 0x00007fff2bce6000 	C:\WINDOWS\system32\mswsock.dll
0x00007fff140e0000 - 0x00007fff140f1000 	C:\Program Files\Java\jdk-10.0.1\bin\nio.dll
0x00007ffee8cf0000 - 0x00007ffee8e8b000 	C:\Program Files\Java\jdk-10.0.1\bin\awt.dll
0x00007fff2e490000 - 0x00007fff2e552000 	C:\WINDOWS\System32\OLEAUT32.dll
0x00007fff298b0000 - 0x00007fff29e77000 	C:\WINDOWS\SYSTEM32\d2d1.dll
0x00007fff29170000 - 0x00007fff291fb000 	C:\WINDOWS\SYSTEM32\apphelp.dll
0x00007fff2a510000 - 0x00007fff2a539000 	C:\WINDOWS\system32\DWMAPI.DLL
0x00007fff29ec0000 - 0x00007fff29f58000 	C:\WINDOWS\system32\uxtheme.dll
0x00007fff14b30000 - 0x00007fff14c50000 	C:\WINDOWS\system32\opengl32.dll
0x00007fff148b0000 - 0x00007fff148dc000 	C:\WINDOWS\SYSTEM32\GLU32.dll
0x00007fff2e060000 - 0x00007fff2e1d3000 	C:\WINDOWS\System32\MSCTF.dll
0x00007fff2d9a0000 - 0x00007fff2daf1000 	C:\WINDOWS\System32\ole32.dll
0x00007fff2be30000 - 0x00007fff2be47000 	C:\WINDOWS\SYSTEM32\CRYPTSP.dll
0x00007fff2b800000 - 0x00007fff2b833000 	C:\WINDOWS\system32\rsaenh.dll
0x00007fff2bf60000 - 0x00007fff2bf85000 	C:\WINDOWS\SYSTEM32\bcrypt.dll
0x00007fff2c330000 - 0x00007fff2c358000 	C:\WINDOWS\SYSTEM32\USERENV.dll
0x00007fff2be50000 - 0x00007fff2be5b000 	C:\WINDOWS\SYSTEM32\CRYPTBASE.dll
0x00007fff2b9a0000 - 0x00007fff2b9d8000 	C:\WINDOWS\SYSTEM32\IPHLPAPI.DLL
0x00007fff2e560000 - 0x00007fff2e568000 	C:\WINDOWS\System32\NSI.dll
0x00007fff258c0000 - 0x00007fff258d6000 	C:\WINDOWS\SYSTEM32\dhcpcsvc6.DLL
0x00007fff258a0000 - 0x00007fff258ba000 	C:\WINDOWS\SYSTEM32\dhcpcsvc.DLL
0x00007fff11850000 - 0x00007fff118b5000 	C:\Program Files\Java\jdk-10.0.1\bin\fontmanager.dll
0x00007fff12300000 - 0x00007fff12342000 	C:\Program Files\Java\jdk-10.0.1\bin\t2k.dll
0x00007fff2b9e0000 - 0x00007fff2ba9e000 	C:\WINDOWS\SYSTEM32\DNSAPI.dll
0x00007fff25180000 - 0x00007fff2518a000 	C:\Windows\System32\rasadhlp.dll
0x00007fff1a1b0000 - 0x00007fff1a1b9000 	C:\Program Files\Java\jdk-10.0.1\bin\management.dll
0x00007fff1a0b0000 - 0x00007fff1a0ba000 	C:\Program Files\Java\jdk-10.0.1\bin\management_ext.dll
0x00007fff1a060000 - 0x00007fff1a068000 	C:\Program Files\Java\jdk-10.0.1\bin\prefs.dll
0x00007fff17290000 - 0x00007fff172a6000 	C:\WINDOWS\system32\napinsp.dll
0x00007fff17270000 - 0x00007fff1728a000 	C:\WINDOWS\system32\pnrpnsp.dll
0x00007fff280e0000 - 0x00007fff280f9000 	C:\WINDOWS\system32\NLAapi.dll
0x00007fff17260000 - 0x00007fff1726e000 	C:\WINDOWS\System32\winrnr.dll
0x00007fff17240000 - 0x00007fff17255000 	C:\WINDOWS\System32\wshbth.dll
0x00007fff24fc0000 - 0x00007fff25032000 	C:\WINDOWS\System32\fwpuclnt.dll
0x00007fff0b850000 - 0x00007fff0b8f7000 	C:\WINDOWS\WinSxS\amd64_microsoft.windows.common-controls_6595b64144ccf1df_5.82.17134.799_none_f956eb813091ab44\comctl32.dll
0x00007fff2d900000 - 0x00007fff2d9a0000 	C:\WINDOWS\System32\clbcatq.dll
0x00007fff29240000 - 0x00007fff293f4000 	C:\WINDOWS\SYSTEM32\PROPSYS.dll
0x00007fff238e0000 - 0x00007fff23f7b000 	C:\Windows\System32\OneCoreUAPCommonProxyStub.dll
0x00007fff1a4d0000 - 0x00007fff1a5f7000 	C:\WINDOWS\system32\NetworkExplorer.dll
0x00007fff25130000 - 0x00007fff2514a000 	C:\WINDOWS\SYSTEM32\MPR.dll
0x00007fff26ca0000 - 0x00007fff26cab000 	C:\WINDOWS\System32\drprov.dll
0x00007fff2baa0000 - 0x00007fff2baf6000 	C:\WINDOWS\System32\WINSTA.dll
0x00007fff1e4b0000 - 0x00007fff1e4c6000 	C:\WINDOWS\System32\ntlanman.dll
0x00007fff1e490000 - 0x00007fff1e4ad000 	C:\WINDOWS\System32\davclnt.dll
0x00007fff26070000 - 0x00007fff2607c000 	C:\WINDOWS\System32\DAVHLPR.dll
0x00007fff26d30000 - 0x00007fff26d47000 	C:\WINDOWS\System32\wkscli.dll
0x00007fff1b070000 - 0x00007fff1b082000 	C:\WINDOWS\SYSTEM32\cscapi.dll
0x00007fff2bb00000 - 0x00007fff2bb0e000 	C:\WINDOWS\System32\netutils.dll
0x00007fff0da10000 - 0x00007fff0da5a000 	C:\Windows\System32\dlnashext.dll
0x00007ffef1c60000 - 0x00007ffef1cc3000 	C:\Windows\System32\PlayToDevice.dll
0x00007fff1be40000 - 0x00007fff1be5e000 	C:\Windows\System32\DevDispItemProvider.dll
0x00007fff22040000 - 0x00007fff220b6000 	C:\WINDOWS\System32\MMDevApi.dll
0x00007fff2c210000 - 0x00007fff2c237000 	C:\WINDOWS\System32\DEVOBJ.dll
0x00007ffee86c0000 - 0x00007ffee88a1000 	C:\WINDOWS\system32\wpdshext.dll
0x00007fff1cea0000 - 0x00007fff1d03b000 	C:\WINDOWS\WinSxS\amd64_microsoft.windows.gdiplus_6595b64144ccf1df_1.1.17134.799_none_2c31954a8af438b3\gdiplus.dll
0x00007fff290a0000 - 0x00007fff2913c000 	C:\Windows\System32\PortableDeviceApi.dll
0x00007fff2e630000 - 0x00007fff2ea7b000 	C:\WINDOWS\System32\SETUPAPI.dll
0x00007fff2d190000 - 0x00007fff2d1e7000 	C:\WINDOWS\System32\WINTRUST.dll
0x00007fff2c410000 - 0x00007fff2c422000 	C:\WINDOWS\System32\MSASN1.dll
0x00007fff2c7f0000 - 0x00007fff2c9d2000 	C:\WINDOWS\System32\CRYPT32.dll
0x00007ffef4fa0000 - 0x00007ffef4fd7000 	C:\Windows\System32\EhStorShell.dll
0x00007fff12350000 - 0x00007fff12375000 	C:\Windows\System32\EhStorAPI.dll
0x00007fff2ab40000 - 0x00007fff2ab53000 	C:\Windows\System32\WTSAPI32.dll
0x00007fff06c00000 - 0x00007fff06c0d000 	C:\WINDOWS\SYSTEM32\LINKINFO.dll
0x00007fff11960000 - 0x00007fff11983000 	C:\Program Files\Java\jdk-10.0.1\bin\sunec.dll
0x00007fff15630000 - 0x00007fff1563b000 	C:\Program Files\Java\jdk-10.0.1\bin\sunmscapi.dll
0x00007fff0cce0000 - 0x00007fff0cd0b000 	C:\Program Files\Java\jdk-10.0.1\bin\javajpeg.dll
0x00007fff054c0000 - 0x00007fff054fe000 	C:\Program Files\Java\jdk-10.0.1\bin\lcms.dll
0x00007fff24e10000 - 0x00007fff24fbe000 	C:\WINDOWS\SYSTEM32\WindowsCodecs.dll
0x00007fff053f0000 - 0x00007fff05448000 	C:\WINDOWS\system32\dataexchange.dll
0x00007fff2a120000 - 0x00007fff2a42b000 	C:\WINDOWS\system32\d3d11.dll
0x00007fff288d0000 - 0x00007fff28a6c000 	C:\WINDOWS\system32\dcomp.dll
0x00007fff2b1c0000 - 0x00007fff2b27b000 	C:\WINDOWS\system32\dxgi.dll
0x00007fff2a540000 - 0x00007fff2a6f8000 	C:\WINDOWS\system32\twinapi.appcore.dll
0x00007fff2a460000 - 0x00007fff2a489000 	C:\WINDOWS\system32\RMCLIENT.dll

dbghelp: loaded successfully - version: 4.0.5 - missing functions: none
symbol engine: initialized successfully - sym options: 0x614 - pdb path: .;C:\Program Files\Java\jdk-10.0.1\bin;C:\WINDOWS\SYSTEM32;C:\WINDOWS\WinSxS\amd64_microsoft.windows.common-controls_6595b64144ccf1df_6.0.17134.799_none_fb46a2653061bee5;C:\Program Files\Java\jdk-10.0.1\bin\server;C:\WINDOWS\WinSxS\amd64_microsoft.windows.common-controls_6595b64144ccf1df_5.82.17134.799_none_f956eb813091ab44;C:\WINDOWS\WinSxS\amd64_microsoft.windows.gdiplus_6595b64144ccf1df_1.1.17134.799_none_2c31954a8af438b3

VM Arguments:
java_command: com.st.microxplorer.maingui.STM32CubeMX C:\Users\chait\Documents\WSL\IFE_Software_2019\BMS\BMS_FINAL_Lower\BMS_FINAL.ioc
java_class_path (initial): C:\Program Files\STMicroelectronics\STM32Cube\STM32CubeMX\STM32CubeMX.exe;anything
Launcher Type: SUN_STANDARD

Logging:
Log output configuration:
#0: stdout all=warning uptime,level,tags
#1: stderr all=off uptime,level,tags

Environment Variables:
PATH=C:\Program Files\STMicroelectronics\STM32Cube\STM32CubeMX\;C:\ProgramData\Oracle\Java\javapath;C:\Program Files (x86)\Common Files\Oracle\Java\javapath;C:\Program Files (x86)\Intel\iCLS Client\;C:\Program Files\Intel\iCLS Client\;C:\WINDOWS\system32;C:\WINDOWS;C:\WINDOWS\System32\Wbem;C:\WINDOWS\System32\WindowsPowerShell\v1.0\;C:\WINDOWS\System32\OpenSSH\;C:\Program Files (x86)\Intel\Intel(R) Management Engine Components\DAL;C:\Program Files\Intel\Intel(R) Management Engine Components\DAL;C:\Program Files (x86)\Intel\Intel(R) Management Engine Components\IPT;C:\Program Files\Intel\Intel(R) Management Engine Components\IPT;C:\Program Files\MATLAB\R2018a\runtime\win64;C:\Program Files\MATLAB\R2018a\bin;C:\Program Files\MiKTeX 2.9\miktex\bin\x64\;C:\Program Files\Microsoft VS Code\bin;C:\Program Files (x86)\Pandoc\;C:\Program Files (x86)\Common Files\GTK\2.0\bin;C:\Program Files (x86)\STMicroelectronics\STM32 ST-LINK Utility\ST-LINK Utility;C:\Program Files\Calibre2\;C:\Program Files\nodejs\;C:\Program Files\TortoiseSVN\bin;C:\Program Files\MATLAB\R2019a\runtime\win64;C:\Program Files\MATLAB\R2019a\bin;C:\Program Files (x86)\GNU Tools ARM Embedded\6 2017-q2-update\bin;C:\Program Files (x86)\Anaconda;C:\Program Files (x86)\Anaconda\Scripts;C:\Program Files (x86)\Anaconda\Library\bin;C:\Users\chait\AppData\Local\Microsoft\WindowsApps;C:\Program Files\R\R-3.4.1\bin;C:\Program Files\Microsoft VS Code\bin;C:\Users\chait\AppData\Local\GitHubDesktop\bin;C:\Program Files\Java;C:\mbed-cli\mbed-cli\mbed-cli-1.1.1\mbed;C:\Users\chait\AppData\Local\Microsoft\WindowsApps;C:\Program Files (x86)\Nmap;C:\intelFPGA_lite\18.1\modelsim_ase\win32aloem;C:\Users\chait\AppData\Roaming\npm;C:\Program Files\Java\jdk-10.0.1\bin
USERNAME=chait
OS=Windows_NT
PROCESSOR_IDENTIFIER=Intel64 Family 6 Model 142 Stepping 9, GenuineIntel



---------------  S Y S T E M  ---------------

OS: Windows 10 , 64 bit Build 17134 (10.0.17134.753)

CPU:total 4 (initial active 4) (2 cores per cpu, 2 threads per core) family 6 model 142 stepping 9, cmov, cx8, fxsr, mmx, sse, sse2, sse3, ssse3, sse4.1, sse4.2, popcnt, avx, avx2, aes, clmul, erms, 3dnowpref, lzcnt, ht, tsc, tscinvbit, bmi1, bmi2, adx, fma

Memory: 4k page, physical 8109992k(738580k free), swap 19853036k(424k free)

vm_info: Java HotSpot(TM) 64-Bit Server VM (10.0.1+10) for windows-amd64 JRE (10.0.1+10), built on Mar 27 2018 02:27:48 by "mach5one" with MS VC++ 12.0 (VS2013)

END.
