ARM GAS  C:\cygwin64\tmp\ccsTyfGO.s 			page 1


   1              		.cpu cortex-m3
   2              		.eabi_attribute 20, 1
   3              		.eabi_attribute 21, 1
   4              		.eabi_attribute 23, 3
   5              		.eabi_attribute 24, 1
   6              		.eabi_attribute 25, 1
   7              		.eabi_attribute 26, 1
   8              		.eabi_attribute 30, 1
   9              		.eabi_attribute 34, 1
  10              		.eabi_attribute 18, 4
  11              		.file	"stm32f1xx_hal_msp.c"
  12              		.text
  13              	.Ltext0:
  14              		.cfi_sections	.debug_frame
  15              		.section	.text.HAL_MspInit,"ax",%progbits
  16              		.align	1
  17              		.global	HAL_MspInit
  18              		.arch armv7-m
  19              		.syntax unified
  20              		.thumb
  21              		.thumb_func
  22              		.fpu softvfp
  24              	HAL_MspInit:
  25              	.LFB66:
  26              		.file 1 "Src/stm32f1xx_hal_msp.c"
   1:Src/stm32f1xx_hal_msp.c **** /* USER CODE BEGIN Header */
   2:Src/stm32f1xx_hal_msp.c **** /**
   3:Src/stm32f1xx_hal_msp.c ****   ******************************************************************************
   4:Src/stm32f1xx_hal_msp.c ****   * File Name          : stm32f1xx_hal_msp.c
   5:Src/stm32f1xx_hal_msp.c ****   * Description        : This file provides code for the MSP Initialization 
   6:Src/stm32f1xx_hal_msp.c ****   *                      and de-Initialization codes.
   7:Src/stm32f1xx_hal_msp.c ****   ******************************************************************************
   8:Src/stm32f1xx_hal_msp.c ****   ** This notice applies to any and all portions of this file
   9:Src/stm32f1xx_hal_msp.c ****   * that are not between comment pairs USER CODE BEGIN and
  10:Src/stm32f1xx_hal_msp.c ****   * USER CODE END. Other portions of this file, whether 
  11:Src/stm32f1xx_hal_msp.c ****   * inserted by the user or by software development tools
  12:Src/stm32f1xx_hal_msp.c ****   * are owned by their respective copyright owners.
  13:Src/stm32f1xx_hal_msp.c ****   *
  14:Src/stm32f1xx_hal_msp.c ****   * COPYRIGHT(c) 2019 STMicroelectronics
  15:Src/stm32f1xx_hal_msp.c ****   *
  16:Src/stm32f1xx_hal_msp.c ****   * Redistribution and use in source and binary forms, with or without modification,
  17:Src/stm32f1xx_hal_msp.c ****   * are permitted provided that the following conditions are met:
  18:Src/stm32f1xx_hal_msp.c ****   *   1. Redistributions of source code must retain the above copyright notice,
  19:Src/stm32f1xx_hal_msp.c ****   *      this list of conditions and the following disclaimer.
  20:Src/stm32f1xx_hal_msp.c ****   *   2. Redistributions in binary form must reproduce the above copyright notice,
  21:Src/stm32f1xx_hal_msp.c ****   *      this list of conditions and the following disclaimer in the documentation
  22:Src/stm32f1xx_hal_msp.c ****   *      and/or other materials provided with the distribution.
  23:Src/stm32f1xx_hal_msp.c ****   *   3. Neither the name of STMicroelectronics nor the names of its contributors
  24:Src/stm32f1xx_hal_msp.c ****   *      may be used to endorse or promote products derived from this software
  25:Src/stm32f1xx_hal_msp.c ****   *      without specific prior written permission.
  26:Src/stm32f1xx_hal_msp.c ****   *
  27:Src/stm32f1xx_hal_msp.c ****   * THIS SOFTWARE IS PROVIDED BY THE COPYRIGHT HOLDERS AND CONTRIBUTORS "AS IS"
  28:Src/stm32f1xx_hal_msp.c ****   * AND ANY EXPRESS OR IMPLIED WARRANTIES, INCLUDING, BUT NOT LIMITED TO, THE
  29:Src/stm32f1xx_hal_msp.c ****   * IMPLIED WARRANTIES OF MERCHANTABILITY AND FITNESS FOR A PARTICULAR PURPOSE ARE
  30:Src/stm32f1xx_hal_msp.c ****   * DISCLAIMED. IN NO EVENT SHALL THE COPYRIGHT HOLDER OR CONTRIBUTORS BE LIABLE
  31:Src/stm32f1xx_hal_msp.c ****   * FOR ANY DIRECT, INDIRECT, INCIDENTAL, SPECIAL, EXEMPLARY, OR CONSEQUENTIAL
  32:Src/stm32f1xx_hal_msp.c ****   * DAMAGES (INCLUDING, BUT NOT LIMITED TO, PROCUREMENT OF SUBSTITUTE GOODS OR
ARM GAS  C:\cygwin64\tmp\ccsTyfGO.s 			page 2


  33:Src/stm32f1xx_hal_msp.c ****   * SERVICES; LOSS OF USE, DATA, OR PROFITS; OR BUSINESS INTERRUPTION) HOWEVER
  34:Src/stm32f1xx_hal_msp.c ****   * CAUSED AND ON ANY THEORY OF LIABILITY, WHETHER IN CONTRACT, STRICT LIABILITY,
  35:Src/stm32f1xx_hal_msp.c ****   * OR TORT (INCLUDING NEGLIGENCE OR OTHERWISE) ARISING IN ANY WAY OUT OF THE USE
  36:Src/stm32f1xx_hal_msp.c ****   * OF THIS SOFTWARE, EVEN IF ADVISED OF THE POSSIBILITY OF SUCH DAMAGE.
  37:Src/stm32f1xx_hal_msp.c ****   *
  38:Src/stm32f1xx_hal_msp.c ****   ******************************************************************************
  39:Src/stm32f1xx_hal_msp.c ****   */
  40:Src/stm32f1xx_hal_msp.c **** /* USER CODE END Header */
  41:Src/stm32f1xx_hal_msp.c **** 
  42:Src/stm32f1xx_hal_msp.c **** /* Includes ------------------------------------------------------------------*/
  43:Src/stm32f1xx_hal_msp.c **** #include "main.h"
  44:Src/stm32f1xx_hal_msp.c **** /* USER CODE BEGIN Includes */
  45:Src/stm32f1xx_hal_msp.c **** 
  46:Src/stm32f1xx_hal_msp.c **** /* USER CODE END Includes */
  47:Src/stm32f1xx_hal_msp.c **** 
  48:Src/stm32f1xx_hal_msp.c **** /* Private typedef -----------------------------------------------------------*/
  49:Src/stm32f1xx_hal_msp.c **** /* USER CODE BEGIN TD */
  50:Src/stm32f1xx_hal_msp.c **** 
  51:Src/stm32f1xx_hal_msp.c **** /* USER CODE END TD */
  52:Src/stm32f1xx_hal_msp.c **** 
  53:Src/stm32f1xx_hal_msp.c **** /* Private define ------------------------------------------------------------*/
  54:Src/stm32f1xx_hal_msp.c **** /* USER CODE BEGIN Define */
  55:Src/stm32f1xx_hal_msp.c ****  
  56:Src/stm32f1xx_hal_msp.c **** /* USER CODE END Define */
  57:Src/stm32f1xx_hal_msp.c **** 
  58:Src/stm32f1xx_hal_msp.c **** /* Private macro -------------------------------------------------------------*/
  59:Src/stm32f1xx_hal_msp.c **** /* USER CODE BEGIN Macro */
  60:Src/stm32f1xx_hal_msp.c **** 
  61:Src/stm32f1xx_hal_msp.c **** /* USER CODE END Macro */
  62:Src/stm32f1xx_hal_msp.c **** 
  63:Src/stm32f1xx_hal_msp.c **** /* Private variables ---------------------------------------------------------*/
  64:Src/stm32f1xx_hal_msp.c **** /* USER CODE BEGIN PV */
  65:Src/stm32f1xx_hal_msp.c **** 
  66:Src/stm32f1xx_hal_msp.c **** /* USER CODE END PV */
  67:Src/stm32f1xx_hal_msp.c **** 
  68:Src/stm32f1xx_hal_msp.c **** /* Private function prototypes -----------------------------------------------*/
  69:Src/stm32f1xx_hal_msp.c **** /* USER CODE BEGIN PFP */
  70:Src/stm32f1xx_hal_msp.c **** 
  71:Src/stm32f1xx_hal_msp.c **** /* USER CODE END PFP */
  72:Src/stm32f1xx_hal_msp.c **** 
  73:Src/stm32f1xx_hal_msp.c **** /* External functions --------------------------------------------------------*/
  74:Src/stm32f1xx_hal_msp.c **** /* USER CODE BEGIN ExternalFunctions */
  75:Src/stm32f1xx_hal_msp.c **** 
  76:Src/stm32f1xx_hal_msp.c **** /* USER CODE END ExternalFunctions */
  77:Src/stm32f1xx_hal_msp.c **** 
  78:Src/stm32f1xx_hal_msp.c **** /* USER CODE BEGIN 0 */
  79:Src/stm32f1xx_hal_msp.c **** 
  80:Src/stm32f1xx_hal_msp.c **** /* USER CODE END 0 */
  81:Src/stm32f1xx_hal_msp.c **** /**
  82:Src/stm32f1xx_hal_msp.c ****   * Initializes the Global MSP.
  83:Src/stm32f1xx_hal_msp.c ****   */
  84:Src/stm32f1xx_hal_msp.c **** void HAL_MspInit(void)
  85:Src/stm32f1xx_hal_msp.c **** {
  27              		.loc 1 85 1 view -0
  28              		.cfi_startproc
  29              		@ args = 0, pretend = 0, frame = 8
  30              		@ frame_needed = 0, uses_anonymous_args = 0
ARM GAS  C:\cygwin64\tmp\ccsTyfGO.s 			page 3


  31              		@ link register save eliminated.
  32 0000 82B0     		sub	sp, sp, #8
  33              	.LCFI0:
  34              		.cfi_def_cfa_offset 8
  86:Src/stm32f1xx_hal_msp.c ****   /* USER CODE BEGIN MspInit 0 */
  87:Src/stm32f1xx_hal_msp.c **** 
  88:Src/stm32f1xx_hal_msp.c ****   /* USER CODE END MspInit 0 */
  89:Src/stm32f1xx_hal_msp.c **** 
  90:Src/stm32f1xx_hal_msp.c ****   __HAL_RCC_AFIO_CLK_ENABLE();
  35              		.loc 1 90 3 view .LVU1
  36              	.LBB2:
  37              		.loc 1 90 3 view .LVU2
  38              		.loc 1 90 3 view .LVU3
  39 0002 0E4B     		ldr	r3, .L3
  40 0004 9A69     		ldr	r2, [r3, #24]
  41 0006 42F00102 		orr	r2, r2, #1
  42 000a 9A61     		str	r2, [r3, #24]
  43              		.loc 1 90 3 view .LVU4
  44 000c 9A69     		ldr	r2, [r3, #24]
  45 000e 02F00102 		and	r2, r2, #1
  46 0012 0092     		str	r2, [sp]
  47              		.loc 1 90 3 view .LVU5
  48 0014 009A     		ldr	r2, [sp]
  49              	.LBE2:
  91:Src/stm32f1xx_hal_msp.c ****   __HAL_RCC_PWR_CLK_ENABLE();
  50              		.loc 1 91 3 view .LVU6
  51              	.LBB3:
  52              		.loc 1 91 3 view .LVU7
  53              		.loc 1 91 3 view .LVU8
  54 0016 DA69     		ldr	r2, [r3, #28]
  55 0018 42F08052 		orr	r2, r2, #268435456
  56 001c DA61     		str	r2, [r3, #28]
  57              		.loc 1 91 3 view .LVU9
  58 001e DB69     		ldr	r3, [r3, #28]
  59 0020 03F08053 		and	r3, r3, #268435456
  60 0024 0193     		str	r3, [sp, #4]
  61              		.loc 1 91 3 view .LVU10
  62 0026 019B     		ldr	r3, [sp, #4]
  63              	.LBE3:
  92:Src/stm32f1xx_hal_msp.c **** 
  93:Src/stm32f1xx_hal_msp.c ****   /* System interrupt init*/
  94:Src/stm32f1xx_hal_msp.c **** 
  95:Src/stm32f1xx_hal_msp.c ****   /** DISABLE: JTAG-DP Disabled and SW-DP Disabled 
  96:Src/stm32f1xx_hal_msp.c ****   */
  97:Src/stm32f1xx_hal_msp.c ****   __HAL_AFIO_REMAP_SWJ_DISABLE();
  64              		.loc 1 97 3 view .LVU11
  65              	.LBB4:
  66              		.loc 1 97 3 view .LVU12
  67 0028 054A     		ldr	r2, .L3+4
  68 002a 5368     		ldr	r3, [r2, #4]
  69              	.LVL0:
  70              		.loc 1 97 3 view .LVU13
  71 002c 23F0E063 		bic	r3, r3, #117440512
  72              	.LVL1:
  73              		.loc 1 97 3 view .LVU14
  74 0030 43F08063 		orr	r3, r3, #67108864
  75              	.LVL2:
ARM GAS  C:\cygwin64\tmp\ccsTyfGO.s 			page 4


  76              		.loc 1 97 3 view .LVU15
  77 0034 5360     		str	r3, [r2, #4]
  78              	.LBE4:
  98:Src/stm32f1xx_hal_msp.c **** 
  99:Src/stm32f1xx_hal_msp.c ****   /* USER CODE BEGIN MspInit 1 */
 100:Src/stm32f1xx_hal_msp.c **** 
 101:Src/stm32f1xx_hal_msp.c ****   /* USER CODE END MspInit 1 */
 102:Src/stm32f1xx_hal_msp.c **** }
  79              		.loc 1 102 1 is_stmt 0 view .LVU16
  80 0036 02B0     		add	sp, sp, #8
  81              	.LCFI1:
  82              		.cfi_def_cfa_offset 0
  83              		@ sp needed
  84 0038 7047     		bx	lr
  85              	.L4:
  86 003a 00BF     		.align	2
  87              	.L3:
  88 003c 00100240 		.word	1073876992
  89 0040 00000140 		.word	1073807360
  90              		.cfi_endproc
  91              	.LFE66:
  93              		.section	.text.HAL_ADC_MspInit,"ax",%progbits
  94              		.align	1
  95              		.global	HAL_ADC_MspInit
  96              		.syntax unified
  97              		.thumb
  98              		.thumb_func
  99              		.fpu softvfp
 101              	HAL_ADC_MspInit:
 102              	.LVL3:
 103              	.LFB67:
 103:Src/stm32f1xx_hal_msp.c **** 
 104:Src/stm32f1xx_hal_msp.c **** /**
 105:Src/stm32f1xx_hal_msp.c **** * @brief ADC MSP Initialization
 106:Src/stm32f1xx_hal_msp.c **** * This function configures the hardware resources used in this example
 107:Src/stm32f1xx_hal_msp.c **** * @param hadc: ADC handle pointer
 108:Src/stm32f1xx_hal_msp.c **** * @retval None
 109:Src/stm32f1xx_hal_msp.c **** */
 110:Src/stm32f1xx_hal_msp.c **** void HAL_ADC_MspInit(ADC_HandleTypeDef* hadc)
 111:Src/stm32f1xx_hal_msp.c **** {
 104              		.loc 1 111 1 is_stmt 1 view -0
 105              		.cfi_startproc
 106              		@ args = 0, pretend = 0, frame = 32
 107              		@ frame_needed = 0, uses_anonymous_args = 0
 108              		.loc 1 111 1 is_stmt 0 view .LVU18
 109 0000 10B5     		push	{r4, lr}
 110              	.LCFI2:
 111              		.cfi_def_cfa_offset 8
 112              		.cfi_offset 4, -8
 113              		.cfi_offset 14, -4
 114 0002 88B0     		sub	sp, sp, #32
 115              	.LCFI3:
 116              		.cfi_def_cfa_offset 40
 112:Src/stm32f1xx_hal_msp.c ****   GPIO_InitTypeDef GPIO_InitStruct = {0};
 117              		.loc 1 112 3 is_stmt 1 view .LVU19
 118              		.loc 1 112 20 is_stmt 0 view .LVU20
 119 0004 0023     		movs	r3, #0
ARM GAS  C:\cygwin64\tmp\ccsTyfGO.s 			page 5


 120 0006 0493     		str	r3, [sp, #16]
 121 0008 0593     		str	r3, [sp, #20]
 122 000a 0693     		str	r3, [sp, #24]
 123 000c 0793     		str	r3, [sp, #28]
 113:Src/stm32f1xx_hal_msp.c ****   if(hadc->Instance==ADC1)
 124              		.loc 1 113 3 is_stmt 1 view .LVU21
 125              		.loc 1 113 10 is_stmt 0 view .LVU22
 126 000e 0268     		ldr	r2, [r0]
 127              		.loc 1 113 5 view .LVU23
 128 0010 1C4B     		ldr	r3, .L9
 129 0012 9A42     		cmp	r2, r3
 130 0014 01D0     		beq	.L8
 131              	.LVL4:
 132              	.L5:
 114:Src/stm32f1xx_hal_msp.c ****   {
 115:Src/stm32f1xx_hal_msp.c ****   /* USER CODE BEGIN ADC1_MspInit 0 */
 116:Src/stm32f1xx_hal_msp.c **** 
 117:Src/stm32f1xx_hal_msp.c ****   /* USER CODE END ADC1_MspInit 0 */
 118:Src/stm32f1xx_hal_msp.c ****     /* Peripheral clock enable */
 119:Src/stm32f1xx_hal_msp.c ****     __HAL_RCC_ADC1_CLK_ENABLE();
 120:Src/stm32f1xx_hal_msp.c ****   
 121:Src/stm32f1xx_hal_msp.c ****     __HAL_RCC_GPIOA_CLK_ENABLE();
 122:Src/stm32f1xx_hal_msp.c ****     __HAL_RCC_GPIOB_CLK_ENABLE();
 123:Src/stm32f1xx_hal_msp.c ****     /**ADC1 GPIO Configuration    
 124:Src/stm32f1xx_hal_msp.c ****     PA0-WKUP     ------> ADC1_IN0
 125:Src/stm32f1xx_hal_msp.c ****     PB0     ------> ADC1_IN8
 126:Src/stm32f1xx_hal_msp.c ****     PB1     ------> ADC1_IN9 
 127:Src/stm32f1xx_hal_msp.c ****     */
 128:Src/stm32f1xx_hal_msp.c ****     GPIO_InitStruct.Pin = GPIO_PIN_0|GPIO_PIN_8;
 129:Src/stm32f1xx_hal_msp.c ****     GPIO_InitStruct.Mode = GPIO_MODE_ANALOG;
 130:Src/stm32f1xx_hal_msp.c ****     HAL_GPIO_Init(GPIOA, &GPIO_InitStruct);
 131:Src/stm32f1xx_hal_msp.c **** 
 132:Src/stm32f1xx_hal_msp.c ****     GPIO_InitStruct.Pin = GPIO_PIN_0|GPIO_PIN_1;
 133:Src/stm32f1xx_hal_msp.c ****     GPIO_InitStruct.Mode = GPIO_MODE_ANALOG;
 134:Src/stm32f1xx_hal_msp.c ****     HAL_GPIO_Init(GPIOB, &GPIO_InitStruct);
 135:Src/stm32f1xx_hal_msp.c **** 
 136:Src/stm32f1xx_hal_msp.c ****     /* ADC1 interrupt Init */
 137:Src/stm32f1xx_hal_msp.c ****     HAL_NVIC_SetPriority(ADC1_2_IRQn, 0, 0);
 138:Src/stm32f1xx_hal_msp.c ****     HAL_NVIC_EnableIRQ(ADC1_2_IRQn);
 139:Src/stm32f1xx_hal_msp.c ****   /* USER CODE BEGIN ADC1_MspInit 1 */
 140:Src/stm32f1xx_hal_msp.c **** 
 141:Src/stm32f1xx_hal_msp.c ****   /* USER CODE END ADC1_MspInit 1 */
 142:Src/stm32f1xx_hal_msp.c ****   }
 143:Src/stm32f1xx_hal_msp.c **** 
 144:Src/stm32f1xx_hal_msp.c **** }
 133              		.loc 1 144 1 view .LVU24
 134 0016 08B0     		add	sp, sp, #32
 135              	.LCFI4:
 136              		.cfi_remember_state
 137              		.cfi_def_cfa_offset 8
 138              		@ sp needed
 139 0018 10BD     		pop	{r4, pc}
 140              	.LVL5:
 141              	.L8:
 142              	.LCFI5:
 143              		.cfi_restore_state
 119:Src/stm32f1xx_hal_msp.c ****   
ARM GAS  C:\cygwin64\tmp\ccsTyfGO.s 			page 6


 144              		.loc 1 119 5 is_stmt 1 view .LVU25
 145              	.LBB5:
 119:Src/stm32f1xx_hal_msp.c ****   
 146              		.loc 1 119 5 view .LVU26
 119:Src/stm32f1xx_hal_msp.c ****   
 147              		.loc 1 119 5 view .LVU27
 148 001a 03F56C43 		add	r3, r3, #60416
 149 001e 9A69     		ldr	r2, [r3, #24]
 150 0020 42F40072 		orr	r2, r2, #512
 151 0024 9A61     		str	r2, [r3, #24]
 119:Src/stm32f1xx_hal_msp.c ****   
 152              		.loc 1 119 5 view .LVU28
 153 0026 9A69     		ldr	r2, [r3, #24]
 154 0028 02F40072 		and	r2, r2, #512
 155 002c 0192     		str	r2, [sp, #4]
 119:Src/stm32f1xx_hal_msp.c ****   
 156              		.loc 1 119 5 view .LVU29
 157 002e 019A     		ldr	r2, [sp, #4]
 158              	.LBE5:
 121:Src/stm32f1xx_hal_msp.c ****     __HAL_RCC_GPIOB_CLK_ENABLE();
 159              		.loc 1 121 5 view .LVU30
 160              	.LBB6:
 121:Src/stm32f1xx_hal_msp.c ****     __HAL_RCC_GPIOB_CLK_ENABLE();
 161              		.loc 1 121 5 view .LVU31
 121:Src/stm32f1xx_hal_msp.c ****     __HAL_RCC_GPIOB_CLK_ENABLE();
 162              		.loc 1 121 5 view .LVU32
 163 0030 9A69     		ldr	r2, [r3, #24]
 164 0032 42F00402 		orr	r2, r2, #4
 165 0036 9A61     		str	r2, [r3, #24]
 121:Src/stm32f1xx_hal_msp.c ****     __HAL_RCC_GPIOB_CLK_ENABLE();
 166              		.loc 1 121 5 view .LVU33
 167 0038 9A69     		ldr	r2, [r3, #24]
 168 003a 02F00402 		and	r2, r2, #4
 169 003e 0292     		str	r2, [sp, #8]
 121:Src/stm32f1xx_hal_msp.c ****     __HAL_RCC_GPIOB_CLK_ENABLE();
 170              		.loc 1 121 5 view .LVU34
 171 0040 029A     		ldr	r2, [sp, #8]
 172              	.LBE6:
 122:Src/stm32f1xx_hal_msp.c ****     /**ADC1 GPIO Configuration    
 173              		.loc 1 122 5 view .LVU35
 174              	.LBB7:
 122:Src/stm32f1xx_hal_msp.c ****     /**ADC1 GPIO Configuration    
 175              		.loc 1 122 5 view .LVU36
 122:Src/stm32f1xx_hal_msp.c ****     /**ADC1 GPIO Configuration    
 176              		.loc 1 122 5 view .LVU37
 177 0042 9A69     		ldr	r2, [r3, #24]
 178 0044 42F00802 		orr	r2, r2, #8
 179 0048 9A61     		str	r2, [r3, #24]
 122:Src/stm32f1xx_hal_msp.c ****     /**ADC1 GPIO Configuration    
 180              		.loc 1 122 5 view .LVU38
 181 004a 9B69     		ldr	r3, [r3, #24]
 182 004c 03F00803 		and	r3, r3, #8
 183 0050 0393     		str	r3, [sp, #12]
 122:Src/stm32f1xx_hal_msp.c ****     /**ADC1 GPIO Configuration    
 184              		.loc 1 122 5 view .LVU39
 185 0052 039B     		ldr	r3, [sp, #12]
 186              	.LBE7:
ARM GAS  C:\cygwin64\tmp\ccsTyfGO.s 			page 7


 128:Src/stm32f1xx_hal_msp.c ****     GPIO_InitStruct.Mode = GPIO_MODE_ANALOG;
 187              		.loc 1 128 5 view .LVU40
 128:Src/stm32f1xx_hal_msp.c ****     GPIO_InitStruct.Mode = GPIO_MODE_ANALOG;
 188              		.loc 1 128 25 is_stmt 0 view .LVU41
 189 0054 40F20113 		movw	r3, #257
 190 0058 0493     		str	r3, [sp, #16]
 129:Src/stm32f1xx_hal_msp.c ****     HAL_GPIO_Init(GPIOA, &GPIO_InitStruct);
 191              		.loc 1 129 5 is_stmt 1 view .LVU42
 129:Src/stm32f1xx_hal_msp.c ****     HAL_GPIO_Init(GPIOA, &GPIO_InitStruct);
 192              		.loc 1 129 26 is_stmt 0 view .LVU43
 193 005a 0324     		movs	r4, #3
 194 005c 0594     		str	r4, [sp, #20]
 130:Src/stm32f1xx_hal_msp.c **** 
 195              		.loc 1 130 5 is_stmt 1 view .LVU44
 196 005e 04A9     		add	r1, sp, #16
 197 0060 0948     		ldr	r0, .L9+4
 198              	.LVL6:
 130:Src/stm32f1xx_hal_msp.c **** 
 199              		.loc 1 130 5 is_stmt 0 view .LVU45
 200 0062 FFF7FEFF 		bl	HAL_GPIO_Init
 201              	.LVL7:
 132:Src/stm32f1xx_hal_msp.c ****     GPIO_InitStruct.Mode = GPIO_MODE_ANALOG;
 202              		.loc 1 132 5 is_stmt 1 view .LVU46
 132:Src/stm32f1xx_hal_msp.c ****     GPIO_InitStruct.Mode = GPIO_MODE_ANALOG;
 203              		.loc 1 132 25 is_stmt 0 view .LVU47
 204 0066 0494     		str	r4, [sp, #16]
 133:Src/stm32f1xx_hal_msp.c ****     HAL_GPIO_Init(GPIOB, &GPIO_InitStruct);
 205              		.loc 1 133 5 is_stmt 1 view .LVU48
 133:Src/stm32f1xx_hal_msp.c ****     HAL_GPIO_Init(GPIOB, &GPIO_InitStruct);
 206              		.loc 1 133 26 is_stmt 0 view .LVU49
 207 0068 0594     		str	r4, [sp, #20]
 134:Src/stm32f1xx_hal_msp.c **** 
 208              		.loc 1 134 5 is_stmt 1 view .LVU50
 209 006a 04A9     		add	r1, sp, #16
 210 006c 0748     		ldr	r0, .L9+8
 211 006e FFF7FEFF 		bl	HAL_GPIO_Init
 212              	.LVL8:
 137:Src/stm32f1xx_hal_msp.c ****     HAL_NVIC_EnableIRQ(ADC1_2_IRQn);
 213              		.loc 1 137 5 view .LVU51
 214 0072 0022     		movs	r2, #0
 215 0074 1146     		mov	r1, r2
 216 0076 1220     		movs	r0, #18
 217 0078 FFF7FEFF 		bl	HAL_NVIC_SetPriority
 218              	.LVL9:
 138:Src/stm32f1xx_hal_msp.c ****   /* USER CODE BEGIN ADC1_MspInit 1 */
 219              		.loc 1 138 5 view .LVU52
 220 007c 1220     		movs	r0, #18
 221 007e FFF7FEFF 		bl	HAL_NVIC_EnableIRQ
 222              	.LVL10:
 223              		.loc 1 144 1 is_stmt 0 view .LVU53
 224 0082 C8E7     		b	.L5
 225              	.L10:
 226              		.align	2
 227              	.L9:
 228 0084 00240140 		.word	1073816576
 229 0088 00080140 		.word	1073809408
 230 008c 000C0140 		.word	1073810432
ARM GAS  C:\cygwin64\tmp\ccsTyfGO.s 			page 8


 231              		.cfi_endproc
 232              	.LFE67:
 234              		.section	.text.HAL_ADC_MspDeInit,"ax",%progbits
 235              		.align	1
 236              		.global	HAL_ADC_MspDeInit
 237              		.syntax unified
 238              		.thumb
 239              		.thumb_func
 240              		.fpu softvfp
 242              	HAL_ADC_MspDeInit:
 243              	.LVL11:
 244              	.LFB68:
 145:Src/stm32f1xx_hal_msp.c **** 
 146:Src/stm32f1xx_hal_msp.c **** /**
 147:Src/stm32f1xx_hal_msp.c **** * @brief ADC MSP De-Initialization
 148:Src/stm32f1xx_hal_msp.c **** * This function freeze the hardware resources used in this example
 149:Src/stm32f1xx_hal_msp.c **** * @param hadc: ADC handle pointer
 150:Src/stm32f1xx_hal_msp.c **** * @retval None
 151:Src/stm32f1xx_hal_msp.c **** */
 152:Src/stm32f1xx_hal_msp.c **** void HAL_ADC_MspDeInit(ADC_HandleTypeDef* hadc)
 153:Src/stm32f1xx_hal_msp.c **** {
 245              		.loc 1 153 1 is_stmt 1 view -0
 246              		.cfi_startproc
 247              		@ args = 0, pretend = 0, frame = 0
 248              		@ frame_needed = 0, uses_anonymous_args = 0
 249              		.loc 1 153 1 is_stmt 0 view .LVU55
 250 0000 08B5     		push	{r3, lr}
 251              	.LCFI6:
 252              		.cfi_def_cfa_offset 8
 253              		.cfi_offset 3, -8
 254              		.cfi_offset 14, -4
 154:Src/stm32f1xx_hal_msp.c ****   if(hadc->Instance==ADC1)
 255              		.loc 1 154 3 is_stmt 1 view .LVU56
 256              		.loc 1 154 10 is_stmt 0 view .LVU57
 257 0002 0268     		ldr	r2, [r0]
 258              		.loc 1 154 5 view .LVU58
 259 0004 0A4B     		ldr	r3, .L15
 260 0006 9A42     		cmp	r2, r3
 261 0008 00D0     		beq	.L14
 262              	.LVL12:
 263              	.L11:
 155:Src/stm32f1xx_hal_msp.c ****   {
 156:Src/stm32f1xx_hal_msp.c ****   /* USER CODE BEGIN ADC1_MspDeInit 0 */
 157:Src/stm32f1xx_hal_msp.c **** 
 158:Src/stm32f1xx_hal_msp.c ****   /* USER CODE END ADC1_MspDeInit 0 */
 159:Src/stm32f1xx_hal_msp.c ****     /* Peripheral clock disable */
 160:Src/stm32f1xx_hal_msp.c ****     __HAL_RCC_ADC1_CLK_DISABLE();
 161:Src/stm32f1xx_hal_msp.c ****   
 162:Src/stm32f1xx_hal_msp.c ****     /**ADC1 GPIO Configuration    
 163:Src/stm32f1xx_hal_msp.c ****     PA0-WKUP     ------> ADC1_IN0
 164:Src/stm32f1xx_hal_msp.c ****     PB0     ------> ADC1_IN8
 165:Src/stm32f1xx_hal_msp.c ****     PB1     ------> ADC1_IN9 
 166:Src/stm32f1xx_hal_msp.c ****     */
 167:Src/stm32f1xx_hal_msp.c ****     HAL_GPIO_DeInit(GPIOA, GPIO_PIN_0);
 168:Src/stm32f1xx_hal_msp.c **** 
 169:Src/stm32f1xx_hal_msp.c ****     HAL_GPIO_DeInit(GPIOB, GPIO_PIN_0|GPIO_PIN_1);
 170:Src/stm32f1xx_hal_msp.c **** 
ARM GAS  C:\cygwin64\tmp\ccsTyfGO.s 			page 9


 171:Src/stm32f1xx_hal_msp.c ****     /* ADC1 interrupt DeInit */
 172:Src/stm32f1xx_hal_msp.c ****     HAL_NVIC_DisableIRQ(ADC1_2_IRQn);
 173:Src/stm32f1xx_hal_msp.c ****   /* USER CODE BEGIN ADC1_MspDeInit 1 */
 174:Src/stm32f1xx_hal_msp.c **** 
 175:Src/stm32f1xx_hal_msp.c ****   /* USER CODE END ADC1_MspDeInit 1 */
 176:Src/stm32f1xx_hal_msp.c ****   }
 177:Src/stm32f1xx_hal_msp.c **** 
 178:Src/stm32f1xx_hal_msp.c **** }
 264              		.loc 1 178 1 view .LVU59
 265 000a 08BD     		pop	{r3, pc}
 266              	.LVL13:
 267              	.L14:
 160:Src/stm32f1xx_hal_msp.c ****   
 268              		.loc 1 160 5 is_stmt 1 view .LVU60
 269 000c 094A     		ldr	r2, .L15+4
 270 000e 9369     		ldr	r3, [r2, #24]
 271 0010 23F40073 		bic	r3, r3, #512
 272 0014 9361     		str	r3, [r2, #24]
 167:Src/stm32f1xx_hal_msp.c **** 
 273              		.loc 1 167 5 view .LVU61
 274 0016 0121     		movs	r1, #1
 275 0018 0748     		ldr	r0, .L15+8
 276              	.LVL14:
 167:Src/stm32f1xx_hal_msp.c **** 
 277              		.loc 1 167 5 is_stmt 0 view .LVU62
 278 001a FFF7FEFF 		bl	HAL_GPIO_DeInit
 279              	.LVL15:
 169:Src/stm32f1xx_hal_msp.c **** 
 280              		.loc 1 169 5 is_stmt 1 view .LVU63
 281 001e 0321     		movs	r1, #3
 282 0020 0648     		ldr	r0, .L15+12
 283 0022 FFF7FEFF 		bl	HAL_GPIO_DeInit
 284              	.LVL16:
 172:Src/stm32f1xx_hal_msp.c ****   /* USER CODE BEGIN ADC1_MspDeInit 1 */
 285              		.loc 1 172 5 view .LVU64
 286 0026 1220     		movs	r0, #18
 287 0028 FFF7FEFF 		bl	HAL_NVIC_DisableIRQ
 288              	.LVL17:
 289              		.loc 1 178 1 is_stmt 0 view .LVU65
 290 002c EDE7     		b	.L11
 291              	.L16:
 292 002e 00BF     		.align	2
 293              	.L15:
 294 0030 00240140 		.word	1073816576
 295 0034 00100240 		.word	1073876992
 296 0038 00080140 		.word	1073809408
 297 003c 000C0140 		.word	1073810432
 298              		.cfi_endproc
 299              	.LFE68:
 301              		.section	.text.HAL_UART_MspInit,"ax",%progbits
 302              		.align	1
 303              		.global	HAL_UART_MspInit
 304              		.syntax unified
 305              		.thumb
 306              		.thumb_func
 307              		.fpu softvfp
 309              	HAL_UART_MspInit:
ARM GAS  C:\cygwin64\tmp\ccsTyfGO.s 			page 10


 310              	.LVL18:
 311              	.LFB69:
 179:Src/stm32f1xx_hal_msp.c **** 
 180:Src/stm32f1xx_hal_msp.c **** /**
 181:Src/stm32f1xx_hal_msp.c **** * @brief UART MSP Initialization
 182:Src/stm32f1xx_hal_msp.c **** * This function configures the hardware resources used in this example
 183:Src/stm32f1xx_hal_msp.c **** * @param huart: UART handle pointer
 184:Src/stm32f1xx_hal_msp.c **** * @retval None
 185:Src/stm32f1xx_hal_msp.c **** */
 186:Src/stm32f1xx_hal_msp.c **** void HAL_UART_MspInit(UART_HandleTypeDef* huart)
 187:Src/stm32f1xx_hal_msp.c **** {
 312              		.loc 1 187 1 is_stmt 1 view -0
 313              		.cfi_startproc
 314              		@ args = 0, pretend = 0, frame = 24
 315              		@ frame_needed = 0, uses_anonymous_args = 0
 316              		.loc 1 187 1 is_stmt 0 view .LVU67
 317 0000 10B5     		push	{r4, lr}
 318              	.LCFI7:
 319              		.cfi_def_cfa_offset 8
 320              		.cfi_offset 4, -8
 321              		.cfi_offset 14, -4
 322 0002 86B0     		sub	sp, sp, #24
 323              	.LCFI8:
 324              		.cfi_def_cfa_offset 32
 188:Src/stm32f1xx_hal_msp.c ****   GPIO_InitTypeDef GPIO_InitStruct = {0};
 325              		.loc 1 188 3 is_stmt 1 view .LVU68
 326              		.loc 1 188 20 is_stmt 0 view .LVU69
 327 0004 0023     		movs	r3, #0
 328 0006 0293     		str	r3, [sp, #8]
 329 0008 0393     		str	r3, [sp, #12]
 330 000a 0493     		str	r3, [sp, #16]
 331 000c 0593     		str	r3, [sp, #20]
 189:Src/stm32f1xx_hal_msp.c ****   if(huart->Instance==USART1)
 332              		.loc 1 189 3 is_stmt 1 view .LVU70
 333              		.loc 1 189 11 is_stmt 0 view .LVU71
 334 000e 0268     		ldr	r2, [r0]
 335              		.loc 1 189 5 view .LVU72
 336 0010 174B     		ldr	r3, .L21
 337 0012 9A42     		cmp	r2, r3
 338 0014 01D0     		beq	.L20
 339              	.LVL19:
 340              	.L17:
 190:Src/stm32f1xx_hal_msp.c ****   {
 191:Src/stm32f1xx_hal_msp.c ****   /* USER CODE BEGIN USART1_MspInit 0 */
 192:Src/stm32f1xx_hal_msp.c **** 
 193:Src/stm32f1xx_hal_msp.c ****   /* USER CODE END USART1_MspInit 0 */
 194:Src/stm32f1xx_hal_msp.c ****     /* Peripheral clock enable */
 195:Src/stm32f1xx_hal_msp.c ****     __HAL_RCC_USART1_CLK_ENABLE();
 196:Src/stm32f1xx_hal_msp.c ****   
 197:Src/stm32f1xx_hal_msp.c ****     __HAL_RCC_GPIOA_CLK_ENABLE();
 198:Src/stm32f1xx_hal_msp.c ****     /**USART1 GPIO Configuration    
 199:Src/stm32f1xx_hal_msp.c ****     PA9     ------> USART1_TX
 200:Src/stm32f1xx_hal_msp.c ****     PA10     ------> USART1_RX 
 201:Src/stm32f1xx_hal_msp.c ****     */
 202:Src/stm32f1xx_hal_msp.c ****     GPIO_InitStruct.Pin = GPIO_PIN_9;
 203:Src/stm32f1xx_hal_msp.c ****     GPIO_InitStruct.Mode = GPIO_MODE_AF_PP;
 204:Src/stm32f1xx_hal_msp.c ****     GPIO_InitStruct.Speed = GPIO_SPEED_FREQ_HIGH;
ARM GAS  C:\cygwin64\tmp\ccsTyfGO.s 			page 11


 205:Src/stm32f1xx_hal_msp.c ****     HAL_GPIO_Init(GPIOA, &GPIO_InitStruct);
 206:Src/stm32f1xx_hal_msp.c **** 
 207:Src/stm32f1xx_hal_msp.c ****     GPIO_InitStruct.Pin = GPIO_PIN_10;
 208:Src/stm32f1xx_hal_msp.c ****     GPIO_InitStruct.Mode = GPIO_MODE_INPUT;
 209:Src/stm32f1xx_hal_msp.c ****     GPIO_InitStruct.Pull = GPIO_NOPULL;
 210:Src/stm32f1xx_hal_msp.c ****     HAL_GPIO_Init(GPIOA, &GPIO_InitStruct);
 211:Src/stm32f1xx_hal_msp.c **** 
 212:Src/stm32f1xx_hal_msp.c ****   /* USER CODE BEGIN USART1_MspInit 1 */
 213:Src/stm32f1xx_hal_msp.c **** 
 214:Src/stm32f1xx_hal_msp.c ****   /* USER CODE END USART1_MspInit 1 */
 215:Src/stm32f1xx_hal_msp.c ****   }
 216:Src/stm32f1xx_hal_msp.c **** 
 217:Src/stm32f1xx_hal_msp.c **** }
 341              		.loc 1 217 1 view .LVU73
 342 0016 06B0     		add	sp, sp, #24
 343              	.LCFI9:
 344              		.cfi_remember_state
 345              		.cfi_def_cfa_offset 8
 346              		@ sp needed
 347 0018 10BD     		pop	{r4, pc}
 348              	.LVL20:
 349              	.L20:
 350              	.LCFI10:
 351              		.cfi_restore_state
 195:Src/stm32f1xx_hal_msp.c ****   
 352              		.loc 1 195 5 is_stmt 1 view .LVU74
 353              	.LBB8:
 195:Src/stm32f1xx_hal_msp.c ****   
 354              		.loc 1 195 5 view .LVU75
 195:Src/stm32f1xx_hal_msp.c ****   
 355              		.loc 1 195 5 view .LVU76
 356 001a 03F55843 		add	r3, r3, #55296
 357 001e 9A69     		ldr	r2, [r3, #24]
 358 0020 42F48042 		orr	r2, r2, #16384
 359 0024 9A61     		str	r2, [r3, #24]
 195:Src/stm32f1xx_hal_msp.c ****   
 360              		.loc 1 195 5 view .LVU77
 361 0026 9A69     		ldr	r2, [r3, #24]
 362 0028 02F48042 		and	r2, r2, #16384
 363 002c 0092     		str	r2, [sp]
 195:Src/stm32f1xx_hal_msp.c ****   
 364              		.loc 1 195 5 view .LVU78
 365 002e 009A     		ldr	r2, [sp]
 366              	.LBE8:
 197:Src/stm32f1xx_hal_msp.c ****     /**USART1 GPIO Configuration    
 367              		.loc 1 197 5 view .LVU79
 368              	.LBB9:
 197:Src/stm32f1xx_hal_msp.c ****     /**USART1 GPIO Configuration    
 369              		.loc 1 197 5 view .LVU80
 197:Src/stm32f1xx_hal_msp.c ****     /**USART1 GPIO Configuration    
 370              		.loc 1 197 5 view .LVU81
 371 0030 9A69     		ldr	r2, [r3, #24]
 372 0032 42F00402 		orr	r2, r2, #4
 373 0036 9A61     		str	r2, [r3, #24]
 197:Src/stm32f1xx_hal_msp.c ****     /**USART1 GPIO Configuration    
 374              		.loc 1 197 5 view .LVU82
 375 0038 9B69     		ldr	r3, [r3, #24]
ARM GAS  C:\cygwin64\tmp\ccsTyfGO.s 			page 12


 376 003a 03F00403 		and	r3, r3, #4
 377 003e 0193     		str	r3, [sp, #4]
 197:Src/stm32f1xx_hal_msp.c ****     /**USART1 GPIO Configuration    
 378              		.loc 1 197 5 view .LVU83
 379 0040 019B     		ldr	r3, [sp, #4]
 380              	.LBE9:
 202:Src/stm32f1xx_hal_msp.c ****     GPIO_InitStruct.Mode = GPIO_MODE_AF_PP;
 381              		.loc 1 202 5 view .LVU84
 202:Src/stm32f1xx_hal_msp.c ****     GPIO_InitStruct.Mode = GPIO_MODE_AF_PP;
 382              		.loc 1 202 25 is_stmt 0 view .LVU85
 383 0042 4FF40073 		mov	r3, #512
 384 0046 0293     		str	r3, [sp, #8]
 203:Src/stm32f1xx_hal_msp.c ****     GPIO_InitStruct.Speed = GPIO_SPEED_FREQ_HIGH;
 385              		.loc 1 203 5 is_stmt 1 view .LVU86
 203:Src/stm32f1xx_hal_msp.c ****     GPIO_InitStruct.Speed = GPIO_SPEED_FREQ_HIGH;
 386              		.loc 1 203 26 is_stmt 0 view .LVU87
 387 0048 0223     		movs	r3, #2
 388 004a 0393     		str	r3, [sp, #12]
 204:Src/stm32f1xx_hal_msp.c ****     HAL_GPIO_Init(GPIOA, &GPIO_InitStruct);
 389              		.loc 1 204 5 is_stmt 1 view .LVU88
 204:Src/stm32f1xx_hal_msp.c ****     HAL_GPIO_Init(GPIOA, &GPIO_InitStruct);
 390              		.loc 1 204 27 is_stmt 0 view .LVU89
 391 004c 0323     		movs	r3, #3
 392 004e 0593     		str	r3, [sp, #20]
 205:Src/stm32f1xx_hal_msp.c **** 
 393              		.loc 1 205 5 is_stmt 1 view .LVU90
 394 0050 084C     		ldr	r4, .L21+4
 395 0052 02A9     		add	r1, sp, #8
 396 0054 2046     		mov	r0, r4
 397              	.LVL21:
 205:Src/stm32f1xx_hal_msp.c **** 
 398              		.loc 1 205 5 is_stmt 0 view .LVU91
 399 0056 FFF7FEFF 		bl	HAL_GPIO_Init
 400              	.LVL22:
 207:Src/stm32f1xx_hal_msp.c ****     GPIO_InitStruct.Mode = GPIO_MODE_INPUT;
 401              		.loc 1 207 5 is_stmt 1 view .LVU92
 207:Src/stm32f1xx_hal_msp.c ****     GPIO_InitStruct.Mode = GPIO_MODE_INPUT;
 402              		.loc 1 207 25 is_stmt 0 view .LVU93
 403 005a 4FF48063 		mov	r3, #1024
 404 005e 0293     		str	r3, [sp, #8]
 208:Src/stm32f1xx_hal_msp.c ****     GPIO_InitStruct.Pull = GPIO_NOPULL;
 405              		.loc 1 208 5 is_stmt 1 view .LVU94
 208:Src/stm32f1xx_hal_msp.c ****     GPIO_InitStruct.Pull = GPIO_NOPULL;
 406              		.loc 1 208 26 is_stmt 0 view .LVU95
 407 0060 0023     		movs	r3, #0
 408 0062 0393     		str	r3, [sp, #12]
 209:Src/stm32f1xx_hal_msp.c ****     HAL_GPIO_Init(GPIOA, &GPIO_InitStruct);
 409              		.loc 1 209 5 is_stmt 1 view .LVU96
 209:Src/stm32f1xx_hal_msp.c ****     HAL_GPIO_Init(GPIOA, &GPIO_InitStruct);
 410              		.loc 1 209 26 is_stmt 0 view .LVU97
 411 0064 0493     		str	r3, [sp, #16]
 210:Src/stm32f1xx_hal_msp.c **** 
 412              		.loc 1 210 5 is_stmt 1 view .LVU98
 413 0066 02A9     		add	r1, sp, #8
 414 0068 2046     		mov	r0, r4
 415 006a FFF7FEFF 		bl	HAL_GPIO_Init
 416              	.LVL23:
ARM GAS  C:\cygwin64\tmp\ccsTyfGO.s 			page 13


 417              		.loc 1 217 1 is_stmt 0 view .LVU99
 418 006e D2E7     		b	.L17
 419              	.L22:
 420              		.align	2
 421              	.L21:
 422 0070 00380140 		.word	1073821696
 423 0074 00080140 		.word	1073809408
 424              		.cfi_endproc
 425              	.LFE69:
 427              		.section	.text.HAL_UART_MspDeInit,"ax",%progbits
 428              		.align	1
 429              		.global	HAL_UART_MspDeInit
 430              		.syntax unified
 431              		.thumb
 432              		.thumb_func
 433              		.fpu softvfp
 435              	HAL_UART_MspDeInit:
 436              	.LVL24:
 437              	.LFB70:
 218:Src/stm32f1xx_hal_msp.c **** 
 219:Src/stm32f1xx_hal_msp.c **** /**
 220:Src/stm32f1xx_hal_msp.c **** * @brief UART MSP De-Initialization
 221:Src/stm32f1xx_hal_msp.c **** * This function freeze the hardware resources used in this example
 222:Src/stm32f1xx_hal_msp.c **** * @param huart: UART handle pointer
 223:Src/stm32f1xx_hal_msp.c **** * @retval None
 224:Src/stm32f1xx_hal_msp.c **** */
 225:Src/stm32f1xx_hal_msp.c **** void HAL_UART_MspDeInit(UART_HandleTypeDef* huart)
 226:Src/stm32f1xx_hal_msp.c **** {
 438              		.loc 1 226 1 is_stmt 1 view -0
 439              		.cfi_startproc
 440              		@ args = 0, pretend = 0, frame = 0
 441              		@ frame_needed = 0, uses_anonymous_args = 0
 442              		.loc 1 226 1 is_stmt 0 view .LVU101
 443 0000 08B5     		push	{r3, lr}
 444              	.LCFI11:
 445              		.cfi_def_cfa_offset 8
 446              		.cfi_offset 3, -8
 447              		.cfi_offset 14, -4
 227:Src/stm32f1xx_hal_msp.c ****   if(huart->Instance==USART1)
 448              		.loc 1 227 3 is_stmt 1 view .LVU102
 449              		.loc 1 227 11 is_stmt 0 view .LVU103
 450 0002 0268     		ldr	r2, [r0]
 451              		.loc 1 227 5 view .LVU104
 452 0004 074B     		ldr	r3, .L27
 453 0006 9A42     		cmp	r2, r3
 454 0008 00D0     		beq	.L26
 455              	.LVL25:
 456              	.L23:
 228:Src/stm32f1xx_hal_msp.c ****   {
 229:Src/stm32f1xx_hal_msp.c ****   /* USER CODE BEGIN USART1_MspDeInit 0 */
 230:Src/stm32f1xx_hal_msp.c **** 
 231:Src/stm32f1xx_hal_msp.c ****   /* USER CODE END USART1_MspDeInit 0 */
 232:Src/stm32f1xx_hal_msp.c ****     /* Peripheral clock disable */
 233:Src/stm32f1xx_hal_msp.c ****     __HAL_RCC_USART1_CLK_DISABLE();
 234:Src/stm32f1xx_hal_msp.c ****   
 235:Src/stm32f1xx_hal_msp.c ****     /**USART1 GPIO Configuration    
 236:Src/stm32f1xx_hal_msp.c ****     PA9     ------> USART1_TX
ARM GAS  C:\cygwin64\tmp\ccsTyfGO.s 			page 14


 237:Src/stm32f1xx_hal_msp.c ****     PA10     ------> USART1_RX 
 238:Src/stm32f1xx_hal_msp.c ****     */
 239:Src/stm32f1xx_hal_msp.c ****     HAL_GPIO_DeInit(GPIOA, GPIO_PIN_9|GPIO_PIN_10);
 240:Src/stm32f1xx_hal_msp.c **** 
 241:Src/stm32f1xx_hal_msp.c ****   /* USER CODE BEGIN USART1_MspDeInit 1 */
 242:Src/stm32f1xx_hal_msp.c **** 
 243:Src/stm32f1xx_hal_msp.c ****   /* USER CODE END USART1_MspDeInit 1 */
 244:Src/stm32f1xx_hal_msp.c ****   }
 245:Src/stm32f1xx_hal_msp.c **** 
 246:Src/stm32f1xx_hal_msp.c **** }
 457              		.loc 1 246 1 view .LVU105
 458 000a 08BD     		pop	{r3, pc}
 459              	.LVL26:
 460              	.L26:
 233:Src/stm32f1xx_hal_msp.c ****   
 461              		.loc 1 233 5 is_stmt 1 view .LVU106
 462 000c 064A     		ldr	r2, .L27+4
 463 000e 9369     		ldr	r3, [r2, #24]
 464 0010 23F48043 		bic	r3, r3, #16384
 465 0014 9361     		str	r3, [r2, #24]
 239:Src/stm32f1xx_hal_msp.c **** 
 466              		.loc 1 239 5 view .LVU107
 467 0016 4FF4C061 		mov	r1, #1536
 468 001a 0448     		ldr	r0, .L27+8
 469              	.LVL27:
 239:Src/stm32f1xx_hal_msp.c **** 
 470              		.loc 1 239 5 is_stmt 0 view .LVU108
 471 001c FFF7FEFF 		bl	HAL_GPIO_DeInit
 472              	.LVL28:
 473              		.loc 1 246 1 view .LVU109
 474 0020 F3E7     		b	.L23
 475              	.L28:
 476 0022 00BF     		.align	2
 477              	.L27:
 478 0024 00380140 		.word	1073821696
 479 0028 00100240 		.word	1073876992
 480 002c 00080140 		.word	1073809408
 481              		.cfi_endproc
 482              	.LFE70:
 484              		.text
 485              	.Letext0:
 486              		.file 2 "c:\\arm-gcc\\8-2018-q4-major\\arm-none-eabi\\include\\machine\\_default_types.h"
 487              		.file 3 "c:\\arm-gcc\\8-2018-q4-major\\arm-none-eabi\\include\\sys\\_stdint.h"
 488              		.file 4 "Drivers/CMSIS/Include/core_cm3.h"
 489              		.file 5 "Drivers/CMSIS/Device/ST/STM32F1xx/Include/system_stm32f1xx.h"
 490              		.file 6 "Drivers/CMSIS/Device/ST/STM32F1xx/Include/stm32f103xb.h"
 491              		.file 7 "c:\\arm-gcc\\8-2018-q4-major\\arm-none-eabi\\include\\sys\\lock.h"
 492              		.file 8 "c:\\arm-gcc\\8-2018-q4-major\\arm-none-eabi\\include\\sys\\_types.h"
 493              		.file 9 "c:\\arm-gcc\\8-2018-q4-major\\lib\\gcc\\arm-none-eabi\\8.2.1\\include\\stddef.h"
 494              		.file 10 "c:\\arm-gcc\\8-2018-q4-major\\arm-none-eabi\\include\\sys\\reent.h"
 495              		.file 11 "Drivers/STM32F1xx_HAL_Driver/Inc/stm32f1xx_hal_def.h"
 496              		.file 12 "Drivers/STM32F1xx_HAL_Driver/Inc/stm32f1xx_hal_gpio.h"
 497              		.file 13 "Drivers/STM32F1xx_HAL_Driver/Inc/stm32f1xx_hal_dma.h"
 498              		.file 14 "Drivers/STM32F1xx_HAL_Driver/Inc/stm32f1xx_hal_adc.h"
 499              		.file 15 "Drivers/STM32F1xx_HAL_Driver/Inc/stm32f1xx_hal_uart.h"
 500              		.file 16 "Drivers/STM32F1xx_HAL_Driver/Inc/stm32f1xx_hal.h"
 501              		.file 17 "Drivers/STM32F1xx_HAL_Driver/Inc/stm32f1xx_hal_cortex.h"
ARM GAS  C:\cygwin64\tmp\ccsTyfGO.s 			page 15


ARM GAS  C:\cygwin64\tmp\ccsTyfGO.s 			page 16


DEFINED SYMBOLS
                            *ABS*:00000000 stm32f1xx_hal_msp.c
C:\cygwin64\tmp\ccsTyfGO.s:16     .text.HAL_MspInit:00000000 $t
C:\cygwin64\tmp\ccsTyfGO.s:24     .text.HAL_MspInit:00000000 HAL_MspInit
C:\cygwin64\tmp\ccsTyfGO.s:88     .text.HAL_MspInit:0000003c $d
C:\cygwin64\tmp\ccsTyfGO.s:94     .text.HAL_ADC_MspInit:00000000 $t
C:\cygwin64\tmp\ccsTyfGO.s:101    .text.HAL_ADC_MspInit:00000000 HAL_ADC_MspInit
C:\cygwin64\tmp\ccsTyfGO.s:228    .text.HAL_ADC_MspInit:00000084 $d
C:\cygwin64\tmp\ccsTyfGO.s:235    .text.HAL_ADC_MspDeInit:00000000 $t
C:\cygwin64\tmp\ccsTyfGO.s:242    .text.HAL_ADC_MspDeInit:00000000 HAL_ADC_MspDeInit
C:\cygwin64\tmp\ccsTyfGO.s:294    .text.HAL_ADC_MspDeInit:00000030 $d
C:\cygwin64\tmp\ccsTyfGO.s:302    .text.HAL_UART_MspInit:00000000 $t
C:\cygwin64\tmp\ccsTyfGO.s:309    .text.HAL_UART_MspInit:00000000 HAL_UART_MspInit
C:\cygwin64\tmp\ccsTyfGO.s:422    .text.HAL_UART_MspInit:00000070 $d
C:\cygwin64\tmp\ccsTyfGO.s:428    .text.HAL_UART_MspDeInit:00000000 $t
C:\cygwin64\tmp\ccsTyfGO.s:435    .text.HAL_UART_MspDeInit:00000000 HAL_UART_MspDeInit
C:\cygwin64\tmp\ccsTyfGO.s:478    .text.HAL_UART_MspDeInit:00000024 $d

UNDEFINED SYMBOLS
HAL_GPIO_Init
HAL_NVIC_SetPriority
HAL_NVIC_EnableIRQ
HAL_GPIO_DeInit
HAL_NVIC_DisableIRQ
