ARM GAS  /tmp/cc0gL9s8.s 			page 1


   1              		.cpu cortex-m3
   2              		.eabi_attribute 20, 1
   3              		.eabi_attribute 21, 1
   4              		.eabi_attribute 23, 3
   5              		.eabi_attribute 24, 1
   6              		.eabi_attribute 25, 1
   7              		.eabi_attribute 26, 1
   8              		.eabi_attribute 30, 1
   9              		.eabi_attribute 34, 1
  10              		.eabi_attribute 18, 4
  11              		.file	"stm32f1xx_it.c"
  12              		.text
  13              	.Ltext0:
  14              		.cfi_sections	.debug_frame
  15              		.section	.text.NMI_Handler,"ax",%progbits
  16              		.align	1
  17              		.global	NMI_Handler
  18              		.syntax unified
  19              		.thumb
  20              		.thumb_func
  21              		.fpu softvfp
  23              	NMI_Handler:
  24              	.LFB64:
  25              		.file 1 "Src/stm32f1xx_it.c"
   1:Src/stm32f1xx_it.c **** /* USER CODE BEGIN Header */
   2:Src/stm32f1xx_it.c **** /**
   3:Src/stm32f1xx_it.c ****   ******************************************************************************
   4:Src/stm32f1xx_it.c ****   * @file    stm32f1xx_it.c
   5:Src/stm32f1xx_it.c ****   * @brief   Interrupt Service Routines.
   6:Src/stm32f1xx_it.c ****   ******************************************************************************
   7:Src/stm32f1xx_it.c ****   *
   8:Src/stm32f1xx_it.c ****   * COPYRIGHT(c) 2019 STMicroelectronics
   9:Src/stm32f1xx_it.c ****   *
  10:Src/stm32f1xx_it.c ****   * Redistribution and use in source and binary forms, with or without modification,
  11:Src/stm32f1xx_it.c ****   * are permitted provided that the following conditions are met:
  12:Src/stm32f1xx_it.c ****   *   1. Redistributions of source code must retain the above copyright notice,
  13:Src/stm32f1xx_it.c ****   *      this list of conditions and the following disclaimer.
  14:Src/stm32f1xx_it.c ****   *   2. Redistributions in binary form must reproduce the above copyright notice,
  15:Src/stm32f1xx_it.c ****   *      this list of conditions and the following disclaimer in the documentation
  16:Src/stm32f1xx_it.c ****   *      and/or other materials provided with the distribution.
  17:Src/stm32f1xx_it.c ****   *   3. Neither the name of STMicroelectronics nor the names of its contributors
  18:Src/stm32f1xx_it.c ****   *      may be used to endorse or promote products derived from this software
  19:Src/stm32f1xx_it.c ****   *      without specific prior written permission.
  20:Src/stm32f1xx_it.c ****   *
  21:Src/stm32f1xx_it.c ****   * THIS SOFTWARE IS PROVIDED BY THE COPYRIGHT HOLDERS AND CONTRIBUTORS "AS IS"
  22:Src/stm32f1xx_it.c ****   * AND ANY EXPRESS OR IMPLIED WARRANTIES, INCLUDING, BUT NOT LIMITED TO, THE
  23:Src/stm32f1xx_it.c ****   * IMPLIED WARRANTIES OF MERCHANTABILITY AND FITNESS FOR A PARTICULAR PURPOSE ARE
  24:Src/stm32f1xx_it.c ****   * DISCLAIMED. IN NO EVENT SHALL THE COPYRIGHT HOLDER OR CONTRIBUTORS BE LIABLE
  25:Src/stm32f1xx_it.c ****   * FOR ANY DIRECT, INDIRECT, INCIDENTAL, SPECIAL, EXEMPLARY, OR CONSEQUENTIAL
  26:Src/stm32f1xx_it.c ****   * DAMAGES (INCLUDING, BUT NOT LIMITED TO, PROCUREMENT OF SUBSTITUTE GOODS OR
  27:Src/stm32f1xx_it.c ****   * SERVICES; LOSS OF USE, DATA, OR PROFITS; OR BUSINESS INTERRUPTION) HOWEVER
  28:Src/stm32f1xx_it.c ****   * CAUSED AND ON ANY THEORY OF LIABILITY, WHETHER IN CONTRACT, STRICT LIABILITY,
  29:Src/stm32f1xx_it.c ****   * OR TORT (INCLUDING NEGLIGENCE OR OTHERWISE) ARISING IN ANY WAY OUT OF THE USE
  30:Src/stm32f1xx_it.c ****   * OF THIS SOFTWARE, EVEN IF ADVISED OF THE POSSIBILITY OF SUCH DAMAGE.
  31:Src/stm32f1xx_it.c ****   *
  32:Src/stm32f1xx_it.c ****   ******************************************************************************
  33:Src/stm32f1xx_it.c ****   */
ARM GAS  /tmp/cc0gL9s8.s 			page 2


  34:Src/stm32f1xx_it.c **** /* USER CODE END Header */
  35:Src/stm32f1xx_it.c **** 
  36:Src/stm32f1xx_it.c **** /* Includes ------------------------------------------------------------------*/
  37:Src/stm32f1xx_it.c **** #include "main.h"
  38:Src/stm32f1xx_it.c **** #include "stm32f1xx_it.h"
  39:Src/stm32f1xx_it.c **** /* Private includes ----------------------------------------------------------*/
  40:Src/stm32f1xx_it.c **** /* USER CODE BEGIN Includes */
  41:Src/stm32f1xx_it.c **** /* USER CODE END Includes */
  42:Src/stm32f1xx_it.c **** 
  43:Src/stm32f1xx_it.c **** /* Private typedef -----------------------------------------------------------*/
  44:Src/stm32f1xx_it.c **** /* USER CODE BEGIN TD */
  45:Src/stm32f1xx_it.c **** 
  46:Src/stm32f1xx_it.c **** /* USER CODE END TD */
  47:Src/stm32f1xx_it.c **** 
  48:Src/stm32f1xx_it.c **** /* Private define ------------------------------------------------------------*/
  49:Src/stm32f1xx_it.c **** /* USER CODE BEGIN PD */
  50:Src/stm32f1xx_it.c ****  
  51:Src/stm32f1xx_it.c **** /* USER CODE END PD */
  52:Src/stm32f1xx_it.c **** 
  53:Src/stm32f1xx_it.c **** /* Private macro -------------------------------------------------------------*/
  54:Src/stm32f1xx_it.c **** /* USER CODE BEGIN PM */
  55:Src/stm32f1xx_it.c **** 
  56:Src/stm32f1xx_it.c **** /* USER CODE END PM */
  57:Src/stm32f1xx_it.c **** 
  58:Src/stm32f1xx_it.c **** /* Private variables ---------------------------------------------------------*/
  59:Src/stm32f1xx_it.c **** /* USER CODE BEGIN PV */
  60:Src/stm32f1xx_it.c **** 
  61:Src/stm32f1xx_it.c **** /* USER CODE END PV */
  62:Src/stm32f1xx_it.c **** 
  63:Src/stm32f1xx_it.c **** /* Private function prototypes -----------------------------------------------*/
  64:Src/stm32f1xx_it.c **** /* USER CODE BEGIN PFP */
  65:Src/stm32f1xx_it.c **** 
  66:Src/stm32f1xx_it.c **** /* USER CODE END PFP */
  67:Src/stm32f1xx_it.c **** 
  68:Src/stm32f1xx_it.c **** /* Private user code ---------------------------------------------------------*/
  69:Src/stm32f1xx_it.c **** /* USER CODE BEGIN 0 */
  70:Src/stm32f1xx_it.c **** 
  71:Src/stm32f1xx_it.c **** /* USER CODE END 0 */
  72:Src/stm32f1xx_it.c **** 
  73:Src/stm32f1xx_it.c **** /* External variables --------------------------------------------------------*/
  74:Src/stm32f1xx_it.c **** /* USER CODE BEGIN EV */
  75:Src/stm32f1xx_it.c **** extern CAN_HandleTypeDef hcan;
  76:Src/stm32f1xx_it.c **** /* USER CODE END EV */
  77:Src/stm32f1xx_it.c **** 
  78:Src/stm32f1xx_it.c **** /******************************************************************************/
  79:Src/stm32f1xx_it.c **** /*           Cortex-M3 Processor Interruption and Exception Handlers          */ 
  80:Src/stm32f1xx_it.c **** /******************************************************************************/
  81:Src/stm32f1xx_it.c **** /**
  82:Src/stm32f1xx_it.c ****   * @brief This function handles Non maskable interrupt.
  83:Src/stm32f1xx_it.c ****   */
  84:Src/stm32f1xx_it.c **** void NMI_Handler(void)
  85:Src/stm32f1xx_it.c **** {
  26              		.loc 1 85 0
  27              		.cfi_startproc
  28              		@ args = 0, pretend = 0, frame = 0
  29              		@ frame_needed = 0, uses_anonymous_args = 0
  30              		@ link register save eliminated.
ARM GAS  /tmp/cc0gL9s8.s 			page 3


  31 0000 7047     		bx	lr
  32              		.cfi_endproc
  33              	.LFE64:
  35              		.section	.text.HardFault_Handler,"ax",%progbits
  36              		.align	1
  37              		.global	HardFault_Handler
  38              		.syntax unified
  39              		.thumb
  40              		.thumb_func
  41              		.fpu softvfp
  43              	HardFault_Handler:
  44              	.LFB65:
  86:Src/stm32f1xx_it.c ****   /* USER CODE BEGIN NonMaskableInt_IRQn 0 */
  87:Src/stm32f1xx_it.c **** 
  88:Src/stm32f1xx_it.c ****   /* USER CODE END NonMaskableInt_IRQn 0 */
  89:Src/stm32f1xx_it.c ****   /* USER CODE BEGIN NonMaskableInt_IRQn 1 */
  90:Src/stm32f1xx_it.c **** 
  91:Src/stm32f1xx_it.c ****   /* USER CODE END NonMaskableInt_IRQn 1 */
  92:Src/stm32f1xx_it.c **** }
  93:Src/stm32f1xx_it.c **** 
  94:Src/stm32f1xx_it.c **** /**
  95:Src/stm32f1xx_it.c ****   * @brief This function handles Hard fault interrupt.
  96:Src/stm32f1xx_it.c ****   */
  97:Src/stm32f1xx_it.c **** void HardFault_Handler(void)
  98:Src/stm32f1xx_it.c **** {
  45              		.loc 1 98 0
  46              		.cfi_startproc
  47              		@ Volatile: function does not return.
  48              		@ args = 0, pretend = 0, frame = 0
  49              		@ frame_needed = 0, uses_anonymous_args = 0
  50              		@ link register save eliminated.
  51              	.L3:
  52 0000 FEE7     		b	.L3
  53              		.cfi_endproc
  54              	.LFE65:
  56              		.section	.text.MemManage_Handler,"ax",%progbits
  57              		.align	1
  58              		.global	MemManage_Handler
  59              		.syntax unified
  60              		.thumb
  61              		.thumb_func
  62              		.fpu softvfp
  64              	MemManage_Handler:
  65              	.LFB66:
  99:Src/stm32f1xx_it.c ****   /* USER CODE BEGIN HardFault_IRQn 0 */
 100:Src/stm32f1xx_it.c **** 
 101:Src/stm32f1xx_it.c ****   /* USER CODE END HardFault_IRQn 0 */
 102:Src/stm32f1xx_it.c ****   while (1)
 103:Src/stm32f1xx_it.c ****   {
 104:Src/stm32f1xx_it.c ****     /* USER CODE BEGIN W1_HardFault_IRQn 0 */
 105:Src/stm32f1xx_it.c ****     /* USER CODE END W1_HardFault_IRQn 0 */
 106:Src/stm32f1xx_it.c ****   }
 107:Src/stm32f1xx_it.c **** }
 108:Src/stm32f1xx_it.c **** 
 109:Src/stm32f1xx_it.c **** /**
 110:Src/stm32f1xx_it.c ****   * @brief This function handles Memory management fault.
 111:Src/stm32f1xx_it.c ****   */
ARM GAS  /tmp/cc0gL9s8.s 			page 4


 112:Src/stm32f1xx_it.c **** void MemManage_Handler(void)
 113:Src/stm32f1xx_it.c **** {
  66              		.loc 1 113 0
  67              		.cfi_startproc
  68              		@ Volatile: function does not return.
  69              		@ args = 0, pretend = 0, frame = 0
  70              		@ frame_needed = 0, uses_anonymous_args = 0
  71              		@ link register save eliminated.
  72              	.L5:
  73 0000 FEE7     		b	.L5
  74              		.cfi_endproc
  75              	.LFE66:
  77              		.section	.text.BusFault_Handler,"ax",%progbits
  78              		.align	1
  79              		.global	BusFault_Handler
  80              		.syntax unified
  81              		.thumb
  82              		.thumb_func
  83              		.fpu softvfp
  85              	BusFault_Handler:
  86              	.LFB67:
 114:Src/stm32f1xx_it.c ****   /* USER CODE BEGIN MemoryManagement_IRQn 0 */
 115:Src/stm32f1xx_it.c **** 
 116:Src/stm32f1xx_it.c ****   /* USER CODE END MemoryManagement_IRQn 0 */
 117:Src/stm32f1xx_it.c ****   while (1)
 118:Src/stm32f1xx_it.c ****   {
 119:Src/stm32f1xx_it.c ****     /* USER CODE BEGIN W1_MemoryManagement_IRQn 0 */
 120:Src/stm32f1xx_it.c ****     /* USER CODE END W1_MemoryManagement_IRQn 0 */
 121:Src/stm32f1xx_it.c ****   }
 122:Src/stm32f1xx_it.c **** }
 123:Src/stm32f1xx_it.c **** 
 124:Src/stm32f1xx_it.c **** /**
 125:Src/stm32f1xx_it.c ****   * @brief This function handles Prefetch fault, memory access fault.
 126:Src/stm32f1xx_it.c ****   */
 127:Src/stm32f1xx_it.c **** void BusFault_Handler(void)
 128:Src/stm32f1xx_it.c **** {
  87              		.loc 1 128 0
  88              		.cfi_startproc
  89              		@ Volatile: function does not return.
  90              		@ args = 0, pretend = 0, frame = 0
  91              		@ frame_needed = 0, uses_anonymous_args = 0
  92              		@ link register save eliminated.
  93              	.L7:
  94 0000 FEE7     		b	.L7
  95              		.cfi_endproc
  96              	.LFE67:
  98              		.section	.text.UsageFault_Handler,"ax",%progbits
  99              		.align	1
 100              		.global	UsageFault_Handler
 101              		.syntax unified
 102              		.thumb
 103              		.thumb_func
 104              		.fpu softvfp
 106              	UsageFault_Handler:
 107              	.LFB68:
 129:Src/stm32f1xx_it.c ****   /* USER CODE BEGIN BusFault_IRQn 0 */
 130:Src/stm32f1xx_it.c **** 
ARM GAS  /tmp/cc0gL9s8.s 			page 5


 131:Src/stm32f1xx_it.c ****   /* USER CODE END BusFault_IRQn 0 */
 132:Src/stm32f1xx_it.c ****   while (1)
 133:Src/stm32f1xx_it.c ****   {
 134:Src/stm32f1xx_it.c ****     /* USER CODE BEGIN W1_BusFault_IRQn 0 */
 135:Src/stm32f1xx_it.c ****     /* USER CODE END W1_BusFault_IRQn 0 */
 136:Src/stm32f1xx_it.c ****   }
 137:Src/stm32f1xx_it.c **** }
 138:Src/stm32f1xx_it.c **** 
 139:Src/stm32f1xx_it.c **** /**
 140:Src/stm32f1xx_it.c ****   * @brief This function handles Undefined instruction or illegal state.
 141:Src/stm32f1xx_it.c ****   */
 142:Src/stm32f1xx_it.c **** void UsageFault_Handler(void)
 143:Src/stm32f1xx_it.c **** {
 108              		.loc 1 143 0
 109              		.cfi_startproc
 110              		@ Volatile: function does not return.
 111              		@ args = 0, pretend = 0, frame = 0
 112              		@ frame_needed = 0, uses_anonymous_args = 0
 113              		@ link register save eliminated.
 114              	.L9:
 115 0000 FEE7     		b	.L9
 116              		.cfi_endproc
 117              	.LFE68:
 119              		.section	.text.SVC_Handler,"ax",%progbits
 120              		.align	1
 121              		.global	SVC_Handler
 122              		.syntax unified
 123              		.thumb
 124              		.thumb_func
 125              		.fpu softvfp
 127              	SVC_Handler:
 128              	.LFB69:
 144:Src/stm32f1xx_it.c ****   /* USER CODE BEGIN UsageFault_IRQn 0 */
 145:Src/stm32f1xx_it.c **** 
 146:Src/stm32f1xx_it.c ****   /* USER CODE END UsageFault_IRQn 0 */
 147:Src/stm32f1xx_it.c ****   while (1)
 148:Src/stm32f1xx_it.c ****   {
 149:Src/stm32f1xx_it.c ****     /* USER CODE BEGIN W1_UsageFault_IRQn 0 */
 150:Src/stm32f1xx_it.c ****     /* USER CODE END W1_UsageFault_IRQn 0 */
 151:Src/stm32f1xx_it.c ****   }
 152:Src/stm32f1xx_it.c **** }
 153:Src/stm32f1xx_it.c **** 
 154:Src/stm32f1xx_it.c **** /**
 155:Src/stm32f1xx_it.c ****   * @brief This function handles System service call via SWI instruction.
 156:Src/stm32f1xx_it.c ****   */
 157:Src/stm32f1xx_it.c **** void SVC_Handler(void)
 158:Src/stm32f1xx_it.c **** {
 129              		.loc 1 158 0
 130              		.cfi_startproc
 131              		@ args = 0, pretend = 0, frame = 0
 132              		@ frame_needed = 0, uses_anonymous_args = 0
 133              		@ link register save eliminated.
 134 0000 7047     		bx	lr
 135              		.cfi_endproc
 136              	.LFE69:
 138              		.section	.text.DebugMon_Handler,"ax",%progbits
 139              		.align	1
ARM GAS  /tmp/cc0gL9s8.s 			page 6


 140              		.global	DebugMon_Handler
 141              		.syntax unified
 142              		.thumb
 143              		.thumb_func
 144              		.fpu softvfp
 146              	DebugMon_Handler:
 147              	.LFB70:
 159:Src/stm32f1xx_it.c ****   /* USER CODE BEGIN SVCall_IRQn 0 */
 160:Src/stm32f1xx_it.c **** 
 161:Src/stm32f1xx_it.c ****   /* USER CODE END SVCall_IRQn 0 */
 162:Src/stm32f1xx_it.c ****   /* USER CODE BEGIN SVCall_IRQn 1 */
 163:Src/stm32f1xx_it.c **** 
 164:Src/stm32f1xx_it.c ****   /* USER CODE END SVCall_IRQn 1 */
 165:Src/stm32f1xx_it.c **** }
 166:Src/stm32f1xx_it.c **** 
 167:Src/stm32f1xx_it.c **** /**
 168:Src/stm32f1xx_it.c ****   * @brief This function handles Debug monitor.
 169:Src/stm32f1xx_it.c ****   */
 170:Src/stm32f1xx_it.c **** void DebugMon_Handler(void)
 171:Src/stm32f1xx_it.c **** {
 148              		.loc 1 171 0
 149              		.cfi_startproc
 150              		@ args = 0, pretend = 0, frame = 0
 151              		@ frame_needed = 0, uses_anonymous_args = 0
 152              		@ link register save eliminated.
 153 0000 7047     		bx	lr
 154              		.cfi_endproc
 155              	.LFE70:
 157              		.section	.text.PendSV_Handler,"ax",%progbits
 158              		.align	1
 159              		.global	PendSV_Handler
 160              		.syntax unified
 161              		.thumb
 162              		.thumb_func
 163              		.fpu softvfp
 165              	PendSV_Handler:
 166              	.LFB71:
 172:Src/stm32f1xx_it.c ****   /* USER CODE BEGIN DebugMonitor_IRQn 0 */
 173:Src/stm32f1xx_it.c **** 
 174:Src/stm32f1xx_it.c ****   /* USER CODE END DebugMonitor_IRQn 0 */
 175:Src/stm32f1xx_it.c ****   /* USER CODE BEGIN DebugMonitor_IRQn 1 */
 176:Src/stm32f1xx_it.c **** 
 177:Src/stm32f1xx_it.c ****   /* USER CODE END DebugMonitor_IRQn 1 */
 178:Src/stm32f1xx_it.c **** }
 179:Src/stm32f1xx_it.c **** 
 180:Src/stm32f1xx_it.c **** /**
 181:Src/stm32f1xx_it.c ****   * @brief This function handles Pendable request for system service.
 182:Src/stm32f1xx_it.c ****   */
 183:Src/stm32f1xx_it.c **** void PendSV_Handler(void)
 184:Src/stm32f1xx_it.c **** {
 167              		.loc 1 184 0
 168              		.cfi_startproc
 169              		@ args = 0, pretend = 0, frame = 0
 170              		@ frame_needed = 0, uses_anonymous_args = 0
 171              		@ link register save eliminated.
 172 0000 7047     		bx	lr
 173              		.cfi_endproc
ARM GAS  /tmp/cc0gL9s8.s 			page 7


 174              	.LFE71:
 176              		.section	.text.SysTick_Handler,"ax",%progbits
 177              		.align	1
 178              		.global	SysTick_Handler
 179              		.syntax unified
 180              		.thumb
 181              		.thumb_func
 182              		.fpu softvfp
 184              	SysTick_Handler:
 185              	.LFB72:
 185:Src/stm32f1xx_it.c ****   /* USER CODE BEGIN PendSV_IRQn 0 */
 186:Src/stm32f1xx_it.c **** 
 187:Src/stm32f1xx_it.c ****   /* USER CODE END PendSV_IRQn 0 */
 188:Src/stm32f1xx_it.c ****   /* USER CODE BEGIN PendSV_IRQn 1 */
 189:Src/stm32f1xx_it.c **** 
 190:Src/stm32f1xx_it.c ****   /* USER CODE END PendSV_IRQn 1 */
 191:Src/stm32f1xx_it.c **** }
 192:Src/stm32f1xx_it.c **** 
 193:Src/stm32f1xx_it.c **** /**
 194:Src/stm32f1xx_it.c ****   * @brief This function handles System tick timer.
 195:Src/stm32f1xx_it.c ****   */
 196:Src/stm32f1xx_it.c **** void SysTick_Handler(void)
 197:Src/stm32f1xx_it.c **** {
 186              		.loc 1 197 0
 187              		.cfi_startproc
 188              		@ args = 0, pretend = 0, frame = 0
 189              		@ frame_needed = 0, uses_anonymous_args = 0
 190              		.loc 1 197 0
 191 0000 08B5     		push	{r3, lr}
 192              	.LCFI0:
 193              		.cfi_def_cfa_offset 8
 194              		.cfi_offset 3, -8
 195              		.cfi_offset 14, -4
 198:Src/stm32f1xx_it.c ****   /* USER CODE BEGIN SysTick_IRQn 0 */
 199:Src/stm32f1xx_it.c **** 
 200:Src/stm32f1xx_it.c ****   /* USER CODE END SysTick_IRQn 0 */
 201:Src/stm32f1xx_it.c ****   HAL_IncTick();
 196              		.loc 1 201 0
 197 0002 FFF7FEFF 		bl	HAL_IncTick
 198              	.LVL0:
 199 0006 08BD     		pop	{r3, pc}
 200              		.cfi_endproc
 201              	.LFE72:
 203              		.section	.text.USB_LP_CAN1_RX0_IRQHandler,"ax",%progbits
 204              		.align	1
 205              		.global	USB_LP_CAN1_RX0_IRQHandler
 206              		.syntax unified
 207              		.thumb
 208              		.thumb_func
 209              		.fpu softvfp
 211              	USB_LP_CAN1_RX0_IRQHandler:
 212              	.LFB73:
 202:Src/stm32f1xx_it.c ****   /* USER CODE BEGIN SysTick_IRQn 1 */
 203:Src/stm32f1xx_it.c **** 
 204:Src/stm32f1xx_it.c ****   /* USER CODE END SysTick_IRQn 1 */
 205:Src/stm32f1xx_it.c **** }
 206:Src/stm32f1xx_it.c **** 
ARM GAS  /tmp/cc0gL9s8.s 			page 8


 207:Src/stm32f1xx_it.c **** /******************************************************************************/
 208:Src/stm32f1xx_it.c **** /* STM32F1xx Peripheral Interrupt Handlers                                    */
 209:Src/stm32f1xx_it.c **** /* Add here the Interrupt Handlers for the used peripherals.                  */
 210:Src/stm32f1xx_it.c **** /* For the available peripheral interrupt handler names,                      */
 211:Src/stm32f1xx_it.c **** /* please refer to the startup file (startup_stm32f1xx.s).                    */
 212:Src/stm32f1xx_it.c **** /******************************************************************************/
 213:Src/stm32f1xx_it.c **** 
 214:Src/stm32f1xx_it.c **** /* USER CODE BEGIN 1 */
 215:Src/stm32f1xx_it.c **** /**
 216:Src/stm32f1xx_it.c ****   * @brief This function handles USB low priority or CAN RX0 interrupts.
 217:Src/stm32f1xx_it.c ****   */
 218:Src/stm32f1xx_it.c **** void USB_LP_CAN1_RX0_IRQHandler(void)
 219:Src/stm32f1xx_it.c **** {
 213              		.loc 1 219 0
 214              		.cfi_startproc
 215              		@ args = 0, pretend = 0, frame = 0
 216              		@ frame_needed = 0, uses_anonymous_args = 0
 217 0000 08B5     		push	{r3, lr}
 218              	.LCFI1:
 219              		.cfi_def_cfa_offset 8
 220              		.cfi_offset 3, -8
 221              		.cfi_offset 14, -4
 220:Src/stm32f1xx_it.c ****   /* USER CODE BEGIN USB_LP_CAN1_RX0_IRQn 0 */
 221:Src/stm32f1xx_it.c **** 
 222:Src/stm32f1xx_it.c ****   /* USER CODE END USB_LP_CAN1_RX0_IRQn 0 */
 223:Src/stm32f1xx_it.c ****   HAL_CAN_IRQHandler(&hcan);
 222              		.loc 1 223 0
 223 0002 0248     		ldr	r0, .L17
 224 0004 FFF7FEFF 		bl	HAL_CAN_IRQHandler
 225              	.LVL1:
 226 0008 08BD     		pop	{r3, pc}
 227              	.L18:
 228 000a 00BF     		.align	2
 229              	.L17:
 230 000c 00000000 		.word	hcan
 231              		.cfi_endproc
 232              	.LFE73:
 234              		.text
 235              	.Letext0:
 236              		.file 2 "/usr/include/newlib/machine/_default_types.h"
 237              		.file 3 "/usr/include/newlib/sys/_stdint.h"
 238              		.file 4 "Drivers/CMSIS/Include/core_cm3.h"
 239              		.file 5 "Drivers/CMSIS/Device/ST/STM32F1xx/Include/system_stm32f1xx.h"
 240              		.file 6 "Drivers/CMSIS/Device/ST/STM32F1xx/Include/stm32f103xb.h"
 241              		.file 7 "/usr/include/newlib/sys/lock.h"
 242              		.file 8 "/usr/include/newlib/sys/_types.h"
 243              		.file 9 "/usr/lib/gcc/arm-none-eabi/6.3.1/include/stddef.h"
 244              		.file 10 "/usr/include/newlib/sys/reent.h"
 245              		.file 11 "Drivers/STM32F1xx_HAL_Driver/Inc/stm32f1xx_hal_def.h"
 246              		.file 12 "Drivers/STM32F1xx_HAL_Driver/Inc/stm32f1xx_hal_can.h"
 247              		.file 13 "Drivers/STM32F1xx_HAL_Driver/Inc/stm32f1xx_hal.h"
ARM GAS  /tmp/cc0gL9s8.s 			page 9


DEFINED SYMBOLS
                            *ABS*:0000000000000000 stm32f1xx_it.c
     /tmp/cc0gL9s8.s:16     .text.NMI_Handler:0000000000000000 $t
     /tmp/cc0gL9s8.s:23     .text.NMI_Handler:0000000000000000 NMI_Handler
     /tmp/cc0gL9s8.s:36     .text.HardFault_Handler:0000000000000000 $t
     /tmp/cc0gL9s8.s:43     .text.HardFault_Handler:0000000000000000 HardFault_Handler
     /tmp/cc0gL9s8.s:57     .text.MemManage_Handler:0000000000000000 $t
     /tmp/cc0gL9s8.s:64     .text.MemManage_Handler:0000000000000000 MemManage_Handler
     /tmp/cc0gL9s8.s:78     .text.BusFault_Handler:0000000000000000 $t
     /tmp/cc0gL9s8.s:85     .text.BusFault_Handler:0000000000000000 BusFault_Handler
     /tmp/cc0gL9s8.s:99     .text.UsageFault_Handler:0000000000000000 $t
     /tmp/cc0gL9s8.s:106    .text.UsageFault_Handler:0000000000000000 UsageFault_Handler
     /tmp/cc0gL9s8.s:120    .text.SVC_Handler:0000000000000000 $t
     /tmp/cc0gL9s8.s:127    .text.SVC_Handler:0000000000000000 SVC_Handler
     /tmp/cc0gL9s8.s:139    .text.DebugMon_Handler:0000000000000000 $t
     /tmp/cc0gL9s8.s:146    .text.DebugMon_Handler:0000000000000000 DebugMon_Handler
     /tmp/cc0gL9s8.s:158    .text.PendSV_Handler:0000000000000000 $t
     /tmp/cc0gL9s8.s:165    .text.PendSV_Handler:0000000000000000 PendSV_Handler
     /tmp/cc0gL9s8.s:177    .text.SysTick_Handler:0000000000000000 $t
     /tmp/cc0gL9s8.s:184    .text.SysTick_Handler:0000000000000000 SysTick_Handler
     /tmp/cc0gL9s8.s:204    .text.USB_LP_CAN1_RX0_IRQHandler:0000000000000000 $t
     /tmp/cc0gL9s8.s:211    .text.USB_LP_CAN1_RX0_IRQHandler:0000000000000000 USB_LP_CAN1_RX0_IRQHandler
     /tmp/cc0gL9s8.s:230    .text.USB_LP_CAN1_RX0_IRQHandler:000000000000000c $d
                     .debug_frame:0000000000000010 $d

UNDEFINED SYMBOLS
HAL_IncTick
HAL_CAN_IRQHandler
hcan
