ARM GAS  C:\cygwin64\tmp\ccUC0W5G.s 			page 1


   1              		.cpu cortex-m3
   2              		.eabi_attribute 20, 1
   3              		.eabi_attribute 21, 1
   4              		.eabi_attribute 23, 3
   5              		.eabi_attribute 24, 1
   6              		.eabi_attribute 25, 1
   7              		.eabi_attribute 26, 1
   8              		.eabi_attribute 30, 1
   9              		.eabi_attribute 34, 1
  10              		.eabi_attribute 18, 4
  11              		.file	"main.c"
  12              		.text
  13              	.Ltext0:
  14              		.cfi_sections	.debug_frame
  15              		.section	.text.MX_GPIO_Init,"ax",%progbits
  16              		.align	1
  17              		.arch armv7-m
  18              		.syntax unified
  19              		.thumb
  20              		.thumb_func
  21              		.fpu softvfp
  23              	MX_GPIO_Init:
  24              	.LFB70:
  25              		.file 1 "Src/main.c"
   1:Src/main.c    **** /* USER CODE BEGIN Header */
   2:Src/main.c    **** /**
   3:Src/main.c    ****   ******************************************************************************
   4:Src/main.c    ****   * @file           : main.c
   5:Src/main.c    ****   * @brief          : Main program body
   6:Src/main.c    ****   ******************************************************************************
   7:Src/main.c    ****   * @attention
   8:Src/main.c    ****   *
   9:Src/main.c    ****   * <h2><center>&copy; Copyright (c) 2019 STMicroelectronics.
  10:Src/main.c    ****   * All rights reserved.</center></h2>
  11:Src/main.c    ****   *
  12:Src/main.c    ****   * This software component is licensed by ST under BSD 3-Clause license,
  13:Src/main.c    ****   * the "License"; You may not use this file except in compliance with the
  14:Src/main.c    ****   * License. You may obtain a copy of the License at:
  15:Src/main.c    ****   *                        opensource.org/licenses/BSD-3-Clause
  16:Src/main.c    ****   *
  17:Src/main.c    ****   ******************************************************************************
  18:Src/main.c    ****   */
  19:Src/main.c    **** /* USER CODE END Header */
  20:Src/main.c    **** 
  21:Src/main.c    **** /* Includes ------------------------------------------------------------------*/
  22:Src/main.c    **** #include "main.h"
  23:Src/main.c    **** 
  24:Src/main.c    **** /* Private includes ----------------------------------------------------------*/
  25:Src/main.c    **** /* USER CODE BEGIN Includes */
  26:Src/main.c    **** 
  27:Src/main.c    **** /* USER CODE END Includes */
  28:Src/main.c    **** 
  29:Src/main.c    **** /* Private typedef -----------------------------------------------------------*/
  30:Src/main.c    **** /* USER CODE BEGIN PTD */
  31:Src/main.c    **** 
  32:Src/main.c    **** /* USER CODE END PTD */
  33:Src/main.c    **** 
ARM GAS  C:\cygwin64\tmp\ccUC0W5G.s 			page 2


  34:Src/main.c    **** /* Private define ------------------------------------------------------------*/
  35:Src/main.c    **** /* USER CODE BEGIN PD */
  36:Src/main.c    **** 
  37:Src/main.c    **** /* USER CODE END PD */
  38:Src/main.c    **** 
  39:Src/main.c    **** /* Private macro -------------------------------------------------------------*/
  40:Src/main.c    **** /* USER CODE BEGIN PM */
  41:Src/main.c    **** 
  42:Src/main.c    **** /* USER CODE END PM */
  43:Src/main.c    **** 
  44:Src/main.c    **** /* Private variables ---------------------------------------------------------*/
  45:Src/main.c    **** CAN_HandleTypeDef hcan;
  46:Src/main.c    **** 
  47:Src/main.c    **** UART_HandleTypeDef huart1;
  48:Src/main.c    **** 
  49:Src/main.c    **** /* USER CODE BEGIN PV */
  50:Src/main.c    **** CAN_TxHeaderTypeDef   TxHeader;
  51:Src/main.c    **** CAN_RxHeaderTypeDef   RxHeader;
  52:Src/main.c    **** uint8_t               TxData[8] = {0x55, 0x55, 0x55, 0x55, 0x55, 0x55, 0x55, 0x55};
  53:Src/main.c    **** uint8_t               RxData[8];
  54:Src/main.c    **** uint32_t              TxMailbox;
  55:Src/main.c    **** /* USER CODE END PV */
  56:Src/main.c    **** 
  57:Src/main.c    **** /* Private function prototypes -----------------------------------------------*/
  58:Src/main.c    **** void SystemClock_Config(void);
  59:Src/main.c    **** static void MX_GPIO_Init(void);
  60:Src/main.c    **** static void MX_CAN_Init(void);
  61:Src/main.c    **** static void MX_USART1_UART_Init(void);
  62:Src/main.c    **** /* USER CODE BEGIN PFP */
  63:Src/main.c    **** 
  64:Src/main.c    **** /* USER CODE END PFP */
  65:Src/main.c    **** 
  66:Src/main.c    **** /* Private user code ---------------------------------------------------------*/
  67:Src/main.c    **** /* USER CODE BEGIN 0 */
  68:Src/main.c    **** 
  69:Src/main.c    **** /* USER CODE END 0 */
  70:Src/main.c    **** 
  71:Src/main.c    **** /**
  72:Src/main.c    ****   * @brief  The application entry point.
  73:Src/main.c    ****   * @retval int
  74:Src/main.c    ****   */
  75:Src/main.c    **** int main(void)
  76:Src/main.c    **** {
  77:Src/main.c    ****   /* USER CODE BEGIN 1 */
  78:Src/main.c    **** 
  79:Src/main.c    ****   /* USER CODE END 1 */
  80:Src/main.c    **** 
  81:Src/main.c    ****   /* MCU Configuration--------------------------------------------------------*/
  82:Src/main.c    **** 
  83:Src/main.c    ****   /* Reset of all peripherals, Initializes the Flash interface and the Systick. */
  84:Src/main.c    ****   HAL_Init();
  85:Src/main.c    **** 
  86:Src/main.c    ****   /* USER CODE BEGIN Init */
  87:Src/main.c    **** 
  88:Src/main.c    ****   /* USER CODE END Init */
  89:Src/main.c    **** 
  90:Src/main.c    ****   /* Configure the system clock */
ARM GAS  C:\cygwin64\tmp\ccUC0W5G.s 			page 3


  91:Src/main.c    ****   SystemClock_Config();
  92:Src/main.c    **** 
  93:Src/main.c    ****   /* USER CODE BEGIN SysInit */
  94:Src/main.c    **** 
  95:Src/main.c    ****   /* USER CODE END SysInit */
  96:Src/main.c    **** 
  97:Src/main.c    ****   /* Initialize all configured peripherals */
  98:Src/main.c    ****   MX_GPIO_Init();
  99:Src/main.c    ****   MX_CAN_Init();
 100:Src/main.c    ****   MX_USART1_UART_Init();
 101:Src/main.c    ****   /* USER CODE BEGIN 2 */
 102:Src/main.c    ****   HAL_CAN_Start(&hcan);
 103:Src/main.c    ****   /* USER CODE END 2 */
 104:Src/main.c    **** 
 105:Src/main.c    ****   /* Infinite loop */
 106:Src/main.c    ****   /* USER CODE BEGIN WHILE */
 107:Src/main.c    ****   while (1)
 108:Src/main.c    ****   {
 109:Src/main.c    ****     /* USER CODE END WHILE */
 110:Src/main.c    **** 	if (HAL_CAN_AddTxMessage(&hcan, &TxHeader, TxData, &TxMailbox) == HAL_OK) HAL_GPIO_TogglePin(GPIOC
 111:Src/main.c    **** 	
 112:Src/main.c    **** 	HAL_Delay(10);
 113:Src/main.c    ****     /* USER CODE BEGIN 3 */
 114:Src/main.c    ****   }
 115:Src/main.c    ****   /* USER CODE END 3 */
 116:Src/main.c    **** }
 117:Src/main.c    **** 
 118:Src/main.c    **** /**
 119:Src/main.c    ****   * @brief System Clock Configuration
 120:Src/main.c    ****   * @retval None
 121:Src/main.c    ****   */
 122:Src/main.c    **** void SystemClock_Config(void)
 123:Src/main.c    **** {
 124:Src/main.c    ****   RCC_OscInitTypeDef RCC_OscInitStruct = {0};
 125:Src/main.c    ****   RCC_ClkInitTypeDef RCC_ClkInitStruct = {0};
 126:Src/main.c    **** 
 127:Src/main.c    ****   /** Initializes the CPU, AHB and APB busses clocks 
 128:Src/main.c    ****   */
 129:Src/main.c    ****   RCC_OscInitStruct.OscillatorType = RCC_OSCILLATORTYPE_HSI;
 130:Src/main.c    ****   RCC_OscInitStruct.HSIState = RCC_HSI_ON;
 131:Src/main.c    ****   RCC_OscInitStruct.HSICalibrationValue = RCC_HSICALIBRATION_DEFAULT;
 132:Src/main.c    ****   RCC_OscInitStruct.PLL.PLLState = RCC_PLL_NONE;
 133:Src/main.c    ****   if (HAL_RCC_OscConfig(&RCC_OscInitStruct) != HAL_OK)
 134:Src/main.c    ****   {
 135:Src/main.c    ****     Error_Handler();
 136:Src/main.c    ****   }
 137:Src/main.c    ****   /** Initializes the CPU, AHB and APB busses clocks 
 138:Src/main.c    ****   */
 139:Src/main.c    ****   RCC_ClkInitStruct.ClockType = RCC_CLOCKTYPE_HCLK|RCC_CLOCKTYPE_SYSCLK
 140:Src/main.c    ****                               |RCC_CLOCKTYPE_PCLK1|RCC_CLOCKTYPE_PCLK2;
 141:Src/main.c    ****   RCC_ClkInitStruct.SYSCLKSource = RCC_SYSCLKSOURCE_HSI;
 142:Src/main.c    ****   RCC_ClkInitStruct.AHBCLKDivider = RCC_SYSCLK_DIV1;
 143:Src/main.c    ****   RCC_ClkInitStruct.APB1CLKDivider = RCC_HCLK_DIV1;
 144:Src/main.c    ****   RCC_ClkInitStruct.APB2CLKDivider = RCC_HCLK_DIV1;
 145:Src/main.c    **** 
 146:Src/main.c    ****   if (HAL_RCC_ClockConfig(&RCC_ClkInitStruct, FLASH_LATENCY_0) != HAL_OK)
 147:Src/main.c    ****   {
ARM GAS  C:\cygwin64\tmp\ccUC0W5G.s 			page 4


 148:Src/main.c    ****     Error_Handler();
 149:Src/main.c    ****   }
 150:Src/main.c    **** }
 151:Src/main.c    **** 
 152:Src/main.c    **** /**
 153:Src/main.c    ****   * @brief CAN Initialization Function
 154:Src/main.c    ****   * @param None
 155:Src/main.c    ****   * @retval None
 156:Src/main.c    ****   */
 157:Src/main.c    **** static void MX_CAN_Init(void)
 158:Src/main.c    **** {
 159:Src/main.c    **** 
 160:Src/main.c    ****   /* USER CODE BEGIN CAN_Init 0 */
 161:Src/main.c    ****  
 162:Src/main.c    ****   /* USER CODE END CAN_Init 0 */
 163:Src/main.c    **** 
 164:Src/main.c    ****   /* USER CODE BEGIN CAN_Init 1 */
 165:Src/main.c    **** 
 166:Src/main.c    ****   /* USER CODE END CAN_Init 1 */
 167:Src/main.c    ****   hcan.Instance = CAN1;
 168:Src/main.c    ****   hcan.Init.Prescaler = 2;
 169:Src/main.c    ****   hcan.Init.Mode = CAN_MODE_NORMAL;
 170:Src/main.c    ****   hcan.Init.SyncJumpWidth = CAN_SJW_1TQ;
 171:Src/main.c    ****   hcan.Init.TimeSeg1 = CAN_BS1_3TQ;
 172:Src/main.c    ****   hcan.Init.TimeSeg2 = CAN_BS2_4TQ;
 173:Src/main.c    ****   hcan.Init.TimeTriggeredMode = DISABLE;
 174:Src/main.c    ****   hcan.Init.AutoBusOff = ENABLE; //enable this if no other nodes on bus
 175:Src/main.c    ****   hcan.Init.AutoWakeUp = DISABLE;
 176:Src/main.c    ****   hcan.Init.AutoRetransmission = DISABLE;
 177:Src/main.c    ****   hcan.Init.ReceiveFifoLocked = DISABLE;
 178:Src/main.c    ****   hcan.Init.TransmitFifoPriority = DISABLE;
 179:Src/main.c    ****   if (HAL_CAN_Init(&hcan) != HAL_OK)
 180:Src/main.c    ****   {
 181:Src/main.c    ****     Error_Handler();
 182:Src/main.c    ****   }
 183:Src/main.c    ****   /* USER CODE BEGIN CAN_Init 2 */
 184:Src/main.c    ****   TxHeader.StdId = 0x321;
 185:Src/main.c    ****   TxHeader.ExtId = 0x01;
 186:Src/main.c    ****   TxHeader.RTR = CAN_RTR_DATA;
 187:Src/main.c    ****   TxHeader.IDE = CAN_ID_STD;
 188:Src/main.c    ****   TxHeader.DLC = 8;
 189:Src/main.c    ****   TxHeader.TransmitGlobalTime = DISABLE;
 190:Src/main.c    ****   /* USER CODE END CAN_Init 2 */
 191:Src/main.c    **** 
 192:Src/main.c    **** }
 193:Src/main.c    **** 
 194:Src/main.c    **** /**
 195:Src/main.c    ****   * @brief USART1 Initialization Function
 196:Src/main.c    ****   * @param None
 197:Src/main.c    ****   * @retval None
 198:Src/main.c    ****   */
 199:Src/main.c    **** static void MX_USART1_UART_Init(void)
 200:Src/main.c    **** {
 201:Src/main.c    **** 
 202:Src/main.c    ****   /* USER CODE BEGIN USART1_Init 0 */
 203:Src/main.c    **** 
 204:Src/main.c    ****   /* USER CODE END USART1_Init 0 */
ARM GAS  C:\cygwin64\tmp\ccUC0W5G.s 			page 5


 205:Src/main.c    **** 
 206:Src/main.c    ****   /* USER CODE BEGIN USART1_Init 1 */
 207:Src/main.c    **** 
 208:Src/main.c    ****   /* USER CODE END USART1_Init 1 */
 209:Src/main.c    ****   huart1.Instance = USART1;
 210:Src/main.c    ****   huart1.Init.BaudRate = 115200;
 211:Src/main.c    ****   huart1.Init.WordLength = UART_WORDLENGTH_8B;
 212:Src/main.c    ****   huart1.Init.StopBits = UART_STOPBITS_1;
 213:Src/main.c    ****   huart1.Init.Parity = UART_PARITY_NONE;
 214:Src/main.c    ****   huart1.Init.Mode = UART_MODE_TX_RX;
 215:Src/main.c    ****   huart1.Init.HwFlowCtl = UART_HWCONTROL_NONE;
 216:Src/main.c    ****   huart1.Init.OverSampling = UART_OVERSAMPLING_16;
 217:Src/main.c    ****   if (HAL_UART_Init(&huart1) != HAL_OK)
 218:Src/main.c    ****   {
 219:Src/main.c    ****     Error_Handler();
 220:Src/main.c    ****   }
 221:Src/main.c    ****   /* USER CODE BEGIN USART1_Init 2 */
 222:Src/main.c    **** 
 223:Src/main.c    ****   /* USER CODE END USART1_Init 2 */
 224:Src/main.c    **** 
 225:Src/main.c    **** }
 226:Src/main.c    **** 
 227:Src/main.c    **** /**
 228:Src/main.c    ****   * @brief GPIO Initialization Function
 229:Src/main.c    ****   * @param None
 230:Src/main.c    ****   * @retval None
 231:Src/main.c    ****   */
 232:Src/main.c    **** static void MX_GPIO_Init(void)
 233:Src/main.c    **** {
  26              		.loc 1 233 1 view -0
  27              		.cfi_startproc
  28              		@ args = 0, pretend = 0, frame = 24
  29              		@ frame_needed = 0, uses_anonymous_args = 0
  30 0000 30B5     		push	{r4, r5, lr}
  31              	.LCFI0:
  32              		.cfi_def_cfa_offset 12
  33              		.cfi_offset 4, -12
  34              		.cfi_offset 5, -8
  35              		.cfi_offset 14, -4
  36 0002 87B0     		sub	sp, sp, #28
  37              	.LCFI1:
  38              		.cfi_def_cfa_offset 40
 234:Src/main.c    ****   GPIO_InitTypeDef GPIO_InitStruct = {0};
  39              		.loc 1 234 3 view .LVU1
  40              		.loc 1 234 20 is_stmt 0 view .LVU2
  41 0004 0024     		movs	r4, #0
  42 0006 0294     		str	r4, [sp, #8]
  43 0008 0394     		str	r4, [sp, #12]
  44 000a 0494     		str	r4, [sp, #16]
  45 000c 0594     		str	r4, [sp, #20]
 235:Src/main.c    **** 
 236:Src/main.c    ****   /* GPIO Ports Clock Enable */
 237:Src/main.c    ****   __HAL_RCC_GPIOC_CLK_ENABLE();
  46              		.loc 1 237 3 is_stmt 1 view .LVU3
  47              	.LBB2:
  48              		.loc 1 237 3 view .LVU4
  49              		.loc 1 237 3 view .LVU5
ARM GAS  C:\cygwin64\tmp\ccUC0W5G.s 			page 6


  50 000e 144B     		ldr	r3, .L3
  51 0010 9A69     		ldr	r2, [r3, #24]
  52 0012 42F01002 		orr	r2, r2, #16
  53 0016 9A61     		str	r2, [r3, #24]
  54              		.loc 1 237 3 view .LVU6
  55 0018 9A69     		ldr	r2, [r3, #24]
  56 001a 02F01002 		and	r2, r2, #16
  57 001e 0092     		str	r2, [sp]
  58              		.loc 1 237 3 view .LVU7
  59 0020 009A     		ldr	r2, [sp]
  60              	.LBE2:
 238:Src/main.c    ****   __HAL_RCC_GPIOA_CLK_ENABLE();
  61              		.loc 1 238 3 view .LVU8
  62              	.LBB3:
  63              		.loc 1 238 3 view .LVU9
  64              		.loc 1 238 3 view .LVU10
  65 0022 9A69     		ldr	r2, [r3, #24]
  66 0024 42F00402 		orr	r2, r2, #4
  67 0028 9A61     		str	r2, [r3, #24]
  68              		.loc 1 238 3 view .LVU11
  69 002a 9B69     		ldr	r3, [r3, #24]
  70 002c 03F00403 		and	r3, r3, #4
  71 0030 0193     		str	r3, [sp, #4]
  72              		.loc 1 238 3 view .LVU12
  73 0032 019B     		ldr	r3, [sp, #4]
  74              	.LBE3:
 239:Src/main.c    **** 
 240:Src/main.c    ****   /*Configure GPIO pin Output Level */
 241:Src/main.c    ****   HAL_GPIO_WritePin(GPIOC, GPIO_PIN_13, GPIO_PIN_RESET);
  75              		.loc 1 241 3 view .LVU13
  76 0034 0B4D     		ldr	r5, .L3+4
  77 0036 2246     		mov	r2, r4
  78 0038 4FF40051 		mov	r1, #8192
  79 003c 2846     		mov	r0, r5
  80 003e FFF7FEFF 		bl	HAL_GPIO_WritePin
  81              	.LVL0:
 242:Src/main.c    **** 
 243:Src/main.c    ****   /*Configure GPIO pin : PC13 */
 244:Src/main.c    ****   GPIO_InitStruct.Pin = GPIO_PIN_13;
  82              		.loc 1 244 3 view .LVU14
  83              		.loc 1 244 23 is_stmt 0 view .LVU15
  84 0042 4FF40053 		mov	r3, #8192
  85 0046 0293     		str	r3, [sp, #8]
 245:Src/main.c    ****   GPIO_InitStruct.Mode = GPIO_MODE_OUTPUT_PP;
  86              		.loc 1 245 3 is_stmt 1 view .LVU16
  87              		.loc 1 245 24 is_stmt 0 view .LVU17
  88 0048 0123     		movs	r3, #1
  89 004a 0393     		str	r3, [sp, #12]
 246:Src/main.c    ****   GPIO_InitStruct.Pull = GPIO_NOPULL;
  90              		.loc 1 246 3 is_stmt 1 view .LVU18
  91              		.loc 1 246 24 is_stmt 0 view .LVU19
  92 004c 0494     		str	r4, [sp, #16]
 247:Src/main.c    ****   GPIO_InitStruct.Speed = GPIO_SPEED_FREQ_LOW;
  93              		.loc 1 247 3 is_stmt 1 view .LVU20
  94              		.loc 1 247 25 is_stmt 0 view .LVU21
  95 004e 0223     		movs	r3, #2
  96 0050 0593     		str	r3, [sp, #20]
ARM GAS  C:\cygwin64\tmp\ccUC0W5G.s 			page 7


 248:Src/main.c    ****   HAL_GPIO_Init(GPIOC, &GPIO_InitStruct);
  97              		.loc 1 248 3 is_stmt 1 view .LVU22
  98 0052 02A9     		add	r1, sp, #8
  99 0054 2846     		mov	r0, r5
 100 0056 FFF7FEFF 		bl	HAL_GPIO_Init
 101              	.LVL1:
 249:Src/main.c    **** 
 250:Src/main.c    **** }
 102              		.loc 1 250 1 is_stmt 0 view .LVU23
 103 005a 07B0     		add	sp, sp, #28
 104              	.LCFI2:
 105              		.cfi_def_cfa_offset 12
 106              		@ sp needed
 107 005c 30BD     		pop	{r4, r5, pc}
 108              	.L4:
 109 005e 00BF     		.align	2
 110              	.L3:
 111 0060 00100240 		.word	1073876992
 112 0064 00100140 		.word	1073811456
 113              		.cfi_endproc
 114              	.LFE70:
 116              		.section	.text.MX_CAN_Init,"ax",%progbits
 117              		.align	1
 118              		.syntax unified
 119              		.thumb
 120              		.thumb_func
 121              		.fpu softvfp
 123              	MX_CAN_Init:
 124              	.LFB68:
 158:Src/main.c    **** 
 125              		.loc 1 158 1 is_stmt 1 view -0
 126              		.cfi_startproc
 127              		@ args = 0, pretend = 0, frame = 0
 128              		@ frame_needed = 0, uses_anonymous_args = 0
 129 0000 38B5     		push	{r3, r4, r5, lr}
 130              	.LCFI3:
 131              		.cfi_def_cfa_offset 16
 132              		.cfi_offset 3, -16
 133              		.cfi_offset 4, -12
 134              		.cfi_offset 5, -8
 135              		.cfi_offset 14, -4
 167:Src/main.c    ****   hcan.Init.Prescaler = 2;
 136              		.loc 1 167 3 view .LVU25
 167:Src/main.c    ****   hcan.Init.Prescaler = 2;
 137              		.loc 1 167 17 is_stmt 0 view .LVU26
 138 0002 1148     		ldr	r0, .L7
 139 0004 114B     		ldr	r3, .L7+4
 140 0006 0360     		str	r3, [r0]
 168:Src/main.c    ****   hcan.Init.Mode = CAN_MODE_NORMAL;
 141              		.loc 1 168 3 is_stmt 1 view .LVU27
 168:Src/main.c    ****   hcan.Init.Mode = CAN_MODE_NORMAL;
 142              		.loc 1 168 23 is_stmt 0 view .LVU28
 143 0008 0223     		movs	r3, #2
 144 000a 4360     		str	r3, [r0, #4]
 169:Src/main.c    ****   hcan.Init.SyncJumpWidth = CAN_SJW_1TQ;
 145              		.loc 1 169 3 is_stmt 1 view .LVU29
 169:Src/main.c    ****   hcan.Init.SyncJumpWidth = CAN_SJW_1TQ;
ARM GAS  C:\cygwin64\tmp\ccUC0W5G.s 			page 8


 146              		.loc 1 169 18 is_stmt 0 view .LVU30
 147 000c 0024     		movs	r4, #0
 148 000e 8460     		str	r4, [r0, #8]
 170:Src/main.c    ****   hcan.Init.TimeSeg1 = CAN_BS1_3TQ;
 149              		.loc 1 170 3 is_stmt 1 view .LVU31
 170:Src/main.c    ****   hcan.Init.TimeSeg1 = CAN_BS1_3TQ;
 150              		.loc 1 170 27 is_stmt 0 view .LVU32
 151 0010 C460     		str	r4, [r0, #12]
 171:Src/main.c    ****   hcan.Init.TimeSeg2 = CAN_BS2_4TQ;
 152              		.loc 1 171 3 is_stmt 1 view .LVU33
 171:Src/main.c    ****   hcan.Init.TimeSeg2 = CAN_BS2_4TQ;
 153              		.loc 1 171 22 is_stmt 0 view .LVU34
 154 0012 4FF40033 		mov	r3, #131072
 155 0016 0361     		str	r3, [r0, #16]
 172:Src/main.c    ****   hcan.Init.TimeTriggeredMode = DISABLE;
 156              		.loc 1 172 3 is_stmt 1 view .LVU35
 172:Src/main.c    ****   hcan.Init.TimeTriggeredMode = DISABLE;
 157              		.loc 1 172 22 is_stmt 0 view .LVU36
 158 0018 4FF44013 		mov	r3, #3145728
 159 001c 4361     		str	r3, [r0, #20]
 173:Src/main.c    ****   hcan.Init.AutoBusOff = ENABLE; //enable this if no other nodes on bus
 160              		.loc 1 173 3 is_stmt 1 view .LVU37
 173:Src/main.c    ****   hcan.Init.AutoBusOff = ENABLE; //enable this if no other nodes on bus
 161              		.loc 1 173 31 is_stmt 0 view .LVU38
 162 001e 0476     		strb	r4, [r0, #24]
 174:Src/main.c    ****   hcan.Init.AutoWakeUp = DISABLE;
 163              		.loc 1 174 3 is_stmt 1 view .LVU39
 174:Src/main.c    ****   hcan.Init.AutoWakeUp = DISABLE;
 164              		.loc 1 174 24 is_stmt 0 view .LVU40
 165 0020 0125     		movs	r5, #1
 166 0022 4576     		strb	r5, [r0, #25]
 175:Src/main.c    ****   hcan.Init.AutoRetransmission = DISABLE;
 167              		.loc 1 175 3 is_stmt 1 view .LVU41
 175:Src/main.c    ****   hcan.Init.AutoRetransmission = DISABLE;
 168              		.loc 1 175 24 is_stmt 0 view .LVU42
 169 0024 8476     		strb	r4, [r0, #26]
 176:Src/main.c    ****   hcan.Init.ReceiveFifoLocked = DISABLE;
 170              		.loc 1 176 3 is_stmt 1 view .LVU43
 176:Src/main.c    ****   hcan.Init.ReceiveFifoLocked = DISABLE;
 171              		.loc 1 176 32 is_stmt 0 view .LVU44
 172 0026 C476     		strb	r4, [r0, #27]
 177:Src/main.c    ****   hcan.Init.TransmitFifoPriority = DISABLE;
 173              		.loc 1 177 3 is_stmt 1 view .LVU45
 177:Src/main.c    ****   hcan.Init.TransmitFifoPriority = DISABLE;
 174              		.loc 1 177 31 is_stmt 0 view .LVU46
 175 0028 0477     		strb	r4, [r0, #28]
 178:Src/main.c    ****   if (HAL_CAN_Init(&hcan) != HAL_OK)
 176              		.loc 1 178 3 is_stmt 1 view .LVU47
 178:Src/main.c    ****   if (HAL_CAN_Init(&hcan) != HAL_OK)
 177              		.loc 1 178 34 is_stmt 0 view .LVU48
 178 002a 4477     		strb	r4, [r0, #29]
 179:Src/main.c    ****   {
 179              		.loc 1 179 3 is_stmt 1 view .LVU49
 179:Src/main.c    ****   {
 180              		.loc 1 179 7 is_stmt 0 view .LVU50
 181 002c FFF7FEFF 		bl	HAL_CAN_Init
 182              	.LVL2:
ARM GAS  C:\cygwin64\tmp\ccUC0W5G.s 			page 9


 184:Src/main.c    ****   TxHeader.ExtId = 0x01;
 183              		.loc 1 184 3 is_stmt 1 view .LVU51
 184:Src/main.c    ****   TxHeader.ExtId = 0x01;
 184              		.loc 1 184 18 is_stmt 0 view .LVU52
 185 0030 074B     		ldr	r3, .L7+8
 186 0032 40F22132 		movw	r2, #801
 187 0036 1A60     		str	r2, [r3]
 185:Src/main.c    ****   TxHeader.RTR = CAN_RTR_DATA;
 188              		.loc 1 185 3 is_stmt 1 view .LVU53
 185:Src/main.c    ****   TxHeader.RTR = CAN_RTR_DATA;
 189              		.loc 1 185 18 is_stmt 0 view .LVU54
 190 0038 5D60     		str	r5, [r3, #4]
 186:Src/main.c    ****   TxHeader.IDE = CAN_ID_STD;
 191              		.loc 1 186 3 is_stmt 1 view .LVU55
 186:Src/main.c    ****   TxHeader.IDE = CAN_ID_STD;
 192              		.loc 1 186 16 is_stmt 0 view .LVU56
 193 003a DC60     		str	r4, [r3, #12]
 187:Src/main.c    ****   TxHeader.DLC = 8;
 194              		.loc 1 187 3 is_stmt 1 view .LVU57
 187:Src/main.c    ****   TxHeader.DLC = 8;
 195              		.loc 1 187 16 is_stmt 0 view .LVU58
 196 003c 9C60     		str	r4, [r3, #8]
 188:Src/main.c    ****   TxHeader.TransmitGlobalTime = DISABLE;
 197              		.loc 1 188 3 is_stmt 1 view .LVU59
 188:Src/main.c    ****   TxHeader.TransmitGlobalTime = DISABLE;
 198              		.loc 1 188 16 is_stmt 0 view .LVU60
 199 003e 0822     		movs	r2, #8
 200 0040 1A61     		str	r2, [r3, #16]
 189:Src/main.c    ****   /* USER CODE END CAN_Init 2 */
 201              		.loc 1 189 3 is_stmt 1 view .LVU61
 189:Src/main.c    ****   /* USER CODE END CAN_Init 2 */
 202              		.loc 1 189 31 is_stmt 0 view .LVU62
 203 0042 1C75     		strb	r4, [r3, #20]
 192:Src/main.c    **** 
 204              		.loc 1 192 1 view .LVU63
 205 0044 38BD     		pop	{r3, r4, r5, pc}
 206              	.L8:
 207 0046 00BF     		.align	2
 208              	.L7:
 209 0048 00000000 		.word	hcan
 210 004c 00640040 		.word	1073767424
 211 0050 00000000 		.word	TxHeader
 212              		.cfi_endproc
 213              	.LFE68:
 215              		.section	.text.MX_USART1_UART_Init,"ax",%progbits
 216              		.align	1
 217              		.syntax unified
 218              		.thumb
 219              		.thumb_func
 220              		.fpu softvfp
 222              	MX_USART1_UART_Init:
 223              	.LFB69:
 200:Src/main.c    **** 
 224              		.loc 1 200 1 is_stmt 1 view -0
 225              		.cfi_startproc
 226              		@ args = 0, pretend = 0, frame = 0
 227              		@ frame_needed = 0, uses_anonymous_args = 0
ARM GAS  C:\cygwin64\tmp\ccUC0W5G.s 			page 10


 228 0000 08B5     		push	{r3, lr}
 229              	.LCFI4:
 230              		.cfi_def_cfa_offset 8
 231              		.cfi_offset 3, -8
 232              		.cfi_offset 14, -4
 209:Src/main.c    ****   huart1.Init.BaudRate = 115200;
 233              		.loc 1 209 3 view .LVU65
 209:Src/main.c    ****   huart1.Init.BaudRate = 115200;
 234              		.loc 1 209 19 is_stmt 0 view .LVU66
 235 0002 0848     		ldr	r0, .L11
 236 0004 084B     		ldr	r3, .L11+4
 237 0006 0360     		str	r3, [r0]
 210:Src/main.c    ****   huart1.Init.WordLength = UART_WORDLENGTH_8B;
 238              		.loc 1 210 3 is_stmt 1 view .LVU67
 210:Src/main.c    ****   huart1.Init.WordLength = UART_WORDLENGTH_8B;
 239              		.loc 1 210 24 is_stmt 0 view .LVU68
 240 0008 4FF4E133 		mov	r3, #115200
 241 000c 4360     		str	r3, [r0, #4]
 211:Src/main.c    ****   huart1.Init.StopBits = UART_STOPBITS_1;
 242              		.loc 1 211 3 is_stmt 1 view .LVU69
 211:Src/main.c    ****   huart1.Init.StopBits = UART_STOPBITS_1;
 243              		.loc 1 211 26 is_stmt 0 view .LVU70
 244 000e 0023     		movs	r3, #0
 245 0010 8360     		str	r3, [r0, #8]
 212:Src/main.c    ****   huart1.Init.Parity = UART_PARITY_NONE;
 246              		.loc 1 212 3 is_stmt 1 view .LVU71
 212:Src/main.c    ****   huart1.Init.Parity = UART_PARITY_NONE;
 247              		.loc 1 212 24 is_stmt 0 view .LVU72
 248 0012 C360     		str	r3, [r0, #12]
 213:Src/main.c    ****   huart1.Init.Mode = UART_MODE_TX_RX;
 249              		.loc 1 213 3 is_stmt 1 view .LVU73
 213:Src/main.c    ****   huart1.Init.Mode = UART_MODE_TX_RX;
 250              		.loc 1 213 22 is_stmt 0 view .LVU74
 251 0014 0361     		str	r3, [r0, #16]
 214:Src/main.c    ****   huart1.Init.HwFlowCtl = UART_HWCONTROL_NONE;
 252              		.loc 1 214 3 is_stmt 1 view .LVU75
 214:Src/main.c    ****   huart1.Init.HwFlowCtl = UART_HWCONTROL_NONE;
 253              		.loc 1 214 20 is_stmt 0 view .LVU76
 254 0016 0C22     		movs	r2, #12
 255 0018 4261     		str	r2, [r0, #20]
 215:Src/main.c    ****   huart1.Init.OverSampling = UART_OVERSAMPLING_16;
 256              		.loc 1 215 3 is_stmt 1 view .LVU77
 215:Src/main.c    ****   huart1.Init.OverSampling = UART_OVERSAMPLING_16;
 257              		.loc 1 215 25 is_stmt 0 view .LVU78
 258 001a 8361     		str	r3, [r0, #24]
 216:Src/main.c    ****   if (HAL_UART_Init(&huart1) != HAL_OK)
 259              		.loc 1 216 3 is_stmt 1 view .LVU79
 216:Src/main.c    ****   if (HAL_UART_Init(&huart1) != HAL_OK)
 260              		.loc 1 216 28 is_stmt 0 view .LVU80
 261 001c C361     		str	r3, [r0, #28]
 217:Src/main.c    ****   {
 262              		.loc 1 217 3 is_stmt 1 view .LVU81
 217:Src/main.c    ****   {
 263              		.loc 1 217 7 is_stmt 0 view .LVU82
 264 001e FFF7FEFF 		bl	HAL_UART_Init
 265              	.LVL3:
 225:Src/main.c    **** 
ARM GAS  C:\cygwin64\tmp\ccUC0W5G.s 			page 11


 266              		.loc 1 225 1 view .LVU83
 267 0022 08BD     		pop	{r3, pc}
 268              	.L12:
 269              		.align	2
 270              	.L11:
 271 0024 00000000 		.word	huart1
 272 0028 00380140 		.word	1073821696
 273              		.cfi_endproc
 274              	.LFE69:
 276              		.section	.text.SystemClock_Config,"ax",%progbits
 277              		.align	1
 278              		.global	SystemClock_Config
 279              		.syntax unified
 280              		.thumb
 281              		.thumb_func
 282              		.fpu softvfp
 284              	SystemClock_Config:
 285              	.LFB67:
 123:Src/main.c    ****   RCC_OscInitTypeDef RCC_OscInitStruct = {0};
 286              		.loc 1 123 1 is_stmt 1 view -0
 287              		.cfi_startproc
 288              		@ args = 0, pretend = 0, frame = 64
 289              		@ frame_needed = 0, uses_anonymous_args = 0
 290 0000 10B5     		push	{r4, lr}
 291              	.LCFI5:
 292              		.cfi_def_cfa_offset 8
 293              		.cfi_offset 4, -8
 294              		.cfi_offset 14, -4
 295 0002 90B0     		sub	sp, sp, #64
 296              	.LCFI6:
 297              		.cfi_def_cfa_offset 72
 124:Src/main.c    ****   RCC_ClkInitTypeDef RCC_ClkInitStruct = {0};
 298              		.loc 1 124 3 view .LVU85
 124:Src/main.c    ****   RCC_ClkInitTypeDef RCC_ClkInitStruct = {0};
 299              		.loc 1 124 22 is_stmt 0 view .LVU86
 300 0004 2422     		movs	r2, #36
 301 0006 0021     		movs	r1, #0
 302 0008 07A8     		add	r0, sp, #28
 303 000a FFF7FEFF 		bl	memset
 304              	.LVL4:
 125:Src/main.c    **** 
 305              		.loc 1 125 3 is_stmt 1 view .LVU87
 125:Src/main.c    **** 
 306              		.loc 1 125 22 is_stmt 0 view .LVU88
 307 000e 0024     		movs	r4, #0
 308 0010 0194     		str	r4, [sp, #4]
 309 0012 0294     		str	r4, [sp, #8]
 310 0014 0394     		str	r4, [sp, #12]
 311 0016 0494     		str	r4, [sp, #16]
 312 0018 0594     		str	r4, [sp, #20]
 129:Src/main.c    ****   RCC_OscInitStruct.HSIState = RCC_HSI_ON;
 313              		.loc 1 129 3 is_stmt 1 view .LVU89
 129:Src/main.c    ****   RCC_OscInitStruct.HSIState = RCC_HSI_ON;
 314              		.loc 1 129 36 is_stmt 0 view .LVU90
 315 001a 0223     		movs	r3, #2
 316 001c 0693     		str	r3, [sp, #24]
 130:Src/main.c    ****   RCC_OscInitStruct.HSICalibrationValue = RCC_HSICALIBRATION_DEFAULT;
ARM GAS  C:\cygwin64\tmp\ccUC0W5G.s 			page 12


 317              		.loc 1 130 3 is_stmt 1 view .LVU91
 130:Src/main.c    ****   RCC_OscInitStruct.HSICalibrationValue = RCC_HSICALIBRATION_DEFAULT;
 318              		.loc 1 130 30 is_stmt 0 view .LVU92
 319 001e 0123     		movs	r3, #1
 320 0020 0A93     		str	r3, [sp, #40]
 131:Src/main.c    ****   RCC_OscInitStruct.PLL.PLLState = RCC_PLL_NONE;
 321              		.loc 1 131 3 is_stmt 1 view .LVU93
 131:Src/main.c    ****   RCC_OscInitStruct.PLL.PLLState = RCC_PLL_NONE;
 322              		.loc 1 131 41 is_stmt 0 view .LVU94
 323 0022 1023     		movs	r3, #16
 324 0024 0B93     		str	r3, [sp, #44]
 132:Src/main.c    ****   if (HAL_RCC_OscConfig(&RCC_OscInitStruct) != HAL_OK)
 325              		.loc 1 132 3 is_stmt 1 view .LVU95
 133:Src/main.c    ****   {
 326              		.loc 1 133 3 view .LVU96
 133:Src/main.c    ****   {
 327              		.loc 1 133 7 is_stmt 0 view .LVU97
 328 0026 06A8     		add	r0, sp, #24
 329 0028 FFF7FEFF 		bl	HAL_RCC_OscConfig
 330              	.LVL5:
 139:Src/main.c    ****                               |RCC_CLOCKTYPE_PCLK1|RCC_CLOCKTYPE_PCLK2;
 331              		.loc 1 139 3 is_stmt 1 view .LVU98
 139:Src/main.c    ****                               |RCC_CLOCKTYPE_PCLK1|RCC_CLOCKTYPE_PCLK2;
 332              		.loc 1 139 31 is_stmt 0 view .LVU99
 333 002c 0F23     		movs	r3, #15
 334 002e 0193     		str	r3, [sp, #4]
 141:Src/main.c    ****   RCC_ClkInitStruct.AHBCLKDivider = RCC_SYSCLK_DIV1;
 335              		.loc 1 141 3 is_stmt 1 view .LVU100
 141:Src/main.c    ****   RCC_ClkInitStruct.AHBCLKDivider = RCC_SYSCLK_DIV1;
 336              		.loc 1 141 34 is_stmt 0 view .LVU101
 337 0030 0294     		str	r4, [sp, #8]
 142:Src/main.c    ****   RCC_ClkInitStruct.APB1CLKDivider = RCC_HCLK_DIV1;
 338              		.loc 1 142 3 is_stmt 1 view .LVU102
 142:Src/main.c    ****   RCC_ClkInitStruct.APB1CLKDivider = RCC_HCLK_DIV1;
 339              		.loc 1 142 35 is_stmt 0 view .LVU103
 340 0032 0394     		str	r4, [sp, #12]
 143:Src/main.c    ****   RCC_ClkInitStruct.APB2CLKDivider = RCC_HCLK_DIV1;
 341              		.loc 1 143 3 is_stmt 1 view .LVU104
 143:Src/main.c    ****   RCC_ClkInitStruct.APB2CLKDivider = RCC_HCLK_DIV1;
 342              		.loc 1 143 36 is_stmt 0 view .LVU105
 343 0034 0494     		str	r4, [sp, #16]
 144:Src/main.c    **** 
 344              		.loc 1 144 3 is_stmt 1 view .LVU106
 144:Src/main.c    **** 
 345              		.loc 1 144 36 is_stmt 0 view .LVU107
 346 0036 0594     		str	r4, [sp, #20]
 146:Src/main.c    ****   {
 347              		.loc 1 146 3 is_stmt 1 view .LVU108
 146:Src/main.c    ****   {
 348              		.loc 1 146 7 is_stmt 0 view .LVU109
 349 0038 2146     		mov	r1, r4
 350 003a 01A8     		add	r0, sp, #4
 351 003c FFF7FEFF 		bl	HAL_RCC_ClockConfig
 352              	.LVL6:
 150:Src/main.c    **** 
 353              		.loc 1 150 1 view .LVU110
 354 0040 10B0     		add	sp, sp, #64
ARM GAS  C:\cygwin64\tmp\ccUC0W5G.s 			page 13


 355              	.LCFI7:
 356              		.cfi_def_cfa_offset 8
 357              		@ sp needed
 358 0042 10BD     		pop	{r4, pc}
 359              		.cfi_endproc
 360              	.LFE67:
 362              		.section	.text.main,"ax",%progbits
 363              		.align	1
 364              		.global	main
 365              		.syntax unified
 366              		.thumb
 367              		.thumb_func
 368              		.fpu softvfp
 370              	main:
 371              	.LFB66:
  76:Src/main.c    ****   /* USER CODE BEGIN 1 */
 372              		.loc 1 76 1 is_stmt 1 view -0
 373              		.cfi_startproc
 374              		@ Volatile: function does not return.
 375              		@ args = 0, pretend = 0, frame = 0
 376              		@ frame_needed = 0, uses_anonymous_args = 0
 377 0000 08B5     		push	{r3, lr}
 378              	.LCFI8:
 379              		.cfi_def_cfa_offset 8
 380              		.cfi_offset 3, -8
 381              		.cfi_offset 14, -4
  84:Src/main.c    **** 
 382              		.loc 1 84 3 view .LVU112
 383 0002 FFF7FEFF 		bl	HAL_Init
 384              	.LVL7:
  91:Src/main.c    **** 
 385              		.loc 1 91 3 view .LVU113
 386 0006 FFF7FEFF 		bl	SystemClock_Config
 387              	.LVL8:
  98:Src/main.c    ****   MX_CAN_Init();
 388              		.loc 1 98 3 view .LVU114
 389 000a FFF7FEFF 		bl	MX_GPIO_Init
 390              	.LVL9:
  99:Src/main.c    ****   MX_USART1_UART_Init();
 391              		.loc 1 99 3 view .LVU115
 392 000e FFF7FEFF 		bl	MX_CAN_Init
 393              	.LVL10:
 100:Src/main.c    ****   /* USER CODE BEGIN 2 */
 394              		.loc 1 100 3 view .LVU116
 395 0012 FFF7FEFF 		bl	MX_USART1_UART_Init
 396              	.LVL11:
 102:Src/main.c    ****   /* USER CODE END 2 */
 397              		.loc 1 102 3 view .LVU117
 398 0016 0C48     		ldr	r0, .L19
 399 0018 FFF7FEFF 		bl	HAL_CAN_Start
 400              	.LVL12:
 401 001c 02E0     		b	.L17
 402              	.L16:
 112:Src/main.c    ****     /* USER CODE BEGIN 3 */
 403              		.loc 1 112 2 view .LVU118
 404 001e 0A20     		movs	r0, #10
 405 0020 FFF7FEFF 		bl	HAL_Delay
ARM GAS  C:\cygwin64\tmp\ccUC0W5G.s 			page 14


 406              	.LVL13:
 407              	.L17:
 107:Src/main.c    ****   {
 408              		.loc 1 107 3 view .LVU119
 110:Src/main.c    **** 	
 409              		.loc 1 110 2 view .LVU120
 110:Src/main.c    **** 	
 410              		.loc 1 110 6 is_stmt 0 view .LVU121
 411 0024 094B     		ldr	r3, .L19+4
 412 0026 0A4A     		ldr	r2, .L19+8
 413 0028 0A49     		ldr	r1, .L19+12
 414 002a 0748     		ldr	r0, .L19
 415 002c FFF7FEFF 		bl	HAL_CAN_AddTxMessage
 416              	.LVL14:
 110:Src/main.c    **** 	
 417              		.loc 1 110 5 view .LVU122
 418 0030 0028     		cmp	r0, #0
 419 0032 F4D1     		bne	.L16
 110:Src/main.c    **** 	
 420              		.loc 1 110 76 is_stmt 1 discriminator 1 view .LVU123
 421 0034 4FF40051 		mov	r1, #8192
 422 0038 00F18040 		add	r0, r0, #1073741824
 423 003c 00F58830 		add	r0, r0, #69632
 424 0040 FFF7FEFF 		bl	HAL_GPIO_TogglePin
 425              	.LVL15:
 426 0044 EBE7     		b	.L16
 427              	.L20:
 428 0046 00BF     		.align	2
 429              	.L19:
 430 0048 00000000 		.word	hcan
 431 004c 00000000 		.word	TxMailbox
 432 0050 00000000 		.word	.LANCHOR0
 433 0054 00000000 		.word	TxHeader
 434              		.cfi_endproc
 435              	.LFE66:
 437              		.section	.text.Error_Handler,"ax",%progbits
 438              		.align	1
 439              		.global	Error_Handler
 440              		.syntax unified
 441              		.thumb
 442              		.thumb_func
 443              		.fpu softvfp
 445              	Error_Handler:
 446              	.LFB71:
 251:Src/main.c    **** 
 252:Src/main.c    **** /* USER CODE BEGIN 4 */
 253:Src/main.c    **** 
 254:Src/main.c    **** /* USER CODE END 4 */
 255:Src/main.c    **** 
 256:Src/main.c    **** /**
 257:Src/main.c    ****   * @brief  This function is executed in case of error occurrence.
 258:Src/main.c    ****   * @retval None
 259:Src/main.c    ****   */
 260:Src/main.c    **** void Error_Handler(void)
 261:Src/main.c    **** {
 447              		.loc 1 261 1 view -0
 448              		.cfi_startproc
ARM GAS  C:\cygwin64\tmp\ccUC0W5G.s 			page 15


 449              		@ args = 0, pretend = 0, frame = 0
 450              		@ frame_needed = 0, uses_anonymous_args = 0
 451              		@ link register save eliminated.
 262:Src/main.c    ****   /* USER CODE BEGIN Error_Handler_Debug */
 263:Src/main.c    ****   /* User can add his own implementation to report the HAL error return state */
 264:Src/main.c    **** 
 265:Src/main.c    ****   /* USER CODE END Error_Handler_Debug */
 266:Src/main.c    **** }
 452              		.loc 1 266 1 view .LVU125
 453 0000 7047     		bx	lr
 454              		.cfi_endproc
 455              	.LFE71:
 457              		.comm	TxMailbox,4,4
 458              		.comm	RxData,8,4
 459              		.global	TxData
 460              		.comm	RxHeader,28,4
 461              		.comm	TxHeader,24,4
 462              		.comm	huart1,64,4
 463              		.comm	hcan,40,4
 464              		.section	.data.TxData,"aw"
 465              		.align	2
 466              		.set	.LANCHOR0,. + 0
 469              	TxData:
 470 0000 55       		.byte	85
 471 0001 55       		.byte	85
 472 0002 55       		.byte	85
 473 0003 55       		.byte	85
 474 0004 55       		.byte	85
 475 0005 55       		.byte	85
 476 0006 55       		.byte	85
 477 0007 55       		.byte	85
 478              		.text
 479              	.Letext0:
 480              		.file 2 "c:\\arm-gcc\\8-2018-q4-major\\arm-none-eabi\\include\\machine\\_default_types.h"
 481              		.file 3 "c:\\arm-gcc\\8-2018-q4-major\\arm-none-eabi\\include\\sys\\_stdint.h"
 482              		.file 4 "Drivers/CMSIS/Include/core_cm3.h"
 483              		.file 5 "Drivers/CMSIS/Device/ST/STM32F1xx/Include/system_stm32f1xx.h"
 484              		.file 6 "Drivers/CMSIS/Device/ST/STM32F1xx/Include/stm32f103xb.h"
 485              		.file 7 "Drivers/CMSIS/Device/ST/STM32F1xx/Include/stm32f1xx.h"
 486              		.file 8 "c:\\arm-gcc\\8-2018-q4-major\\arm-none-eabi\\include\\sys\\lock.h"
 487              		.file 9 "c:\\arm-gcc\\8-2018-q4-major\\arm-none-eabi\\include\\sys\\_types.h"
 488              		.file 10 "c:\\arm-gcc\\8-2018-q4-major\\lib\\gcc\\arm-none-eabi\\8.2.1\\include\\stddef.h"
 489              		.file 11 "c:\\arm-gcc\\8-2018-q4-major\\arm-none-eabi\\include\\sys\\reent.h"
 490              		.file 12 "Drivers/STM32F1xx_HAL_Driver/Inc/stm32f1xx_hal_def.h"
 491              		.file 13 "Drivers/STM32F1xx_HAL_Driver/Inc/stm32f1xx_hal_rcc.h"
 492              		.file 14 "Drivers/STM32F1xx_HAL_Driver/Inc/stm32f1xx_hal_rcc_ex.h"
 493              		.file 15 "Drivers/STM32F1xx_HAL_Driver/Inc/stm32f1xx_hal_gpio.h"
 494              		.file 16 "Drivers/STM32F1xx_HAL_Driver/Inc/stm32f1xx_hal_dma.h"
 495              		.file 17 "Drivers/STM32F1xx_HAL_Driver/Inc/stm32f1xx_hal_can.h"
 496              		.file 18 "Drivers/STM32F1xx_HAL_Driver/Inc/stm32f1xx_hal_uart.h"
 497              		.file 19 "Drivers/STM32F1xx_HAL_Driver/Inc/stm32f1xx_hal.h"
 498              		.file 20 "<built-in>"
ARM GAS  C:\cygwin64\tmp\ccUC0W5G.s 			page 16


DEFINED SYMBOLS
                            *ABS*:00000000 main.c
C:\cygwin64\tmp\ccUC0W5G.s:16     .text.MX_GPIO_Init:00000000 $t
C:\cygwin64\tmp\ccUC0W5G.s:23     .text.MX_GPIO_Init:00000000 MX_GPIO_Init
C:\cygwin64\tmp\ccUC0W5G.s:111    .text.MX_GPIO_Init:00000060 $d
C:\cygwin64\tmp\ccUC0W5G.s:117    .text.MX_CAN_Init:00000000 $t
C:\cygwin64\tmp\ccUC0W5G.s:123    .text.MX_CAN_Init:00000000 MX_CAN_Init
C:\cygwin64\tmp\ccUC0W5G.s:209    .text.MX_CAN_Init:00000048 $d
                            *COM*:00000028 hcan
                            *COM*:00000018 TxHeader
C:\cygwin64\tmp\ccUC0W5G.s:216    .text.MX_USART1_UART_Init:00000000 $t
C:\cygwin64\tmp\ccUC0W5G.s:222    .text.MX_USART1_UART_Init:00000000 MX_USART1_UART_Init
C:\cygwin64\tmp\ccUC0W5G.s:271    .text.MX_USART1_UART_Init:00000024 $d
                            *COM*:00000040 huart1
C:\cygwin64\tmp\ccUC0W5G.s:277    .text.SystemClock_Config:00000000 $t
C:\cygwin64\tmp\ccUC0W5G.s:284    .text.SystemClock_Config:00000000 SystemClock_Config
C:\cygwin64\tmp\ccUC0W5G.s:363    .text.main:00000000 $t
C:\cygwin64\tmp\ccUC0W5G.s:370    .text.main:00000000 main
C:\cygwin64\tmp\ccUC0W5G.s:430    .text.main:00000048 $d
                            *COM*:00000004 TxMailbox
C:\cygwin64\tmp\ccUC0W5G.s:438    .text.Error_Handler:00000000 $t
C:\cygwin64\tmp\ccUC0W5G.s:445    .text.Error_Handler:00000000 Error_Handler
                            *COM*:00000008 RxData
C:\cygwin64\tmp\ccUC0W5G.s:469    .data.TxData:00000000 TxData
                            *COM*:0000001c RxHeader
C:\cygwin64\tmp\ccUC0W5G.s:465    .data.TxData:00000000 $d

UNDEFINED SYMBOLS
HAL_GPIO_WritePin
HAL_GPIO_Init
HAL_CAN_Init
HAL_UART_Init
memset
HAL_RCC_OscConfig
HAL_RCC_ClockConfig
HAL_Init
HAL_CAN_Start
HAL_Delay
HAL_CAN_AddTxMessage
HAL_GPIO_TogglePin
