ARM GAS  C:\cygwin64\tmp\ccJytwz7.s 			page 1


   1              		.cpu cortex-m3
   2              		.eabi_attribute 20, 1
   3              		.eabi_attribute 21, 1
   4              		.eabi_attribute 23, 3
   5              		.eabi_attribute 24, 1
   6              		.eabi_attribute 25, 1
   7              		.eabi_attribute 26, 1
   8              		.eabi_attribute 30, 1
   9              		.eabi_attribute 34, 1
  10              		.eabi_attribute 18, 4
  11              		.file	"stm32f1xx_hal_msp.c"
  12              		.text
  13              	.Ltext0:
  14              		.cfi_sections	.debug_frame
  15              		.section	.text.HAL_MspInit,"ax",%progbits
  16              		.align	1
  17              		.global	HAL_MspInit
  18              		.arch armv7-m
  19              		.syntax unified
  20              		.thumb
  21              		.thumb_func
  22              		.fpu softvfp
  24              	HAL_MspInit:
  25              	.LFB66:
  26              		.file 1 "Src/stm32f1xx_hal_msp.c"
   1:Src/stm32f1xx_hal_msp.c **** /* USER CODE BEGIN Header */
   2:Src/stm32f1xx_hal_msp.c **** /**
   3:Src/stm32f1xx_hal_msp.c ****   ******************************************************************************
   4:Src/stm32f1xx_hal_msp.c ****   * File Name          : stm32f1xx_hal_msp.c
   5:Src/stm32f1xx_hal_msp.c ****   * Description        : This file provides code for the MSP Initialization 
   6:Src/stm32f1xx_hal_msp.c ****   *                      and de-Initialization codes.
   7:Src/stm32f1xx_hal_msp.c ****   ******************************************************************************
   8:Src/stm32f1xx_hal_msp.c ****   * @attention
   9:Src/stm32f1xx_hal_msp.c ****   *
  10:Src/stm32f1xx_hal_msp.c ****   * <h2><center>&copy; Copyright (c) 2019 STMicroelectronics.
  11:Src/stm32f1xx_hal_msp.c ****   * All rights reserved.</center></h2>
  12:Src/stm32f1xx_hal_msp.c ****   *
  13:Src/stm32f1xx_hal_msp.c ****   * This software component is licensed by ST under BSD 3-Clause license,
  14:Src/stm32f1xx_hal_msp.c ****   * the "License"; You may not use this file except in compliance with the
  15:Src/stm32f1xx_hal_msp.c ****   * License. You may obtain a copy of the License at:
  16:Src/stm32f1xx_hal_msp.c ****   *                        opensource.org/licenses/BSD-3-Clause
  17:Src/stm32f1xx_hal_msp.c ****   *
  18:Src/stm32f1xx_hal_msp.c ****   ******************************************************************************
  19:Src/stm32f1xx_hal_msp.c ****   */
  20:Src/stm32f1xx_hal_msp.c **** /* USER CODE END Header */
  21:Src/stm32f1xx_hal_msp.c **** 
  22:Src/stm32f1xx_hal_msp.c **** /* Includes ------------------------------------------------------------------*/
  23:Src/stm32f1xx_hal_msp.c **** #include "main.h"
  24:Src/stm32f1xx_hal_msp.c **** /* USER CODE BEGIN Includes */
  25:Src/stm32f1xx_hal_msp.c **** 
  26:Src/stm32f1xx_hal_msp.c **** /* USER CODE END Includes */
  27:Src/stm32f1xx_hal_msp.c **** 
  28:Src/stm32f1xx_hal_msp.c **** /* Private typedef -----------------------------------------------------------*/
  29:Src/stm32f1xx_hal_msp.c **** /* USER CODE BEGIN TD */
  30:Src/stm32f1xx_hal_msp.c **** 
  31:Src/stm32f1xx_hal_msp.c **** /* USER CODE END TD */
  32:Src/stm32f1xx_hal_msp.c **** 
ARM GAS  C:\cygwin64\tmp\ccJytwz7.s 			page 2


  33:Src/stm32f1xx_hal_msp.c **** /* Private define ------------------------------------------------------------*/
  34:Src/stm32f1xx_hal_msp.c **** /* USER CODE BEGIN Define */
  35:Src/stm32f1xx_hal_msp.c ****  
  36:Src/stm32f1xx_hal_msp.c **** /* USER CODE END Define */
  37:Src/stm32f1xx_hal_msp.c **** 
  38:Src/stm32f1xx_hal_msp.c **** /* Private macro -------------------------------------------------------------*/
  39:Src/stm32f1xx_hal_msp.c **** /* USER CODE BEGIN Macro */
  40:Src/stm32f1xx_hal_msp.c **** 
  41:Src/stm32f1xx_hal_msp.c **** /* USER CODE END Macro */
  42:Src/stm32f1xx_hal_msp.c **** 
  43:Src/stm32f1xx_hal_msp.c **** /* Private variables ---------------------------------------------------------*/
  44:Src/stm32f1xx_hal_msp.c **** /* USER CODE BEGIN PV */
  45:Src/stm32f1xx_hal_msp.c **** 
  46:Src/stm32f1xx_hal_msp.c **** /* USER CODE END PV */
  47:Src/stm32f1xx_hal_msp.c **** 
  48:Src/stm32f1xx_hal_msp.c **** /* Private function prototypes -----------------------------------------------*/
  49:Src/stm32f1xx_hal_msp.c **** /* USER CODE BEGIN PFP */
  50:Src/stm32f1xx_hal_msp.c **** 
  51:Src/stm32f1xx_hal_msp.c **** /* USER CODE END PFP */
  52:Src/stm32f1xx_hal_msp.c **** 
  53:Src/stm32f1xx_hal_msp.c **** /* External functions --------------------------------------------------------*/
  54:Src/stm32f1xx_hal_msp.c **** /* USER CODE BEGIN ExternalFunctions */
  55:Src/stm32f1xx_hal_msp.c **** 
  56:Src/stm32f1xx_hal_msp.c **** /* USER CODE END ExternalFunctions */
  57:Src/stm32f1xx_hal_msp.c **** 
  58:Src/stm32f1xx_hal_msp.c **** /* USER CODE BEGIN 0 */
  59:Src/stm32f1xx_hal_msp.c **** 
  60:Src/stm32f1xx_hal_msp.c **** /* USER CODE END 0 */
  61:Src/stm32f1xx_hal_msp.c **** /**
  62:Src/stm32f1xx_hal_msp.c ****   * Initializes the Global MSP.
  63:Src/stm32f1xx_hal_msp.c ****   */
  64:Src/stm32f1xx_hal_msp.c **** void HAL_MspInit(void)
  65:Src/stm32f1xx_hal_msp.c **** {
  27              		.loc 1 65 1 view -0
  28              		.cfi_startproc
  29              		@ args = 0, pretend = 0, frame = 8
  30              		@ frame_needed = 0, uses_anonymous_args = 0
  31              		@ link register save eliminated.
  32 0000 82B0     		sub	sp, sp, #8
  33              	.LCFI0:
  34              		.cfi_def_cfa_offset 8
  66:Src/stm32f1xx_hal_msp.c ****   /* USER CODE BEGIN MspInit 0 */
  67:Src/stm32f1xx_hal_msp.c **** 
  68:Src/stm32f1xx_hal_msp.c ****   /* USER CODE END MspInit 0 */
  69:Src/stm32f1xx_hal_msp.c **** 
  70:Src/stm32f1xx_hal_msp.c ****   __HAL_RCC_AFIO_CLK_ENABLE();
  35              		.loc 1 70 3 view .LVU1
  36              	.LBB2:
  37              		.loc 1 70 3 view .LVU2
  38              		.loc 1 70 3 view .LVU3
  39 0002 0E4B     		ldr	r3, .L3
  40 0004 9A69     		ldr	r2, [r3, #24]
  41 0006 42F00102 		orr	r2, r2, #1
  42 000a 9A61     		str	r2, [r3, #24]
  43              		.loc 1 70 3 view .LVU4
  44 000c 9A69     		ldr	r2, [r3, #24]
  45 000e 02F00102 		and	r2, r2, #1
ARM GAS  C:\cygwin64\tmp\ccJytwz7.s 			page 3


  46 0012 0092     		str	r2, [sp]
  47              		.loc 1 70 3 view .LVU5
  48 0014 009A     		ldr	r2, [sp]
  49              	.LBE2:
  71:Src/stm32f1xx_hal_msp.c ****   __HAL_RCC_PWR_CLK_ENABLE();
  50              		.loc 1 71 3 view .LVU6
  51              	.LBB3:
  52              		.loc 1 71 3 view .LVU7
  53              		.loc 1 71 3 view .LVU8
  54 0016 DA69     		ldr	r2, [r3, #28]
  55 0018 42F08052 		orr	r2, r2, #268435456
  56 001c DA61     		str	r2, [r3, #28]
  57              		.loc 1 71 3 view .LVU9
  58 001e DB69     		ldr	r3, [r3, #28]
  59 0020 03F08053 		and	r3, r3, #268435456
  60 0024 0193     		str	r3, [sp, #4]
  61              		.loc 1 71 3 view .LVU10
  62 0026 019B     		ldr	r3, [sp, #4]
  63              	.LBE3:
  72:Src/stm32f1xx_hal_msp.c **** 
  73:Src/stm32f1xx_hal_msp.c ****   /* System interrupt init*/
  74:Src/stm32f1xx_hal_msp.c **** 
  75:Src/stm32f1xx_hal_msp.c ****   /** DISABLE: JTAG-DP Disabled and SW-DP Disabled 
  76:Src/stm32f1xx_hal_msp.c ****   */
  77:Src/stm32f1xx_hal_msp.c ****   __HAL_AFIO_REMAP_SWJ_DISABLE();
  64              		.loc 1 77 3 view .LVU11
  65              	.LBB4:
  66              		.loc 1 77 3 view .LVU12
  67 0028 054A     		ldr	r2, .L3+4
  68 002a 5368     		ldr	r3, [r2, #4]
  69              	.LVL0:
  70              		.loc 1 77 3 view .LVU13
  71 002c 23F0E063 		bic	r3, r3, #117440512
  72              	.LVL1:
  73              		.loc 1 77 3 view .LVU14
  74 0030 43F08063 		orr	r3, r3, #67108864
  75              	.LVL2:
  76              		.loc 1 77 3 view .LVU15
  77 0034 5360     		str	r3, [r2, #4]
  78              	.LBE4:
  78:Src/stm32f1xx_hal_msp.c **** 
  79:Src/stm32f1xx_hal_msp.c ****   /* USER CODE BEGIN MspInit 1 */
  80:Src/stm32f1xx_hal_msp.c **** 
  81:Src/stm32f1xx_hal_msp.c ****   /* USER CODE END MspInit 1 */
  82:Src/stm32f1xx_hal_msp.c **** }
  79              		.loc 1 82 1 is_stmt 0 view .LVU16
  80 0036 02B0     		add	sp, sp, #8
  81              	.LCFI1:
  82              		.cfi_def_cfa_offset 0
  83              		@ sp needed
  84 0038 7047     		bx	lr
  85              	.L4:
  86 003a 00BF     		.align	2
  87              	.L3:
  88 003c 00100240 		.word	1073876992
  89 0040 00000140 		.word	1073807360
  90              		.cfi_endproc
ARM GAS  C:\cygwin64\tmp\ccJytwz7.s 			page 4


  91              	.LFE66:
  93              		.section	.text.HAL_CAN_MspInit,"ax",%progbits
  94              		.align	1
  95              		.global	HAL_CAN_MspInit
  96              		.syntax unified
  97              		.thumb
  98              		.thumb_func
  99              		.fpu softvfp
 101              	HAL_CAN_MspInit:
 102              	.LVL3:
 103              	.LFB67:
  83:Src/stm32f1xx_hal_msp.c **** 
  84:Src/stm32f1xx_hal_msp.c **** /**
  85:Src/stm32f1xx_hal_msp.c **** * @brief CAN MSP Initialization
  86:Src/stm32f1xx_hal_msp.c **** * This function configures the hardware resources used in this example
  87:Src/stm32f1xx_hal_msp.c **** * @param hcan: CAN handle pointer
  88:Src/stm32f1xx_hal_msp.c **** * @retval None
  89:Src/stm32f1xx_hal_msp.c **** */
  90:Src/stm32f1xx_hal_msp.c **** void HAL_CAN_MspInit(CAN_HandleTypeDef* hcan)
  91:Src/stm32f1xx_hal_msp.c **** {
 104              		.loc 1 91 1 is_stmt 1 view -0
 105              		.cfi_startproc
 106              		@ args = 0, pretend = 0, frame = 24
 107              		@ frame_needed = 0, uses_anonymous_args = 0
 108              		.loc 1 91 1 is_stmt 0 view .LVU18
 109 0000 10B5     		push	{r4, lr}
 110              	.LCFI2:
 111              		.cfi_def_cfa_offset 8
 112              		.cfi_offset 4, -8
 113              		.cfi_offset 14, -4
 114 0002 86B0     		sub	sp, sp, #24
 115              	.LCFI3:
 116              		.cfi_def_cfa_offset 32
  92:Src/stm32f1xx_hal_msp.c ****   GPIO_InitTypeDef GPIO_InitStruct = {0};
 117              		.loc 1 92 3 is_stmt 1 view .LVU19
 118              		.loc 1 92 20 is_stmt 0 view .LVU20
 119 0004 0023     		movs	r3, #0
 120 0006 0293     		str	r3, [sp, #8]
 121 0008 0393     		str	r3, [sp, #12]
 122 000a 0493     		str	r3, [sp, #16]
 123 000c 0593     		str	r3, [sp, #20]
  93:Src/stm32f1xx_hal_msp.c ****   if(hcan->Instance==CAN1)
 124              		.loc 1 93 3 is_stmt 1 view .LVU21
 125              		.loc 1 93 10 is_stmt 0 view .LVU22
 126 000e 0268     		ldr	r2, [r0]
 127              		.loc 1 93 5 view .LVU23
 128 0010 164B     		ldr	r3, .L9
 129 0012 9A42     		cmp	r2, r3
 130 0014 01D0     		beq	.L8
 131              	.LVL4:
 132              	.L5:
  94:Src/stm32f1xx_hal_msp.c ****   {
  95:Src/stm32f1xx_hal_msp.c ****   /* USER CODE BEGIN CAN1_MspInit 0 */
  96:Src/stm32f1xx_hal_msp.c **** 
  97:Src/stm32f1xx_hal_msp.c ****   /* USER CODE END CAN1_MspInit 0 */
  98:Src/stm32f1xx_hal_msp.c ****     /* Peripheral clock enable */
  99:Src/stm32f1xx_hal_msp.c ****     __HAL_RCC_CAN1_CLK_ENABLE();
ARM GAS  C:\cygwin64\tmp\ccJytwz7.s 			page 5


 100:Src/stm32f1xx_hal_msp.c ****   
 101:Src/stm32f1xx_hal_msp.c ****     __HAL_RCC_GPIOA_CLK_ENABLE();
 102:Src/stm32f1xx_hal_msp.c ****     /**CAN GPIO Configuration    
 103:Src/stm32f1xx_hal_msp.c ****     PA11     ------> CAN_RX
 104:Src/stm32f1xx_hal_msp.c ****     PA12     ------> CAN_TX 
 105:Src/stm32f1xx_hal_msp.c ****     */
 106:Src/stm32f1xx_hal_msp.c ****     GPIO_InitStruct.Pin = GPIO_PIN_11;
 107:Src/stm32f1xx_hal_msp.c ****     GPIO_InitStruct.Mode = GPIO_MODE_INPUT;
 108:Src/stm32f1xx_hal_msp.c ****     GPIO_InitStruct.Pull = GPIO_NOPULL;
 109:Src/stm32f1xx_hal_msp.c ****     HAL_GPIO_Init(GPIOA, &GPIO_InitStruct);
 110:Src/stm32f1xx_hal_msp.c **** 
 111:Src/stm32f1xx_hal_msp.c ****     GPIO_InitStruct.Pin = GPIO_PIN_12;
 112:Src/stm32f1xx_hal_msp.c ****     GPIO_InitStruct.Mode = GPIO_MODE_AF_PP;
 113:Src/stm32f1xx_hal_msp.c ****     GPIO_InitStruct.Speed = GPIO_SPEED_FREQ_HIGH;
 114:Src/stm32f1xx_hal_msp.c ****     HAL_GPIO_Init(GPIOA, &GPIO_InitStruct);
 115:Src/stm32f1xx_hal_msp.c **** 
 116:Src/stm32f1xx_hal_msp.c ****   /* USER CODE BEGIN CAN1_MspInit 1 */
 117:Src/stm32f1xx_hal_msp.c **** 
 118:Src/stm32f1xx_hal_msp.c ****   /* USER CODE END CAN1_MspInit 1 */
 119:Src/stm32f1xx_hal_msp.c ****   }
 120:Src/stm32f1xx_hal_msp.c **** 
 121:Src/stm32f1xx_hal_msp.c **** }
 133              		.loc 1 121 1 view .LVU24
 134 0016 06B0     		add	sp, sp, #24
 135              	.LCFI4:
 136              		.cfi_remember_state
 137              		.cfi_def_cfa_offset 8
 138              		@ sp needed
 139 0018 10BD     		pop	{r4, pc}
 140              	.LVL5:
 141              	.L8:
 142              	.LCFI5:
 143              		.cfi_restore_state
  99:Src/stm32f1xx_hal_msp.c ****   
 144              		.loc 1 99 5 is_stmt 1 view .LVU25
 145              	.LBB5:
  99:Src/stm32f1xx_hal_msp.c ****   
 146              		.loc 1 99 5 view .LVU26
  99:Src/stm32f1xx_hal_msp.c ****   
 147              		.loc 1 99 5 view .LVU27
 148 001a 03F5D633 		add	r3, r3, #109568
 149 001e DA69     		ldr	r2, [r3, #28]
 150 0020 42F00072 		orr	r2, r2, #33554432
 151 0024 DA61     		str	r2, [r3, #28]
  99:Src/stm32f1xx_hal_msp.c ****   
 152              		.loc 1 99 5 view .LVU28
 153 0026 DA69     		ldr	r2, [r3, #28]
 154 0028 02F00072 		and	r2, r2, #33554432
 155 002c 0092     		str	r2, [sp]
  99:Src/stm32f1xx_hal_msp.c ****   
 156              		.loc 1 99 5 view .LVU29
 157 002e 009A     		ldr	r2, [sp]
 158              	.LBE5:
 101:Src/stm32f1xx_hal_msp.c ****     /**CAN GPIO Configuration    
 159              		.loc 1 101 5 view .LVU30
 160              	.LBB6:
 101:Src/stm32f1xx_hal_msp.c ****     /**CAN GPIO Configuration    
ARM GAS  C:\cygwin64\tmp\ccJytwz7.s 			page 6


 161              		.loc 1 101 5 view .LVU31
 101:Src/stm32f1xx_hal_msp.c ****     /**CAN GPIO Configuration    
 162              		.loc 1 101 5 view .LVU32
 163 0030 9A69     		ldr	r2, [r3, #24]
 164 0032 42F00402 		orr	r2, r2, #4
 165 0036 9A61     		str	r2, [r3, #24]
 101:Src/stm32f1xx_hal_msp.c ****     /**CAN GPIO Configuration    
 166              		.loc 1 101 5 view .LVU33
 167 0038 9B69     		ldr	r3, [r3, #24]
 168 003a 03F00403 		and	r3, r3, #4
 169 003e 0193     		str	r3, [sp, #4]
 101:Src/stm32f1xx_hal_msp.c ****     /**CAN GPIO Configuration    
 170              		.loc 1 101 5 view .LVU34
 171 0040 019B     		ldr	r3, [sp, #4]
 172              	.LBE6:
 106:Src/stm32f1xx_hal_msp.c ****     GPIO_InitStruct.Mode = GPIO_MODE_INPUT;
 173              		.loc 1 106 5 view .LVU35
 106:Src/stm32f1xx_hal_msp.c ****     GPIO_InitStruct.Mode = GPIO_MODE_INPUT;
 174              		.loc 1 106 25 is_stmt 0 view .LVU36
 175 0042 4FF40063 		mov	r3, #2048
 176 0046 0293     		str	r3, [sp, #8]
 107:Src/stm32f1xx_hal_msp.c ****     GPIO_InitStruct.Pull = GPIO_NOPULL;
 177              		.loc 1 107 5 is_stmt 1 view .LVU37
 108:Src/stm32f1xx_hal_msp.c ****     HAL_GPIO_Init(GPIOA, &GPIO_InitStruct);
 178              		.loc 1 108 5 view .LVU38
 109:Src/stm32f1xx_hal_msp.c **** 
 179              		.loc 1 109 5 view .LVU39
 180 0048 094C     		ldr	r4, .L9+4
 181 004a 02A9     		add	r1, sp, #8
 182 004c 2046     		mov	r0, r4
 183              	.LVL6:
 109:Src/stm32f1xx_hal_msp.c **** 
 184              		.loc 1 109 5 is_stmt 0 view .LVU40
 185 004e FFF7FEFF 		bl	HAL_GPIO_Init
 186              	.LVL7:
 111:Src/stm32f1xx_hal_msp.c ****     GPIO_InitStruct.Mode = GPIO_MODE_AF_PP;
 187              		.loc 1 111 5 is_stmt 1 view .LVU41
 111:Src/stm32f1xx_hal_msp.c ****     GPIO_InitStruct.Mode = GPIO_MODE_AF_PP;
 188              		.loc 1 111 25 is_stmt 0 view .LVU42
 189 0052 4FF48053 		mov	r3, #4096
 190 0056 0293     		str	r3, [sp, #8]
 112:Src/stm32f1xx_hal_msp.c ****     GPIO_InitStruct.Speed = GPIO_SPEED_FREQ_HIGH;
 191              		.loc 1 112 5 is_stmt 1 view .LVU43
 112:Src/stm32f1xx_hal_msp.c ****     GPIO_InitStruct.Speed = GPIO_SPEED_FREQ_HIGH;
 192              		.loc 1 112 26 is_stmt 0 view .LVU44
 193 0058 0223     		movs	r3, #2
 194 005a 0393     		str	r3, [sp, #12]
 113:Src/stm32f1xx_hal_msp.c ****     HAL_GPIO_Init(GPIOA, &GPIO_InitStruct);
 195              		.loc 1 113 5 is_stmt 1 view .LVU45
 113:Src/stm32f1xx_hal_msp.c ****     HAL_GPIO_Init(GPIOA, &GPIO_InitStruct);
 196              		.loc 1 113 27 is_stmt 0 view .LVU46
 197 005c 0323     		movs	r3, #3
 198 005e 0593     		str	r3, [sp, #20]
 114:Src/stm32f1xx_hal_msp.c **** 
 199              		.loc 1 114 5 is_stmt 1 view .LVU47
 200 0060 02A9     		add	r1, sp, #8
 201 0062 2046     		mov	r0, r4
ARM GAS  C:\cygwin64\tmp\ccJytwz7.s 			page 7


 202 0064 FFF7FEFF 		bl	HAL_GPIO_Init
 203              	.LVL8:
 204              		.loc 1 121 1 is_stmt 0 view .LVU48
 205 0068 D5E7     		b	.L5
 206              	.L10:
 207 006a 00BF     		.align	2
 208              	.L9:
 209 006c 00640040 		.word	1073767424
 210 0070 00080140 		.word	1073809408
 211              		.cfi_endproc
 212              	.LFE67:
 214              		.section	.text.HAL_CAN_MspDeInit,"ax",%progbits
 215              		.align	1
 216              		.global	HAL_CAN_MspDeInit
 217              		.syntax unified
 218              		.thumb
 219              		.thumb_func
 220              		.fpu softvfp
 222              	HAL_CAN_MspDeInit:
 223              	.LVL9:
 224              	.LFB68:
 122:Src/stm32f1xx_hal_msp.c **** 
 123:Src/stm32f1xx_hal_msp.c **** /**
 124:Src/stm32f1xx_hal_msp.c **** * @brief CAN MSP De-Initialization
 125:Src/stm32f1xx_hal_msp.c **** * This function freeze the hardware resources used in this example
 126:Src/stm32f1xx_hal_msp.c **** * @param hcan: CAN handle pointer
 127:Src/stm32f1xx_hal_msp.c **** * @retval None
 128:Src/stm32f1xx_hal_msp.c **** */
 129:Src/stm32f1xx_hal_msp.c **** void HAL_CAN_MspDeInit(CAN_HandleTypeDef* hcan)
 130:Src/stm32f1xx_hal_msp.c **** {
 225              		.loc 1 130 1 is_stmt 1 view -0
 226              		.cfi_startproc
 227              		@ args = 0, pretend = 0, frame = 0
 228              		@ frame_needed = 0, uses_anonymous_args = 0
 229              		.loc 1 130 1 is_stmt 0 view .LVU50
 230 0000 08B5     		push	{r3, lr}
 231              	.LCFI6:
 232              		.cfi_def_cfa_offset 8
 233              		.cfi_offset 3, -8
 234              		.cfi_offset 14, -4
 131:Src/stm32f1xx_hal_msp.c ****   if(hcan->Instance==CAN1)
 235              		.loc 1 131 3 is_stmt 1 view .LVU51
 236              		.loc 1 131 10 is_stmt 0 view .LVU52
 237 0002 0268     		ldr	r2, [r0]
 238              		.loc 1 131 5 view .LVU53
 239 0004 074B     		ldr	r3, .L15
 240 0006 9A42     		cmp	r2, r3
 241 0008 00D0     		beq	.L14
 242              	.LVL10:
 243              	.L11:
 132:Src/stm32f1xx_hal_msp.c ****   {
 133:Src/stm32f1xx_hal_msp.c ****   /* USER CODE BEGIN CAN1_MspDeInit 0 */
 134:Src/stm32f1xx_hal_msp.c **** 
 135:Src/stm32f1xx_hal_msp.c ****   /* USER CODE END CAN1_MspDeInit 0 */
 136:Src/stm32f1xx_hal_msp.c ****     /* Peripheral clock disable */
 137:Src/stm32f1xx_hal_msp.c ****     __HAL_RCC_CAN1_CLK_DISABLE();
 138:Src/stm32f1xx_hal_msp.c ****   
ARM GAS  C:\cygwin64\tmp\ccJytwz7.s 			page 8


 139:Src/stm32f1xx_hal_msp.c ****     /**CAN GPIO Configuration    
 140:Src/stm32f1xx_hal_msp.c ****     PA11     ------> CAN_RX
 141:Src/stm32f1xx_hal_msp.c ****     PA12     ------> CAN_TX 
 142:Src/stm32f1xx_hal_msp.c ****     */
 143:Src/stm32f1xx_hal_msp.c ****     HAL_GPIO_DeInit(GPIOA, GPIO_PIN_11|GPIO_PIN_12);
 144:Src/stm32f1xx_hal_msp.c **** 
 145:Src/stm32f1xx_hal_msp.c ****   /* USER CODE BEGIN CAN1_MspDeInit 1 */
 146:Src/stm32f1xx_hal_msp.c **** 
 147:Src/stm32f1xx_hal_msp.c ****   /* USER CODE END CAN1_MspDeInit 1 */
 148:Src/stm32f1xx_hal_msp.c ****   }
 149:Src/stm32f1xx_hal_msp.c **** 
 150:Src/stm32f1xx_hal_msp.c **** }
 244              		.loc 1 150 1 view .LVU54
 245 000a 08BD     		pop	{r3, pc}
 246              	.LVL11:
 247              	.L14:
 137:Src/stm32f1xx_hal_msp.c ****   
 248              		.loc 1 137 5 is_stmt 1 view .LVU55
 249 000c 064A     		ldr	r2, .L15+4
 250 000e D369     		ldr	r3, [r2, #28]
 251 0010 23F00073 		bic	r3, r3, #33554432
 252 0014 D361     		str	r3, [r2, #28]
 143:Src/stm32f1xx_hal_msp.c **** 
 253              		.loc 1 143 5 view .LVU56
 254 0016 4FF4C051 		mov	r1, #6144
 255 001a 0448     		ldr	r0, .L15+8
 256              	.LVL12:
 143:Src/stm32f1xx_hal_msp.c **** 
 257              		.loc 1 143 5 is_stmt 0 view .LVU57
 258 001c FFF7FEFF 		bl	HAL_GPIO_DeInit
 259              	.LVL13:
 260              		.loc 1 150 1 view .LVU58
 261 0020 F3E7     		b	.L11
 262              	.L16:
 263 0022 00BF     		.align	2
 264              	.L15:
 265 0024 00640040 		.word	1073767424
 266 0028 00100240 		.word	1073876992
 267 002c 00080140 		.word	1073809408
 268              		.cfi_endproc
 269              	.LFE68:
 271              		.section	.text.HAL_UART_MspInit,"ax",%progbits
 272              		.align	1
 273              		.global	HAL_UART_MspInit
 274              		.syntax unified
 275              		.thumb
 276              		.thumb_func
 277              		.fpu softvfp
 279              	HAL_UART_MspInit:
 280              	.LVL14:
 281              	.LFB69:
 151:Src/stm32f1xx_hal_msp.c **** 
 152:Src/stm32f1xx_hal_msp.c **** /**
 153:Src/stm32f1xx_hal_msp.c **** * @brief UART MSP Initialization
 154:Src/stm32f1xx_hal_msp.c **** * This function configures the hardware resources used in this example
 155:Src/stm32f1xx_hal_msp.c **** * @param huart: UART handle pointer
 156:Src/stm32f1xx_hal_msp.c **** * @retval None
ARM GAS  C:\cygwin64\tmp\ccJytwz7.s 			page 9


 157:Src/stm32f1xx_hal_msp.c **** */
 158:Src/stm32f1xx_hal_msp.c **** void HAL_UART_MspInit(UART_HandleTypeDef* huart)
 159:Src/stm32f1xx_hal_msp.c **** {
 282              		.loc 1 159 1 is_stmt 1 view -0
 283              		.cfi_startproc
 284              		@ args = 0, pretend = 0, frame = 24
 285              		@ frame_needed = 0, uses_anonymous_args = 0
 286              		.loc 1 159 1 is_stmt 0 view .LVU60
 287 0000 10B5     		push	{r4, lr}
 288              	.LCFI7:
 289              		.cfi_def_cfa_offset 8
 290              		.cfi_offset 4, -8
 291              		.cfi_offset 14, -4
 292 0002 86B0     		sub	sp, sp, #24
 293              	.LCFI8:
 294              		.cfi_def_cfa_offset 32
 160:Src/stm32f1xx_hal_msp.c ****   GPIO_InitTypeDef GPIO_InitStruct = {0};
 295              		.loc 1 160 3 is_stmt 1 view .LVU61
 296              		.loc 1 160 20 is_stmt 0 view .LVU62
 297 0004 0023     		movs	r3, #0
 298 0006 0293     		str	r3, [sp, #8]
 299 0008 0393     		str	r3, [sp, #12]
 300 000a 0493     		str	r3, [sp, #16]
 301 000c 0593     		str	r3, [sp, #20]
 161:Src/stm32f1xx_hal_msp.c ****   if(huart->Instance==USART1)
 302              		.loc 1 161 3 is_stmt 1 view .LVU63
 303              		.loc 1 161 11 is_stmt 0 view .LVU64
 304 000e 0268     		ldr	r2, [r0]
 305              		.loc 1 161 5 view .LVU65
 306 0010 174B     		ldr	r3, .L21
 307 0012 9A42     		cmp	r2, r3
 308 0014 01D0     		beq	.L20
 309              	.LVL15:
 310              	.L17:
 162:Src/stm32f1xx_hal_msp.c ****   {
 163:Src/stm32f1xx_hal_msp.c ****   /* USER CODE BEGIN USART1_MspInit 0 */
 164:Src/stm32f1xx_hal_msp.c **** 
 165:Src/stm32f1xx_hal_msp.c ****   /* USER CODE END USART1_MspInit 0 */
 166:Src/stm32f1xx_hal_msp.c ****     /* Peripheral clock enable */
 167:Src/stm32f1xx_hal_msp.c ****     __HAL_RCC_USART1_CLK_ENABLE();
 168:Src/stm32f1xx_hal_msp.c ****   
 169:Src/stm32f1xx_hal_msp.c ****     __HAL_RCC_GPIOA_CLK_ENABLE();
 170:Src/stm32f1xx_hal_msp.c ****     /**USART1 GPIO Configuration    
 171:Src/stm32f1xx_hal_msp.c ****     PA9     ------> USART1_TX
 172:Src/stm32f1xx_hal_msp.c ****     PA10     ------> USART1_RX 
 173:Src/stm32f1xx_hal_msp.c ****     */
 174:Src/stm32f1xx_hal_msp.c ****     GPIO_InitStruct.Pin = GPIO_PIN_9;
 175:Src/stm32f1xx_hal_msp.c ****     GPIO_InitStruct.Mode = GPIO_MODE_AF_PP;
 176:Src/stm32f1xx_hal_msp.c ****     GPIO_InitStruct.Speed = GPIO_SPEED_FREQ_HIGH;
 177:Src/stm32f1xx_hal_msp.c ****     HAL_GPIO_Init(GPIOA, &GPIO_InitStruct);
 178:Src/stm32f1xx_hal_msp.c **** 
 179:Src/stm32f1xx_hal_msp.c ****     GPIO_InitStruct.Pin = GPIO_PIN_10;
 180:Src/stm32f1xx_hal_msp.c ****     GPIO_InitStruct.Mode = GPIO_MODE_INPUT;
 181:Src/stm32f1xx_hal_msp.c ****     GPIO_InitStruct.Pull = GPIO_NOPULL;
 182:Src/stm32f1xx_hal_msp.c ****     HAL_GPIO_Init(GPIOA, &GPIO_InitStruct);
 183:Src/stm32f1xx_hal_msp.c **** 
 184:Src/stm32f1xx_hal_msp.c ****   /* USER CODE BEGIN USART1_MspInit 1 */
ARM GAS  C:\cygwin64\tmp\ccJytwz7.s 			page 10


 185:Src/stm32f1xx_hal_msp.c **** 
 186:Src/stm32f1xx_hal_msp.c ****   /* USER CODE END USART1_MspInit 1 */
 187:Src/stm32f1xx_hal_msp.c ****   }
 188:Src/stm32f1xx_hal_msp.c **** 
 189:Src/stm32f1xx_hal_msp.c **** }
 311              		.loc 1 189 1 view .LVU66
 312 0016 06B0     		add	sp, sp, #24
 313              	.LCFI9:
 314              		.cfi_remember_state
 315              		.cfi_def_cfa_offset 8
 316              		@ sp needed
 317 0018 10BD     		pop	{r4, pc}
 318              	.LVL16:
 319              	.L20:
 320              	.LCFI10:
 321              		.cfi_restore_state
 167:Src/stm32f1xx_hal_msp.c ****   
 322              		.loc 1 167 5 is_stmt 1 view .LVU67
 323              	.LBB7:
 167:Src/stm32f1xx_hal_msp.c ****   
 324              		.loc 1 167 5 view .LVU68
 167:Src/stm32f1xx_hal_msp.c ****   
 325              		.loc 1 167 5 view .LVU69
 326 001a 03F55843 		add	r3, r3, #55296
 327 001e 9A69     		ldr	r2, [r3, #24]
 328 0020 42F48042 		orr	r2, r2, #16384
 329 0024 9A61     		str	r2, [r3, #24]
 167:Src/stm32f1xx_hal_msp.c ****   
 330              		.loc 1 167 5 view .LVU70
 331 0026 9A69     		ldr	r2, [r3, #24]
 332 0028 02F48042 		and	r2, r2, #16384
 333 002c 0092     		str	r2, [sp]
 167:Src/stm32f1xx_hal_msp.c ****   
 334              		.loc 1 167 5 view .LVU71
 335 002e 009A     		ldr	r2, [sp]
 336              	.LBE7:
 169:Src/stm32f1xx_hal_msp.c ****     /**USART1 GPIO Configuration    
 337              		.loc 1 169 5 view .LVU72
 338              	.LBB8:
 169:Src/stm32f1xx_hal_msp.c ****     /**USART1 GPIO Configuration    
 339              		.loc 1 169 5 view .LVU73
 169:Src/stm32f1xx_hal_msp.c ****     /**USART1 GPIO Configuration    
 340              		.loc 1 169 5 view .LVU74
 341 0030 9A69     		ldr	r2, [r3, #24]
 342 0032 42F00402 		orr	r2, r2, #4
 343 0036 9A61     		str	r2, [r3, #24]
 169:Src/stm32f1xx_hal_msp.c ****     /**USART1 GPIO Configuration    
 344              		.loc 1 169 5 view .LVU75
 345 0038 9B69     		ldr	r3, [r3, #24]
 346 003a 03F00403 		and	r3, r3, #4
 347 003e 0193     		str	r3, [sp, #4]
 169:Src/stm32f1xx_hal_msp.c ****     /**USART1 GPIO Configuration    
 348              		.loc 1 169 5 view .LVU76
 349 0040 019B     		ldr	r3, [sp, #4]
 350              	.LBE8:
 174:Src/stm32f1xx_hal_msp.c ****     GPIO_InitStruct.Mode = GPIO_MODE_AF_PP;
 351              		.loc 1 174 5 view .LVU77
ARM GAS  C:\cygwin64\tmp\ccJytwz7.s 			page 11


 174:Src/stm32f1xx_hal_msp.c ****     GPIO_InitStruct.Mode = GPIO_MODE_AF_PP;
 352              		.loc 1 174 25 is_stmt 0 view .LVU78
 353 0042 4FF40073 		mov	r3, #512
 354 0046 0293     		str	r3, [sp, #8]
 175:Src/stm32f1xx_hal_msp.c ****     GPIO_InitStruct.Speed = GPIO_SPEED_FREQ_HIGH;
 355              		.loc 1 175 5 is_stmt 1 view .LVU79
 175:Src/stm32f1xx_hal_msp.c ****     GPIO_InitStruct.Speed = GPIO_SPEED_FREQ_HIGH;
 356              		.loc 1 175 26 is_stmt 0 view .LVU80
 357 0048 0223     		movs	r3, #2
 358 004a 0393     		str	r3, [sp, #12]
 176:Src/stm32f1xx_hal_msp.c ****     HAL_GPIO_Init(GPIOA, &GPIO_InitStruct);
 359              		.loc 1 176 5 is_stmt 1 view .LVU81
 176:Src/stm32f1xx_hal_msp.c ****     HAL_GPIO_Init(GPIOA, &GPIO_InitStruct);
 360              		.loc 1 176 27 is_stmt 0 view .LVU82
 361 004c 0323     		movs	r3, #3
 362 004e 0593     		str	r3, [sp, #20]
 177:Src/stm32f1xx_hal_msp.c **** 
 363              		.loc 1 177 5 is_stmt 1 view .LVU83
 364 0050 084C     		ldr	r4, .L21+4
 365 0052 02A9     		add	r1, sp, #8
 366 0054 2046     		mov	r0, r4
 367              	.LVL17:
 177:Src/stm32f1xx_hal_msp.c **** 
 368              		.loc 1 177 5 is_stmt 0 view .LVU84
 369 0056 FFF7FEFF 		bl	HAL_GPIO_Init
 370              	.LVL18:
 179:Src/stm32f1xx_hal_msp.c ****     GPIO_InitStruct.Mode = GPIO_MODE_INPUT;
 371              		.loc 1 179 5 is_stmt 1 view .LVU85
 179:Src/stm32f1xx_hal_msp.c ****     GPIO_InitStruct.Mode = GPIO_MODE_INPUT;
 372              		.loc 1 179 25 is_stmt 0 view .LVU86
 373 005a 4FF48063 		mov	r3, #1024
 374 005e 0293     		str	r3, [sp, #8]
 180:Src/stm32f1xx_hal_msp.c ****     GPIO_InitStruct.Pull = GPIO_NOPULL;
 375              		.loc 1 180 5 is_stmt 1 view .LVU87
 180:Src/stm32f1xx_hal_msp.c ****     GPIO_InitStruct.Pull = GPIO_NOPULL;
 376              		.loc 1 180 26 is_stmt 0 view .LVU88
 377 0060 0023     		movs	r3, #0
 378 0062 0393     		str	r3, [sp, #12]
 181:Src/stm32f1xx_hal_msp.c ****     HAL_GPIO_Init(GPIOA, &GPIO_InitStruct);
 379              		.loc 1 181 5 is_stmt 1 view .LVU89
 181:Src/stm32f1xx_hal_msp.c ****     HAL_GPIO_Init(GPIOA, &GPIO_InitStruct);
 380              		.loc 1 181 26 is_stmt 0 view .LVU90
 381 0064 0493     		str	r3, [sp, #16]
 182:Src/stm32f1xx_hal_msp.c **** 
 382              		.loc 1 182 5 is_stmt 1 view .LVU91
 383 0066 02A9     		add	r1, sp, #8
 384 0068 2046     		mov	r0, r4
 385 006a FFF7FEFF 		bl	HAL_GPIO_Init
 386              	.LVL19:
 387              		.loc 1 189 1 is_stmt 0 view .LVU92
 388 006e D2E7     		b	.L17
 389              	.L22:
 390              		.align	2
 391              	.L21:
 392 0070 00380140 		.word	1073821696
 393 0074 00080140 		.word	1073809408
 394              		.cfi_endproc
ARM GAS  C:\cygwin64\tmp\ccJytwz7.s 			page 12


 395              	.LFE69:
 397              		.section	.text.HAL_UART_MspDeInit,"ax",%progbits
 398              		.align	1
 399              		.global	HAL_UART_MspDeInit
 400              		.syntax unified
 401              		.thumb
 402              		.thumb_func
 403              		.fpu softvfp
 405              	HAL_UART_MspDeInit:
 406              	.LVL20:
 407              	.LFB70:
 190:Src/stm32f1xx_hal_msp.c **** 
 191:Src/stm32f1xx_hal_msp.c **** /**
 192:Src/stm32f1xx_hal_msp.c **** * @brief UART MSP De-Initialization
 193:Src/stm32f1xx_hal_msp.c **** * This function freeze the hardware resources used in this example
 194:Src/stm32f1xx_hal_msp.c **** * @param huart: UART handle pointer
 195:Src/stm32f1xx_hal_msp.c **** * @retval None
 196:Src/stm32f1xx_hal_msp.c **** */
 197:Src/stm32f1xx_hal_msp.c **** void HAL_UART_MspDeInit(UART_HandleTypeDef* huart)
 198:Src/stm32f1xx_hal_msp.c **** {
 408              		.loc 1 198 1 is_stmt 1 view -0
 409              		.cfi_startproc
 410              		@ args = 0, pretend = 0, frame = 0
 411              		@ frame_needed = 0, uses_anonymous_args = 0
 412              		.loc 1 198 1 is_stmt 0 view .LVU94
 413 0000 08B5     		push	{r3, lr}
 414              	.LCFI11:
 415              		.cfi_def_cfa_offset 8
 416              		.cfi_offset 3, -8
 417              		.cfi_offset 14, -4
 199:Src/stm32f1xx_hal_msp.c ****   if(huart->Instance==USART1)
 418              		.loc 1 199 3 is_stmt 1 view .LVU95
 419              		.loc 1 199 11 is_stmt 0 view .LVU96
 420 0002 0268     		ldr	r2, [r0]
 421              		.loc 1 199 5 view .LVU97
 422 0004 074B     		ldr	r3, .L27
 423 0006 9A42     		cmp	r2, r3
 424 0008 00D0     		beq	.L26
 425              	.LVL21:
 426              	.L23:
 200:Src/stm32f1xx_hal_msp.c ****   {
 201:Src/stm32f1xx_hal_msp.c ****   /* USER CODE BEGIN USART1_MspDeInit 0 */
 202:Src/stm32f1xx_hal_msp.c **** 
 203:Src/stm32f1xx_hal_msp.c ****   /* USER CODE END USART1_MspDeInit 0 */
 204:Src/stm32f1xx_hal_msp.c ****     /* Peripheral clock disable */
 205:Src/stm32f1xx_hal_msp.c ****     __HAL_RCC_USART1_CLK_DISABLE();
 206:Src/stm32f1xx_hal_msp.c ****   
 207:Src/stm32f1xx_hal_msp.c ****     /**USART1 GPIO Configuration    
 208:Src/stm32f1xx_hal_msp.c ****     PA9     ------> USART1_TX
 209:Src/stm32f1xx_hal_msp.c ****     PA10     ------> USART1_RX 
 210:Src/stm32f1xx_hal_msp.c ****     */
 211:Src/stm32f1xx_hal_msp.c ****     HAL_GPIO_DeInit(GPIOA, GPIO_PIN_9|GPIO_PIN_10);
 212:Src/stm32f1xx_hal_msp.c **** 
 213:Src/stm32f1xx_hal_msp.c ****   /* USER CODE BEGIN USART1_MspDeInit 1 */
 214:Src/stm32f1xx_hal_msp.c **** 
 215:Src/stm32f1xx_hal_msp.c ****   /* USER CODE END USART1_MspDeInit 1 */
 216:Src/stm32f1xx_hal_msp.c ****   }
ARM GAS  C:\cygwin64\tmp\ccJytwz7.s 			page 13


 217:Src/stm32f1xx_hal_msp.c **** 
 218:Src/stm32f1xx_hal_msp.c **** }
 427              		.loc 1 218 1 view .LVU98
 428 000a 08BD     		pop	{r3, pc}
 429              	.LVL22:
 430              	.L26:
 205:Src/stm32f1xx_hal_msp.c ****   
 431              		.loc 1 205 5 is_stmt 1 view .LVU99
 432 000c 064A     		ldr	r2, .L27+4
 433 000e 9369     		ldr	r3, [r2, #24]
 434 0010 23F48043 		bic	r3, r3, #16384
 435 0014 9361     		str	r3, [r2, #24]
 211:Src/stm32f1xx_hal_msp.c **** 
 436              		.loc 1 211 5 view .LVU100
 437 0016 4FF4C061 		mov	r1, #1536
 438 001a 0448     		ldr	r0, .L27+8
 439              	.LVL23:
 211:Src/stm32f1xx_hal_msp.c **** 
 440              		.loc 1 211 5 is_stmt 0 view .LVU101
 441 001c FFF7FEFF 		bl	HAL_GPIO_DeInit
 442              	.LVL24:
 443              		.loc 1 218 1 view .LVU102
 444 0020 F3E7     		b	.L23
 445              	.L28:
 446 0022 00BF     		.align	2
 447              	.L27:
 448 0024 00380140 		.word	1073821696
 449 0028 00100240 		.word	1073876992
 450 002c 00080140 		.word	1073809408
 451              		.cfi_endproc
 452              	.LFE70:
 454              		.text
 455              	.Letext0:
 456              		.file 2 "c:\\arm-gcc\\8-2018-q4-major\\arm-none-eabi\\include\\machine\\_default_types.h"
 457              		.file 3 "c:\\arm-gcc\\8-2018-q4-major\\arm-none-eabi\\include\\sys\\_stdint.h"
 458              		.file 4 "Drivers/CMSIS/Include/core_cm3.h"
 459              		.file 5 "Drivers/CMSIS/Device/ST/STM32F1xx/Include/system_stm32f1xx.h"
 460              		.file 6 "Drivers/CMSIS/Device/ST/STM32F1xx/Include/stm32f103xb.h"
 461              		.file 7 "Drivers/CMSIS/Device/ST/STM32F1xx/Include/stm32f1xx.h"
 462              		.file 8 "c:\\arm-gcc\\8-2018-q4-major\\arm-none-eabi\\include\\sys\\lock.h"
 463              		.file 9 "c:\\arm-gcc\\8-2018-q4-major\\arm-none-eabi\\include\\sys\\_types.h"
 464              		.file 10 "c:\\arm-gcc\\8-2018-q4-major\\lib\\gcc\\arm-none-eabi\\8.2.1\\include\\stddef.h"
 465              		.file 11 "c:\\arm-gcc\\8-2018-q4-major\\arm-none-eabi\\include\\sys\\reent.h"
 466              		.file 12 "Drivers/STM32F1xx_HAL_Driver/Inc/stm32f1xx_hal_def.h"
 467              		.file 13 "Drivers/STM32F1xx_HAL_Driver/Inc/stm32f1xx_hal_gpio.h"
 468              		.file 14 "Drivers/STM32F1xx_HAL_Driver/Inc/stm32f1xx_hal_dma.h"
 469              		.file 15 "Drivers/STM32F1xx_HAL_Driver/Inc/stm32f1xx_hal_can.h"
 470              		.file 16 "Drivers/STM32F1xx_HAL_Driver/Inc/stm32f1xx_hal_uart.h"
 471              		.file 17 "Drivers/STM32F1xx_HAL_Driver/Inc/stm32f1xx_hal.h"
ARM GAS  C:\cygwin64\tmp\ccJytwz7.s 			page 14


DEFINED SYMBOLS
                            *ABS*:00000000 stm32f1xx_hal_msp.c
C:\cygwin64\tmp\ccJytwz7.s:16     .text.HAL_MspInit:00000000 $t
C:\cygwin64\tmp\ccJytwz7.s:24     .text.HAL_MspInit:00000000 HAL_MspInit
C:\cygwin64\tmp\ccJytwz7.s:88     .text.HAL_MspInit:0000003c $d
C:\cygwin64\tmp\ccJytwz7.s:94     .text.HAL_CAN_MspInit:00000000 $t
C:\cygwin64\tmp\ccJytwz7.s:101    .text.HAL_CAN_MspInit:00000000 HAL_CAN_MspInit
C:\cygwin64\tmp\ccJytwz7.s:209    .text.HAL_CAN_MspInit:0000006c $d
C:\cygwin64\tmp\ccJytwz7.s:215    .text.HAL_CAN_MspDeInit:00000000 $t
C:\cygwin64\tmp\ccJytwz7.s:222    .text.HAL_CAN_MspDeInit:00000000 HAL_CAN_MspDeInit
C:\cygwin64\tmp\ccJytwz7.s:265    .text.HAL_CAN_MspDeInit:00000024 $d
C:\cygwin64\tmp\ccJytwz7.s:272    .text.HAL_UART_MspInit:00000000 $t
C:\cygwin64\tmp\ccJytwz7.s:279    .text.HAL_UART_MspInit:00000000 HAL_UART_MspInit
C:\cygwin64\tmp\ccJytwz7.s:392    .text.HAL_UART_MspInit:00000070 $d
C:\cygwin64\tmp\ccJytwz7.s:398    .text.HAL_UART_MspDeInit:00000000 $t
C:\cygwin64\tmp\ccJytwz7.s:405    .text.HAL_UART_MspDeInit:00000000 HAL_UART_MspDeInit
C:\cygwin64\tmp\ccJytwz7.s:448    .text.HAL_UART_MspDeInit:00000024 $d

UNDEFINED SYMBOLS
HAL_GPIO_Init
HAL_GPIO_DeInit
