ARM GAS  /tmp/ccKug4JM.s 			page 1


   1              		.syntax unified
   2              		.cpu cortex-m3
   3              		.fpu softvfp
   4              		.eabi_attribute 20, 1
   5              		.eabi_attribute 21, 1
   6              		.eabi_attribute 23, 3
   7              		.eabi_attribute 24, 1
   8              		.eabi_attribute 25, 1
   9              		.eabi_attribute 26, 1
  10              		.eabi_attribute 30, 1
  11              		.eabi_attribute 34, 1
  12              		.eabi_attribute 18, 4
  13              		.thumb
  14              		.file	"stm32f1xx_it.c"
  15              		.text
  16              	.Ltext0:
  17              		.cfi_sections	.debug_frame
  18              		.section	.text.NMI_Handler,"ax",%progbits
  19              		.align	2
  20              		.global	NMI_Handler
  21              		.thumb
  22              		.thumb_func
  24              	NMI_Handler:
  25              	.LFB63:
  26              		.file 1 "Src/stm32f1xx_it.c"
   1:Src/stm32f1xx_it.c **** /* USER CODE BEGIN Header */
   2:Src/stm32f1xx_it.c **** /**
   3:Src/stm32f1xx_it.c ****   ******************************************************************************
   4:Src/stm32f1xx_it.c ****   * @file    stm32f1xx_it.c
   5:Src/stm32f1xx_it.c ****   * @brief   Interrupt Service Routines.
   6:Src/stm32f1xx_it.c ****   ******************************************************************************
   7:Src/stm32f1xx_it.c ****   *
   8:Src/stm32f1xx_it.c ****   * COPYRIGHT(c) 2019 STMicroelectronics
   9:Src/stm32f1xx_it.c ****   *
  10:Src/stm32f1xx_it.c ****   * Redistribution and use in source and binary forms, with or without modification,
  11:Src/stm32f1xx_it.c ****   * are permitted provided that the following conditions are met:
  12:Src/stm32f1xx_it.c ****   *   1. Redistributions of source code must retain the above copyright notice,
  13:Src/stm32f1xx_it.c ****   *      this list of conditions and the following disclaimer.
  14:Src/stm32f1xx_it.c ****   *   2. Redistributions in binary form must reproduce the above copyright notice,
  15:Src/stm32f1xx_it.c ****   *      this list of conditions and the following disclaimer in the documentation
  16:Src/stm32f1xx_it.c ****   *      and/or other materials provided with the distribution.
  17:Src/stm32f1xx_it.c ****   *   3. Neither the name of STMicroelectronics nor the names of its contributors
  18:Src/stm32f1xx_it.c ****   *      may be used to endorse or promote products derived from this software
  19:Src/stm32f1xx_it.c ****   *      without specific prior written permission.
  20:Src/stm32f1xx_it.c ****   *
  21:Src/stm32f1xx_it.c ****   * THIS SOFTWARE IS PROVIDED BY THE COPYRIGHT HOLDERS AND CONTRIBUTORS "AS IS"
  22:Src/stm32f1xx_it.c ****   * AND ANY EXPRESS OR IMPLIED WARRANTIES, INCLUDING, BUT NOT LIMITED TO, THE
  23:Src/stm32f1xx_it.c ****   * IMPLIED WARRANTIES OF MERCHANTABILITY AND FITNESS FOR A PARTICULAR PURPOSE ARE
  24:Src/stm32f1xx_it.c ****   * DISCLAIMED. IN NO EVENT SHALL THE COPYRIGHT HOLDER OR CONTRIBUTORS BE LIABLE
  25:Src/stm32f1xx_it.c ****   * FOR ANY DIRECT, INDIRECT, INCIDENTAL, SPECIAL, EXEMPLARY, OR CONSEQUENTIAL
  26:Src/stm32f1xx_it.c ****   * DAMAGES (INCLUDING, BUT NOT LIMITED TO, PROCUREMENT OF SUBSTITUTE GOODS OR
  27:Src/stm32f1xx_it.c ****   * SERVICES; LOSS OF USE, DATA, OR PROFITS; OR BUSINESS INTERRUPTION) HOWEVER
  28:Src/stm32f1xx_it.c ****   * CAUSED AND ON ANY THEORY OF LIABILITY, WHETHER IN CONTRACT, STRICT LIABILITY,
  29:Src/stm32f1xx_it.c ****   * OR TORT (INCLUDING NEGLIGENCE OR OTHERWISE) ARISING IN ANY WAY OUT OF THE USE
  30:Src/stm32f1xx_it.c ****   * OF THIS SOFTWARE, EVEN IF ADVISED OF THE POSSIBILITY OF SUCH DAMAGE.
  31:Src/stm32f1xx_it.c ****   *
  32:Src/stm32f1xx_it.c ****   ******************************************************************************
ARM GAS  /tmp/ccKug4JM.s 			page 2


  33:Src/stm32f1xx_it.c ****   */
  34:Src/stm32f1xx_it.c **** /* USER CODE END Header */
  35:Src/stm32f1xx_it.c **** 
  36:Src/stm32f1xx_it.c **** /* Includes ------------------------------------------------------------------*/
  37:Src/stm32f1xx_it.c **** #include "main.h"
  38:Src/stm32f1xx_it.c **** #include "stm32f1xx_it.h"
  39:Src/stm32f1xx_it.c **** /* Private includes ----------------------------------------------------------*/
  40:Src/stm32f1xx_it.c **** /* USER CODE BEGIN Includes */
  41:Src/stm32f1xx_it.c **** /* USER CODE END Includes */
  42:Src/stm32f1xx_it.c **** 
  43:Src/stm32f1xx_it.c **** /* Private typedef -----------------------------------------------------------*/
  44:Src/stm32f1xx_it.c **** /* USER CODE BEGIN TD */
  45:Src/stm32f1xx_it.c **** 
  46:Src/stm32f1xx_it.c **** /* USER CODE END TD */
  47:Src/stm32f1xx_it.c **** 
  48:Src/stm32f1xx_it.c **** /* Private define ------------------------------------------------------------*/
  49:Src/stm32f1xx_it.c **** /* USER CODE BEGIN PD */
  50:Src/stm32f1xx_it.c ****  
  51:Src/stm32f1xx_it.c **** /* USER CODE END PD */
  52:Src/stm32f1xx_it.c **** 
  53:Src/stm32f1xx_it.c **** /* Private macro -------------------------------------------------------------*/
  54:Src/stm32f1xx_it.c **** /* USER CODE BEGIN PM */
  55:Src/stm32f1xx_it.c **** 
  56:Src/stm32f1xx_it.c **** /* USER CODE END PM */
  57:Src/stm32f1xx_it.c **** 
  58:Src/stm32f1xx_it.c **** /* Private variables ---------------------------------------------------------*/
  59:Src/stm32f1xx_it.c **** /* USER CODE BEGIN PV */
  60:Src/stm32f1xx_it.c **** 
  61:Src/stm32f1xx_it.c **** /* USER CODE END PV */
  62:Src/stm32f1xx_it.c **** 
  63:Src/stm32f1xx_it.c **** /* Private function prototypes -----------------------------------------------*/
  64:Src/stm32f1xx_it.c **** /* USER CODE BEGIN PFP */
  65:Src/stm32f1xx_it.c **** 
  66:Src/stm32f1xx_it.c **** /* USER CODE END PFP */
  67:Src/stm32f1xx_it.c **** 
  68:Src/stm32f1xx_it.c **** /* Private user code ---------------------------------------------------------*/
  69:Src/stm32f1xx_it.c **** /* USER CODE BEGIN 0 */
  70:Src/stm32f1xx_it.c **** 
  71:Src/stm32f1xx_it.c **** /* USER CODE END 0 */
  72:Src/stm32f1xx_it.c **** 
  73:Src/stm32f1xx_it.c **** /* External variables --------------------------------------------------------*/
  74:Src/stm32f1xx_it.c **** 
  75:Src/stm32f1xx_it.c **** /* USER CODE BEGIN EV */
  76:Src/stm32f1xx_it.c **** 
  77:Src/stm32f1xx_it.c **** /* USER CODE END EV */
  78:Src/stm32f1xx_it.c **** 
  79:Src/stm32f1xx_it.c **** /******************************************************************************/
  80:Src/stm32f1xx_it.c **** /*           Cortex-M3 Processor Interruption and Exception Handlers          */ 
  81:Src/stm32f1xx_it.c **** /******************************************************************************/
  82:Src/stm32f1xx_it.c **** /**
  83:Src/stm32f1xx_it.c ****   * @brief This function handles Non maskable interrupt.
  84:Src/stm32f1xx_it.c ****   */
  85:Src/stm32f1xx_it.c **** void NMI_Handler(void)
  86:Src/stm32f1xx_it.c **** {
  27              		.loc 1 86 0
  28              		.cfi_startproc
  29              		@ args = 0, pretend = 0, frame = 0
ARM GAS  /tmp/ccKug4JM.s 			page 3


  30              		@ frame_needed = 0, uses_anonymous_args = 0
  31              		@ link register save eliminated.
  32 0000 7047     		bx	lr
  33              		.cfi_endproc
  34              	.LFE63:
  36 0002 00BF     		.section	.text.HardFault_Handler,"ax",%progbits
  37              		.align	2
  38              		.global	HardFault_Handler
  39              		.thumb
  40              		.thumb_func
  42              	HardFault_Handler:
  43              	.LFB64:
  87:Src/stm32f1xx_it.c ****   /* USER CODE BEGIN NonMaskableInt_IRQn 0 */
  88:Src/stm32f1xx_it.c **** 
  89:Src/stm32f1xx_it.c ****   /* USER CODE END NonMaskableInt_IRQn 0 */
  90:Src/stm32f1xx_it.c ****   /* USER CODE BEGIN NonMaskableInt_IRQn 1 */
  91:Src/stm32f1xx_it.c **** 
  92:Src/stm32f1xx_it.c ****   /* USER CODE END NonMaskableInt_IRQn 1 */
  93:Src/stm32f1xx_it.c **** }
  94:Src/stm32f1xx_it.c **** 
  95:Src/stm32f1xx_it.c **** /**
  96:Src/stm32f1xx_it.c ****   * @brief This function handles Hard fault interrupt.
  97:Src/stm32f1xx_it.c ****   */
  98:Src/stm32f1xx_it.c **** void HardFault_Handler(void)
  99:Src/stm32f1xx_it.c **** {
  44              		.loc 1 99 0
  45              		.cfi_startproc
  46              		@ Volatile: function does not return.
  47              		@ args = 0, pretend = 0, frame = 0
  48              		@ frame_needed = 0, uses_anonymous_args = 0
  49              		@ link register save eliminated.
  50              	.L3:
 100:Src/stm32f1xx_it.c ****   /* USER CODE BEGIN HardFault_IRQn 0 */
 101:Src/stm32f1xx_it.c **** 
 102:Src/stm32f1xx_it.c ****   /* USER CODE END HardFault_IRQn 0 */
 103:Src/stm32f1xx_it.c ****   while (1)
 104:Src/stm32f1xx_it.c ****   {
 105:Src/stm32f1xx_it.c ****     /* USER CODE BEGIN W1_HardFault_IRQn 0 */
 106:Src/stm32f1xx_it.c ****     /* USER CODE END W1_HardFault_IRQn 0 */
 107:Src/stm32f1xx_it.c ****   }
  51              		.loc 1 107 0 discriminator 1
  52 0000 FEE7     		b	.L3
  53              		.cfi_endproc
  54              	.LFE64:
  56 0002 00BF     		.section	.text.MemManage_Handler,"ax",%progbits
  57              		.align	2
  58              		.global	MemManage_Handler
  59              		.thumb
  60              		.thumb_func
  62              	MemManage_Handler:
  63              	.LFB65:
 108:Src/stm32f1xx_it.c **** }
 109:Src/stm32f1xx_it.c **** 
 110:Src/stm32f1xx_it.c **** /**
 111:Src/stm32f1xx_it.c ****   * @brief This function handles Memory management fault.
 112:Src/stm32f1xx_it.c ****   */
 113:Src/stm32f1xx_it.c **** void MemManage_Handler(void)
ARM GAS  /tmp/ccKug4JM.s 			page 4


 114:Src/stm32f1xx_it.c **** {
  64              		.loc 1 114 0
  65              		.cfi_startproc
  66              		@ Volatile: function does not return.
  67              		@ args = 0, pretend = 0, frame = 0
  68              		@ frame_needed = 0, uses_anonymous_args = 0
  69              		@ link register save eliminated.
  70              	.L5:
 115:Src/stm32f1xx_it.c ****   /* USER CODE BEGIN MemoryManagement_IRQn 0 */
 116:Src/stm32f1xx_it.c **** 
 117:Src/stm32f1xx_it.c ****   /* USER CODE END MemoryManagement_IRQn 0 */
 118:Src/stm32f1xx_it.c ****   while (1)
 119:Src/stm32f1xx_it.c ****   {
 120:Src/stm32f1xx_it.c ****     /* USER CODE BEGIN W1_MemoryManagement_IRQn 0 */
 121:Src/stm32f1xx_it.c ****     /* USER CODE END W1_MemoryManagement_IRQn 0 */
 122:Src/stm32f1xx_it.c ****   }
  71              		.loc 1 122 0 discriminator 1
  72 0000 FEE7     		b	.L5
  73              		.cfi_endproc
  74              	.LFE65:
  76 0002 00BF     		.section	.text.BusFault_Handler,"ax",%progbits
  77              		.align	2
  78              		.global	BusFault_Handler
  79              		.thumb
  80              		.thumb_func
  82              	BusFault_Handler:
  83              	.LFB66:
 123:Src/stm32f1xx_it.c **** }
 124:Src/stm32f1xx_it.c **** 
 125:Src/stm32f1xx_it.c **** /**
 126:Src/stm32f1xx_it.c ****   * @brief This function handles Prefetch fault, memory access fault.
 127:Src/stm32f1xx_it.c ****   */
 128:Src/stm32f1xx_it.c **** void BusFault_Handler(void)
 129:Src/stm32f1xx_it.c **** {
  84              		.loc 1 129 0
  85              		.cfi_startproc
  86              		@ Volatile: function does not return.
  87              		@ args = 0, pretend = 0, frame = 0
  88              		@ frame_needed = 0, uses_anonymous_args = 0
  89              		@ link register save eliminated.
  90              	.L7:
 130:Src/stm32f1xx_it.c ****   /* USER CODE BEGIN BusFault_IRQn 0 */
 131:Src/stm32f1xx_it.c **** 
 132:Src/stm32f1xx_it.c ****   /* USER CODE END BusFault_IRQn 0 */
 133:Src/stm32f1xx_it.c ****   while (1)
 134:Src/stm32f1xx_it.c ****   {
 135:Src/stm32f1xx_it.c ****     /* USER CODE BEGIN W1_BusFault_IRQn 0 */
 136:Src/stm32f1xx_it.c ****     /* USER CODE END W1_BusFault_IRQn 0 */
 137:Src/stm32f1xx_it.c ****   }
  91              		.loc 1 137 0 discriminator 1
  92 0000 FEE7     		b	.L7
  93              		.cfi_endproc
  94              	.LFE66:
  96 0002 00BF     		.section	.text.UsageFault_Handler,"ax",%progbits
  97              		.align	2
  98              		.global	UsageFault_Handler
  99              		.thumb
ARM GAS  /tmp/ccKug4JM.s 			page 5


 100              		.thumb_func
 102              	UsageFault_Handler:
 103              	.LFB67:
 138:Src/stm32f1xx_it.c **** }
 139:Src/stm32f1xx_it.c **** 
 140:Src/stm32f1xx_it.c **** /**
 141:Src/stm32f1xx_it.c ****   * @brief This function handles Undefined instruction or illegal state.
 142:Src/stm32f1xx_it.c ****   */
 143:Src/stm32f1xx_it.c **** void UsageFault_Handler(void)
 144:Src/stm32f1xx_it.c **** {
 104              		.loc 1 144 0
 105              		.cfi_startproc
 106              		@ Volatile: function does not return.
 107              		@ args = 0, pretend = 0, frame = 0
 108              		@ frame_needed = 0, uses_anonymous_args = 0
 109              		@ link register save eliminated.
 110              	.L9:
 145:Src/stm32f1xx_it.c ****   /* USER CODE BEGIN UsageFault_IRQn 0 */
 146:Src/stm32f1xx_it.c **** 
 147:Src/stm32f1xx_it.c ****   /* USER CODE END UsageFault_IRQn 0 */
 148:Src/stm32f1xx_it.c ****   while (1)
 149:Src/stm32f1xx_it.c ****   {
 150:Src/stm32f1xx_it.c ****     /* USER CODE BEGIN W1_UsageFault_IRQn 0 */
 151:Src/stm32f1xx_it.c ****     /* USER CODE END W1_UsageFault_IRQn 0 */
 152:Src/stm32f1xx_it.c ****   }
 111              		.loc 1 152 0 discriminator 1
 112 0000 FEE7     		b	.L9
 113              		.cfi_endproc
 114              	.LFE67:
 116 0002 00BF     		.section	.text.SVC_Handler,"ax",%progbits
 117              		.align	2
 118              		.global	SVC_Handler
 119              		.thumb
 120              		.thumb_func
 122              	SVC_Handler:
 123              	.LFB68:
 153:Src/stm32f1xx_it.c **** }
 154:Src/stm32f1xx_it.c **** 
 155:Src/stm32f1xx_it.c **** /**
 156:Src/stm32f1xx_it.c ****   * @brief This function handles System service call via SWI instruction.
 157:Src/stm32f1xx_it.c ****   */
 158:Src/stm32f1xx_it.c **** void SVC_Handler(void)
 159:Src/stm32f1xx_it.c **** {
 124              		.loc 1 159 0
 125              		.cfi_startproc
 126              		@ args = 0, pretend = 0, frame = 0
 127              		@ frame_needed = 0, uses_anonymous_args = 0
 128              		@ link register save eliminated.
 129 0000 7047     		bx	lr
 130              		.cfi_endproc
 131              	.LFE68:
 133 0002 00BF     		.section	.text.DebugMon_Handler,"ax",%progbits
 134              		.align	2
 135              		.global	DebugMon_Handler
 136              		.thumb
 137              		.thumb_func
 139              	DebugMon_Handler:
ARM GAS  /tmp/ccKug4JM.s 			page 6


 140              	.LFB69:
 160:Src/stm32f1xx_it.c ****   /* USER CODE BEGIN SVCall_IRQn 0 */
 161:Src/stm32f1xx_it.c **** 
 162:Src/stm32f1xx_it.c ****   /* USER CODE END SVCall_IRQn 0 */
 163:Src/stm32f1xx_it.c ****   /* USER CODE BEGIN SVCall_IRQn 1 */
 164:Src/stm32f1xx_it.c **** 
 165:Src/stm32f1xx_it.c ****   /* USER CODE END SVCall_IRQn 1 */
 166:Src/stm32f1xx_it.c **** }
 167:Src/stm32f1xx_it.c **** 
 168:Src/stm32f1xx_it.c **** /**
 169:Src/stm32f1xx_it.c ****   * @brief This function handles Debug monitor.
 170:Src/stm32f1xx_it.c ****   */
 171:Src/stm32f1xx_it.c **** void DebugMon_Handler(void)
 172:Src/stm32f1xx_it.c **** {
 141              		.loc 1 172 0
 142              		.cfi_startproc
 143              		@ args = 0, pretend = 0, frame = 0
 144              		@ frame_needed = 0, uses_anonymous_args = 0
 145              		@ link register save eliminated.
 146 0000 7047     		bx	lr
 147              		.cfi_endproc
 148              	.LFE69:
 150 0002 00BF     		.section	.text.PendSV_Handler,"ax",%progbits
 151              		.align	2
 152              		.global	PendSV_Handler
 153              		.thumb
 154              		.thumb_func
 156              	PendSV_Handler:
 157              	.LFB70:
 173:Src/stm32f1xx_it.c ****   /* USER CODE BEGIN DebugMonitor_IRQn 0 */
 174:Src/stm32f1xx_it.c **** 
 175:Src/stm32f1xx_it.c ****   /* USER CODE END DebugMonitor_IRQn 0 */
 176:Src/stm32f1xx_it.c ****   /* USER CODE BEGIN DebugMonitor_IRQn 1 */
 177:Src/stm32f1xx_it.c **** 
 178:Src/stm32f1xx_it.c ****   /* USER CODE END DebugMonitor_IRQn 1 */
 179:Src/stm32f1xx_it.c **** }
 180:Src/stm32f1xx_it.c **** 
 181:Src/stm32f1xx_it.c **** /**
 182:Src/stm32f1xx_it.c ****   * @brief This function handles Pendable request for system service.
 183:Src/stm32f1xx_it.c ****   */
 184:Src/stm32f1xx_it.c **** void PendSV_Handler(void)
 185:Src/stm32f1xx_it.c **** {
 158              		.loc 1 185 0
 159              		.cfi_startproc
 160              		@ args = 0, pretend = 0, frame = 0
 161              		@ frame_needed = 0, uses_anonymous_args = 0
 162              		@ link register save eliminated.
 163 0000 7047     		bx	lr
 164              		.cfi_endproc
 165              	.LFE70:
 167 0002 00BF     		.section	.text.SysTick_Handler,"ax",%progbits
 168              		.align	2
 169              		.global	SysTick_Handler
 170              		.thumb
 171              		.thumb_func
 173              	SysTick_Handler:
 174              	.LFB71:
ARM GAS  /tmp/ccKug4JM.s 			page 7


 186:Src/stm32f1xx_it.c ****   /* USER CODE BEGIN PendSV_IRQn 0 */
 187:Src/stm32f1xx_it.c **** 
 188:Src/stm32f1xx_it.c ****   /* USER CODE END PendSV_IRQn 0 */
 189:Src/stm32f1xx_it.c ****   /* USER CODE BEGIN PendSV_IRQn 1 */
 190:Src/stm32f1xx_it.c **** 
 191:Src/stm32f1xx_it.c ****   /* USER CODE END PendSV_IRQn 1 */
 192:Src/stm32f1xx_it.c **** }
 193:Src/stm32f1xx_it.c **** 
 194:Src/stm32f1xx_it.c **** /**
 195:Src/stm32f1xx_it.c ****   * @brief This function handles System tick timer.
 196:Src/stm32f1xx_it.c ****   */
 197:Src/stm32f1xx_it.c **** void SysTick_Handler(void)
 198:Src/stm32f1xx_it.c **** {
 175              		.loc 1 198 0
 176              		.cfi_startproc
 177              		@ args = 0, pretend = 0, frame = 0
 178              		@ frame_needed = 0, uses_anonymous_args = 0
 179              		.loc 1 198 0
 180 0000 08B5     		push	{r3, lr}
 181              	.LCFI0:
 182              		.cfi_def_cfa_offset 8
 183              		.cfi_offset 3, -8
 184              		.cfi_offset 14, -4
 199:Src/stm32f1xx_it.c ****   /* USER CODE BEGIN SysTick_IRQn 0 */
 200:Src/stm32f1xx_it.c **** 
 201:Src/stm32f1xx_it.c ****   /* USER CODE END SysTick_IRQn 0 */
 202:Src/stm32f1xx_it.c ****   HAL_IncTick();
 185              		.loc 1 202 0
 186 0002 FFF7FEFF 		bl	HAL_IncTick
 187              	.LVL0:
 188 0006 08BD     		pop	{r3, pc}
 189              		.cfi_endproc
 190              	.LFE71:
 192              		.section	.text.EXTI3_IRQHandler,"ax",%progbits
 193              		.align	2
 194              		.global	EXTI3_IRQHandler
 195              		.thumb
 196              		.thumb_func
 198              	EXTI3_IRQHandler:
 199              	.LFB72:
 203:Src/stm32f1xx_it.c ****   /* USER CODE BEGIN SysTick_IRQn 1 */
 204:Src/stm32f1xx_it.c **** 
 205:Src/stm32f1xx_it.c ****   /* USER CODE END SysTick_IRQn 1 */
 206:Src/stm32f1xx_it.c **** }
 207:Src/stm32f1xx_it.c **** 
 208:Src/stm32f1xx_it.c **** /******************************************************************************/
 209:Src/stm32f1xx_it.c **** /* STM32F1xx Peripheral Interrupt Handlers                                    */
 210:Src/stm32f1xx_it.c **** /* Add here the Interrupt Handlers for the used peripherals.                  */
 211:Src/stm32f1xx_it.c **** /* For the available peripheral interrupt handler names,                      */
 212:Src/stm32f1xx_it.c **** /* please refer to the startup file (startup_stm32f1xx.s).                    */
 213:Src/stm32f1xx_it.c **** /******************************************************************************/
 214:Src/stm32f1xx_it.c **** 
 215:Src/stm32f1xx_it.c **** /**
 216:Src/stm32f1xx_it.c ****   * @brief This function handles EXTI line3 interrupt.
 217:Src/stm32f1xx_it.c ****   */
 218:Src/stm32f1xx_it.c **** void EXTI3_IRQHandler(void)
 219:Src/stm32f1xx_it.c **** {
ARM GAS  /tmp/ccKug4JM.s 			page 8


 200              		.loc 1 219 0
 201              		.cfi_startproc
 202              		@ args = 0, pretend = 0, frame = 0
 203              		@ frame_needed = 0, uses_anonymous_args = 0
 204 0000 08B5     		push	{r3, lr}
 205              	.LCFI1:
 206              		.cfi_def_cfa_offset 8
 207              		.cfi_offset 3, -8
 208              		.cfi_offset 14, -4
 220:Src/stm32f1xx_it.c ****   /* USER CODE BEGIN EXTI3_IRQn 0 */
 221:Src/stm32f1xx_it.c **** 
 222:Src/stm32f1xx_it.c ****   /* USER CODE END EXTI3_IRQn 0 */
 223:Src/stm32f1xx_it.c ****   HAL_GPIO_EXTI_IRQHandler(GPIO_PIN_3);
 209              		.loc 1 223 0
 210 0002 0820     		movs	r0, #8
 211 0004 FFF7FEFF 		bl	HAL_GPIO_EXTI_IRQHandler
 212              	.LVL1:
 213 0008 08BD     		pop	{r3, pc}
 214              		.cfi_endproc
 215              	.LFE72:
 217 000a 00BF     		.section	.text.EXTI15_10_IRQHandler,"ax",%progbits
 218              		.align	2
 219              		.global	EXTI15_10_IRQHandler
 220              		.thumb
 221              		.thumb_func
 223              	EXTI15_10_IRQHandler:
 224              	.LFB73:
 224:Src/stm32f1xx_it.c ****   /* USER CODE BEGIN EXTI3_IRQn 1 */
 225:Src/stm32f1xx_it.c **** 
 226:Src/stm32f1xx_it.c ****   /* USER CODE END EXTI3_IRQn 1 */
 227:Src/stm32f1xx_it.c **** }
 228:Src/stm32f1xx_it.c **** 
 229:Src/stm32f1xx_it.c **** /**
 230:Src/stm32f1xx_it.c ****   * @brief This function handles EXTI line[15:10] interrupts.
 231:Src/stm32f1xx_it.c ****   */
 232:Src/stm32f1xx_it.c **** void EXTI15_10_IRQHandler(void)
 233:Src/stm32f1xx_it.c **** {
 225              		.loc 1 233 0
 226              		.cfi_startproc
 227              		@ args = 0, pretend = 0, frame = 0
 228              		@ frame_needed = 0, uses_anonymous_args = 0
 229 0000 08B5     		push	{r3, lr}
 230              	.LCFI2:
 231              		.cfi_def_cfa_offset 8
 232              		.cfi_offset 3, -8
 233              		.cfi_offset 14, -4
 234:Src/stm32f1xx_it.c ****   /* USER CODE BEGIN EXTI15_10_IRQn 0 */
 235:Src/stm32f1xx_it.c **** 
 236:Src/stm32f1xx_it.c ****   /* USER CODE END EXTI15_10_IRQn 0 */
 237:Src/stm32f1xx_it.c ****   HAL_GPIO_EXTI_IRQHandler(GPIO_PIN_11);
 234              		.loc 1 237 0
 235 0002 4FF40060 		mov	r0, #2048
 236 0006 FFF7FEFF 		bl	HAL_GPIO_EXTI_IRQHandler
 237              	.LVL2:
 238:Src/stm32f1xx_it.c ****   HAL_GPIO_EXTI_IRQHandler(GPIO_PIN_14);
 238              		.loc 1 238 0
 239 000a 4FF48040 		mov	r0, #16384
ARM GAS  /tmp/ccKug4JM.s 			page 9


 240 000e FFF7FEFF 		bl	HAL_GPIO_EXTI_IRQHandler
 241              	.LVL3:
 242 0012 08BD     		pop	{r3, pc}
 243              		.cfi_endproc
 244              	.LFE73:
 246              		.section	.text.EXTI14_IRQHandler,"ax",%progbits
 247              		.align	2
 248              		.global	EXTI14_IRQHandler
 249              		.thumb
 250              		.thumb_func
 252              	EXTI14_IRQHandler:
 253              	.LFB74:
 239:Src/stm32f1xx_it.c ****   /* USER CODE BEGIN EXTI15_10_IRQn 1 */
 240:Src/stm32f1xx_it.c **** 
 241:Src/stm32f1xx_it.c ****   /* USER CODE END EXTI15_10_IRQn 1 */
 242:Src/stm32f1xx_it.c **** }
 243:Src/stm32f1xx_it.c **** 
 244:Src/stm32f1xx_it.c **** /* USER CODE BEGIN 1 */
 245:Src/stm32f1xx_it.c **** void EXTI14_IRQHandler(void)
 246:Src/stm32f1xx_it.c **** {
 254              		.loc 1 246 0
 255              		.cfi_startproc
 256              		@ args = 0, pretend = 0, frame = 0
 257              		@ frame_needed = 0, uses_anonymous_args = 0
 258 0000 08B5     		push	{r3, lr}
 259              	.LCFI3:
 260              		.cfi_def_cfa_offset 8
 261              		.cfi_offset 3, -8
 262              		.cfi_offset 14, -4
 247:Src/stm32f1xx_it.c ****   /* USER CODE BEGIN EXTI3_IRQn 0 */
 248:Src/stm32f1xx_it.c **** 
 249:Src/stm32f1xx_it.c ****   /* USER CODE END EXTI3_IRQn 0 */
 250:Src/stm32f1xx_it.c ****   HAL_GPIO_EXTI_IRQHandler(GPIO_PIN_14);
 263              		.loc 1 250 0
 264 0002 4FF48040 		mov	r0, #16384
 265 0006 FFF7FEFF 		bl	HAL_GPIO_EXTI_IRQHandler
 266              	.LVL4:
 267 000a 08BD     		pop	{r3, pc}
 268              		.cfi_endproc
 269              	.LFE74:
 271              		.section	.text.EXTI11_IRQHandler,"ax",%progbits
 272              		.align	2
 273              		.global	EXTI11_IRQHandler
 274              		.thumb
 275              		.thumb_func
 277              	EXTI11_IRQHandler:
 278              	.LFB75:
 251:Src/stm32f1xx_it.c ****   /* USER CODE BEGIN EXTI3_IRQn 1 */
 252:Src/stm32f1xx_it.c **** 
 253:Src/stm32f1xx_it.c ****   /* USER CODE END EXTI3_IRQn 1 */
 254:Src/stm32f1xx_it.c **** }
 255:Src/stm32f1xx_it.c **** 
 256:Src/stm32f1xx_it.c **** void EXTI11_IRQHandler(void)
 257:Src/stm32f1xx_it.c **** {
 279              		.loc 1 257 0
 280              		.cfi_startproc
 281              		@ args = 0, pretend = 0, frame = 0
ARM GAS  /tmp/ccKug4JM.s 			page 10


 282              		@ frame_needed = 0, uses_anonymous_args = 0
 283 0000 08B5     		push	{r3, lr}
 284              	.LCFI4:
 285              		.cfi_def_cfa_offset 8
 286              		.cfi_offset 3, -8
 287              		.cfi_offset 14, -4
 258:Src/stm32f1xx_it.c ****   /* USER CODE BEGIN EXTI3_IRQn 0 */
 259:Src/stm32f1xx_it.c **** 
 260:Src/stm32f1xx_it.c ****   /* USER CODE END EXTI3_IRQn 0 */
 261:Src/stm32f1xx_it.c ****   HAL_GPIO_EXTI_IRQHandler(GPIO_PIN_11);
 288              		.loc 1 261 0
 289 0002 4FF40060 		mov	r0, #2048
 290 0006 FFF7FEFF 		bl	HAL_GPIO_EXTI_IRQHandler
 291              	.LVL5:
 292 000a 08BD     		pop	{r3, pc}
 293              		.cfi_endproc
 294              	.LFE75:
 296              		.text
 297              	.Letext0:
 298              		.file 2 "/usr/include/newlib/machine/_default_types.h"
 299              		.file 3 "/usr/include/newlib/sys/_stdint.h"
 300              		.file 4 "Drivers/CMSIS/Include/core_cm3.h"
 301              		.file 5 "Drivers/STM32F1xx_HAL_Driver/Inc/stm32f1xx_hal.h"
 302              		.file 6 "Drivers/STM32F1xx_HAL_Driver/Inc/stm32f1xx_hal_gpio.h"
ARM GAS  /tmp/ccKug4JM.s 			page 11


DEFINED SYMBOLS
                            *ABS*:0000000000000000 stm32f1xx_it.c
     /tmp/ccKug4JM.s:19     .text.NMI_Handler:0000000000000000 $t
     /tmp/ccKug4JM.s:24     .text.NMI_Handler:0000000000000000 NMI_Handler
     /tmp/ccKug4JM.s:37     .text.HardFault_Handler:0000000000000000 $t
     /tmp/ccKug4JM.s:42     .text.HardFault_Handler:0000000000000000 HardFault_Handler
     /tmp/ccKug4JM.s:57     .text.MemManage_Handler:0000000000000000 $t
     /tmp/ccKug4JM.s:62     .text.MemManage_Handler:0000000000000000 MemManage_Handler
     /tmp/ccKug4JM.s:77     .text.BusFault_Handler:0000000000000000 $t
     /tmp/ccKug4JM.s:82     .text.BusFault_Handler:0000000000000000 BusFault_Handler
     /tmp/ccKug4JM.s:97     .text.UsageFault_Handler:0000000000000000 $t
     /tmp/ccKug4JM.s:102    .text.UsageFault_Handler:0000000000000000 UsageFault_Handler
     /tmp/ccKug4JM.s:117    .text.SVC_Handler:0000000000000000 $t
     /tmp/ccKug4JM.s:122    .text.SVC_Handler:0000000000000000 SVC_Handler
     /tmp/ccKug4JM.s:134    .text.DebugMon_Handler:0000000000000000 $t
     /tmp/ccKug4JM.s:139    .text.DebugMon_Handler:0000000000000000 DebugMon_Handler
     /tmp/ccKug4JM.s:151    .text.PendSV_Handler:0000000000000000 $t
     /tmp/ccKug4JM.s:156    .text.PendSV_Handler:0000000000000000 PendSV_Handler
     /tmp/ccKug4JM.s:168    .text.SysTick_Handler:0000000000000000 $t
     /tmp/ccKug4JM.s:173    .text.SysTick_Handler:0000000000000000 SysTick_Handler
     /tmp/ccKug4JM.s:193    .text.EXTI3_IRQHandler:0000000000000000 $t
     /tmp/ccKug4JM.s:198    .text.EXTI3_IRQHandler:0000000000000000 EXTI3_IRQHandler
     /tmp/ccKug4JM.s:218    .text.EXTI15_10_IRQHandler:0000000000000000 $t
     /tmp/ccKug4JM.s:223    .text.EXTI15_10_IRQHandler:0000000000000000 EXTI15_10_IRQHandler
     /tmp/ccKug4JM.s:247    .text.EXTI14_IRQHandler:0000000000000000 $t
     /tmp/ccKug4JM.s:252    .text.EXTI14_IRQHandler:0000000000000000 EXTI14_IRQHandler
     /tmp/ccKug4JM.s:272    .text.EXTI11_IRQHandler:0000000000000000 $t
     /tmp/ccKug4JM.s:277    .text.EXTI11_IRQHandler:0000000000000000 EXTI11_IRQHandler
                     .debug_frame:0000000000000010 $d

UNDEFINED SYMBOLS
HAL_IncTick
HAL_GPIO_EXTI_IRQHandler
