ARM GAS  C:\cygwin64\tmp\ccDzYCrk.s 			page 1


   1              		.cpu cortex-m3
   2              		.eabi_attribute 20, 1
   3              		.eabi_attribute 21, 1
   4              		.eabi_attribute 23, 3
   5              		.eabi_attribute 24, 1
   6              		.eabi_attribute 25, 1
   7              		.eabi_attribute 26, 1
   8              		.eabi_attribute 30, 1
   9              		.eabi_attribute 34, 1
  10              		.eabi_attribute 18, 4
  11              		.file	"main.c"
  12              		.text
  13              	.Ltext0:
  14              		.cfi_sections	.debug_frame
  15              		.section	.text.MX_GPIO_Init,"ax",%progbits
  16              		.align	1
  17              		.arch armv7-m
  18              		.syntax unified
  19              		.thumb
  20              		.thumb_func
  21              		.fpu softvfp
  23              	MX_GPIO_Init:
  24              	.LFB68:
  25              		.file 1 "Src/main.c"
   1:Src/main.c    **** /* USER CODE BEGIN Header */
   2:Src/main.c    **** /**
   3:Src/main.c    ****   ******************************************************************************
   4:Src/main.c    ****   * @file           : main.c
   5:Src/main.c    ****   * @brief          : Main program body
   6:Src/main.c    ****   ******************************************************************************
   7:Src/main.c    ****   ** This notice applies to any and all portions of this file
   8:Src/main.c    ****   * that are not between comment pairs USER CODE BEGIN and
   9:Src/main.c    ****   * USER CODE END. Other portions of this file, whether 
  10:Src/main.c    ****   * inserted by the user or by software development tools
  11:Src/main.c    ****   * are owned by their respective copyright owners.
  12:Src/main.c    ****   *
  13:Src/main.c    ****   * COPYRIGHT(c) 2019 STMicroelectronics
  14:Src/main.c    ****   *
  15:Src/main.c    ****   * Redistribution and use in source and binary forms, with or without modification,
  16:Src/main.c    ****   * are permitted provided that the following conditions are met:
  17:Src/main.c    ****   *   1. Redistributions of source code must retain the above copyright notice,
  18:Src/main.c    ****   *      this list of conditions and the following disclaimer.
  19:Src/main.c    ****   *   2. Redistributions in binary form must reproduce the above copyright notice,
  20:Src/main.c    ****   *      this list of conditions and the following disclaimer in the documentation
  21:Src/main.c    ****   *      and/or other materials provided with the distribution.
  22:Src/main.c    ****   *   3. Neither the name of STMicroelectronics nor the names of its contributors
  23:Src/main.c    ****   *      may be used to endorse or promote products derived from this software
  24:Src/main.c    ****   *      without specific prior written permission.
  25:Src/main.c    ****   *
  26:Src/main.c    ****   * THIS SOFTWARE IS PROVIDED BY THE COPYRIGHT HOLDERS AND CONTRIBUTORS "AS IS"
  27:Src/main.c    ****   * AND ANY EXPRESS OR IMPLIED WARRANTIES, INCLUDING, BUT NOT LIMITED TO, THE
  28:Src/main.c    ****   * IMPLIED WARRANTIES OF MERCHANTABILITY AND FITNESS FOR A PARTICULAR PURPOSE ARE
  29:Src/main.c    ****   * DISCLAIMED. IN NO EVENT SHALL THE COPYRIGHT HOLDER OR CONTRIBUTORS BE LIABLE
  30:Src/main.c    ****   * FOR ANY DIRECT, INDIRECT, INCIDENTAL, SPECIAL, EXEMPLARY, OR CONSEQUENTIAL
  31:Src/main.c    ****   * DAMAGES (INCLUDING, BUT NOT LIMITED TO, PROCUREMENT OF SUBSTITUTE GOODS OR
  32:Src/main.c    ****   * SERVICES; LOSS OF USE, DATA, OR PROFITS; OR BUSINESS INTERRUPTION) HOWEVER
  33:Src/main.c    ****   * CAUSED AND ON ANY THEORY OF LIABILITY, WHETHER IN CONTRACT, STRICT LIABILITY,
ARM GAS  C:\cygwin64\tmp\ccDzYCrk.s 			page 2


  34:Src/main.c    ****   * OR TORT (INCLUDING NEGLIGENCE OR OTHERWISE) ARISING IN ANY WAY OUT OF THE USE
  35:Src/main.c    ****   * OF THIS SOFTWARE, EVEN IF ADVISED OF THE POSSIBILITY OF SUCH DAMAGE.
  36:Src/main.c    ****   *
  37:Src/main.c    ****   ******************************************************************************
  38:Src/main.c    ****   */
  39:Src/main.c    **** /* USER CODE END Header */
  40:Src/main.c    **** 
  41:Src/main.c    **** /* Includes ------------------------------------------------------------------*/
  42:Src/main.c    **** #include "main.h"
  43:Src/main.c    **** 
  44:Src/main.c    **** /* Private includes ----------------------------------------------------------*/
  45:Src/main.c    **** /* USER CODE BEGIN Includes */
  46:Src/main.c    **** 
  47:Src/main.c    **** /* USER CODE END Includes */
  48:Src/main.c    **** 
  49:Src/main.c    **** /* Private typedef -----------------------------------------------------------*/
  50:Src/main.c    **** /* USER CODE BEGIN PTD */
  51:Src/main.c    **** 
  52:Src/main.c    **** /* USER CODE END PTD */
  53:Src/main.c    **** 
  54:Src/main.c    **** /* Private define ------------------------------------------------------------*/
  55:Src/main.c    **** /* USER CODE BEGIN PD */
  56:Src/main.c    **** 
  57:Src/main.c    **** /* USER CODE END PD */
  58:Src/main.c    **** 
  59:Src/main.c    **** /* Private macro -------------------------------------------------------------*/
  60:Src/main.c    **** /* USER CODE BEGIN PM */
  61:Src/main.c    **** 
  62:Src/main.c    **** /* USER CODE END PM */
  63:Src/main.c    **** 
  64:Src/main.c    **** /* Private variables ---------------------------------------------------------*/
  65:Src/main.c    **** 
  66:Src/main.c    **** /* USER CODE BEGIN PV */
  67:Src/main.c    **** 
  68:Src/main.c    **** /* USER CODE END PV */
  69:Src/main.c    **** 
  70:Src/main.c    **** /* Private function prototypes -----------------------------------------------*/
  71:Src/main.c    **** void SystemClock_Config(void);
  72:Src/main.c    **** static void MX_GPIO_Init(void);
  73:Src/main.c    **** /* USER CODE BEGIN PFP */
  74:Src/main.c    **** 
  75:Src/main.c    **** /* USER CODE END PFP */
  76:Src/main.c    **** 
  77:Src/main.c    **** /* Private user code ---------------------------------------------------------*/
  78:Src/main.c    **** /* USER CODE BEGIN 0 */
  79:Src/main.c    **** 
  80:Src/main.c    **** /* USER CODE END 0 */
  81:Src/main.c    **** 
  82:Src/main.c    **** /**
  83:Src/main.c    ****   * @brief  The application entry point.
  84:Src/main.c    ****   * @retval int
  85:Src/main.c    ****   */
  86:Src/main.c    **** int main(void)
  87:Src/main.c    **** {
  88:Src/main.c    ****   /* USER CODE BEGIN 1 */
  89:Src/main.c    **** 
  90:Src/main.c    ****   /* USER CODE END 1 */
ARM GAS  C:\cygwin64\tmp\ccDzYCrk.s 			page 3


  91:Src/main.c    **** 
  92:Src/main.c    ****   /* MCU Configuration--------------------------------------------------------*/
  93:Src/main.c    **** 
  94:Src/main.c    ****   /* Reset of all peripherals, Initializes the Flash interface and the Systick. */
  95:Src/main.c    ****   HAL_Init();
  96:Src/main.c    **** 
  97:Src/main.c    ****   /* USER CODE BEGIN Init */
  98:Src/main.c    **** 
  99:Src/main.c    ****   /* USER CODE END Init */
 100:Src/main.c    **** 
 101:Src/main.c    ****   /* Configure the system clock */
 102:Src/main.c    ****   SystemClock_Config();
 103:Src/main.c    **** 
 104:Src/main.c    ****   /* USER CODE BEGIN SysInit */
 105:Src/main.c    **** 
 106:Src/main.c    ****   /* USER CODE END SysInit */
 107:Src/main.c    **** 
 108:Src/main.c    ****   /* Initialize all configured peripherals */
 109:Src/main.c    ****   MX_GPIO_Init();
 110:Src/main.c    ****   /* USER CODE BEGIN 2 */
 111:Src/main.c    **** 
 112:Src/main.c    ****   /* USER CODE END 2 */
 113:Src/main.c    **** 
 114:Src/main.c    ****   /* Infinite loop */
 115:Src/main.c    ****   /* USER CODE BEGIN WHILE */
 116:Src/main.c    ****   while (1)
 117:Src/main.c    ****   {
 118:Src/main.c    ****     /* USER CODE END WHILE */
 119:Src/main.c    **** 	HAL_GPIO_TogglePin(GPIOC, GPIO_PIN_13);
 120:Src/main.c    **** 	HAL_Delay(250);
 121:Src/main.c    ****     /* USER CODE BEGIN 3 */
 122:Src/main.c    ****   }
 123:Src/main.c    ****   /* USER CODE END 3 */
 124:Src/main.c    **** }
 125:Src/main.c    **** 
 126:Src/main.c    **** /**
 127:Src/main.c    ****   * @brief System Clock Configuration
 128:Src/main.c    ****   * @retval None
 129:Src/main.c    ****   */
 130:Src/main.c    **** void SystemClock_Config(void)
 131:Src/main.c    **** {
 132:Src/main.c    ****   RCC_OscInitTypeDef RCC_OscInitStruct = {0};
 133:Src/main.c    ****   RCC_ClkInitTypeDef RCC_ClkInitStruct = {0};
 134:Src/main.c    **** 
 135:Src/main.c    ****   /**Initializes the CPU, AHB and APB busses clocks 
 136:Src/main.c    ****   */
 137:Src/main.c    ****   RCC_OscInitStruct.OscillatorType = RCC_OSCILLATORTYPE_HSI;
 138:Src/main.c    ****   RCC_OscInitStruct.HSIState = RCC_HSI_ON;
 139:Src/main.c    ****   RCC_OscInitStruct.HSICalibrationValue = RCC_HSICALIBRATION_DEFAULT;
 140:Src/main.c    ****   RCC_OscInitStruct.PLL.PLLState = RCC_PLL_NONE;
 141:Src/main.c    ****   if (HAL_RCC_OscConfig(&RCC_OscInitStruct) != HAL_OK)
 142:Src/main.c    ****   {
 143:Src/main.c    ****     Error_Handler();
 144:Src/main.c    ****   }
 145:Src/main.c    ****   /**Initializes the CPU, AHB and APB busses clocks 
 146:Src/main.c    ****   */
 147:Src/main.c    ****   RCC_ClkInitStruct.ClockType = RCC_CLOCKTYPE_HCLK|RCC_CLOCKTYPE_SYSCLK
ARM GAS  C:\cygwin64\tmp\ccDzYCrk.s 			page 4


 148:Src/main.c    ****                               |RCC_CLOCKTYPE_PCLK1|RCC_CLOCKTYPE_PCLK2;
 149:Src/main.c    ****   RCC_ClkInitStruct.SYSCLKSource = RCC_SYSCLKSOURCE_HSI;
 150:Src/main.c    ****   RCC_ClkInitStruct.AHBCLKDivider = RCC_SYSCLK_DIV1;
 151:Src/main.c    ****   RCC_ClkInitStruct.APB1CLKDivider = RCC_HCLK_DIV1;
 152:Src/main.c    ****   RCC_ClkInitStruct.APB2CLKDivider = RCC_HCLK_DIV1;
 153:Src/main.c    **** 
 154:Src/main.c    ****   if (HAL_RCC_ClockConfig(&RCC_ClkInitStruct, FLASH_LATENCY_0) != HAL_OK)
 155:Src/main.c    ****   {
 156:Src/main.c    ****     Error_Handler();
 157:Src/main.c    ****   }
 158:Src/main.c    **** }
 159:Src/main.c    **** 
 160:Src/main.c    **** /**
 161:Src/main.c    ****   * @brief GPIO Initialization Function
 162:Src/main.c    ****   * @param None
 163:Src/main.c    ****   * @retval None
 164:Src/main.c    ****   */
 165:Src/main.c    **** static void MX_GPIO_Init(void)
 166:Src/main.c    **** {
  26              		.loc 1 166 1 view -0
  27              		.cfi_startproc
  28              		@ args = 0, pretend = 0, frame = 24
  29              		@ frame_needed = 0, uses_anonymous_args = 0
  30 0000 30B5     		push	{r4, r5, lr}
  31              	.LCFI0:
  32              		.cfi_def_cfa_offset 12
  33              		.cfi_offset 4, -12
  34              		.cfi_offset 5, -8
  35              		.cfi_offset 14, -4
  36 0002 87B0     		sub	sp, sp, #28
  37              	.LCFI1:
  38              		.cfi_def_cfa_offset 40
 167:Src/main.c    ****   GPIO_InitTypeDef GPIO_InitStruct = {0};
  39              		.loc 1 167 3 view .LVU1
  40              		.loc 1 167 20 is_stmt 0 view .LVU2
  41 0004 0024     		movs	r4, #0
  42 0006 0294     		str	r4, [sp, #8]
  43 0008 0394     		str	r4, [sp, #12]
  44 000a 0494     		str	r4, [sp, #16]
  45 000c 0594     		str	r4, [sp, #20]
 168:Src/main.c    **** 
 169:Src/main.c    ****   /* GPIO Ports Clock Enable */
 170:Src/main.c    ****   __HAL_RCC_GPIOC_CLK_ENABLE();
  46              		.loc 1 170 3 is_stmt 1 view .LVU3
  47              	.LBB2:
  48              		.loc 1 170 3 view .LVU4
  49              		.loc 1 170 3 view .LVU5
  50 000e 0F4B     		ldr	r3, .L3
  51 0010 9A69     		ldr	r2, [r3, #24]
  52 0012 42F01002 		orr	r2, r2, #16
  53 0016 9A61     		str	r2, [r3, #24]
  54              		.loc 1 170 3 view .LVU6
  55 0018 9B69     		ldr	r3, [r3, #24]
  56 001a 03F01003 		and	r3, r3, #16
  57 001e 0193     		str	r3, [sp, #4]
  58              		.loc 1 170 3 view .LVU7
  59 0020 019B     		ldr	r3, [sp, #4]
ARM GAS  C:\cygwin64\tmp\ccDzYCrk.s 			page 5


  60              	.LBE2:
 171:Src/main.c    **** 
 172:Src/main.c    ****   /*Configure GPIO pin Output Level */
 173:Src/main.c    ****   HAL_GPIO_WritePin(GPIOC, GPIO_PIN_13|GPIO_PIN_14, GPIO_PIN_RESET);
  61              		.loc 1 173 3 view .LVU8
  62 0022 0B4D     		ldr	r5, .L3+4
  63 0024 2246     		mov	r2, r4
  64 0026 4FF4C041 		mov	r1, #24576
  65 002a 2846     		mov	r0, r5
  66 002c FFF7FEFF 		bl	HAL_GPIO_WritePin
  67              	.LVL0:
 174:Src/main.c    **** 
 175:Src/main.c    ****   /*Configure GPIO pins : PC13 PC14 */
 176:Src/main.c    ****   GPIO_InitStruct.Pin = GPIO_PIN_13|GPIO_PIN_14;
  68              		.loc 1 176 3 view .LVU9
  69              		.loc 1 176 23 is_stmt 0 view .LVU10
  70 0030 4FF4C043 		mov	r3, #24576
  71 0034 0293     		str	r3, [sp, #8]
 177:Src/main.c    ****   GPIO_InitStruct.Mode = GPIO_MODE_OUTPUT_PP;
  72              		.loc 1 177 3 is_stmt 1 view .LVU11
  73              		.loc 1 177 24 is_stmt 0 view .LVU12
  74 0036 0123     		movs	r3, #1
  75 0038 0393     		str	r3, [sp, #12]
 178:Src/main.c    ****   GPIO_InitStruct.Pull = GPIO_NOPULL;
  76              		.loc 1 178 3 is_stmt 1 view .LVU13
  77              		.loc 1 178 24 is_stmt 0 view .LVU14
  78 003a 0494     		str	r4, [sp, #16]
 179:Src/main.c    ****   GPIO_InitStruct.Speed = GPIO_SPEED_FREQ_LOW;
  79              		.loc 1 179 3 is_stmt 1 view .LVU15
  80              		.loc 1 179 25 is_stmt 0 view .LVU16
  81 003c 0223     		movs	r3, #2
  82 003e 0593     		str	r3, [sp, #20]
 180:Src/main.c    ****   HAL_GPIO_Init(GPIOC, &GPIO_InitStruct);
  83              		.loc 1 180 3 is_stmt 1 view .LVU17
  84 0040 02A9     		add	r1, sp, #8
  85 0042 2846     		mov	r0, r5
  86 0044 FFF7FEFF 		bl	HAL_GPIO_Init
  87              	.LVL1:
 181:Src/main.c    **** 
 182:Src/main.c    **** }
  88              		.loc 1 182 1 is_stmt 0 view .LVU18
  89 0048 07B0     		add	sp, sp, #28
  90              	.LCFI2:
  91              		.cfi_def_cfa_offset 12
  92              		@ sp needed
  93 004a 30BD     		pop	{r4, r5, pc}
  94              	.L4:
  95              		.align	2
  96              	.L3:
  97 004c 00100240 		.word	1073876992
  98 0050 00100140 		.word	1073811456
  99              		.cfi_endproc
 100              	.LFE68:
 102              		.section	.text.SystemClock_Config,"ax",%progbits
 103              		.align	1
 104              		.global	SystemClock_Config
 105              		.syntax unified
ARM GAS  C:\cygwin64\tmp\ccDzYCrk.s 			page 6


 106              		.thumb
 107              		.thumb_func
 108              		.fpu softvfp
 110              	SystemClock_Config:
 111              	.LFB67:
 131:Src/main.c    ****   RCC_OscInitTypeDef RCC_OscInitStruct = {0};
 112              		.loc 1 131 1 is_stmt 1 view -0
 113              		.cfi_startproc
 114              		@ args = 0, pretend = 0, frame = 64
 115              		@ frame_needed = 0, uses_anonymous_args = 0
 116 0000 10B5     		push	{r4, lr}
 117              	.LCFI3:
 118              		.cfi_def_cfa_offset 8
 119              		.cfi_offset 4, -8
 120              		.cfi_offset 14, -4
 121 0002 90B0     		sub	sp, sp, #64
 122              	.LCFI4:
 123              		.cfi_def_cfa_offset 72
 132:Src/main.c    ****   RCC_ClkInitTypeDef RCC_ClkInitStruct = {0};
 124              		.loc 1 132 3 view .LVU20
 132:Src/main.c    ****   RCC_ClkInitTypeDef RCC_ClkInitStruct = {0};
 125              		.loc 1 132 22 is_stmt 0 view .LVU21
 126 0004 2422     		movs	r2, #36
 127 0006 0021     		movs	r1, #0
 128 0008 07A8     		add	r0, sp, #28
 129 000a FFF7FEFF 		bl	memset
 130              	.LVL2:
 133:Src/main.c    **** 
 131              		.loc 1 133 3 is_stmt 1 view .LVU22
 133:Src/main.c    **** 
 132              		.loc 1 133 22 is_stmt 0 view .LVU23
 133 000e 0024     		movs	r4, #0
 134 0010 0194     		str	r4, [sp, #4]
 135 0012 0294     		str	r4, [sp, #8]
 136 0014 0394     		str	r4, [sp, #12]
 137 0016 0494     		str	r4, [sp, #16]
 138 0018 0594     		str	r4, [sp, #20]
 137:Src/main.c    ****   RCC_OscInitStruct.HSIState = RCC_HSI_ON;
 139              		.loc 1 137 3 is_stmt 1 view .LVU24
 137:Src/main.c    ****   RCC_OscInitStruct.HSIState = RCC_HSI_ON;
 140              		.loc 1 137 36 is_stmt 0 view .LVU25
 141 001a 0223     		movs	r3, #2
 142 001c 0693     		str	r3, [sp, #24]
 138:Src/main.c    ****   RCC_OscInitStruct.HSICalibrationValue = RCC_HSICALIBRATION_DEFAULT;
 143              		.loc 1 138 3 is_stmt 1 view .LVU26
 138:Src/main.c    ****   RCC_OscInitStruct.HSICalibrationValue = RCC_HSICALIBRATION_DEFAULT;
 144              		.loc 1 138 30 is_stmt 0 view .LVU27
 145 001e 0123     		movs	r3, #1
 146 0020 0A93     		str	r3, [sp, #40]
 139:Src/main.c    ****   RCC_OscInitStruct.PLL.PLLState = RCC_PLL_NONE;
 147              		.loc 1 139 3 is_stmt 1 view .LVU28
 139:Src/main.c    ****   RCC_OscInitStruct.PLL.PLLState = RCC_PLL_NONE;
 148              		.loc 1 139 41 is_stmt 0 view .LVU29
 149 0022 1023     		movs	r3, #16
 150 0024 0B93     		str	r3, [sp, #44]
 140:Src/main.c    ****   if (HAL_RCC_OscConfig(&RCC_OscInitStruct) != HAL_OK)
 151              		.loc 1 140 3 is_stmt 1 view .LVU30
ARM GAS  C:\cygwin64\tmp\ccDzYCrk.s 			page 7


 141:Src/main.c    ****   {
 152              		.loc 1 141 3 view .LVU31
 141:Src/main.c    ****   {
 153              		.loc 1 141 7 is_stmt 0 view .LVU32
 154 0026 06A8     		add	r0, sp, #24
 155 0028 FFF7FEFF 		bl	HAL_RCC_OscConfig
 156              	.LVL3:
 147:Src/main.c    ****                               |RCC_CLOCKTYPE_PCLK1|RCC_CLOCKTYPE_PCLK2;
 157              		.loc 1 147 3 is_stmt 1 view .LVU33
 147:Src/main.c    ****                               |RCC_CLOCKTYPE_PCLK1|RCC_CLOCKTYPE_PCLK2;
 158              		.loc 1 147 31 is_stmt 0 view .LVU34
 159 002c 0F23     		movs	r3, #15
 160 002e 0193     		str	r3, [sp, #4]
 149:Src/main.c    ****   RCC_ClkInitStruct.AHBCLKDivider = RCC_SYSCLK_DIV1;
 161              		.loc 1 149 3 is_stmt 1 view .LVU35
 149:Src/main.c    ****   RCC_ClkInitStruct.AHBCLKDivider = RCC_SYSCLK_DIV1;
 162              		.loc 1 149 34 is_stmt 0 view .LVU36
 163 0030 0294     		str	r4, [sp, #8]
 150:Src/main.c    ****   RCC_ClkInitStruct.APB1CLKDivider = RCC_HCLK_DIV1;
 164              		.loc 1 150 3 is_stmt 1 view .LVU37
 150:Src/main.c    ****   RCC_ClkInitStruct.APB1CLKDivider = RCC_HCLK_DIV1;
 165              		.loc 1 150 35 is_stmt 0 view .LVU38
 166 0032 0394     		str	r4, [sp, #12]
 151:Src/main.c    ****   RCC_ClkInitStruct.APB2CLKDivider = RCC_HCLK_DIV1;
 167              		.loc 1 151 3 is_stmt 1 view .LVU39
 151:Src/main.c    ****   RCC_ClkInitStruct.APB2CLKDivider = RCC_HCLK_DIV1;
 168              		.loc 1 151 36 is_stmt 0 view .LVU40
 169 0034 0494     		str	r4, [sp, #16]
 152:Src/main.c    **** 
 170              		.loc 1 152 3 is_stmt 1 view .LVU41
 152:Src/main.c    **** 
 171              		.loc 1 152 36 is_stmt 0 view .LVU42
 172 0036 0594     		str	r4, [sp, #20]
 154:Src/main.c    ****   {
 173              		.loc 1 154 3 is_stmt 1 view .LVU43
 154:Src/main.c    ****   {
 174              		.loc 1 154 7 is_stmt 0 view .LVU44
 175 0038 2146     		mov	r1, r4
 176 003a 01A8     		add	r0, sp, #4
 177 003c FFF7FEFF 		bl	HAL_RCC_ClockConfig
 178              	.LVL4:
 158:Src/main.c    **** 
 179              		.loc 1 158 1 view .LVU45
 180 0040 10B0     		add	sp, sp, #64
 181              	.LCFI5:
 182              		.cfi_def_cfa_offset 8
 183              		@ sp needed
 184 0042 10BD     		pop	{r4, pc}
 185              		.cfi_endproc
 186              	.LFE67:
 188              		.section	.text.main,"ax",%progbits
 189              		.align	1
 190              		.global	main
 191              		.syntax unified
 192              		.thumb
 193              		.thumb_func
 194              		.fpu softvfp
ARM GAS  C:\cygwin64\tmp\ccDzYCrk.s 			page 8


 196              	main:
 197              	.LFB66:
  87:Src/main.c    ****   /* USER CODE BEGIN 1 */
 198              		.loc 1 87 1 is_stmt 1 view -0
 199              		.cfi_startproc
 200              		@ Volatile: function does not return.
 201              		@ args = 0, pretend = 0, frame = 0
 202              		@ frame_needed = 0, uses_anonymous_args = 0
 203 0000 08B5     		push	{r3, lr}
 204              	.LCFI6:
 205              		.cfi_def_cfa_offset 8
 206              		.cfi_offset 3, -8
 207              		.cfi_offset 14, -4
  95:Src/main.c    **** 
 208              		.loc 1 95 3 view .LVU47
 209 0002 FFF7FEFF 		bl	HAL_Init
 210              	.LVL5:
 102:Src/main.c    **** 
 211              		.loc 1 102 3 view .LVU48
 212 0006 FFF7FEFF 		bl	SystemClock_Config
 213              	.LVL6:
 109:Src/main.c    ****   /* USER CODE BEGIN 2 */
 214              		.loc 1 109 3 view .LVU49
 215 000a FFF7FEFF 		bl	MX_GPIO_Init
 216              	.LVL7:
 217              	.L8:
 116:Src/main.c    ****   {
 218              		.loc 1 116 3 discriminator 1 view .LVU50
 119:Src/main.c    **** 	HAL_Delay(250);
 219              		.loc 1 119 2 discriminator 1 view .LVU51
 220 000e 4FF40051 		mov	r1, #8192
 221 0012 0348     		ldr	r0, .L10
 222 0014 FFF7FEFF 		bl	HAL_GPIO_TogglePin
 223              	.LVL8:
 120:Src/main.c    ****     /* USER CODE BEGIN 3 */
 224              		.loc 1 120 2 discriminator 1 view .LVU52
 225 0018 FA20     		movs	r0, #250
 226 001a FFF7FEFF 		bl	HAL_Delay
 227              	.LVL9:
 228 001e F6E7     		b	.L8
 229              	.L11:
 230              		.align	2
 231              	.L10:
 232 0020 00100140 		.word	1073811456
 233              		.cfi_endproc
 234              	.LFE66:
 236              		.section	.text.Error_Handler,"ax",%progbits
 237              		.align	1
 238              		.global	Error_Handler
 239              		.syntax unified
 240              		.thumb
 241              		.thumb_func
 242              		.fpu softvfp
 244              	Error_Handler:
 245              	.LFB69:
 183:Src/main.c    **** 
 184:Src/main.c    **** /* USER CODE BEGIN 4 */
ARM GAS  C:\cygwin64\tmp\ccDzYCrk.s 			page 9


 185:Src/main.c    **** 
 186:Src/main.c    **** /* USER CODE END 4 */
 187:Src/main.c    **** 
 188:Src/main.c    **** /**
 189:Src/main.c    ****   * @brief  This function is executed in case of error occurrence.
 190:Src/main.c    ****   * @retval None
 191:Src/main.c    ****   */
 192:Src/main.c    **** void Error_Handler(void)
 193:Src/main.c    **** {
 246              		.loc 1 193 1 view -0
 247              		.cfi_startproc
 248              		@ args = 0, pretend = 0, frame = 0
 249              		@ frame_needed = 0, uses_anonymous_args = 0
 250              		@ link register save eliminated.
 194:Src/main.c    ****   /* USER CODE BEGIN Error_Handler_Debug */
 195:Src/main.c    ****   /* User can add his own implementation to report the HAL error return state */
 196:Src/main.c    **** 
 197:Src/main.c    ****   /* USER CODE END Error_Handler_Debug */
 198:Src/main.c    **** }
 251              		.loc 1 198 1 view .LVU54
 252 0000 7047     		bx	lr
 253              		.cfi_endproc
 254              	.LFE69:
 256              		.text
 257              	.Letext0:
 258              		.file 2 "c:\\arm-gcc\\8-2018-q4-major\\arm-none-eabi\\include\\machine\\_default_types.h"
 259              		.file 3 "c:\\arm-gcc\\8-2018-q4-major\\arm-none-eabi\\include\\sys\\_stdint.h"
 260              		.file 4 "Drivers/CMSIS/Include/core_cm3.h"
 261              		.file 5 "Drivers/CMSIS/Device/ST/STM32F1xx/Include/system_stm32f1xx.h"
 262              		.file 6 "Drivers/CMSIS/Device/ST/STM32F1xx/Include/stm32f103xb.h"
 263              		.file 7 "c:\\arm-gcc\\8-2018-q4-major\\arm-none-eabi\\include\\sys\\lock.h"
 264              		.file 8 "c:\\arm-gcc\\8-2018-q4-major\\arm-none-eabi\\include\\sys\\_types.h"
 265              		.file 9 "c:\\arm-gcc\\8-2018-q4-major\\lib\\gcc\\arm-none-eabi\\8.2.1\\include\\stddef.h"
 266              		.file 10 "c:\\arm-gcc\\8-2018-q4-major\\arm-none-eabi\\include\\sys\\reent.h"
 267              		.file 11 "Drivers/STM32F1xx_HAL_Driver/Inc/stm32f1xx_hal_rcc.h"
 268              		.file 12 "Drivers/STM32F1xx_HAL_Driver/Inc/stm32f1xx_hal_rcc_ex.h"
 269              		.file 13 "Drivers/STM32F1xx_HAL_Driver/Inc/stm32f1xx_hal_gpio.h"
 270              		.file 14 "Drivers/STM32F1xx_HAL_Driver/Inc/stm32f1xx_hal_def.h"
 271              		.file 15 "Drivers/STM32F1xx_HAL_Driver/Inc/stm32f1xx_hal.h"
 272              		.file 16 "<built-in>"
ARM GAS  C:\cygwin64\tmp\ccDzYCrk.s 			page 10


DEFINED SYMBOLS
                            *ABS*:00000000 main.c
C:\cygwin64\tmp\ccDzYCrk.s:16     .text.MX_GPIO_Init:00000000 $t
C:\cygwin64\tmp\ccDzYCrk.s:23     .text.MX_GPIO_Init:00000000 MX_GPIO_Init
C:\cygwin64\tmp\ccDzYCrk.s:97     .text.MX_GPIO_Init:0000004c $d
C:\cygwin64\tmp\ccDzYCrk.s:103    .text.SystemClock_Config:00000000 $t
C:\cygwin64\tmp\ccDzYCrk.s:110    .text.SystemClock_Config:00000000 SystemClock_Config
C:\cygwin64\tmp\ccDzYCrk.s:189    .text.main:00000000 $t
C:\cygwin64\tmp\ccDzYCrk.s:196    .text.main:00000000 main
C:\cygwin64\tmp\ccDzYCrk.s:232    .text.main:00000020 $d
C:\cygwin64\tmp\ccDzYCrk.s:237    .text.Error_Handler:00000000 $t
C:\cygwin64\tmp\ccDzYCrk.s:244    .text.Error_Handler:00000000 Error_Handler

UNDEFINED SYMBOLS
HAL_GPIO_WritePin
HAL_GPIO_Init
memset
HAL_RCC_OscConfig
HAL_RCC_ClockConfig
HAL_Init
HAL_GPIO_TogglePin
HAL_Delay
