ARM GAS  /tmp/ccqADDwF.s 			page 1


   1              		.cpu cortex-m3
   2              		.eabi_attribute 20, 1
   3              		.eabi_attribute 21, 1
   4              		.eabi_attribute 23, 3
   5              		.eabi_attribute 24, 1
   6              		.eabi_attribute 25, 1
   7              		.eabi_attribute 26, 1
   8              		.eabi_attribute 30, 1
   9              		.eabi_attribute 34, 1
  10              		.eabi_attribute 18, 4
  11              		.file	"stm32f1xx_hal_msp.c"
  12              		.text
  13              	.Ltext0:
  14              		.cfi_sections	.debug_frame
  15              		.section	.text.HAL_MspInit,"ax",%progbits
  16              		.align	1
  17              		.global	HAL_MspInit
  18              		.syntax unified
  19              		.thumb
  20              		.thumb_func
  21              		.fpu softvfp
  23              	HAL_MspInit:
  24              	.LFB66:
  25              		.file 1 "Src/stm32f1xx_hal_msp.c"
   1:Src/stm32f1xx_hal_msp.c **** /* USER CODE BEGIN Header */
   2:Src/stm32f1xx_hal_msp.c **** /**
   3:Src/stm32f1xx_hal_msp.c ****   ******************************************************************************
   4:Src/stm32f1xx_hal_msp.c ****   * File Name          : stm32f1xx_hal_msp.c
   5:Src/stm32f1xx_hal_msp.c ****   * Description        : This file provides code for the MSP Initialization 
   6:Src/stm32f1xx_hal_msp.c ****   *                      and de-Initialization codes.
   7:Src/stm32f1xx_hal_msp.c ****   ******************************************************************************
   8:Src/stm32f1xx_hal_msp.c ****   * @attention
   9:Src/stm32f1xx_hal_msp.c ****   *
  10:Src/stm32f1xx_hal_msp.c ****   * <h2><center>&copy; Copyright (c) 2019 STMicroelectronics.
  11:Src/stm32f1xx_hal_msp.c ****   * All rights reserved.</center></h2>
  12:Src/stm32f1xx_hal_msp.c ****   *
  13:Src/stm32f1xx_hal_msp.c ****   * This software component is licensed by ST under BSD 3-Clause license,
  14:Src/stm32f1xx_hal_msp.c ****   * the "License"; You may not use this file except in compliance with the
  15:Src/stm32f1xx_hal_msp.c ****   * License. You may obtain a copy of the License at:
  16:Src/stm32f1xx_hal_msp.c ****   *                        opensource.org/licenses/BSD-3-Clause
  17:Src/stm32f1xx_hal_msp.c ****   *
  18:Src/stm32f1xx_hal_msp.c ****   ******************************************************************************
  19:Src/stm32f1xx_hal_msp.c ****   */
  20:Src/stm32f1xx_hal_msp.c **** /* USER CODE END Header */
  21:Src/stm32f1xx_hal_msp.c **** 
  22:Src/stm32f1xx_hal_msp.c **** /* Includes ------------------------------------------------------------------*/
  23:Src/stm32f1xx_hal_msp.c **** #include "main.h"
  24:Src/stm32f1xx_hal_msp.c **** /* USER CODE BEGIN Includes */
  25:Src/stm32f1xx_hal_msp.c **** 
  26:Src/stm32f1xx_hal_msp.c **** /* USER CODE END Includes */
  27:Src/stm32f1xx_hal_msp.c **** 
  28:Src/stm32f1xx_hal_msp.c **** /* Private typedef -----------------------------------------------------------*/
  29:Src/stm32f1xx_hal_msp.c **** /* USER CODE BEGIN TD */
  30:Src/stm32f1xx_hal_msp.c **** 
  31:Src/stm32f1xx_hal_msp.c **** /* USER CODE END TD */
  32:Src/stm32f1xx_hal_msp.c **** 
  33:Src/stm32f1xx_hal_msp.c **** /* Private define ------------------------------------------------------------*/
ARM GAS  /tmp/ccqADDwF.s 			page 2


  34:Src/stm32f1xx_hal_msp.c **** /* USER CODE BEGIN Define */
  35:Src/stm32f1xx_hal_msp.c ****  
  36:Src/stm32f1xx_hal_msp.c **** /* USER CODE END Define */
  37:Src/stm32f1xx_hal_msp.c **** 
  38:Src/stm32f1xx_hal_msp.c **** /* Private macro -------------------------------------------------------------*/
  39:Src/stm32f1xx_hal_msp.c **** /* USER CODE BEGIN Macro */
  40:Src/stm32f1xx_hal_msp.c **** 
  41:Src/stm32f1xx_hal_msp.c **** /* USER CODE END Macro */
  42:Src/stm32f1xx_hal_msp.c **** 
  43:Src/stm32f1xx_hal_msp.c **** /* Private variables ---------------------------------------------------------*/
  44:Src/stm32f1xx_hal_msp.c **** /* USER CODE BEGIN PV */
  45:Src/stm32f1xx_hal_msp.c **** 
  46:Src/stm32f1xx_hal_msp.c **** /* USER CODE END PV */
  47:Src/stm32f1xx_hal_msp.c **** 
  48:Src/stm32f1xx_hal_msp.c **** /* Private function prototypes -----------------------------------------------*/
  49:Src/stm32f1xx_hal_msp.c **** /* USER CODE BEGIN PFP */
  50:Src/stm32f1xx_hal_msp.c **** 
  51:Src/stm32f1xx_hal_msp.c **** /* USER CODE END PFP */
  52:Src/stm32f1xx_hal_msp.c **** 
  53:Src/stm32f1xx_hal_msp.c **** /* External functions --------------------------------------------------------*/
  54:Src/stm32f1xx_hal_msp.c **** /* USER CODE BEGIN ExternalFunctions */
  55:Src/stm32f1xx_hal_msp.c **** 
  56:Src/stm32f1xx_hal_msp.c **** /* USER CODE END ExternalFunctions */
  57:Src/stm32f1xx_hal_msp.c **** 
  58:Src/stm32f1xx_hal_msp.c **** /* USER CODE BEGIN 0 */
  59:Src/stm32f1xx_hal_msp.c **** 
  60:Src/stm32f1xx_hal_msp.c **** /* USER CODE END 0 */
  61:Src/stm32f1xx_hal_msp.c **** /**
  62:Src/stm32f1xx_hal_msp.c ****   * Initializes the Global MSP.
  63:Src/stm32f1xx_hal_msp.c ****   */
  64:Src/stm32f1xx_hal_msp.c **** void HAL_MspInit(void)
  65:Src/stm32f1xx_hal_msp.c **** {
  26              		.loc 1 65 0
  27              		.cfi_startproc
  28              		@ args = 0, pretend = 0, frame = 8
  29              		@ frame_needed = 0, uses_anonymous_args = 0
  30              		@ link register save eliminated.
  31 0000 82B0     		sub	sp, sp, #8
  32              	.LCFI0:
  33              		.cfi_def_cfa_offset 8
  34              	.LBB2:
  66:Src/stm32f1xx_hal_msp.c ****   /* USER CODE BEGIN MspInit 0 */
  67:Src/stm32f1xx_hal_msp.c **** 
  68:Src/stm32f1xx_hal_msp.c ****   /* USER CODE END MspInit 0 */
  69:Src/stm32f1xx_hal_msp.c **** 
  70:Src/stm32f1xx_hal_msp.c ****   __HAL_RCC_AFIO_CLK_ENABLE();
  35              		.loc 1 70 0
  36 0002 0E4B     		ldr	r3, .L3
  37 0004 9A69     		ldr	r2, [r3, #24]
  38 0006 42F00102 		orr	r2, r2, #1
  39 000a 9A61     		str	r2, [r3, #24]
  40 000c 9A69     		ldr	r2, [r3, #24]
  41 000e 02F00102 		and	r2, r2, #1
  42 0012 0092     		str	r2, [sp]
  43 0014 009A     		ldr	r2, [sp]
  44              	.LBE2:
  45              	.LBB3:
ARM GAS  /tmp/ccqADDwF.s 			page 3


  71:Src/stm32f1xx_hal_msp.c ****   __HAL_RCC_PWR_CLK_ENABLE();
  46              		.loc 1 71 0
  47 0016 DA69     		ldr	r2, [r3, #28]
  48 0018 42F08052 		orr	r2, r2, #268435456
  49 001c DA61     		str	r2, [r3, #28]
  50 001e DB69     		ldr	r3, [r3, #28]
  51 0020 03F08053 		and	r3, r3, #268435456
  52 0024 0193     		str	r3, [sp, #4]
  53 0026 019B     		ldr	r3, [sp, #4]
  54              	.LBE3:
  55              	.LBB4:
  72:Src/stm32f1xx_hal_msp.c **** 
  73:Src/stm32f1xx_hal_msp.c ****   /* System interrupt init*/
  74:Src/stm32f1xx_hal_msp.c **** 
  75:Src/stm32f1xx_hal_msp.c ****   /** DISABLE: JTAG-DP Disabled and SW-DP Disabled 
  76:Src/stm32f1xx_hal_msp.c ****   */
  77:Src/stm32f1xx_hal_msp.c ****   __HAL_AFIO_REMAP_SWJ_DISABLE();
  56              		.loc 1 77 0
  57 0028 054A     		ldr	r2, .L3+4
  58 002a 5368     		ldr	r3, [r2, #4]
  59              	.LVL0:
  60 002c 23F0E063 		bic	r3, r3, #117440512
  61              	.LVL1:
  62 0030 43F08063 		orr	r3, r3, #67108864
  63              	.LVL2:
  64 0034 5360     		str	r3, [r2, #4]
  65              	.LBE4:
  78:Src/stm32f1xx_hal_msp.c **** 
  79:Src/stm32f1xx_hal_msp.c ****   /* USER CODE BEGIN MspInit 1 */
  80:Src/stm32f1xx_hal_msp.c **** 
  81:Src/stm32f1xx_hal_msp.c ****   /* USER CODE END MspInit 1 */
  82:Src/stm32f1xx_hal_msp.c **** }
  66              		.loc 1 82 0
  67 0036 02B0     		add	sp, sp, #8
  68              	.LCFI1:
  69              		.cfi_def_cfa_offset 0
  70              		@ sp needed
  71 0038 7047     		bx	lr
  72              	.L4:
  73 003a 00BF     		.align	2
  74              	.L3:
  75 003c 00100240 		.word	1073876992
  76 0040 00000140 		.word	1073807360
  77              		.cfi_endproc
  78              	.LFE66:
  80              		.section	.text.HAL_ADC_MspInit,"ax",%progbits
  81              		.align	1
  82              		.global	HAL_ADC_MspInit
  83              		.syntax unified
  84              		.thumb
  85              		.thumb_func
  86              		.fpu softvfp
  88              	HAL_ADC_MspInit:
  89              	.LFB67:
  83:Src/stm32f1xx_hal_msp.c **** 
  84:Src/stm32f1xx_hal_msp.c **** /**
  85:Src/stm32f1xx_hal_msp.c **** * @brief ADC MSP Initialization
ARM GAS  /tmp/ccqADDwF.s 			page 4


  86:Src/stm32f1xx_hal_msp.c **** * This function configures the hardware resources used in this example
  87:Src/stm32f1xx_hal_msp.c **** * @param hadc: ADC handle pointer
  88:Src/stm32f1xx_hal_msp.c **** * @retval None
  89:Src/stm32f1xx_hal_msp.c **** */
  90:Src/stm32f1xx_hal_msp.c **** void HAL_ADC_MspInit(ADC_HandleTypeDef* hadc)
  91:Src/stm32f1xx_hal_msp.c **** {
  90              		.loc 1 91 0
  91              		.cfi_startproc
  92              		@ args = 0, pretend = 0, frame = 24
  93              		@ frame_needed = 0, uses_anonymous_args = 0
  94              	.LVL3:
  95 0000 00B5     		push	{lr}
  96              	.LCFI2:
  97              		.cfi_def_cfa_offset 4
  98              		.cfi_offset 14, -4
  99 0002 87B0     		sub	sp, sp, #28
 100              	.LCFI3:
 101              		.cfi_def_cfa_offset 32
  92:Src/stm32f1xx_hal_msp.c ****   GPIO_InitTypeDef GPIO_InitStruct = {0};
 102              		.loc 1 92 0
 103 0004 0023     		movs	r3, #0
 104 0006 0293     		str	r3, [sp, #8]
 105 0008 0393     		str	r3, [sp, #12]
 106 000a 0493     		str	r3, [sp, #16]
 107 000c 0593     		str	r3, [sp, #20]
  93:Src/stm32f1xx_hal_msp.c ****   if(hadc->Instance==ADC1)
 108              		.loc 1 93 0
 109 000e 0268     		ldr	r2, [r0]
 110 0010 104B     		ldr	r3, .L9
 111 0012 9A42     		cmp	r2, r3
 112 0014 02D0     		beq	.L8
 113              	.LVL4:
 114              	.L5:
  94:Src/stm32f1xx_hal_msp.c ****   {
  95:Src/stm32f1xx_hal_msp.c ****   /* USER CODE BEGIN ADC1_MspInit 0 */
  96:Src/stm32f1xx_hal_msp.c **** 
  97:Src/stm32f1xx_hal_msp.c ****   /* USER CODE END ADC1_MspInit 0 */
  98:Src/stm32f1xx_hal_msp.c ****     /* Peripheral clock enable */
  99:Src/stm32f1xx_hal_msp.c ****     __HAL_RCC_ADC1_CLK_ENABLE();
 100:Src/stm32f1xx_hal_msp.c ****   
 101:Src/stm32f1xx_hal_msp.c ****     __HAL_RCC_GPIOB_CLK_ENABLE();
 102:Src/stm32f1xx_hal_msp.c ****     /**ADC1 GPIO Configuration    
 103:Src/stm32f1xx_hal_msp.c ****     PB0     ------> ADC1_IN8
 104:Src/stm32f1xx_hal_msp.c ****     PB1     ------> ADC1_IN9 
 105:Src/stm32f1xx_hal_msp.c ****     */
 106:Src/stm32f1xx_hal_msp.c ****     GPIO_InitStruct.Pin = CURR_Pin|CURR_HR_Pin;
 107:Src/stm32f1xx_hal_msp.c ****     GPIO_InitStruct.Mode = GPIO_MODE_ANALOG;
 108:Src/stm32f1xx_hal_msp.c ****     HAL_GPIO_Init(GPIOB, &GPIO_InitStruct);
 109:Src/stm32f1xx_hal_msp.c **** 
 110:Src/stm32f1xx_hal_msp.c ****   /* USER CODE BEGIN ADC1_MspInit 1 */
 111:Src/stm32f1xx_hal_msp.c **** 
 112:Src/stm32f1xx_hal_msp.c ****   /* USER CODE END ADC1_MspInit 1 */
 113:Src/stm32f1xx_hal_msp.c ****   }
 114:Src/stm32f1xx_hal_msp.c **** 
 115:Src/stm32f1xx_hal_msp.c **** }
 115              		.loc 1 115 0
 116 0016 07B0     		add	sp, sp, #28
ARM GAS  /tmp/ccqADDwF.s 			page 5


 117              	.LCFI4:
 118              		.cfi_remember_state
 119              		.cfi_def_cfa_offset 4
 120              		@ sp needed
 121 0018 5DF804FB 		ldr	pc, [sp], #4
 122              	.LVL5:
 123              	.L8:
 124              	.LCFI5:
 125              		.cfi_restore_state
 126              	.LBB5:
  99:Src/stm32f1xx_hal_msp.c ****   
 127              		.loc 1 99 0
 128 001c 03F56C43 		add	r3, r3, #60416
 129 0020 9A69     		ldr	r2, [r3, #24]
 130 0022 42F40072 		orr	r2, r2, #512
 131 0026 9A61     		str	r2, [r3, #24]
 132 0028 9A69     		ldr	r2, [r3, #24]
 133 002a 02F40072 		and	r2, r2, #512
 134 002e 0092     		str	r2, [sp]
 135 0030 009A     		ldr	r2, [sp]
 136              	.LBE5:
 137              	.LBB6:
 101:Src/stm32f1xx_hal_msp.c ****     /**ADC1 GPIO Configuration    
 138              		.loc 1 101 0
 139 0032 9A69     		ldr	r2, [r3, #24]
 140 0034 42F00802 		orr	r2, r2, #8
 141 0038 9A61     		str	r2, [r3, #24]
 142 003a 9B69     		ldr	r3, [r3, #24]
 143 003c 03F00803 		and	r3, r3, #8
 144 0040 0193     		str	r3, [sp, #4]
 145 0042 019B     		ldr	r3, [sp, #4]
 146              	.LBE6:
 106:Src/stm32f1xx_hal_msp.c ****     GPIO_InitStruct.Mode = GPIO_MODE_ANALOG;
 147              		.loc 1 106 0
 148 0044 0323     		movs	r3, #3
 149 0046 0293     		str	r3, [sp, #8]
 107:Src/stm32f1xx_hal_msp.c ****     HAL_GPIO_Init(GPIOB, &GPIO_InitStruct);
 150              		.loc 1 107 0
 151 0048 0393     		str	r3, [sp, #12]
 108:Src/stm32f1xx_hal_msp.c **** 
 152              		.loc 1 108 0
 153 004a 02A9     		add	r1, sp, #8
 154 004c 0248     		ldr	r0, .L9+4
 155              	.LVL6:
 156 004e FFF7FEFF 		bl	HAL_GPIO_Init
 157              	.LVL7:
 158              		.loc 1 115 0
 159 0052 E0E7     		b	.L5
 160              	.L10:
 161              		.align	2
 162              	.L9:
 163 0054 00240140 		.word	1073816576
 164 0058 000C0140 		.word	1073810432
 165              		.cfi_endproc
 166              	.LFE67:
 168              		.section	.text.HAL_ADC_MspDeInit,"ax",%progbits
 169              		.align	1
ARM GAS  /tmp/ccqADDwF.s 			page 6


 170              		.global	HAL_ADC_MspDeInit
 171              		.syntax unified
 172              		.thumb
 173              		.thumb_func
 174              		.fpu softvfp
 176              	HAL_ADC_MspDeInit:
 177              	.LFB68:
 116:Src/stm32f1xx_hal_msp.c **** 
 117:Src/stm32f1xx_hal_msp.c **** /**
 118:Src/stm32f1xx_hal_msp.c **** * @brief ADC MSP De-Initialization
 119:Src/stm32f1xx_hal_msp.c **** * This function freeze the hardware resources used in this example
 120:Src/stm32f1xx_hal_msp.c **** * @param hadc: ADC handle pointer
 121:Src/stm32f1xx_hal_msp.c **** * @retval None
 122:Src/stm32f1xx_hal_msp.c **** */
 123:Src/stm32f1xx_hal_msp.c **** void HAL_ADC_MspDeInit(ADC_HandleTypeDef* hadc)
 124:Src/stm32f1xx_hal_msp.c **** {
 178              		.loc 1 124 0
 179              		.cfi_startproc
 180              		@ args = 0, pretend = 0, frame = 0
 181              		@ frame_needed = 0, uses_anonymous_args = 0
 182              	.LVL8:
 183 0000 08B5     		push	{r3, lr}
 184              	.LCFI6:
 185              		.cfi_def_cfa_offset 8
 186              		.cfi_offset 3, -8
 187              		.cfi_offset 14, -4
 125:Src/stm32f1xx_hal_msp.c ****   if(hadc->Instance==ADC1)
 188              		.loc 1 125 0
 189 0002 0268     		ldr	r2, [r0]
 190 0004 064B     		ldr	r3, .L15
 191 0006 9A42     		cmp	r2, r3
 192 0008 00D0     		beq	.L14
 193              	.LVL9:
 194              	.L11:
 126:Src/stm32f1xx_hal_msp.c ****   {
 127:Src/stm32f1xx_hal_msp.c ****   /* USER CODE BEGIN ADC1_MspDeInit 0 */
 128:Src/stm32f1xx_hal_msp.c **** 
 129:Src/stm32f1xx_hal_msp.c ****   /* USER CODE END ADC1_MspDeInit 0 */
 130:Src/stm32f1xx_hal_msp.c ****     /* Peripheral clock disable */
 131:Src/stm32f1xx_hal_msp.c ****     __HAL_RCC_ADC1_CLK_DISABLE();
 132:Src/stm32f1xx_hal_msp.c ****   
 133:Src/stm32f1xx_hal_msp.c ****     /**ADC1 GPIO Configuration    
 134:Src/stm32f1xx_hal_msp.c ****     PB0     ------> ADC1_IN8
 135:Src/stm32f1xx_hal_msp.c ****     PB1     ------> ADC1_IN9 
 136:Src/stm32f1xx_hal_msp.c ****     */
 137:Src/stm32f1xx_hal_msp.c ****     HAL_GPIO_DeInit(GPIOB, CURR_Pin|CURR_HR_Pin);
 138:Src/stm32f1xx_hal_msp.c **** 
 139:Src/stm32f1xx_hal_msp.c ****   /* USER CODE BEGIN ADC1_MspDeInit 1 */
 140:Src/stm32f1xx_hal_msp.c **** 
 141:Src/stm32f1xx_hal_msp.c ****   /* USER CODE END ADC1_MspDeInit 1 */
 142:Src/stm32f1xx_hal_msp.c ****   }
 143:Src/stm32f1xx_hal_msp.c **** 
 144:Src/stm32f1xx_hal_msp.c **** }
 195              		.loc 1 144 0
 196 000a 08BD     		pop	{r3, pc}
 197              	.LVL10:
 198              	.L14:
ARM GAS  /tmp/ccqADDwF.s 			page 7


 131:Src/stm32f1xx_hal_msp.c ****   
 199              		.loc 1 131 0
 200 000c 054A     		ldr	r2, .L15+4
 201 000e 9369     		ldr	r3, [r2, #24]
 202 0010 23F40073 		bic	r3, r3, #512
 203 0014 9361     		str	r3, [r2, #24]
 137:Src/stm32f1xx_hal_msp.c **** 
 204              		.loc 1 137 0
 205 0016 0321     		movs	r1, #3
 206 0018 0348     		ldr	r0, .L15+8
 207              	.LVL11:
 208 001a FFF7FEFF 		bl	HAL_GPIO_DeInit
 209              	.LVL12:
 210              		.loc 1 144 0
 211 001e F4E7     		b	.L11
 212              	.L16:
 213              		.align	2
 214              	.L15:
 215 0020 00240140 		.word	1073816576
 216 0024 00100240 		.word	1073876992
 217 0028 000C0140 		.word	1073810432
 218              		.cfi_endproc
 219              	.LFE68:
 221              		.section	.text.HAL_CAN_MspInit,"ax",%progbits
 222              		.align	1
 223              		.global	HAL_CAN_MspInit
 224              		.syntax unified
 225              		.thumb
 226              		.thumb_func
 227              		.fpu softvfp
 229              	HAL_CAN_MspInit:
 230              	.LFB69:
 145:Src/stm32f1xx_hal_msp.c **** 
 146:Src/stm32f1xx_hal_msp.c **** /**
 147:Src/stm32f1xx_hal_msp.c **** * @brief CAN MSP Initialization
 148:Src/stm32f1xx_hal_msp.c **** * This function configures the hardware resources used in this example
 149:Src/stm32f1xx_hal_msp.c **** * @param hcan: CAN handle pointer
 150:Src/stm32f1xx_hal_msp.c **** * @retval None
 151:Src/stm32f1xx_hal_msp.c **** */
 152:Src/stm32f1xx_hal_msp.c **** void HAL_CAN_MspInit(CAN_HandleTypeDef* hcan)
 153:Src/stm32f1xx_hal_msp.c **** {
 231              		.loc 1 153 0
 232              		.cfi_startproc
 233              		@ args = 0, pretend = 0, frame = 24
 234              		@ frame_needed = 0, uses_anonymous_args = 0
 235              	.LVL13:
 236 0000 30B5     		push	{r4, r5, lr}
 237              	.LCFI7:
 238              		.cfi_def_cfa_offset 12
 239              		.cfi_offset 4, -12
 240              		.cfi_offset 5, -8
 241              		.cfi_offset 14, -4
 242 0002 87B0     		sub	sp, sp, #28
 243              	.LCFI8:
 244              		.cfi_def_cfa_offset 40
 154:Src/stm32f1xx_hal_msp.c ****   GPIO_InitTypeDef GPIO_InitStruct = {0};
 245              		.loc 1 154 0
ARM GAS  /tmp/ccqADDwF.s 			page 8


 246 0004 0023     		movs	r3, #0
 247 0006 0293     		str	r3, [sp, #8]
 248 0008 0393     		str	r3, [sp, #12]
 249 000a 0493     		str	r3, [sp, #16]
 250 000c 0593     		str	r3, [sp, #20]
 155:Src/stm32f1xx_hal_msp.c ****   if(hcan->Instance==CAN1)
 251              		.loc 1 155 0
 252 000e 0268     		ldr	r2, [r0]
 253 0010 1B4B     		ldr	r3, .L21
 254 0012 9A42     		cmp	r2, r3
 255 0014 01D0     		beq	.L20
 256              	.LVL14:
 257              	.L17:
 156:Src/stm32f1xx_hal_msp.c ****   {
 157:Src/stm32f1xx_hal_msp.c ****   /* USER CODE BEGIN CAN1_MspInit 0 */
 158:Src/stm32f1xx_hal_msp.c **** 
 159:Src/stm32f1xx_hal_msp.c ****   /* USER CODE END CAN1_MspInit 0 */
 160:Src/stm32f1xx_hal_msp.c ****     /* Peripheral clock enable */
 161:Src/stm32f1xx_hal_msp.c ****     __HAL_RCC_CAN1_CLK_ENABLE();
 162:Src/stm32f1xx_hal_msp.c ****   
 163:Src/stm32f1xx_hal_msp.c ****     __HAL_RCC_GPIOA_CLK_ENABLE();
 164:Src/stm32f1xx_hal_msp.c ****     /**CAN GPIO Configuration    
 165:Src/stm32f1xx_hal_msp.c ****     PA11     ------> CAN_RX
 166:Src/stm32f1xx_hal_msp.c ****     PA12     ------> CAN_TX 
 167:Src/stm32f1xx_hal_msp.c ****     */
 168:Src/stm32f1xx_hal_msp.c ****     GPIO_InitStruct.Pin = GPIO_PIN_11;
 169:Src/stm32f1xx_hal_msp.c ****     GPIO_InitStruct.Mode = GPIO_MODE_INPUT;
 170:Src/stm32f1xx_hal_msp.c ****     GPIO_InitStruct.Pull = GPIO_NOPULL;
 171:Src/stm32f1xx_hal_msp.c ****     HAL_GPIO_Init(GPIOA, &GPIO_InitStruct);
 172:Src/stm32f1xx_hal_msp.c **** 
 173:Src/stm32f1xx_hal_msp.c ****     GPIO_InitStruct.Pin = GPIO_PIN_12;
 174:Src/stm32f1xx_hal_msp.c ****     GPIO_InitStruct.Mode = GPIO_MODE_AF_PP;
 175:Src/stm32f1xx_hal_msp.c ****     GPIO_InitStruct.Speed = GPIO_SPEED_FREQ_HIGH;
 176:Src/stm32f1xx_hal_msp.c ****     HAL_GPIO_Init(GPIOA, &GPIO_InitStruct);
 177:Src/stm32f1xx_hal_msp.c **** 
 178:Src/stm32f1xx_hal_msp.c ****     /* CAN1 interrupt Init */
 179:Src/stm32f1xx_hal_msp.c ****     HAL_NVIC_SetPriority(USB_LP_CAN1_RX0_IRQn, 0, 0);
 180:Src/stm32f1xx_hal_msp.c ****     HAL_NVIC_EnableIRQ(USB_LP_CAN1_RX0_IRQn);
 181:Src/stm32f1xx_hal_msp.c ****   /* USER CODE BEGIN CAN1_MspInit 1 */
 182:Src/stm32f1xx_hal_msp.c **** 
 183:Src/stm32f1xx_hal_msp.c ****   /* USER CODE END CAN1_MspInit 1 */
 184:Src/stm32f1xx_hal_msp.c ****   }
 185:Src/stm32f1xx_hal_msp.c **** 
 186:Src/stm32f1xx_hal_msp.c **** }
 258              		.loc 1 186 0
 259 0016 07B0     		add	sp, sp, #28
 260              	.LCFI9:
 261              		.cfi_remember_state
 262              		.cfi_def_cfa_offset 12
 263              		@ sp needed
 264 0018 30BD     		pop	{r4, r5, pc}
 265              	.LVL15:
 266              	.L20:
 267              	.LCFI10:
 268              		.cfi_restore_state
 269              	.LBB7:
 161:Src/stm32f1xx_hal_msp.c ****   
ARM GAS  /tmp/ccqADDwF.s 			page 9


 270              		.loc 1 161 0
 271 001a 03F5D633 		add	r3, r3, #109568
 272 001e DA69     		ldr	r2, [r3, #28]
 273 0020 42F00072 		orr	r2, r2, #33554432
 274 0024 DA61     		str	r2, [r3, #28]
 275 0026 DA69     		ldr	r2, [r3, #28]
 276 0028 02F00072 		and	r2, r2, #33554432
 277 002c 0092     		str	r2, [sp]
 278 002e 009A     		ldr	r2, [sp]
 279              	.LBE7:
 280              	.LBB8:
 163:Src/stm32f1xx_hal_msp.c ****     /**CAN GPIO Configuration    
 281              		.loc 1 163 0
 282 0030 9A69     		ldr	r2, [r3, #24]
 283 0032 42F00402 		orr	r2, r2, #4
 284 0036 9A61     		str	r2, [r3, #24]
 285 0038 9B69     		ldr	r3, [r3, #24]
 286 003a 03F00403 		and	r3, r3, #4
 287 003e 0193     		str	r3, [sp, #4]
 288 0040 019B     		ldr	r3, [sp, #4]
 289              	.LBE8:
 168:Src/stm32f1xx_hal_msp.c ****     GPIO_InitStruct.Mode = GPIO_MODE_INPUT;
 290              		.loc 1 168 0
 291 0042 06AC     		add	r4, sp, #24
 292 0044 4FF40063 		mov	r3, #2048
 293 0048 44F8103D 		str	r3, [r4, #-16]!
 171:Src/stm32f1xx_hal_msp.c **** 
 294              		.loc 1 171 0
 295 004c 0D4D     		ldr	r5, .L21+4
 296 004e 2146     		mov	r1, r4
 297 0050 2846     		mov	r0, r5
 298              	.LVL16:
 299 0052 FFF7FEFF 		bl	HAL_GPIO_Init
 300              	.LVL17:
 173:Src/stm32f1xx_hal_msp.c ****     GPIO_InitStruct.Mode = GPIO_MODE_AF_PP;
 301              		.loc 1 173 0
 302 0056 4FF48053 		mov	r3, #4096
 303 005a 0293     		str	r3, [sp, #8]
 174:Src/stm32f1xx_hal_msp.c ****     GPIO_InitStruct.Speed = GPIO_SPEED_FREQ_HIGH;
 304              		.loc 1 174 0
 305 005c 0223     		movs	r3, #2
 306 005e 0393     		str	r3, [sp, #12]
 175:Src/stm32f1xx_hal_msp.c ****     HAL_GPIO_Init(GPIOA, &GPIO_InitStruct);
 307              		.loc 1 175 0
 308 0060 0323     		movs	r3, #3
 309 0062 0593     		str	r3, [sp, #20]
 176:Src/stm32f1xx_hal_msp.c **** 
 310              		.loc 1 176 0
 311 0064 2146     		mov	r1, r4
 312 0066 2846     		mov	r0, r5
 313 0068 FFF7FEFF 		bl	HAL_GPIO_Init
 314              	.LVL18:
 179:Src/stm32f1xx_hal_msp.c ****     HAL_NVIC_EnableIRQ(USB_LP_CAN1_RX0_IRQn);
 315              		.loc 1 179 0
 316 006c 0022     		movs	r2, #0
 317 006e 1146     		mov	r1, r2
 318 0070 1420     		movs	r0, #20
ARM GAS  /tmp/ccqADDwF.s 			page 10


 319 0072 FFF7FEFF 		bl	HAL_NVIC_SetPriority
 320              	.LVL19:
 180:Src/stm32f1xx_hal_msp.c ****   /* USER CODE BEGIN CAN1_MspInit 1 */
 321              		.loc 1 180 0
 322 0076 1420     		movs	r0, #20
 323 0078 FFF7FEFF 		bl	HAL_NVIC_EnableIRQ
 324              	.LVL20:
 325              		.loc 1 186 0
 326 007c CBE7     		b	.L17
 327              	.L22:
 328 007e 00BF     		.align	2
 329              	.L21:
 330 0080 00640040 		.word	1073767424
 331 0084 00080140 		.word	1073809408
 332              		.cfi_endproc
 333              	.LFE69:
 335              		.section	.text.HAL_CAN_MspDeInit,"ax",%progbits
 336              		.align	1
 337              		.global	HAL_CAN_MspDeInit
 338              		.syntax unified
 339              		.thumb
 340              		.thumb_func
 341              		.fpu softvfp
 343              	HAL_CAN_MspDeInit:
 344              	.LFB70:
 187:Src/stm32f1xx_hal_msp.c **** 
 188:Src/stm32f1xx_hal_msp.c **** /**
 189:Src/stm32f1xx_hal_msp.c **** * @brief CAN MSP De-Initialization
 190:Src/stm32f1xx_hal_msp.c **** * This function freeze the hardware resources used in this example
 191:Src/stm32f1xx_hal_msp.c **** * @param hcan: CAN handle pointer
 192:Src/stm32f1xx_hal_msp.c **** * @retval None
 193:Src/stm32f1xx_hal_msp.c **** */
 194:Src/stm32f1xx_hal_msp.c **** void HAL_CAN_MspDeInit(CAN_HandleTypeDef* hcan)
 195:Src/stm32f1xx_hal_msp.c **** {
 345              		.loc 1 195 0
 346              		.cfi_startproc
 347              		@ args = 0, pretend = 0, frame = 0
 348              		@ frame_needed = 0, uses_anonymous_args = 0
 349              	.LVL21:
 350 0000 08B5     		push	{r3, lr}
 351              	.LCFI11:
 352              		.cfi_def_cfa_offset 8
 353              		.cfi_offset 3, -8
 354              		.cfi_offset 14, -4
 196:Src/stm32f1xx_hal_msp.c ****   if(hcan->Instance==CAN1)
 355              		.loc 1 196 0
 356 0002 0268     		ldr	r2, [r0]
 357 0004 084B     		ldr	r3, .L27
 358 0006 9A42     		cmp	r2, r3
 359 0008 00D0     		beq	.L26
 360              	.LVL22:
 361              	.L23:
 197:Src/stm32f1xx_hal_msp.c ****   {
 198:Src/stm32f1xx_hal_msp.c ****   /* USER CODE BEGIN CAN1_MspDeInit 0 */
 199:Src/stm32f1xx_hal_msp.c **** 
 200:Src/stm32f1xx_hal_msp.c ****   /* USER CODE END CAN1_MspDeInit 0 */
 201:Src/stm32f1xx_hal_msp.c ****     /* Peripheral clock disable */
ARM GAS  /tmp/ccqADDwF.s 			page 11


 202:Src/stm32f1xx_hal_msp.c ****     __HAL_RCC_CAN1_CLK_DISABLE();
 203:Src/stm32f1xx_hal_msp.c ****   
 204:Src/stm32f1xx_hal_msp.c ****     /**CAN GPIO Configuration    
 205:Src/stm32f1xx_hal_msp.c ****     PA11     ------> CAN_RX
 206:Src/stm32f1xx_hal_msp.c ****     PA12     ------> CAN_TX 
 207:Src/stm32f1xx_hal_msp.c ****     */
 208:Src/stm32f1xx_hal_msp.c ****     HAL_GPIO_DeInit(GPIOA, GPIO_PIN_11|GPIO_PIN_12);
 209:Src/stm32f1xx_hal_msp.c **** 
 210:Src/stm32f1xx_hal_msp.c ****     /* CAN1 interrupt DeInit */
 211:Src/stm32f1xx_hal_msp.c ****     HAL_NVIC_DisableIRQ(USB_LP_CAN1_RX0_IRQn);
 212:Src/stm32f1xx_hal_msp.c ****   /* USER CODE BEGIN CAN1_MspDeInit 1 */
 213:Src/stm32f1xx_hal_msp.c **** 
 214:Src/stm32f1xx_hal_msp.c ****   /* USER CODE END CAN1_MspDeInit 1 */
 215:Src/stm32f1xx_hal_msp.c ****   }
 216:Src/stm32f1xx_hal_msp.c **** 
 217:Src/stm32f1xx_hal_msp.c **** }
 362              		.loc 1 217 0
 363 000a 08BD     		pop	{r3, pc}
 364              	.LVL23:
 365              	.L26:
 202:Src/stm32f1xx_hal_msp.c ****   
 366              		.loc 1 202 0
 367 000c 074A     		ldr	r2, .L27+4
 368 000e D369     		ldr	r3, [r2, #28]
 369 0010 23F00073 		bic	r3, r3, #33554432
 370 0014 D361     		str	r3, [r2, #28]
 208:Src/stm32f1xx_hal_msp.c **** 
 371              		.loc 1 208 0
 372 0016 4FF4C051 		mov	r1, #6144
 373 001a 0548     		ldr	r0, .L27+8
 374              	.LVL24:
 375 001c FFF7FEFF 		bl	HAL_GPIO_DeInit
 376              	.LVL25:
 211:Src/stm32f1xx_hal_msp.c ****   /* USER CODE BEGIN CAN1_MspDeInit 1 */
 377              		.loc 1 211 0
 378 0020 1420     		movs	r0, #20
 379 0022 FFF7FEFF 		bl	HAL_NVIC_DisableIRQ
 380              	.LVL26:
 381              		.loc 1 217 0
 382 0026 F0E7     		b	.L23
 383              	.L28:
 384              		.align	2
 385              	.L27:
 386 0028 00640040 		.word	1073767424
 387 002c 00100240 		.word	1073876992
 388 0030 00080140 		.word	1073809408
 389              		.cfi_endproc
 390              	.LFE70:
 392              		.section	.text.HAL_SPI_MspInit,"ax",%progbits
 393              		.align	1
 394              		.global	HAL_SPI_MspInit
 395              		.syntax unified
 396              		.thumb
 397              		.thumb_func
 398              		.fpu softvfp
 400              	HAL_SPI_MspInit:
 401              	.LFB71:
ARM GAS  /tmp/ccqADDwF.s 			page 12


 218:Src/stm32f1xx_hal_msp.c **** 
 219:Src/stm32f1xx_hal_msp.c **** /**
 220:Src/stm32f1xx_hal_msp.c **** * @brief SPI MSP Initialization
 221:Src/stm32f1xx_hal_msp.c **** * This function configures the hardware resources used in this example
 222:Src/stm32f1xx_hal_msp.c **** * @param hspi: SPI handle pointer
 223:Src/stm32f1xx_hal_msp.c **** * @retval None
 224:Src/stm32f1xx_hal_msp.c **** */
 225:Src/stm32f1xx_hal_msp.c **** void HAL_SPI_MspInit(SPI_HandleTypeDef* hspi)
 226:Src/stm32f1xx_hal_msp.c **** {
 402              		.loc 1 226 0
 403              		.cfi_startproc
 404              		@ args = 0, pretend = 0, frame = 24
 405              		@ frame_needed = 0, uses_anonymous_args = 0
 406              	.LVL27:
 407 0000 10B5     		push	{r4, lr}
 408              	.LCFI12:
 409              		.cfi_def_cfa_offset 8
 410              		.cfi_offset 4, -8
 411              		.cfi_offset 14, -4
 412 0002 86B0     		sub	sp, sp, #24
 413              	.LCFI13:
 414              		.cfi_def_cfa_offset 32
 227:Src/stm32f1xx_hal_msp.c ****   GPIO_InitTypeDef GPIO_InitStruct = {0};
 415              		.loc 1 227 0
 416 0004 0023     		movs	r3, #0
 417 0006 0293     		str	r3, [sp, #8]
 418 0008 0393     		str	r3, [sp, #12]
 419 000a 0493     		str	r3, [sp, #16]
 420 000c 0593     		str	r3, [sp, #20]
 228:Src/stm32f1xx_hal_msp.c ****   if(hspi->Instance==SPI1)
 421              		.loc 1 228 0
 422 000e 0268     		ldr	r2, [r0]
 423 0010 164B     		ldr	r3, .L33
 424 0012 9A42     		cmp	r2, r3
 425 0014 01D0     		beq	.L32
 426              	.LVL28:
 427              	.L29:
 229:Src/stm32f1xx_hal_msp.c ****   {
 230:Src/stm32f1xx_hal_msp.c ****   /* USER CODE BEGIN SPI1_MspInit 0 */
 231:Src/stm32f1xx_hal_msp.c **** 
 232:Src/stm32f1xx_hal_msp.c ****   /* USER CODE END SPI1_MspInit 0 */
 233:Src/stm32f1xx_hal_msp.c ****     /* Peripheral clock enable */
 234:Src/stm32f1xx_hal_msp.c ****     __HAL_RCC_SPI1_CLK_ENABLE();
 235:Src/stm32f1xx_hal_msp.c ****   
 236:Src/stm32f1xx_hal_msp.c ****     __HAL_RCC_GPIOA_CLK_ENABLE();
 237:Src/stm32f1xx_hal_msp.c ****     /**SPI1 GPIO Configuration    
 238:Src/stm32f1xx_hal_msp.c ****     PA5     ------> SPI1_SCK
 239:Src/stm32f1xx_hal_msp.c ****     PA6     ------> SPI1_MISO
 240:Src/stm32f1xx_hal_msp.c ****     PA7     ------> SPI1_MOSI 
 241:Src/stm32f1xx_hal_msp.c ****     */
 242:Src/stm32f1xx_hal_msp.c ****     GPIO_InitStruct.Pin = BMS_SCK_Pin|BMS_MOSI_Pin;
 243:Src/stm32f1xx_hal_msp.c ****     GPIO_InitStruct.Mode = GPIO_MODE_AF_PP;
 244:Src/stm32f1xx_hal_msp.c ****     GPIO_InitStruct.Speed = GPIO_SPEED_FREQ_HIGH;
 245:Src/stm32f1xx_hal_msp.c ****     HAL_GPIO_Init(GPIOA, &GPIO_InitStruct);
 246:Src/stm32f1xx_hal_msp.c **** 
 247:Src/stm32f1xx_hal_msp.c ****     GPIO_InitStruct.Pin = BMS_MISO_Pin;
 248:Src/stm32f1xx_hal_msp.c ****     GPIO_InitStruct.Mode = GPIO_MODE_INPUT;
ARM GAS  /tmp/ccqADDwF.s 			page 13


 249:Src/stm32f1xx_hal_msp.c ****     GPIO_InitStruct.Pull = GPIO_NOPULL;
 250:Src/stm32f1xx_hal_msp.c ****     HAL_GPIO_Init(BMS_MISO_GPIO_Port, &GPIO_InitStruct);
 251:Src/stm32f1xx_hal_msp.c **** 
 252:Src/stm32f1xx_hal_msp.c ****   /* USER CODE BEGIN SPI1_MspInit 1 */
 253:Src/stm32f1xx_hal_msp.c **** 
 254:Src/stm32f1xx_hal_msp.c ****   /* USER CODE END SPI1_MspInit 1 */
 255:Src/stm32f1xx_hal_msp.c ****   }
 256:Src/stm32f1xx_hal_msp.c **** 
 257:Src/stm32f1xx_hal_msp.c **** }
 428              		.loc 1 257 0
 429 0016 06B0     		add	sp, sp, #24
 430              	.LCFI14:
 431              		.cfi_remember_state
 432              		.cfi_def_cfa_offset 8
 433              		@ sp needed
 434 0018 10BD     		pop	{r4, pc}
 435              	.LVL29:
 436              	.L32:
 437              	.LCFI15:
 438              		.cfi_restore_state
 439              	.LBB9:
 234:Src/stm32f1xx_hal_msp.c ****   
 440              		.loc 1 234 0
 441 001a 03F56043 		add	r3, r3, #57344
 442 001e 9A69     		ldr	r2, [r3, #24]
 443 0020 42F48052 		orr	r2, r2, #4096
 444 0024 9A61     		str	r2, [r3, #24]
 445 0026 9A69     		ldr	r2, [r3, #24]
 446 0028 02F48052 		and	r2, r2, #4096
 447 002c 0092     		str	r2, [sp]
 448 002e 009A     		ldr	r2, [sp]
 449              	.LBE9:
 450              	.LBB10:
 236:Src/stm32f1xx_hal_msp.c ****     /**SPI1 GPIO Configuration    
 451              		.loc 1 236 0
 452 0030 9A69     		ldr	r2, [r3, #24]
 453 0032 42F00402 		orr	r2, r2, #4
 454 0036 9A61     		str	r2, [r3, #24]
 455 0038 9B69     		ldr	r3, [r3, #24]
 456 003a 03F00403 		and	r3, r3, #4
 457 003e 0193     		str	r3, [sp, #4]
 458 0040 019B     		ldr	r3, [sp, #4]
 459              	.LBE10:
 242:Src/stm32f1xx_hal_msp.c ****     GPIO_InitStruct.Mode = GPIO_MODE_AF_PP;
 460              		.loc 1 242 0
 461 0042 A023     		movs	r3, #160
 462 0044 0293     		str	r3, [sp, #8]
 243:Src/stm32f1xx_hal_msp.c ****     GPIO_InitStruct.Speed = GPIO_SPEED_FREQ_HIGH;
 463              		.loc 1 243 0
 464 0046 0223     		movs	r3, #2
 465 0048 0393     		str	r3, [sp, #12]
 244:Src/stm32f1xx_hal_msp.c ****     HAL_GPIO_Init(GPIOA, &GPIO_InitStruct);
 466              		.loc 1 244 0
 467 004a 0323     		movs	r3, #3
 468 004c 0593     		str	r3, [sp, #20]
 245:Src/stm32f1xx_hal_msp.c **** 
 469              		.loc 1 245 0
ARM GAS  /tmp/ccqADDwF.s 			page 14


 470 004e 084C     		ldr	r4, .L33+4
 471 0050 02A9     		add	r1, sp, #8
 472 0052 2046     		mov	r0, r4
 473              	.LVL30:
 474 0054 FFF7FEFF 		bl	HAL_GPIO_Init
 475              	.LVL31:
 247:Src/stm32f1xx_hal_msp.c ****     GPIO_InitStruct.Mode = GPIO_MODE_INPUT;
 476              		.loc 1 247 0
 477 0058 4023     		movs	r3, #64
 478 005a 0293     		str	r3, [sp, #8]
 248:Src/stm32f1xx_hal_msp.c ****     GPIO_InitStruct.Pull = GPIO_NOPULL;
 479              		.loc 1 248 0
 480 005c 0023     		movs	r3, #0
 481 005e 0393     		str	r3, [sp, #12]
 249:Src/stm32f1xx_hal_msp.c ****     HAL_GPIO_Init(BMS_MISO_GPIO_Port, &GPIO_InitStruct);
 482              		.loc 1 249 0
 483 0060 0493     		str	r3, [sp, #16]
 250:Src/stm32f1xx_hal_msp.c **** 
 484              		.loc 1 250 0
 485 0062 02A9     		add	r1, sp, #8
 486 0064 2046     		mov	r0, r4
 487 0066 FFF7FEFF 		bl	HAL_GPIO_Init
 488              	.LVL32:
 489              		.loc 1 257 0
 490 006a D4E7     		b	.L29
 491              	.L34:
 492              		.align	2
 493              	.L33:
 494 006c 00300140 		.word	1073819648
 495 0070 00080140 		.word	1073809408
 496              		.cfi_endproc
 497              	.LFE71:
 499              		.section	.text.HAL_SPI_MspDeInit,"ax",%progbits
 500              		.align	1
 501              		.global	HAL_SPI_MspDeInit
 502              		.syntax unified
 503              		.thumb
 504              		.thumb_func
 505              		.fpu softvfp
 507              	HAL_SPI_MspDeInit:
 508              	.LFB72:
 258:Src/stm32f1xx_hal_msp.c **** 
 259:Src/stm32f1xx_hal_msp.c **** /**
 260:Src/stm32f1xx_hal_msp.c **** * @brief SPI MSP De-Initialization
 261:Src/stm32f1xx_hal_msp.c **** * This function freeze the hardware resources used in this example
 262:Src/stm32f1xx_hal_msp.c **** * @param hspi: SPI handle pointer
 263:Src/stm32f1xx_hal_msp.c **** * @retval None
 264:Src/stm32f1xx_hal_msp.c **** */
 265:Src/stm32f1xx_hal_msp.c **** void HAL_SPI_MspDeInit(SPI_HandleTypeDef* hspi)
 266:Src/stm32f1xx_hal_msp.c **** {
 509              		.loc 1 266 0
 510              		.cfi_startproc
 511              		@ args = 0, pretend = 0, frame = 0
 512              		@ frame_needed = 0, uses_anonymous_args = 0
 513              	.LVL33:
 514 0000 08B5     		push	{r3, lr}
 515              	.LCFI16:
ARM GAS  /tmp/ccqADDwF.s 			page 15


 516              		.cfi_def_cfa_offset 8
 517              		.cfi_offset 3, -8
 518              		.cfi_offset 14, -4
 267:Src/stm32f1xx_hal_msp.c ****   if(hspi->Instance==SPI1)
 519              		.loc 1 267 0
 520 0002 0268     		ldr	r2, [r0]
 521 0004 064B     		ldr	r3, .L39
 522 0006 9A42     		cmp	r2, r3
 523 0008 00D0     		beq	.L38
 524              	.LVL34:
 525              	.L35:
 268:Src/stm32f1xx_hal_msp.c ****   {
 269:Src/stm32f1xx_hal_msp.c ****   /* USER CODE BEGIN SPI1_MspDeInit 0 */
 270:Src/stm32f1xx_hal_msp.c **** 
 271:Src/stm32f1xx_hal_msp.c ****   /* USER CODE END SPI1_MspDeInit 0 */
 272:Src/stm32f1xx_hal_msp.c ****     /* Peripheral clock disable */
 273:Src/stm32f1xx_hal_msp.c ****     __HAL_RCC_SPI1_CLK_DISABLE();
 274:Src/stm32f1xx_hal_msp.c ****   
 275:Src/stm32f1xx_hal_msp.c ****     /**SPI1 GPIO Configuration    
 276:Src/stm32f1xx_hal_msp.c ****     PA5     ------> SPI1_SCK
 277:Src/stm32f1xx_hal_msp.c ****     PA6     ------> SPI1_MISO
 278:Src/stm32f1xx_hal_msp.c ****     PA7     ------> SPI1_MOSI 
 279:Src/stm32f1xx_hal_msp.c ****     */
 280:Src/stm32f1xx_hal_msp.c ****     HAL_GPIO_DeInit(GPIOA, BMS_SCK_Pin|BMS_MISO_Pin|BMS_MOSI_Pin);
 281:Src/stm32f1xx_hal_msp.c **** 
 282:Src/stm32f1xx_hal_msp.c ****   /* USER CODE BEGIN SPI1_MspDeInit 1 */
 283:Src/stm32f1xx_hal_msp.c **** 
 284:Src/stm32f1xx_hal_msp.c ****   /* USER CODE END SPI1_MspDeInit 1 */
 285:Src/stm32f1xx_hal_msp.c ****   }
 286:Src/stm32f1xx_hal_msp.c **** 
 287:Src/stm32f1xx_hal_msp.c **** }
 526              		.loc 1 287 0
 527 000a 08BD     		pop	{r3, pc}
 528              	.LVL35:
 529              	.L38:
 273:Src/stm32f1xx_hal_msp.c ****   
 530              		.loc 1 273 0
 531 000c 054A     		ldr	r2, .L39+4
 532 000e 9369     		ldr	r3, [r2, #24]
 533 0010 23F48053 		bic	r3, r3, #4096
 534 0014 9361     		str	r3, [r2, #24]
 280:Src/stm32f1xx_hal_msp.c **** 
 535              		.loc 1 280 0
 536 0016 E021     		movs	r1, #224
 537 0018 0348     		ldr	r0, .L39+8
 538              	.LVL36:
 539 001a FFF7FEFF 		bl	HAL_GPIO_DeInit
 540              	.LVL37:
 541              		.loc 1 287 0
 542 001e F4E7     		b	.L35
 543              	.L40:
 544              		.align	2
 545              	.L39:
 546 0020 00300140 		.word	1073819648
 547 0024 00100240 		.word	1073876992
 548 0028 00080140 		.word	1073809408
 549              		.cfi_endproc
ARM GAS  /tmp/ccqADDwF.s 			page 16


 550              	.LFE72:
 552              		.section	.text.HAL_TIM_Base_MspInit,"ax",%progbits
 553              		.align	1
 554              		.global	HAL_TIM_Base_MspInit
 555              		.syntax unified
 556              		.thumb
 557              		.thumb_func
 558              		.fpu softvfp
 560              	HAL_TIM_Base_MspInit:
 561              	.LFB73:
 288:Src/stm32f1xx_hal_msp.c **** 
 289:Src/stm32f1xx_hal_msp.c **** /**
 290:Src/stm32f1xx_hal_msp.c **** * @brief TIM_Base MSP Initialization
 291:Src/stm32f1xx_hal_msp.c **** * This function configures the hardware resources used in this example
 292:Src/stm32f1xx_hal_msp.c **** * @param htim_base: TIM_Base handle pointer
 293:Src/stm32f1xx_hal_msp.c **** * @retval None
 294:Src/stm32f1xx_hal_msp.c **** */
 295:Src/stm32f1xx_hal_msp.c **** void HAL_TIM_Base_MspInit(TIM_HandleTypeDef* htim_base)
 296:Src/stm32f1xx_hal_msp.c **** {
 562              		.loc 1 296 0
 563              		.cfi_startproc
 564              		@ args = 0, pretend = 0, frame = 8
 565              		@ frame_needed = 0, uses_anonymous_args = 0
 566              		@ link register save eliminated.
 567              	.LVL38:
 297:Src/stm32f1xx_hal_msp.c ****   if(htim_base->Instance==TIM2)
 568              		.loc 1 297 0
 569 0000 0368     		ldr	r3, [r0]
 570 0002 B3F1804F 		cmp	r3, #1073741824
 571 0006 00D0     		beq	.L47
 572 0008 7047     		bx	lr
 573              	.L47:
 296:Src/stm32f1xx_hal_msp.c ****   if(htim_base->Instance==TIM2)
 574              		.loc 1 296 0
 575 000a 82B0     		sub	sp, sp, #8
 576              	.LCFI17:
 577              		.cfi_def_cfa_offset 8
 578              	.LBB11:
 298:Src/stm32f1xx_hal_msp.c ****   {
 299:Src/stm32f1xx_hal_msp.c ****   /* USER CODE BEGIN TIM2_MspInit 0 */
 300:Src/stm32f1xx_hal_msp.c **** 
 301:Src/stm32f1xx_hal_msp.c ****   /* USER CODE END TIM2_MspInit 0 */
 302:Src/stm32f1xx_hal_msp.c ****     /* Peripheral clock enable */
 303:Src/stm32f1xx_hal_msp.c ****     __HAL_RCC_TIM2_CLK_ENABLE();
 579              		.loc 1 303 0
 580 000c 03F50433 		add	r3, r3, #135168
 581 0010 DA69     		ldr	r2, [r3, #28]
 582 0012 42F00102 		orr	r2, r2, #1
 583 0016 DA61     		str	r2, [r3, #28]
 584 0018 DB69     		ldr	r3, [r3, #28]
 585 001a 03F00103 		and	r3, r3, #1
 586 001e 0193     		str	r3, [sp, #4]
 587 0020 019B     		ldr	r3, [sp, #4]
 588              	.LBE11:
 304:Src/stm32f1xx_hal_msp.c ****   /* USER CODE BEGIN TIM2_MspInit 1 */
 305:Src/stm32f1xx_hal_msp.c **** 
 306:Src/stm32f1xx_hal_msp.c ****   /* USER CODE END TIM2_MspInit 1 */
ARM GAS  /tmp/ccqADDwF.s 			page 17


 307:Src/stm32f1xx_hal_msp.c ****   }
 308:Src/stm32f1xx_hal_msp.c **** 
 309:Src/stm32f1xx_hal_msp.c **** }
 589              		.loc 1 309 0
 590 0022 02B0     		add	sp, sp, #8
 591              	.LCFI18:
 592              		.cfi_def_cfa_offset 0
 593              		@ sp needed
 594 0024 7047     		bx	lr
 595              		.cfi_endproc
 596              	.LFE73:
 598              		.section	.text.HAL_TIM_Base_MspDeInit,"ax",%progbits
 599              		.align	1
 600              		.global	HAL_TIM_Base_MspDeInit
 601              		.syntax unified
 602              		.thumb
 603              		.thumb_func
 604              		.fpu softvfp
 606              	HAL_TIM_Base_MspDeInit:
 607              	.LFB74:
 310:Src/stm32f1xx_hal_msp.c **** 
 311:Src/stm32f1xx_hal_msp.c **** /**
 312:Src/stm32f1xx_hal_msp.c **** * @brief TIM_Base MSP De-Initialization
 313:Src/stm32f1xx_hal_msp.c **** * This function freeze the hardware resources used in this example
 314:Src/stm32f1xx_hal_msp.c **** * @param htim_base: TIM_Base handle pointer
 315:Src/stm32f1xx_hal_msp.c **** * @retval None
 316:Src/stm32f1xx_hal_msp.c **** */
 317:Src/stm32f1xx_hal_msp.c **** void HAL_TIM_Base_MspDeInit(TIM_HandleTypeDef* htim_base)
 318:Src/stm32f1xx_hal_msp.c **** {
 608              		.loc 1 318 0
 609              		.cfi_startproc
 610              		@ args = 0, pretend = 0, frame = 0
 611              		@ frame_needed = 0, uses_anonymous_args = 0
 612              		@ link register save eliminated.
 613              	.LVL39:
 319:Src/stm32f1xx_hal_msp.c ****   if(htim_base->Instance==TIM2)
 614              		.loc 1 319 0
 615 0000 0368     		ldr	r3, [r0]
 616 0002 B3F1804F 		cmp	r3, #1073741824
 617 0006 00D0     		beq	.L50
 618              	.L48:
 320:Src/stm32f1xx_hal_msp.c ****   {
 321:Src/stm32f1xx_hal_msp.c ****   /* USER CODE BEGIN TIM2_MspDeInit 0 */
 322:Src/stm32f1xx_hal_msp.c **** 
 323:Src/stm32f1xx_hal_msp.c ****   /* USER CODE END TIM2_MspDeInit 0 */
 324:Src/stm32f1xx_hal_msp.c ****     /* Peripheral clock disable */
 325:Src/stm32f1xx_hal_msp.c ****     __HAL_RCC_TIM2_CLK_DISABLE();
 326:Src/stm32f1xx_hal_msp.c ****   /* USER CODE BEGIN TIM2_MspDeInit 1 */
 327:Src/stm32f1xx_hal_msp.c **** 
 328:Src/stm32f1xx_hal_msp.c ****   /* USER CODE END TIM2_MspDeInit 1 */
 329:Src/stm32f1xx_hal_msp.c ****   }
 330:Src/stm32f1xx_hal_msp.c **** 
 331:Src/stm32f1xx_hal_msp.c **** }
 619              		.loc 1 331 0
 620 0008 7047     		bx	lr
 621              	.L50:
 325:Src/stm32f1xx_hal_msp.c ****   /* USER CODE BEGIN TIM2_MspDeInit 1 */
ARM GAS  /tmp/ccqADDwF.s 			page 18


 622              		.loc 1 325 0
 623 000a 034A     		ldr	r2, .L51
 624 000c D369     		ldr	r3, [r2, #28]
 625 000e 23F00103 		bic	r3, r3, #1
 626 0012 D361     		str	r3, [r2, #28]
 627              		.loc 1 331 0
 628 0014 F8E7     		b	.L48
 629              	.L52:
 630 0016 00BF     		.align	2
 631              	.L51:
 632 0018 00100240 		.word	1073876992
 633              		.cfi_endproc
 634              	.LFE74:
 636              		.text
 637              	.Letext0:
 638              		.file 2 "/usr/include/newlib/machine/_default_types.h"
 639              		.file 3 "/usr/include/newlib/sys/_stdint.h"
 640              		.file 4 "Drivers/CMSIS/Include/core_cm3.h"
 641              		.file 5 "Drivers/CMSIS/Device/ST/STM32F1xx/Include/system_stm32f1xx.h"
 642              		.file 6 "Drivers/CMSIS/Device/ST/STM32F1xx/Include/stm32f103xb.h"
 643              		.file 7 "Drivers/CMSIS/Device/ST/STM32F1xx/Include/stm32f1xx.h"
 644              		.file 8 "/usr/include/newlib/sys/lock.h"
 645              		.file 9 "/usr/include/newlib/sys/_types.h"
 646              		.file 10 "/usr/lib/gcc/arm-none-eabi/7.3.1/include/stddef.h"
 647              		.file 11 "/usr/include/newlib/sys/reent.h"
 648              		.file 12 "Drivers/STM32F1xx_HAL_Driver/Inc/stm32f1xx_hal_def.h"
 649              		.file 13 "Drivers/STM32F1xx_HAL_Driver/Inc/stm32f1xx_hal_gpio.h"
 650              		.file 14 "Drivers/STM32F1xx_HAL_Driver/Inc/stm32f1xx_hal_dma.h"
 651              		.file 15 "Drivers/STM32F1xx_HAL_Driver/Inc/stm32f1xx_hal_can.h"
 652              		.file 16 "Drivers/STM32F1xx_HAL_Driver/Inc/stm32f1xx_hal_adc.h"
 653              		.file 17 "Drivers/STM32F1xx_HAL_Driver/Inc/stm32f1xx_hal_spi.h"
 654              		.file 18 "Drivers/STM32F1xx_HAL_Driver/Inc/stm32f1xx_hal_tim.h"
 655              		.file 19 "Drivers/STM32F1xx_HAL_Driver/Inc/stm32f1xx_hal.h"
 656              		.file 20 "Drivers/STM32F1xx_HAL_Driver/Inc/stm32f1xx_hal_cortex.h"
ARM GAS  /tmp/ccqADDwF.s 			page 19


DEFINED SYMBOLS
                            *ABS*:0000000000000000 stm32f1xx_hal_msp.c
     /tmp/ccqADDwF.s:16     .text.HAL_MspInit:0000000000000000 $t
     /tmp/ccqADDwF.s:23     .text.HAL_MspInit:0000000000000000 HAL_MspInit
     /tmp/ccqADDwF.s:75     .text.HAL_MspInit:000000000000003c $d
     /tmp/ccqADDwF.s:81     .text.HAL_ADC_MspInit:0000000000000000 $t
     /tmp/ccqADDwF.s:88     .text.HAL_ADC_MspInit:0000000000000000 HAL_ADC_MspInit
     /tmp/ccqADDwF.s:163    .text.HAL_ADC_MspInit:0000000000000054 $d
     /tmp/ccqADDwF.s:169    .text.HAL_ADC_MspDeInit:0000000000000000 $t
     /tmp/ccqADDwF.s:176    .text.HAL_ADC_MspDeInit:0000000000000000 HAL_ADC_MspDeInit
     /tmp/ccqADDwF.s:215    .text.HAL_ADC_MspDeInit:0000000000000020 $d
     /tmp/ccqADDwF.s:222    .text.HAL_CAN_MspInit:0000000000000000 $t
     /tmp/ccqADDwF.s:229    .text.HAL_CAN_MspInit:0000000000000000 HAL_CAN_MspInit
     /tmp/ccqADDwF.s:330    .text.HAL_CAN_MspInit:0000000000000080 $d
     /tmp/ccqADDwF.s:336    .text.HAL_CAN_MspDeInit:0000000000000000 $t
     /tmp/ccqADDwF.s:343    .text.HAL_CAN_MspDeInit:0000000000000000 HAL_CAN_MspDeInit
     /tmp/ccqADDwF.s:386    .text.HAL_CAN_MspDeInit:0000000000000028 $d
     /tmp/ccqADDwF.s:393    .text.HAL_SPI_MspInit:0000000000000000 $t
     /tmp/ccqADDwF.s:400    .text.HAL_SPI_MspInit:0000000000000000 HAL_SPI_MspInit
     /tmp/ccqADDwF.s:494    .text.HAL_SPI_MspInit:000000000000006c $d
     /tmp/ccqADDwF.s:500    .text.HAL_SPI_MspDeInit:0000000000000000 $t
     /tmp/ccqADDwF.s:507    .text.HAL_SPI_MspDeInit:0000000000000000 HAL_SPI_MspDeInit
     /tmp/ccqADDwF.s:546    .text.HAL_SPI_MspDeInit:0000000000000020 $d
     /tmp/ccqADDwF.s:553    .text.HAL_TIM_Base_MspInit:0000000000000000 $t
     /tmp/ccqADDwF.s:560    .text.HAL_TIM_Base_MspInit:0000000000000000 HAL_TIM_Base_MspInit
     /tmp/ccqADDwF.s:599    .text.HAL_TIM_Base_MspDeInit:0000000000000000 $t
     /tmp/ccqADDwF.s:606    .text.HAL_TIM_Base_MspDeInit:0000000000000000 HAL_TIM_Base_MspDeInit
     /tmp/ccqADDwF.s:632    .text.HAL_TIM_Base_MspDeInit:0000000000000018 $d

UNDEFINED SYMBOLS
HAL_GPIO_Init
HAL_GPIO_DeInit
HAL_NVIC_SetPriority
HAL_NVIC_EnableIRQ
HAL_NVIC_DisableIRQ
