ARM GAS  C:\cygwin64\tmp\ccCMVLD3.s 			page 1


   1              		.cpu cortex-m3
   2              		.eabi_attribute 20, 1
   3              		.eabi_attribute 21, 1
   4              		.eabi_attribute 23, 3
   5              		.eabi_attribute 24, 1
   6              		.eabi_attribute 25, 1
   7              		.eabi_attribute 26, 1
   8              		.eabi_attribute 30, 1
   9              		.eabi_attribute 34, 1
  10              		.eabi_attribute 18, 4
  11              		.file	"BMSconfig.c"
  12              		.text
  13              	.Ltext0:
  14              		.cfi_sections	.debug_frame
  15              		.section	.text.loadConfig,"ax",%progbits
  16              		.align	1
  17              		.global	loadConfig
  18              		.arch armv7-m
  19              		.syntax unified
  20              		.thumb
  21              		.thumb_func
  22              		.fpu softvfp
  24              	loadConfig:
  25              	.LVL0:
  26              	.LFB66:
  27              		.file 1 "Src/BMSconfig.c"
   1:Src/BMSconfig.c **** #include "BMSconfig.h"
   2:Src/BMSconfig.c **** 
   3:Src/BMSconfig.c **** void loadConfig(BMSconfigStructTypedef* cfg) {
  28              		.loc 1 3 46 view -0
  29              		.cfi_startproc
  30              		@ args = 0, pretend = 0, frame = 0
  31              		@ frame_needed = 0, uses_anonymous_args = 0
  32              		@ link register save eliminated.
  33              		.loc 1 3 46 is_stmt 0 view .LVU1
  34 0000 10B4     		push	{r4}
  35              	.LCFI0:
  36              		.cfi_def_cfa_offset 4
  37              		.cfi_offset 4, -4
   4:Src/BMSconfig.c **** 		
   5:Src/BMSconfig.c **** 	cfg->numOfICs = 1;
  38              		.loc 1 5 2 is_stmt 1 view .LVU2
  39              		.loc 1 5 16 is_stmt 0 view .LVU3
  40 0002 0122     		movs	r2, #1
  41 0004 0270     		strb	r2, [r0]
   6:Src/BMSconfig.c **** 	cfg->address[0] = 0;
  42              		.loc 1 6 2 is_stmt 1 view .LVU4
  43              		.loc 1 6 18 is_stmt 0 view .LVU5
  44 0006 0023     		movs	r3, #0
  45 0008 4370     		strb	r3, [r0, #1]
   7:Src/BMSconfig.c **** 	//cfg->address[1] = 1;
   8:Src/BMSconfig.c **** 
   9:Src/BMSconfig.c **** 	cfg->numOfCellInputs = 12; // this should never change
  46              		.loc 1 9 2 is_stmt 1 view .LVU6
  47              		.loc 1 9 23 is_stmt 0 view .LVU7
  48 000a 0C21     		movs	r1, #12
  49 000c 80F82110 		strb	r1, [r0, #33]
ARM GAS  C:\cygwin64\tmp\ccCMVLD3.s 			page 2


  10:Src/BMSconfig.c **** 	cfg->numOfCellsPerIC = 8;
  50              		.loc 1 10 2 is_stmt 1 view .LVU8
  51              		.loc 1 10 23 is_stmt 0 view .LVU9
  52 0010 0821     		movs	r1, #8
  53 0012 80F82210 		strb	r1, [r0, #34]
  11:Src/BMSconfig.c **** 	cfg->numOfTempPerIC = 4;
  54              		.loc 1 11 2 is_stmt 1 view .LVU10
  55              		.loc 1 11 22 is_stmt 0 view .LVU11
  56 0016 0421     		movs	r1, #4
  57 0018 80F82310 		strb	r1, [r0, #35]
  12:Src/BMSconfig.c **** 
  13:Src/BMSconfig.c **** 	cfg->OV_threshold = 42000;
  58              		.loc 1 13 2 is_stmt 1 view .LVU12
  59              		.loc 1 13 20 is_stmt 0 view .LVU13
  60 001c 4AF21041 		movw	r1, #42000
  61 0020 C184     		strh	r1, [r0, #38]	@ movhi
  14:Src/BMSconfig.c **** 	cfg->UV_threshold = 25000;
  62              		.loc 1 14 2 is_stmt 1 view .LVU14
  63              		.loc 1 14 20 is_stmt 0 view .LVU15
  64 0022 46F2A811 		movw	r1, #25000
  65 0026 0185     		strh	r1, [r0, #40]	@ movhi
  15:Src/BMSconfig.c **** 	//charge to 4.14V, lower charge current, discharge cells above 4.16V
  16:Src/BMSconfig.c **** 	//exceed 4.18V, stop charging entirely, discharge to 4.15V
  17:Src/BMSconfig.c **** 	//exceed 4.2V, fault prevents discharging
  18:Src/BMSconfig.c **** 
  19:Src/BMSconfig.c **** 	//cell voltage limit 4.16V
  20:Src/BMSconfig.c **** 	//full current or no current
  21:Src/BMSconfig.c **** 	//exceed 4.17 on any cell, stop charging, discharge that one cell to 4.15
  22:Src/BMSconfig.c **** 	//start charging again 
  23:Src/BMSconfig.c **** 
  24:Src/BMSconfig.c **** 	// if there is a big enough delta above minimum, stop charging so that you can actually lower volt
  25:Src/BMSconfig.c **** 
  26:Src/BMSconfig.c **** 	//UV FAULT 2.5, check ESF
  27:Src/BMSconfig.c **** 	//if cells are below 3, don't balance
  28:Src/BMSconfig.c **** 
  29:Src/BMSconfig.c **** 	cfg->slowCharge_threshold = 41400;
  66              		.loc 1 29 2 is_stmt 1 view .LVU16
  67              		.loc 1 29 28 is_stmt 0 view .LVU17
  68 0028 4AF2B811 		movw	r1, #41400
  69 002c 4185     		strh	r1, [r0, #42]	@ movhi
  30:Src/BMSconfig.c **** 	cfg->stopCharge_threshold = 41800;
  70              		.loc 1 30 2 is_stmt 1 view .LVU18
  71              		.loc 1 30 28 is_stmt 0 view .LVU19
  72 002e 4AF24831 		movw	r1, #41800
  73 0032 8185     		strh	r1, [r0, #44]	@ movhi
  31:Src/BMSconfig.c **** 	cfg->max_difference = 2000;
  74              		.loc 1 31 2 is_stmt 1 view .LVU20
  75              		.loc 1 31 22 is_stmt 0 view .LVU21
  76 0034 4FF4FA61 		mov	r1, #2000
  77 0038 C185     		strh	r1, [r0, #46]	@ movhi
  32:Src/BMSconfig.c **** 	cfg->balancing_difference = 500;
  78              		.loc 1 32 2 is_stmt 1 view .LVU22
  79              		.loc 1 32 28 is_stmt 0 view .LVU23
  80 003a 4FF4FA71 		mov	r1, #500
  81 003e 0186     		strh	r1, [r0, #48]	@ movhi
  33:Src/BMSconfig.c **** 	cfg->start_scaling = 41000;
  82              		.loc 1 33 2 is_stmt 1 view .LVU24
ARM GAS  C:\cygwin64\tmp\ccCMVLD3.s 			page 3


  83              		.loc 1 33 21 is_stmt 0 view .LVU25
  84 0040 4AF22804 		movw	r4, #41000
  85 0044 C486     		strh	r4, [r0, #54]	@ movhi
  34:Src/BMSconfig.c **** 	cfg->stop_scaling = 41600;
  86              		.loc 1 34 2 is_stmt 1 view .LVU26
  87              		.loc 1 34 20 is_stmt 0 view .LVU27
  88 0046 4AF28024 		movw	r4, #41600
  89 004a 0487     		strh	r4, [r0, #56]	@ movhi
  35:Src/BMSconfig.c **** 	cfg->scale_to = 100;
  90              		.loc 1 35 2 is_stmt 1 view .LVU28
  91              		.loc 1 35 16 is_stmt 0 view .LVU29
  92 004c 6424     		movs	r4, #100
  93 004e 4487     		strh	r4, [r0, #58]	@ movhi
  36:Src/BMSconfig.c **** 
  37:Src/BMSconfig.c **** 	cfg->invalidPECcount = 3;
  94              		.loc 1 37 2 is_stmt 1 view .LVU30
  95              		.loc 1 37 23 is_stmt 0 view .LVU31
  96 0050 0324     		movs	r4, #3
  97 0052 80F83240 		strb	r4, [r0, #50]
  38:Src/BMSconfig.c **** 
  39:Src/BMSconfig.c **** 	cfg->dischargeTime = 500; //ms
  98              		.loc 1 39 2 is_stmt 1 view .LVU32
  99              		.loc 1 39 21 is_stmt 0 view .LVU33
 100 0056 8186     		strh	r1, [r0, #52]	@ movhi
  40:Src/BMSconfig.c **** 
  41:Src/BMSconfig.c **** 	// 0: 422Hz, 1: 27kHz, 2: 7kHz, 3: 26Hz, 4: 1kHz, 5: 14kHz, 6: 3kHz, 7: 2kHz
  42:Src/BMSconfig.c **** 	cfg->ADCConversionRate = 0;
 101              		.loc 1 42 2 is_stmt 1 view .LVU34
 102              		.loc 1 42 25 is_stmt 0 view .LVU35
 103 0058 80F82430 		strb	r3, [r0, #36]
  43:Src/BMSconfig.c **** 
  44:Src/BMSconfig.c **** 	cfg->ADCModeOption = 1;
 104              		.loc 1 44 2 is_stmt 1 view .LVU36
 105              		.loc 1 44 21 is_stmt 0 view .LVU37
 106 005c 80F84220 		strb	r2, [r0, #66]
  45:Src/BMSconfig.c **** 	
  46:Src/BMSconfig.c **** 	// chip and code should share OV and UV thresholds
  47:Src/BMSconfig.c **** 	
  48:Src/BMSconfig.c **** 	//cfg->ADCModeOption = (config.ADCConversionRate) & 0b011;
  49:Src/BMSconfig.c **** 	//cfg->ADCMode = (config.ADCConversionRate) & 0b100;
  50:Src/BMSconfig.c **** 	
  51:Src/BMSconfig.c **** 	cfg->GPIO5PulldownOff = 1;
 107              		.loc 1 51 2 is_stmt 1 view .LVU38
 108              		.loc 1 51 24 is_stmt 0 view .LVU39
 109 0060 80F83C20 		strb	r2, [r0, #60]
  52:Src/BMSconfig.c **** 	cfg->GPIO4PulldownOff = 1;
 110              		.loc 1 52 2 is_stmt 1 view .LVU40
 111              		.loc 1 52 24 is_stmt 0 view .LVU41
 112 0064 80F83D20 		strb	r2, [r0, #61]
  53:Src/BMSconfig.c **** 	cfg->GPIO3PulldownOff = 1;
 113              		.loc 1 53 2 is_stmt 1 view .LVU42
 114              		.loc 1 53 24 is_stmt 0 view .LVU43
 115 0068 80F83E20 		strb	r2, [r0, #62]
  54:Src/BMSconfig.c **** 	cfg->GPIO2PulldownOff = 1;
 116              		.loc 1 54 2 is_stmt 1 view .LVU44
 117              		.loc 1 54 24 is_stmt 0 view .LVU45
 118 006c 80F83F20 		strb	r2, [r0, #63]
ARM GAS  C:\cygwin64\tmp\ccCMVLD3.s 			page 4


  55:Src/BMSconfig.c **** 	cfg->GPIO1PulldownOff = 1;
 119              		.loc 1 55 2 is_stmt 1 view .LVU46
 120              		.loc 1 55 24 is_stmt 0 view .LVU47
 121 0070 80F84020 		strb	r2, [r0, #64]
  56:Src/BMSconfig.c **** 	
  57:Src/BMSconfig.c **** 	cfg->ReferenceOn = 1; // minimizes time between conversions
 122              		.loc 1 57 2 is_stmt 1 view .LVU48
 123              		.loc 1 57 19 is_stmt 0 view .LVU49
 124 0074 80F84120 		strb	r2, [r0, #65]
  58:Src/BMSconfig.c **** 	
  59:Src/BMSconfig.c **** 	cfg->UndervoltageComparisonVoltage = 0x000;
 125              		.loc 1 59 2 is_stmt 1 view .LVU50
 126              		.loc 1 59 37 is_stmt 0 view .LVU51
 127 0078 A0F84430 		strh	r3, [r0, #68]	@ movhi
  60:Src/BMSconfig.c **** 	cfg->OvervoltageComparisonVoltage = 0x000;
 128              		.loc 1 60 2 is_stmt 1 view .LVU52
 129              		.loc 1 60 36 is_stmt 0 view .LVU53
 130 007c A0F84630 		strh	r3, [r0, #70]	@ movhi
  61:Src/BMSconfig.c **** 	
  62:Src/BMSconfig.c **** 	cfg->DischargeCell1 = 0;
 131              		.loc 1 62 2 is_stmt 1 view .LVU54
 132              		.loc 1 62 22 is_stmt 0 view .LVU55
 133 0080 80F84830 		strb	r3, [r0, #72]
  63:Src/BMSconfig.c **** 	cfg->DischargeCell2 = 0;
 134              		.loc 1 63 2 is_stmt 1 view .LVU56
 135              		.loc 1 63 22 is_stmt 0 view .LVU57
 136 0084 80F84930 		strb	r3, [r0, #73]
  64:Src/BMSconfig.c **** 	cfg->DischargeCell3 = 0;
 137              		.loc 1 64 2 is_stmt 1 view .LVU58
 138              		.loc 1 64 22 is_stmt 0 view .LVU59
 139 0088 80F84A30 		strb	r3, [r0, #74]
  65:Src/BMSconfig.c **** 	cfg->DischargeCell4 = 0;
 140              		.loc 1 65 2 is_stmt 1 view .LVU60
 141              		.loc 1 65 22 is_stmt 0 view .LVU61
 142 008c 80F84B30 		strb	r3, [r0, #75]
  66:Src/BMSconfig.c **** 	cfg->DischargeCell5 = 0;
 143              		.loc 1 66 2 is_stmt 1 view .LVU62
 144              		.loc 1 66 22 is_stmt 0 view .LVU63
 145 0090 80F84C30 		strb	r3, [r0, #76]
  67:Src/BMSconfig.c **** 	cfg->DischargeCell6 = 0;
 146              		.loc 1 67 2 is_stmt 1 view .LVU64
 147              		.loc 1 67 22 is_stmt 0 view .LVU65
 148 0094 80F84D30 		strb	r3, [r0, #77]
  68:Src/BMSconfig.c **** 	cfg->DischargeCell7 = 0;
 149              		.loc 1 68 2 is_stmt 1 view .LVU66
 150              		.loc 1 68 22 is_stmt 0 view .LVU67
 151 0098 80F84E30 		strb	r3, [r0, #78]
  69:Src/BMSconfig.c **** 	cfg->DischargeCell8 = 0;
 152              		.loc 1 69 2 is_stmt 1 view .LVU68
 153              		.loc 1 69 22 is_stmt 0 view .LVU69
 154 009c 80F84F30 		strb	r3, [r0, #79]
  70:Src/BMSconfig.c **** 	cfg->DischargeCell9 = 0;
 155              		.loc 1 70 2 is_stmt 1 view .LVU70
 156              		.loc 1 70 22 is_stmt 0 view .LVU71
 157 00a0 80F85030 		strb	r3, [r0, #80]
  71:Src/BMSconfig.c **** 	cfg->DischargeCell10 = 0;
 158              		.loc 1 71 2 is_stmt 1 view .LVU72
ARM GAS  C:\cygwin64\tmp\ccCMVLD3.s 			page 5


 159              		.loc 1 71 23 is_stmt 0 view .LVU73
 160 00a4 80F85130 		strb	r3, [r0, #81]
  72:Src/BMSconfig.c **** 	cfg->DischargeCell11 = 0;
 161              		.loc 1 72 2 is_stmt 1 view .LVU74
 162              		.loc 1 72 23 is_stmt 0 view .LVU75
 163 00a8 80F85230 		strb	r3, [r0, #82]
  73:Src/BMSconfig.c **** 	cfg->DischargeCell12 = 0;
 164              		.loc 1 73 2 is_stmt 1 view .LVU76
 165              		.loc 1 73 23 is_stmt 0 view .LVU77
 166 00ac 80F85330 		strb	r3, [r0, #83]
  74:Src/BMSconfig.c **** 	
  75:Src/BMSconfig.c **** 	cfg->DischargeTimeoutValue = 0x0;
 167              		.loc 1 75 2 is_stmt 1 view .LVU78
 168              		.loc 1 75 29 is_stmt 0 view .LVU79
 169 00b0 80F85430 		strb	r3, [r0, #84]
  76:Src/BMSconfig.c **** }
 170              		.loc 1 76 1 view .LVU80
 171 00b4 10BC     		pop	{r4}
 172              	.LCFI1:
 173              		.cfi_restore 4
 174              		.cfi_def_cfa_offset 0
 175 00b6 7047     		bx	lr
 176              		.cfi_endproc
 177              	.LFE66:
 179              		.text
 180              	.Letext0:
 181              		.file 2 "c:\\arm-gcc\\8-2018-q4-major\\arm-none-eabi\\include\\machine\\_default_types.h"
 182              		.file 3 "c:\\arm-gcc\\8-2018-q4-major\\arm-none-eabi\\include\\sys\\_stdint.h"
 183              		.file 4 "Drivers/CMSIS/Include/core_cm3.h"
 184              		.file 5 "Drivers/CMSIS/Device/ST/STM32F1xx/Include/system_stm32f1xx.h"
 185              		.file 6 "c:\\arm-gcc\\8-2018-q4-major\\arm-none-eabi\\include\\sys\\lock.h"
 186              		.file 7 "c:\\arm-gcc\\8-2018-q4-major\\arm-none-eabi\\include\\sys\\_types.h"
 187              		.file 8 "c:\\arm-gcc\\8-2018-q4-major\\lib\\gcc\\arm-none-eabi\\8.2.1\\include\\stddef.h"
 188              		.file 9 "c:\\arm-gcc\\8-2018-q4-major\\arm-none-eabi\\include\\sys\\reent.h"
 189              		.file 10 "Drivers/STM32F1xx_HAL_Driver/Inc/stm32f1xx_hal.h"
 190              		.file 11 "c:\\arm-gcc\\8-2018-q4-major\\arm-none-eabi\\include\\stdlib.h"
 191              		.file 12 "Inc/BMSconfig.h"
ARM GAS  C:\cygwin64\tmp\ccCMVLD3.s 			page 6


DEFINED SYMBOLS
                            *ABS*:00000000 BMSconfig.c
C:\cygwin64\tmp\ccCMVLD3.s:16     .text.loadConfig:00000000 $t
C:\cygwin64\tmp\ccCMVLD3.s:24     .text.loadConfig:00000000 loadConfig

NO UNDEFINED SYMBOLS
