ARM GAS  C:\cygwin64\tmp\ccQ7HaGK.s 			page 1


   1              		.cpu cortex-m3
   2              		.eabi_attribute 20, 1
   3              		.eabi_attribute 21, 1
   4              		.eabi_attribute 23, 3
   5              		.eabi_attribute 24, 1
   6              		.eabi_attribute 25, 1
   7              		.eabi_attribute 26, 1
   8              		.eabi_attribute 30, 1
   9              		.eabi_attribute 34, 1
  10              		.eabi_attribute 18, 4
  11              		.file	"stm32f1xx_hal_msp.c"
  12              		.text
  13              	.Ltext0:
  14              		.cfi_sections	.debug_frame
  15              		.section	.text.HAL_MspInit,"ax",%progbits
  16              		.align	1
  17              		.global	HAL_MspInit
  18              		.arch armv7-m
  19              		.syntax unified
  20              		.thumb
  21              		.thumb_func
  22              		.fpu softvfp
  24              	HAL_MspInit:
  25              	.LFB66:
  26              		.file 1 "Src/stm32f1xx_hal_msp.c"
   1:Src/stm32f1xx_hal_msp.c **** /* USER CODE BEGIN Header */
   2:Src/stm32f1xx_hal_msp.c **** /**
   3:Src/stm32f1xx_hal_msp.c ****   ******************************************************************************
   4:Src/stm32f1xx_hal_msp.c ****   * File Name          : stm32f1xx_hal_msp.c
   5:Src/stm32f1xx_hal_msp.c ****   * Description        : This file provides code for the MSP Initialization 
   6:Src/stm32f1xx_hal_msp.c ****   *                      and de-Initialization codes.
   7:Src/stm32f1xx_hal_msp.c ****   ******************************************************************************
   8:Src/stm32f1xx_hal_msp.c ****   * @attention
   9:Src/stm32f1xx_hal_msp.c ****   *
  10:Src/stm32f1xx_hal_msp.c ****   * <h2><center>&copy; Copyright (c) 2019 STMicroelectronics.
  11:Src/stm32f1xx_hal_msp.c ****   * All rights reserved.</center></h2>
  12:Src/stm32f1xx_hal_msp.c ****   *
  13:Src/stm32f1xx_hal_msp.c ****   * This software component is licensed by ST under BSD 3-Clause license,
  14:Src/stm32f1xx_hal_msp.c ****   * the "License"; You may not use this file except in compliance with the
  15:Src/stm32f1xx_hal_msp.c ****   * License. You may obtain a copy of the License at:
  16:Src/stm32f1xx_hal_msp.c ****   *                        opensource.org/licenses/BSD-3-Clause
  17:Src/stm32f1xx_hal_msp.c ****   *
  18:Src/stm32f1xx_hal_msp.c ****   ******************************************************************************
  19:Src/stm32f1xx_hal_msp.c ****   */
  20:Src/stm32f1xx_hal_msp.c **** /* USER CODE END Header */
  21:Src/stm32f1xx_hal_msp.c **** 
  22:Src/stm32f1xx_hal_msp.c **** /* Includes ------------------------------------------------------------------*/
  23:Src/stm32f1xx_hal_msp.c **** #include "main.h"
  24:Src/stm32f1xx_hal_msp.c **** /* USER CODE BEGIN Includes */
  25:Src/stm32f1xx_hal_msp.c **** 
  26:Src/stm32f1xx_hal_msp.c **** /* USER CODE END Includes */
  27:Src/stm32f1xx_hal_msp.c **** 
  28:Src/stm32f1xx_hal_msp.c **** /* Private typedef -----------------------------------------------------------*/
  29:Src/stm32f1xx_hal_msp.c **** /* USER CODE BEGIN TD */
  30:Src/stm32f1xx_hal_msp.c **** 
  31:Src/stm32f1xx_hal_msp.c **** /* USER CODE END TD */
  32:Src/stm32f1xx_hal_msp.c **** 
ARM GAS  C:\cygwin64\tmp\ccQ7HaGK.s 			page 2


  33:Src/stm32f1xx_hal_msp.c **** /* Private define ------------------------------------------------------------*/
  34:Src/stm32f1xx_hal_msp.c **** /* USER CODE BEGIN Define */
  35:Src/stm32f1xx_hal_msp.c ****  
  36:Src/stm32f1xx_hal_msp.c **** /* USER CODE END Define */
  37:Src/stm32f1xx_hal_msp.c **** 
  38:Src/stm32f1xx_hal_msp.c **** /* Private macro -------------------------------------------------------------*/
  39:Src/stm32f1xx_hal_msp.c **** /* USER CODE BEGIN Macro */
  40:Src/stm32f1xx_hal_msp.c **** 
  41:Src/stm32f1xx_hal_msp.c **** /* USER CODE END Macro */
  42:Src/stm32f1xx_hal_msp.c **** 
  43:Src/stm32f1xx_hal_msp.c **** /* Private variables ---------------------------------------------------------*/
  44:Src/stm32f1xx_hal_msp.c **** /* USER CODE BEGIN PV */
  45:Src/stm32f1xx_hal_msp.c **** 
  46:Src/stm32f1xx_hal_msp.c **** /* USER CODE END PV */
  47:Src/stm32f1xx_hal_msp.c **** 
  48:Src/stm32f1xx_hal_msp.c **** /* Private function prototypes -----------------------------------------------*/
  49:Src/stm32f1xx_hal_msp.c **** /* USER CODE BEGIN PFP */
  50:Src/stm32f1xx_hal_msp.c **** 
  51:Src/stm32f1xx_hal_msp.c **** /* USER CODE END PFP */
  52:Src/stm32f1xx_hal_msp.c **** 
  53:Src/stm32f1xx_hal_msp.c **** /* External functions --------------------------------------------------------*/
  54:Src/stm32f1xx_hal_msp.c **** /* USER CODE BEGIN ExternalFunctions */
  55:Src/stm32f1xx_hal_msp.c **** 
  56:Src/stm32f1xx_hal_msp.c **** /* USER CODE END ExternalFunctions */
  57:Src/stm32f1xx_hal_msp.c **** 
  58:Src/stm32f1xx_hal_msp.c **** /* USER CODE BEGIN 0 */
  59:Src/stm32f1xx_hal_msp.c **** 
  60:Src/stm32f1xx_hal_msp.c **** /* USER CODE END 0 */
  61:Src/stm32f1xx_hal_msp.c **** /**
  62:Src/stm32f1xx_hal_msp.c ****   * Initializes the Global MSP.
  63:Src/stm32f1xx_hal_msp.c ****   */
  64:Src/stm32f1xx_hal_msp.c **** void HAL_MspInit(void)
  65:Src/stm32f1xx_hal_msp.c **** {
  27              		.loc 1 65 1 view -0
  28              		.cfi_startproc
  29              		@ args = 0, pretend = 0, frame = 8
  30              		@ frame_needed = 0, uses_anonymous_args = 0
  31              		@ link register save eliminated.
  32 0000 82B0     		sub	sp, sp, #8
  33              	.LCFI0:
  34              		.cfi_def_cfa_offset 8
  66:Src/stm32f1xx_hal_msp.c ****   /* USER CODE BEGIN MspInit 0 */
  67:Src/stm32f1xx_hal_msp.c **** 
  68:Src/stm32f1xx_hal_msp.c ****   /* USER CODE END MspInit 0 */
  69:Src/stm32f1xx_hal_msp.c **** 
  70:Src/stm32f1xx_hal_msp.c ****   __HAL_RCC_AFIO_CLK_ENABLE();
  35              		.loc 1 70 3 view .LVU1
  36              	.LBB2:
  37              		.loc 1 70 3 view .LVU2
  38              		.loc 1 70 3 view .LVU3
  39 0002 0E4B     		ldr	r3, .L3
  40 0004 9A69     		ldr	r2, [r3, #24]
  41 0006 42F00102 		orr	r2, r2, #1
  42 000a 9A61     		str	r2, [r3, #24]
  43              		.loc 1 70 3 view .LVU4
  44 000c 9A69     		ldr	r2, [r3, #24]
  45 000e 02F00102 		and	r2, r2, #1
ARM GAS  C:\cygwin64\tmp\ccQ7HaGK.s 			page 3


  46 0012 0092     		str	r2, [sp]
  47              		.loc 1 70 3 view .LVU5
  48 0014 009A     		ldr	r2, [sp]
  49              	.LBE2:
  71:Src/stm32f1xx_hal_msp.c ****   __HAL_RCC_PWR_CLK_ENABLE();
  50              		.loc 1 71 3 view .LVU6
  51              	.LBB3:
  52              		.loc 1 71 3 view .LVU7
  53              		.loc 1 71 3 view .LVU8
  54 0016 DA69     		ldr	r2, [r3, #28]
  55 0018 42F08052 		orr	r2, r2, #268435456
  56 001c DA61     		str	r2, [r3, #28]
  57              		.loc 1 71 3 view .LVU9
  58 001e DB69     		ldr	r3, [r3, #28]
  59 0020 03F08053 		and	r3, r3, #268435456
  60 0024 0193     		str	r3, [sp, #4]
  61              		.loc 1 71 3 view .LVU10
  62 0026 019B     		ldr	r3, [sp, #4]
  63              	.LBE3:
  72:Src/stm32f1xx_hal_msp.c **** 
  73:Src/stm32f1xx_hal_msp.c ****   /* System interrupt init*/
  74:Src/stm32f1xx_hal_msp.c **** 
  75:Src/stm32f1xx_hal_msp.c ****   /** DISABLE: JTAG-DP Disabled and SW-DP Disabled 
  76:Src/stm32f1xx_hal_msp.c ****   */
  77:Src/stm32f1xx_hal_msp.c ****   __HAL_AFIO_REMAP_SWJ_DISABLE();
  64              		.loc 1 77 3 view .LVU11
  65              	.LBB4:
  66              		.loc 1 77 3 view .LVU12
  67 0028 054A     		ldr	r2, .L3+4
  68 002a 5368     		ldr	r3, [r2, #4]
  69              	.LVL0:
  70              		.loc 1 77 3 view .LVU13
  71 002c 23F0E063 		bic	r3, r3, #117440512
  72              	.LVL1:
  73              		.loc 1 77 3 view .LVU14
  74 0030 43F08063 		orr	r3, r3, #67108864
  75              	.LVL2:
  76              		.loc 1 77 3 view .LVU15
  77 0034 5360     		str	r3, [r2, #4]
  78              	.LBE4:
  78:Src/stm32f1xx_hal_msp.c **** 
  79:Src/stm32f1xx_hal_msp.c ****   /* USER CODE BEGIN MspInit 1 */
  80:Src/stm32f1xx_hal_msp.c **** 
  81:Src/stm32f1xx_hal_msp.c ****   /* USER CODE END MspInit 1 */
  82:Src/stm32f1xx_hal_msp.c **** }
  79              		.loc 1 82 1 is_stmt 0 view .LVU16
  80 0036 02B0     		add	sp, sp, #8
  81              	.LCFI1:
  82              		.cfi_def_cfa_offset 0
  83              		@ sp needed
  84 0038 7047     		bx	lr
  85              	.L4:
  86 003a 00BF     		.align	2
  87              	.L3:
  88 003c 00100240 		.word	1073876992
  89 0040 00000140 		.word	1073807360
  90              		.cfi_endproc
ARM GAS  C:\cygwin64\tmp\ccQ7HaGK.s 			page 4


  91              	.LFE66:
  93              		.section	.text.HAL_CAN_MspInit,"ax",%progbits
  94              		.align	1
  95              		.global	HAL_CAN_MspInit
  96              		.syntax unified
  97              		.thumb
  98              		.thumb_func
  99              		.fpu softvfp
 101              	HAL_CAN_MspInit:
 102              	.LVL3:
 103              	.LFB67:
  83:Src/stm32f1xx_hal_msp.c **** 
  84:Src/stm32f1xx_hal_msp.c **** /**
  85:Src/stm32f1xx_hal_msp.c **** * @brief CAN MSP Initialization
  86:Src/stm32f1xx_hal_msp.c **** * This function configures the hardware resources used in this example
  87:Src/stm32f1xx_hal_msp.c **** * @param hcan: CAN handle pointer
  88:Src/stm32f1xx_hal_msp.c **** * @retval None
  89:Src/stm32f1xx_hal_msp.c **** */
  90:Src/stm32f1xx_hal_msp.c **** void HAL_CAN_MspInit(CAN_HandleTypeDef* hcan)
  91:Src/stm32f1xx_hal_msp.c **** {
 104              		.loc 1 91 1 is_stmt 1 view -0
 105              		.cfi_startproc
 106              		@ args = 0, pretend = 0, frame = 24
 107              		@ frame_needed = 0, uses_anonymous_args = 0
 108              		.loc 1 91 1 is_stmt 0 view .LVU18
 109 0000 10B5     		push	{r4, lr}
 110              	.LCFI2:
 111              		.cfi_def_cfa_offset 8
 112              		.cfi_offset 4, -8
 113              		.cfi_offset 14, -4
 114 0002 86B0     		sub	sp, sp, #24
 115              	.LCFI3:
 116              		.cfi_def_cfa_offset 32
  92:Src/stm32f1xx_hal_msp.c ****   GPIO_InitTypeDef GPIO_InitStruct = {0};
 117              		.loc 1 92 3 is_stmt 1 view .LVU19
 118              		.loc 1 92 20 is_stmt 0 view .LVU20
 119 0004 0023     		movs	r3, #0
 120 0006 0293     		str	r3, [sp, #8]
 121 0008 0393     		str	r3, [sp, #12]
 122 000a 0493     		str	r3, [sp, #16]
 123 000c 0593     		str	r3, [sp, #20]
  93:Src/stm32f1xx_hal_msp.c ****   if(hcan->Instance==CAN1)
 124              		.loc 1 93 3 is_stmt 1 view .LVU21
 125              		.loc 1 93 10 is_stmt 0 view .LVU22
 126 000e 0268     		ldr	r2, [r0]
 127              		.loc 1 93 5 view .LVU23
 128 0010 1A4B     		ldr	r3, .L9
 129 0012 9A42     		cmp	r2, r3
 130 0014 01D0     		beq	.L8
 131              	.LVL4:
 132              	.L5:
  94:Src/stm32f1xx_hal_msp.c ****   {
  95:Src/stm32f1xx_hal_msp.c ****   /* USER CODE BEGIN CAN1_MspInit 0 */
  96:Src/stm32f1xx_hal_msp.c **** 
  97:Src/stm32f1xx_hal_msp.c ****   /* USER CODE END CAN1_MspInit 0 */
  98:Src/stm32f1xx_hal_msp.c ****     /* Peripheral clock enable */
  99:Src/stm32f1xx_hal_msp.c ****     __HAL_RCC_CAN1_CLK_ENABLE();
ARM GAS  C:\cygwin64\tmp\ccQ7HaGK.s 			page 5


 100:Src/stm32f1xx_hal_msp.c ****   
 101:Src/stm32f1xx_hal_msp.c ****     __HAL_RCC_GPIOA_CLK_ENABLE();
 102:Src/stm32f1xx_hal_msp.c ****     /**CAN GPIO Configuration    
 103:Src/stm32f1xx_hal_msp.c ****     PA11     ------> CAN_RX
 104:Src/stm32f1xx_hal_msp.c ****     PA12     ------> CAN_TX 
 105:Src/stm32f1xx_hal_msp.c ****     */
 106:Src/stm32f1xx_hal_msp.c ****     GPIO_InitStruct.Pin = GPIO_PIN_11;
 107:Src/stm32f1xx_hal_msp.c ****     GPIO_InitStruct.Mode = GPIO_MODE_INPUT;
 108:Src/stm32f1xx_hal_msp.c ****     GPIO_InitStruct.Pull = GPIO_NOPULL;
 109:Src/stm32f1xx_hal_msp.c ****     HAL_GPIO_Init(GPIOA, &GPIO_InitStruct);
 110:Src/stm32f1xx_hal_msp.c **** 
 111:Src/stm32f1xx_hal_msp.c ****     GPIO_InitStruct.Pin = GPIO_PIN_12;
 112:Src/stm32f1xx_hal_msp.c ****     GPIO_InitStruct.Mode = GPIO_MODE_AF_PP;
 113:Src/stm32f1xx_hal_msp.c ****     GPIO_InitStruct.Speed = GPIO_SPEED_FREQ_HIGH;
 114:Src/stm32f1xx_hal_msp.c ****     HAL_GPIO_Init(GPIOA, &GPIO_InitStruct);
 115:Src/stm32f1xx_hal_msp.c **** 
 116:Src/stm32f1xx_hal_msp.c ****     /* CAN1 interrupt Init */
 117:Src/stm32f1xx_hal_msp.c ****     HAL_NVIC_SetPriority(CAN1_RX0_IRQn, 0, 0);
 118:Src/stm32f1xx_hal_msp.c ****     HAL_NVIC_EnableIRQ(CAN1_RX0_IRQn);
 119:Src/stm32f1xx_hal_msp.c ****   /* USER CODE BEGIN CAN1_MspInit 1 */
 120:Src/stm32f1xx_hal_msp.c **** 
 121:Src/stm32f1xx_hal_msp.c ****   /* USER CODE END CAN1_MspInit 1 */
 122:Src/stm32f1xx_hal_msp.c ****   }
 123:Src/stm32f1xx_hal_msp.c **** 
 124:Src/stm32f1xx_hal_msp.c **** }
 133              		.loc 1 124 1 view .LVU24
 134 0016 06B0     		add	sp, sp, #24
 135              	.LCFI4:
 136              		.cfi_remember_state
 137              		.cfi_def_cfa_offset 8
 138              		@ sp needed
 139 0018 10BD     		pop	{r4, pc}
 140              	.LVL5:
 141              	.L8:
 142              	.LCFI5:
 143              		.cfi_restore_state
  99:Src/stm32f1xx_hal_msp.c ****   
 144              		.loc 1 99 5 is_stmt 1 view .LVU25
 145              	.LBB5:
  99:Src/stm32f1xx_hal_msp.c ****   
 146              		.loc 1 99 5 view .LVU26
  99:Src/stm32f1xx_hal_msp.c ****   
 147              		.loc 1 99 5 view .LVU27
 148 001a 03F5D633 		add	r3, r3, #109568
 149 001e DA69     		ldr	r2, [r3, #28]
 150 0020 42F00072 		orr	r2, r2, #33554432
 151 0024 DA61     		str	r2, [r3, #28]
  99:Src/stm32f1xx_hal_msp.c ****   
 152              		.loc 1 99 5 view .LVU28
 153 0026 DA69     		ldr	r2, [r3, #28]
 154 0028 02F00072 		and	r2, r2, #33554432
 155 002c 0092     		str	r2, [sp]
  99:Src/stm32f1xx_hal_msp.c ****   
 156              		.loc 1 99 5 view .LVU29
 157 002e 009A     		ldr	r2, [sp]
 158              	.LBE5:
 101:Src/stm32f1xx_hal_msp.c ****     /**CAN GPIO Configuration    
ARM GAS  C:\cygwin64\tmp\ccQ7HaGK.s 			page 6


 159              		.loc 1 101 5 view .LVU30
 160              	.LBB6:
 101:Src/stm32f1xx_hal_msp.c ****     /**CAN GPIO Configuration    
 161              		.loc 1 101 5 view .LVU31
 101:Src/stm32f1xx_hal_msp.c ****     /**CAN GPIO Configuration    
 162              		.loc 1 101 5 view .LVU32
 163 0030 9A69     		ldr	r2, [r3, #24]
 164 0032 42F00402 		orr	r2, r2, #4
 165 0036 9A61     		str	r2, [r3, #24]
 101:Src/stm32f1xx_hal_msp.c ****     /**CAN GPIO Configuration    
 166              		.loc 1 101 5 view .LVU33
 167 0038 9B69     		ldr	r3, [r3, #24]
 168 003a 03F00403 		and	r3, r3, #4
 169 003e 0193     		str	r3, [sp, #4]
 101:Src/stm32f1xx_hal_msp.c ****     /**CAN GPIO Configuration    
 170              		.loc 1 101 5 view .LVU34
 171 0040 019B     		ldr	r3, [sp, #4]
 172              	.LBE6:
 106:Src/stm32f1xx_hal_msp.c ****     GPIO_InitStruct.Mode = GPIO_MODE_INPUT;
 173              		.loc 1 106 5 view .LVU35
 106:Src/stm32f1xx_hal_msp.c ****     GPIO_InitStruct.Mode = GPIO_MODE_INPUT;
 174              		.loc 1 106 25 is_stmt 0 view .LVU36
 175 0042 4FF40063 		mov	r3, #2048
 176 0046 0293     		str	r3, [sp, #8]
 107:Src/stm32f1xx_hal_msp.c ****     GPIO_InitStruct.Pull = GPIO_NOPULL;
 177              		.loc 1 107 5 is_stmt 1 view .LVU37
 108:Src/stm32f1xx_hal_msp.c ****     HAL_GPIO_Init(GPIOA, &GPIO_InitStruct);
 178              		.loc 1 108 5 view .LVU38
 109:Src/stm32f1xx_hal_msp.c **** 
 179              		.loc 1 109 5 view .LVU39
 180 0048 0D4C     		ldr	r4, .L9+4
 181 004a 02A9     		add	r1, sp, #8
 182 004c 2046     		mov	r0, r4
 183              	.LVL6:
 109:Src/stm32f1xx_hal_msp.c **** 
 184              		.loc 1 109 5 is_stmt 0 view .LVU40
 185 004e FFF7FEFF 		bl	HAL_GPIO_Init
 186              	.LVL7:
 111:Src/stm32f1xx_hal_msp.c ****     GPIO_InitStruct.Mode = GPIO_MODE_AF_PP;
 187              		.loc 1 111 5 is_stmt 1 view .LVU41
 111:Src/stm32f1xx_hal_msp.c ****     GPIO_InitStruct.Mode = GPIO_MODE_AF_PP;
 188              		.loc 1 111 25 is_stmt 0 view .LVU42
 189 0052 4FF48053 		mov	r3, #4096
 190 0056 0293     		str	r3, [sp, #8]
 112:Src/stm32f1xx_hal_msp.c ****     GPIO_InitStruct.Speed = GPIO_SPEED_FREQ_HIGH;
 191              		.loc 1 112 5 is_stmt 1 view .LVU43
 112:Src/stm32f1xx_hal_msp.c ****     GPIO_InitStruct.Speed = GPIO_SPEED_FREQ_HIGH;
 192              		.loc 1 112 26 is_stmt 0 view .LVU44
 193 0058 0223     		movs	r3, #2
 194 005a 0393     		str	r3, [sp, #12]
 113:Src/stm32f1xx_hal_msp.c ****     HAL_GPIO_Init(GPIOA, &GPIO_InitStruct);
 195              		.loc 1 113 5 is_stmt 1 view .LVU45
 113:Src/stm32f1xx_hal_msp.c ****     HAL_GPIO_Init(GPIOA, &GPIO_InitStruct);
 196              		.loc 1 113 27 is_stmt 0 view .LVU46
 197 005c 0323     		movs	r3, #3
 198 005e 0593     		str	r3, [sp, #20]
 114:Src/stm32f1xx_hal_msp.c **** 
ARM GAS  C:\cygwin64\tmp\ccQ7HaGK.s 			page 7


 199              		.loc 1 114 5 is_stmt 1 view .LVU47
 200 0060 02A9     		add	r1, sp, #8
 201 0062 2046     		mov	r0, r4
 202 0064 FFF7FEFF 		bl	HAL_GPIO_Init
 203              	.LVL8:
 117:Src/stm32f1xx_hal_msp.c ****     HAL_NVIC_EnableIRQ(CAN1_RX0_IRQn);
 204              		.loc 1 117 5 view .LVU48
 205 0068 0022     		movs	r2, #0
 206 006a 1146     		mov	r1, r2
 207 006c 1420     		movs	r0, #20
 208 006e FFF7FEFF 		bl	HAL_NVIC_SetPriority
 209              	.LVL9:
 118:Src/stm32f1xx_hal_msp.c ****   /* USER CODE BEGIN CAN1_MspInit 1 */
 210              		.loc 1 118 5 view .LVU49
 211 0072 1420     		movs	r0, #20
 212 0074 FFF7FEFF 		bl	HAL_NVIC_EnableIRQ
 213              	.LVL10:
 214              		.loc 1 124 1 is_stmt 0 view .LVU50
 215 0078 CDE7     		b	.L5
 216              	.L10:
 217 007a 00BF     		.align	2
 218              	.L9:
 219 007c 00640040 		.word	1073767424
 220 0080 00080140 		.word	1073809408
 221              		.cfi_endproc
 222              	.LFE67:
 224              		.section	.text.HAL_CAN_MspDeInit,"ax",%progbits
 225              		.align	1
 226              		.global	HAL_CAN_MspDeInit
 227              		.syntax unified
 228              		.thumb
 229              		.thumb_func
 230              		.fpu softvfp
 232              	HAL_CAN_MspDeInit:
 233              	.LVL11:
 234              	.LFB68:
 125:Src/stm32f1xx_hal_msp.c **** 
 126:Src/stm32f1xx_hal_msp.c **** /**
 127:Src/stm32f1xx_hal_msp.c **** * @brief CAN MSP De-Initialization
 128:Src/stm32f1xx_hal_msp.c **** * This function freeze the hardware resources used in this example
 129:Src/stm32f1xx_hal_msp.c **** * @param hcan: CAN handle pointer
 130:Src/stm32f1xx_hal_msp.c **** * @retval None
 131:Src/stm32f1xx_hal_msp.c **** */
 132:Src/stm32f1xx_hal_msp.c **** void HAL_CAN_MspDeInit(CAN_HandleTypeDef* hcan)
 133:Src/stm32f1xx_hal_msp.c **** {
 235              		.loc 1 133 1 is_stmt 1 view -0
 236              		.cfi_startproc
 237              		@ args = 0, pretend = 0, frame = 0
 238              		@ frame_needed = 0, uses_anonymous_args = 0
 239              		.loc 1 133 1 is_stmt 0 view .LVU52
 240 0000 08B5     		push	{r3, lr}
 241              	.LCFI6:
 242              		.cfi_def_cfa_offset 8
 243              		.cfi_offset 3, -8
 244              		.cfi_offset 14, -4
 134:Src/stm32f1xx_hal_msp.c ****   if(hcan->Instance==CAN1)
 245              		.loc 1 134 3 is_stmt 1 view .LVU53
ARM GAS  C:\cygwin64\tmp\ccQ7HaGK.s 			page 8


 246              		.loc 1 134 10 is_stmt 0 view .LVU54
 247 0002 0268     		ldr	r2, [r0]
 248              		.loc 1 134 5 view .LVU55
 249 0004 084B     		ldr	r3, .L15
 250 0006 9A42     		cmp	r2, r3
 251 0008 00D0     		beq	.L14
 252              	.LVL12:
 253              	.L11:
 135:Src/stm32f1xx_hal_msp.c ****   {
 136:Src/stm32f1xx_hal_msp.c ****   /* USER CODE BEGIN CAN1_MspDeInit 0 */
 137:Src/stm32f1xx_hal_msp.c **** 
 138:Src/stm32f1xx_hal_msp.c ****   /* USER CODE END CAN1_MspDeInit 0 */
 139:Src/stm32f1xx_hal_msp.c ****     /* Peripheral clock disable */
 140:Src/stm32f1xx_hal_msp.c ****     __HAL_RCC_CAN1_CLK_DISABLE();
 141:Src/stm32f1xx_hal_msp.c ****   
 142:Src/stm32f1xx_hal_msp.c ****     /**CAN GPIO Configuration    
 143:Src/stm32f1xx_hal_msp.c ****     PA11     ------> CAN_RX
 144:Src/stm32f1xx_hal_msp.c ****     PA12     ------> CAN_TX 
 145:Src/stm32f1xx_hal_msp.c ****     */
 146:Src/stm32f1xx_hal_msp.c ****     HAL_GPIO_DeInit(GPIOA, GPIO_PIN_11|GPIO_PIN_12);
 147:Src/stm32f1xx_hal_msp.c **** 
 148:Src/stm32f1xx_hal_msp.c ****     /* CAN1 interrupt DeInit */
 149:Src/stm32f1xx_hal_msp.c ****     HAL_NVIC_DisableIRQ(CAN1_RX0_IRQn);
 150:Src/stm32f1xx_hal_msp.c ****   /* USER CODE BEGIN CAN1_MspDeInit 1 */
 151:Src/stm32f1xx_hal_msp.c **** 
 152:Src/stm32f1xx_hal_msp.c ****   /* USER CODE END CAN1_MspDeInit 1 */
 153:Src/stm32f1xx_hal_msp.c ****   }
 154:Src/stm32f1xx_hal_msp.c **** 
 155:Src/stm32f1xx_hal_msp.c **** }
 254              		.loc 1 155 1 view .LVU56
 255 000a 08BD     		pop	{r3, pc}
 256              	.LVL13:
 257              	.L14:
 140:Src/stm32f1xx_hal_msp.c ****   
 258              		.loc 1 140 5 is_stmt 1 view .LVU57
 259 000c 074A     		ldr	r2, .L15+4
 260 000e D369     		ldr	r3, [r2, #28]
 261 0010 23F00073 		bic	r3, r3, #33554432
 262 0014 D361     		str	r3, [r2, #28]
 146:Src/stm32f1xx_hal_msp.c **** 
 263              		.loc 1 146 5 view .LVU58
 264 0016 4FF4C051 		mov	r1, #6144
 265 001a 0548     		ldr	r0, .L15+8
 266              	.LVL14:
 146:Src/stm32f1xx_hal_msp.c **** 
 267              		.loc 1 146 5 is_stmt 0 view .LVU59
 268 001c FFF7FEFF 		bl	HAL_GPIO_DeInit
 269              	.LVL15:
 149:Src/stm32f1xx_hal_msp.c ****   /* USER CODE BEGIN CAN1_MspDeInit 1 */
 270              		.loc 1 149 5 is_stmt 1 view .LVU60
 271 0020 1420     		movs	r0, #20
 272 0022 FFF7FEFF 		bl	HAL_NVIC_DisableIRQ
 273              	.LVL16:
 274              		.loc 1 155 1 is_stmt 0 view .LVU61
 275 0026 F0E7     		b	.L11
 276              	.L16:
 277              		.align	2
ARM GAS  C:\cygwin64\tmp\ccQ7HaGK.s 			page 9


 278              	.L15:
 279 0028 00640040 		.word	1073767424
 280 002c 00100240 		.word	1073876992
 281 0030 00080140 		.word	1073809408
 282              		.cfi_endproc
 283              	.LFE68:
 285              		.section	.text.HAL_UART_MspInit,"ax",%progbits
 286              		.align	1
 287              		.global	HAL_UART_MspInit
 288              		.syntax unified
 289              		.thumb
 290              		.thumb_func
 291              		.fpu softvfp
 293              	HAL_UART_MspInit:
 294              	.LVL17:
 295              	.LFB69:
 156:Src/stm32f1xx_hal_msp.c **** 
 157:Src/stm32f1xx_hal_msp.c **** /**
 158:Src/stm32f1xx_hal_msp.c **** * @brief UART MSP Initialization
 159:Src/stm32f1xx_hal_msp.c **** * This function configures the hardware resources used in this example
 160:Src/stm32f1xx_hal_msp.c **** * @param huart: UART handle pointer
 161:Src/stm32f1xx_hal_msp.c **** * @retval None
 162:Src/stm32f1xx_hal_msp.c **** */
 163:Src/stm32f1xx_hal_msp.c **** void HAL_UART_MspInit(UART_HandleTypeDef* huart)
 164:Src/stm32f1xx_hal_msp.c **** {
 296              		.loc 1 164 1 is_stmt 1 view -0
 297              		.cfi_startproc
 298              		@ args = 0, pretend = 0, frame = 24
 299              		@ frame_needed = 0, uses_anonymous_args = 0
 300              		.loc 1 164 1 is_stmt 0 view .LVU63
 301 0000 10B5     		push	{r4, lr}
 302              	.LCFI7:
 303              		.cfi_def_cfa_offset 8
 304              		.cfi_offset 4, -8
 305              		.cfi_offset 14, -4
 306 0002 86B0     		sub	sp, sp, #24
 307              	.LCFI8:
 308              		.cfi_def_cfa_offset 32
 165:Src/stm32f1xx_hal_msp.c ****   GPIO_InitTypeDef GPIO_InitStruct = {0};
 309              		.loc 1 165 3 is_stmt 1 view .LVU64
 310              		.loc 1 165 20 is_stmt 0 view .LVU65
 311 0004 0023     		movs	r3, #0
 312 0006 0293     		str	r3, [sp, #8]
 313 0008 0393     		str	r3, [sp, #12]
 314 000a 0493     		str	r3, [sp, #16]
 315 000c 0593     		str	r3, [sp, #20]
 166:Src/stm32f1xx_hal_msp.c ****   if(huart->Instance==USART1)
 316              		.loc 1 166 3 is_stmt 1 view .LVU66
 317              		.loc 1 166 11 is_stmt 0 view .LVU67
 318 000e 0268     		ldr	r2, [r0]
 319              		.loc 1 166 5 view .LVU68
 320 0010 174B     		ldr	r3, .L21
 321 0012 9A42     		cmp	r2, r3
 322 0014 01D0     		beq	.L20
 323              	.LVL18:
 324              	.L17:
 167:Src/stm32f1xx_hal_msp.c ****   {
ARM GAS  C:\cygwin64\tmp\ccQ7HaGK.s 			page 10


 168:Src/stm32f1xx_hal_msp.c ****   /* USER CODE BEGIN USART1_MspInit 0 */
 169:Src/stm32f1xx_hal_msp.c **** 
 170:Src/stm32f1xx_hal_msp.c ****   /* USER CODE END USART1_MspInit 0 */
 171:Src/stm32f1xx_hal_msp.c ****     /* Peripheral clock enable */
 172:Src/stm32f1xx_hal_msp.c ****     __HAL_RCC_USART1_CLK_ENABLE();
 173:Src/stm32f1xx_hal_msp.c ****   
 174:Src/stm32f1xx_hal_msp.c ****     __HAL_RCC_GPIOA_CLK_ENABLE();
 175:Src/stm32f1xx_hal_msp.c ****     /**USART1 GPIO Configuration    
 176:Src/stm32f1xx_hal_msp.c ****     PA9     ------> USART1_TX
 177:Src/stm32f1xx_hal_msp.c ****     PA10     ------> USART1_RX 
 178:Src/stm32f1xx_hal_msp.c ****     */
 179:Src/stm32f1xx_hal_msp.c ****     GPIO_InitStruct.Pin = GPIO_PIN_9;
 180:Src/stm32f1xx_hal_msp.c ****     GPIO_InitStruct.Mode = GPIO_MODE_AF_PP;
 181:Src/stm32f1xx_hal_msp.c ****     GPIO_InitStruct.Speed = GPIO_SPEED_FREQ_HIGH;
 182:Src/stm32f1xx_hal_msp.c ****     HAL_GPIO_Init(GPIOA, &GPIO_InitStruct);
 183:Src/stm32f1xx_hal_msp.c **** 
 184:Src/stm32f1xx_hal_msp.c ****     GPIO_InitStruct.Pin = GPIO_PIN_10;
 185:Src/stm32f1xx_hal_msp.c ****     GPIO_InitStruct.Mode = GPIO_MODE_INPUT;
 186:Src/stm32f1xx_hal_msp.c ****     GPIO_InitStruct.Pull = GPIO_NOPULL;
 187:Src/stm32f1xx_hal_msp.c ****     HAL_GPIO_Init(GPIOA, &GPIO_InitStruct);
 188:Src/stm32f1xx_hal_msp.c **** 
 189:Src/stm32f1xx_hal_msp.c ****   /* USER CODE BEGIN USART1_MspInit 1 */
 190:Src/stm32f1xx_hal_msp.c **** 
 191:Src/stm32f1xx_hal_msp.c ****   /* USER CODE END USART1_MspInit 1 */
 192:Src/stm32f1xx_hal_msp.c ****   }
 193:Src/stm32f1xx_hal_msp.c **** 
 194:Src/stm32f1xx_hal_msp.c **** }
 325              		.loc 1 194 1 view .LVU69
 326 0016 06B0     		add	sp, sp, #24
 327              	.LCFI9:
 328              		.cfi_remember_state
 329              		.cfi_def_cfa_offset 8
 330              		@ sp needed
 331 0018 10BD     		pop	{r4, pc}
 332              	.LVL19:
 333              	.L20:
 334              	.LCFI10:
 335              		.cfi_restore_state
 172:Src/stm32f1xx_hal_msp.c ****   
 336              		.loc 1 172 5 is_stmt 1 view .LVU70
 337              	.LBB7:
 172:Src/stm32f1xx_hal_msp.c ****   
 338              		.loc 1 172 5 view .LVU71
 172:Src/stm32f1xx_hal_msp.c ****   
 339              		.loc 1 172 5 view .LVU72
 340 001a 03F55843 		add	r3, r3, #55296
 341 001e 9A69     		ldr	r2, [r3, #24]
 342 0020 42F48042 		orr	r2, r2, #16384
 343 0024 9A61     		str	r2, [r3, #24]
 172:Src/stm32f1xx_hal_msp.c ****   
 344              		.loc 1 172 5 view .LVU73
 345 0026 9A69     		ldr	r2, [r3, #24]
 346 0028 02F48042 		and	r2, r2, #16384
 347 002c 0092     		str	r2, [sp]
 172:Src/stm32f1xx_hal_msp.c ****   
 348              		.loc 1 172 5 view .LVU74
 349 002e 009A     		ldr	r2, [sp]
ARM GAS  C:\cygwin64\tmp\ccQ7HaGK.s 			page 11


 350              	.LBE7:
 174:Src/stm32f1xx_hal_msp.c ****     /**USART1 GPIO Configuration    
 351              		.loc 1 174 5 view .LVU75
 352              	.LBB8:
 174:Src/stm32f1xx_hal_msp.c ****     /**USART1 GPIO Configuration    
 353              		.loc 1 174 5 view .LVU76
 174:Src/stm32f1xx_hal_msp.c ****     /**USART1 GPIO Configuration    
 354              		.loc 1 174 5 view .LVU77
 355 0030 9A69     		ldr	r2, [r3, #24]
 356 0032 42F00402 		orr	r2, r2, #4
 357 0036 9A61     		str	r2, [r3, #24]
 174:Src/stm32f1xx_hal_msp.c ****     /**USART1 GPIO Configuration    
 358              		.loc 1 174 5 view .LVU78
 359 0038 9B69     		ldr	r3, [r3, #24]
 360 003a 03F00403 		and	r3, r3, #4
 361 003e 0193     		str	r3, [sp, #4]
 174:Src/stm32f1xx_hal_msp.c ****     /**USART1 GPIO Configuration    
 362              		.loc 1 174 5 view .LVU79
 363 0040 019B     		ldr	r3, [sp, #4]
 364              	.LBE8:
 179:Src/stm32f1xx_hal_msp.c ****     GPIO_InitStruct.Mode = GPIO_MODE_AF_PP;
 365              		.loc 1 179 5 view .LVU80
 179:Src/stm32f1xx_hal_msp.c ****     GPIO_InitStruct.Mode = GPIO_MODE_AF_PP;
 366              		.loc 1 179 25 is_stmt 0 view .LVU81
 367 0042 4FF40073 		mov	r3, #512
 368 0046 0293     		str	r3, [sp, #8]
 180:Src/stm32f1xx_hal_msp.c ****     GPIO_InitStruct.Speed = GPIO_SPEED_FREQ_HIGH;
 369              		.loc 1 180 5 is_stmt 1 view .LVU82
 180:Src/stm32f1xx_hal_msp.c ****     GPIO_InitStruct.Speed = GPIO_SPEED_FREQ_HIGH;
 370              		.loc 1 180 26 is_stmt 0 view .LVU83
 371 0048 0223     		movs	r3, #2
 372 004a 0393     		str	r3, [sp, #12]
 181:Src/stm32f1xx_hal_msp.c ****     HAL_GPIO_Init(GPIOA, &GPIO_InitStruct);
 373              		.loc 1 181 5 is_stmt 1 view .LVU84
 181:Src/stm32f1xx_hal_msp.c ****     HAL_GPIO_Init(GPIOA, &GPIO_InitStruct);
 374              		.loc 1 181 27 is_stmt 0 view .LVU85
 375 004c 0323     		movs	r3, #3
 376 004e 0593     		str	r3, [sp, #20]
 182:Src/stm32f1xx_hal_msp.c **** 
 377              		.loc 1 182 5 is_stmt 1 view .LVU86
 378 0050 084C     		ldr	r4, .L21+4
 379 0052 02A9     		add	r1, sp, #8
 380 0054 2046     		mov	r0, r4
 381              	.LVL20:
 182:Src/stm32f1xx_hal_msp.c **** 
 382              		.loc 1 182 5 is_stmt 0 view .LVU87
 383 0056 FFF7FEFF 		bl	HAL_GPIO_Init
 384              	.LVL21:
 184:Src/stm32f1xx_hal_msp.c ****     GPIO_InitStruct.Mode = GPIO_MODE_INPUT;
 385              		.loc 1 184 5 is_stmt 1 view .LVU88
 184:Src/stm32f1xx_hal_msp.c ****     GPIO_InitStruct.Mode = GPIO_MODE_INPUT;
 386              		.loc 1 184 25 is_stmt 0 view .LVU89
 387 005a 4FF48063 		mov	r3, #1024
 388 005e 0293     		str	r3, [sp, #8]
 185:Src/stm32f1xx_hal_msp.c ****     GPIO_InitStruct.Pull = GPIO_NOPULL;
 389              		.loc 1 185 5 is_stmt 1 view .LVU90
 185:Src/stm32f1xx_hal_msp.c ****     GPIO_InitStruct.Pull = GPIO_NOPULL;
ARM GAS  C:\cygwin64\tmp\ccQ7HaGK.s 			page 12


 390              		.loc 1 185 26 is_stmt 0 view .LVU91
 391 0060 0023     		movs	r3, #0
 392 0062 0393     		str	r3, [sp, #12]
 186:Src/stm32f1xx_hal_msp.c ****     HAL_GPIO_Init(GPIOA, &GPIO_InitStruct);
 393              		.loc 1 186 5 is_stmt 1 view .LVU92
 186:Src/stm32f1xx_hal_msp.c ****     HAL_GPIO_Init(GPIOA, &GPIO_InitStruct);
 394              		.loc 1 186 26 is_stmt 0 view .LVU93
 395 0064 0493     		str	r3, [sp, #16]
 187:Src/stm32f1xx_hal_msp.c **** 
 396              		.loc 1 187 5 is_stmt 1 view .LVU94
 397 0066 02A9     		add	r1, sp, #8
 398 0068 2046     		mov	r0, r4
 399 006a FFF7FEFF 		bl	HAL_GPIO_Init
 400              	.LVL22:
 401              		.loc 1 194 1 is_stmt 0 view .LVU95
 402 006e D2E7     		b	.L17
 403              	.L22:
 404              		.align	2
 405              	.L21:
 406 0070 00380140 		.word	1073821696
 407 0074 00080140 		.word	1073809408
 408              		.cfi_endproc
 409              	.LFE69:
 411              		.section	.text.HAL_UART_MspDeInit,"ax",%progbits
 412              		.align	1
 413              		.global	HAL_UART_MspDeInit
 414              		.syntax unified
 415              		.thumb
 416              		.thumb_func
 417              		.fpu softvfp
 419              	HAL_UART_MspDeInit:
 420              	.LVL23:
 421              	.LFB70:
 195:Src/stm32f1xx_hal_msp.c **** 
 196:Src/stm32f1xx_hal_msp.c **** /**
 197:Src/stm32f1xx_hal_msp.c **** * @brief UART MSP De-Initialization
 198:Src/stm32f1xx_hal_msp.c **** * This function freeze the hardware resources used in this example
 199:Src/stm32f1xx_hal_msp.c **** * @param huart: UART handle pointer
 200:Src/stm32f1xx_hal_msp.c **** * @retval None
 201:Src/stm32f1xx_hal_msp.c **** */
 202:Src/stm32f1xx_hal_msp.c **** void HAL_UART_MspDeInit(UART_HandleTypeDef* huart)
 203:Src/stm32f1xx_hal_msp.c **** {
 422              		.loc 1 203 1 is_stmt 1 view -0
 423              		.cfi_startproc
 424              		@ args = 0, pretend = 0, frame = 0
 425              		@ frame_needed = 0, uses_anonymous_args = 0
 426              		.loc 1 203 1 is_stmt 0 view .LVU97
 427 0000 08B5     		push	{r3, lr}
 428              	.LCFI11:
 429              		.cfi_def_cfa_offset 8
 430              		.cfi_offset 3, -8
 431              		.cfi_offset 14, -4
 204:Src/stm32f1xx_hal_msp.c ****   if(huart->Instance==USART1)
 432              		.loc 1 204 3 is_stmt 1 view .LVU98
 433              		.loc 1 204 11 is_stmt 0 view .LVU99
 434 0002 0268     		ldr	r2, [r0]
 435              		.loc 1 204 5 view .LVU100
ARM GAS  C:\cygwin64\tmp\ccQ7HaGK.s 			page 13


 436 0004 074B     		ldr	r3, .L27
 437 0006 9A42     		cmp	r2, r3
 438 0008 00D0     		beq	.L26
 439              	.LVL24:
 440              	.L23:
 205:Src/stm32f1xx_hal_msp.c ****   {
 206:Src/stm32f1xx_hal_msp.c ****   /* USER CODE BEGIN USART1_MspDeInit 0 */
 207:Src/stm32f1xx_hal_msp.c **** 
 208:Src/stm32f1xx_hal_msp.c ****   /* USER CODE END USART1_MspDeInit 0 */
 209:Src/stm32f1xx_hal_msp.c ****     /* Peripheral clock disable */
 210:Src/stm32f1xx_hal_msp.c ****     __HAL_RCC_USART1_CLK_DISABLE();
 211:Src/stm32f1xx_hal_msp.c ****   
 212:Src/stm32f1xx_hal_msp.c ****     /**USART1 GPIO Configuration    
 213:Src/stm32f1xx_hal_msp.c ****     PA9     ------> USART1_TX
 214:Src/stm32f1xx_hal_msp.c ****     PA10     ------> USART1_RX 
 215:Src/stm32f1xx_hal_msp.c ****     */
 216:Src/stm32f1xx_hal_msp.c ****     HAL_GPIO_DeInit(GPIOA, GPIO_PIN_9|GPIO_PIN_10);
 217:Src/stm32f1xx_hal_msp.c **** 
 218:Src/stm32f1xx_hal_msp.c ****   /* USER CODE BEGIN USART1_MspDeInit 1 */
 219:Src/stm32f1xx_hal_msp.c **** 
 220:Src/stm32f1xx_hal_msp.c ****   /* USER CODE END USART1_MspDeInit 1 */
 221:Src/stm32f1xx_hal_msp.c ****   }
 222:Src/stm32f1xx_hal_msp.c **** 
 223:Src/stm32f1xx_hal_msp.c **** }
 441              		.loc 1 223 1 view .LVU101
 442 000a 08BD     		pop	{r3, pc}
 443              	.LVL25:
 444              	.L26:
 210:Src/stm32f1xx_hal_msp.c ****   
 445              		.loc 1 210 5 is_stmt 1 view .LVU102
 446 000c 064A     		ldr	r2, .L27+4
 447 000e 9369     		ldr	r3, [r2, #24]
 448 0010 23F48043 		bic	r3, r3, #16384
 449 0014 9361     		str	r3, [r2, #24]
 216:Src/stm32f1xx_hal_msp.c **** 
 450              		.loc 1 216 5 view .LVU103
 451 0016 4FF4C061 		mov	r1, #1536
 452 001a 0448     		ldr	r0, .L27+8
 453              	.LVL26:
 216:Src/stm32f1xx_hal_msp.c **** 
 454              		.loc 1 216 5 is_stmt 0 view .LVU104
 455 001c FFF7FEFF 		bl	HAL_GPIO_DeInit
 456              	.LVL27:
 457              		.loc 1 223 1 view .LVU105
 458 0020 F3E7     		b	.L23
 459              	.L28:
 460 0022 00BF     		.align	2
 461              	.L27:
 462 0024 00380140 		.word	1073821696
 463 0028 00100240 		.word	1073876992
 464 002c 00080140 		.word	1073809408
 465              		.cfi_endproc
 466              	.LFE70:
 468              		.text
 469              	.Letext0:
 470              		.file 2 "c:\\arm-gcc\\8-2018-q4-major\\arm-none-eabi\\include\\machine\\_default_types.h"
 471              		.file 3 "c:\\arm-gcc\\8-2018-q4-major\\arm-none-eabi\\include\\sys\\_stdint.h"
ARM GAS  C:\cygwin64\tmp\ccQ7HaGK.s 			page 14


 472              		.file 4 "Drivers/CMSIS/Include/core_cm3.h"
 473              		.file 5 "Drivers/CMSIS/Device/ST/STM32F1xx/Include/system_stm32f1xx.h"
 474              		.file 6 "Drivers/CMSIS/Device/ST/STM32F1xx/Include/stm32f103xb.h"
 475              		.file 7 "Drivers/CMSIS/Device/ST/STM32F1xx/Include/stm32f1xx.h"
 476              		.file 8 "c:\\arm-gcc\\8-2018-q4-major\\arm-none-eabi\\include\\sys\\lock.h"
 477              		.file 9 "c:\\arm-gcc\\8-2018-q4-major\\arm-none-eabi\\include\\sys\\_types.h"
 478              		.file 10 "c:\\arm-gcc\\8-2018-q4-major\\lib\\gcc\\arm-none-eabi\\8.2.1\\include\\stddef.h"
 479              		.file 11 "c:\\arm-gcc\\8-2018-q4-major\\arm-none-eabi\\include\\sys\\reent.h"
 480              		.file 12 "Drivers/STM32F1xx_HAL_Driver/Inc/stm32f1xx_hal_def.h"
 481              		.file 13 "Drivers/STM32F1xx_HAL_Driver/Inc/stm32f1xx_hal_gpio.h"
 482              		.file 14 "Drivers/STM32F1xx_HAL_Driver/Inc/stm32f1xx_hal_dma.h"
 483              		.file 15 "Drivers/STM32F1xx_HAL_Driver/Inc/stm32f1xx_hal_can.h"
 484              		.file 16 "Drivers/STM32F1xx_HAL_Driver/Inc/stm32f1xx_hal_uart.h"
 485              		.file 17 "Drivers/STM32F1xx_HAL_Driver/Inc/stm32f1xx_hal.h"
 486              		.file 18 "Drivers/STM32F1xx_HAL_Driver/Inc/stm32f1xx_hal_cortex.h"
ARM GAS  C:\cygwin64\tmp\ccQ7HaGK.s 			page 15


DEFINED SYMBOLS
                            *ABS*:00000000 stm32f1xx_hal_msp.c
C:\cygwin64\tmp\ccQ7HaGK.s:16     .text.HAL_MspInit:00000000 $t
C:\cygwin64\tmp\ccQ7HaGK.s:24     .text.HAL_MspInit:00000000 HAL_MspInit
C:\cygwin64\tmp\ccQ7HaGK.s:88     .text.HAL_MspInit:0000003c $d
C:\cygwin64\tmp\ccQ7HaGK.s:94     .text.HAL_CAN_MspInit:00000000 $t
C:\cygwin64\tmp\ccQ7HaGK.s:101    .text.HAL_CAN_MspInit:00000000 HAL_CAN_MspInit
C:\cygwin64\tmp\ccQ7HaGK.s:219    .text.HAL_CAN_MspInit:0000007c $d
C:\cygwin64\tmp\ccQ7HaGK.s:225    .text.HAL_CAN_MspDeInit:00000000 $t
C:\cygwin64\tmp\ccQ7HaGK.s:232    .text.HAL_CAN_MspDeInit:00000000 HAL_CAN_MspDeInit
C:\cygwin64\tmp\ccQ7HaGK.s:279    .text.HAL_CAN_MspDeInit:00000028 $d
C:\cygwin64\tmp\ccQ7HaGK.s:286    .text.HAL_UART_MspInit:00000000 $t
C:\cygwin64\tmp\ccQ7HaGK.s:293    .text.HAL_UART_MspInit:00000000 HAL_UART_MspInit
C:\cygwin64\tmp\ccQ7HaGK.s:406    .text.HAL_UART_MspInit:00000070 $d
C:\cygwin64\tmp\ccQ7HaGK.s:412    .text.HAL_UART_MspDeInit:00000000 $t
C:\cygwin64\tmp\ccQ7HaGK.s:419    .text.HAL_UART_MspDeInit:00000000 HAL_UART_MspDeInit
C:\cygwin64\tmp\ccQ7HaGK.s:462    .text.HAL_UART_MspDeInit:00000024 $d

UNDEFINED SYMBOLS
HAL_GPIO_Init
HAL_NVIC_SetPriority
HAL_NVIC_EnableIRQ
HAL_GPIO_DeInit
HAL_NVIC_DisableIRQ
