ARM GAS  /tmp/ccfXxqZm.s 			page 1


   1              		.cpu cortex-m3
   2              		.eabi_attribute 20, 1
   3              		.eabi_attribute 21, 1
   4              		.eabi_attribute 23, 3
   5              		.eabi_attribute 24, 1
   6              		.eabi_attribute 25, 1
   7              		.eabi_attribute 26, 1
   8              		.eabi_attribute 30, 1
   9              		.eabi_attribute 34, 1
  10              		.eabi_attribute 18, 4
  11              		.file	"stm32f1xx_hal_msp.c"
  12              		.text
  13              	.Ltext0:
  14              		.cfi_sections	.debug_frame
  15              		.section	.text.HAL_MspInit,"ax",%progbits
  16              		.align	1
  17              		.global	HAL_MspInit
  18              		.syntax unified
  19              		.thumb
  20              		.thumb_func
  21              		.fpu softvfp
  23              	HAL_MspInit:
  24              	.LFB66:
  25              		.file 1 "Src/stm32f1xx_hal_msp.c"
   1:Src/stm32f1xx_hal_msp.c **** /* USER CODE BEGIN Header */
   2:Src/stm32f1xx_hal_msp.c **** /**
   3:Src/stm32f1xx_hal_msp.c ****   ******************************************************************************
   4:Src/stm32f1xx_hal_msp.c ****   * File Name          : stm32f1xx_hal_msp.c
   5:Src/stm32f1xx_hal_msp.c ****   * Description        : This file provides code for the MSP Initialization 
   6:Src/stm32f1xx_hal_msp.c ****   *                      and de-Initialization codes.
   7:Src/stm32f1xx_hal_msp.c ****   ******************************************************************************
   8:Src/stm32f1xx_hal_msp.c ****   ** This notice applies to any and all portions of this file
   9:Src/stm32f1xx_hal_msp.c ****   * that are not between comment pairs USER CODE BEGIN and
  10:Src/stm32f1xx_hal_msp.c ****   * USER CODE END. Other portions of this file, whether 
  11:Src/stm32f1xx_hal_msp.c ****   * inserted by the user or by software development tools
  12:Src/stm32f1xx_hal_msp.c ****   * are owned by their respective copyright owners.
  13:Src/stm32f1xx_hal_msp.c ****   *
  14:Src/stm32f1xx_hal_msp.c ****   * COPYRIGHT(c) 2018 STMicroelectronics
  15:Src/stm32f1xx_hal_msp.c ****   *
  16:Src/stm32f1xx_hal_msp.c ****   * Redistribution and use in source and binary forms, with or without modification,
  17:Src/stm32f1xx_hal_msp.c ****   * are permitted provided that the following conditions are met:
  18:Src/stm32f1xx_hal_msp.c ****   *   1. Redistributions of source code must retain the above copyright notice,
  19:Src/stm32f1xx_hal_msp.c ****   *      this list of conditions and the following disclaimer.
  20:Src/stm32f1xx_hal_msp.c ****   *   2. Redistributions in binary form must reproduce the above copyright notice,
  21:Src/stm32f1xx_hal_msp.c ****   *      this list of conditions and the following disclaimer in the documentation
  22:Src/stm32f1xx_hal_msp.c ****   *      and/or other materials provided with the distribution.
  23:Src/stm32f1xx_hal_msp.c ****   *   3. Neither the name of STMicroelectronics nor the names of its contributors
  24:Src/stm32f1xx_hal_msp.c ****   *      may be used to endorse or promote products derived from this software
  25:Src/stm32f1xx_hal_msp.c ****   *      without specific prior written permission.
  26:Src/stm32f1xx_hal_msp.c ****   *
  27:Src/stm32f1xx_hal_msp.c ****   * THIS SOFTWARE IS PROVIDED BY THE COPYRIGHT HOLDERS AND CONTRIBUTORS "AS IS"
  28:Src/stm32f1xx_hal_msp.c ****   * AND ANY EXPRESS OR IMPLIED WARRANTIES, INCLUDING, BUT NOT LIMITED TO, THE
  29:Src/stm32f1xx_hal_msp.c ****   * IMPLIED WARRANTIES OF MERCHANTABILITY AND FITNESS FOR A PARTICULAR PURPOSE ARE
  30:Src/stm32f1xx_hal_msp.c ****   * DISCLAIMED. IN NO EVENT SHALL THE COPYRIGHT HOLDER OR CONTRIBUTORS BE LIABLE
  31:Src/stm32f1xx_hal_msp.c ****   * FOR ANY DIRECT, INDIRECT, INCIDENTAL, SPECIAL, EXEMPLARY, OR CONSEQUENTIAL
  32:Src/stm32f1xx_hal_msp.c ****   * DAMAGES (INCLUDING, BUT NOT LIMITED TO, PROCUREMENT OF SUBSTITUTE GOODS OR
  33:Src/stm32f1xx_hal_msp.c ****   * SERVICES; LOSS OF USE, DATA, OR PROFITS; OR BUSINESS INTERRUPTION) HOWEVER
ARM GAS  /tmp/ccfXxqZm.s 			page 2


  34:Src/stm32f1xx_hal_msp.c ****   * CAUSED AND ON ANY THEORY OF LIABILITY, WHETHER IN CONTRACT, STRICT LIABILITY,
  35:Src/stm32f1xx_hal_msp.c ****   * OR TORT (INCLUDING NEGLIGENCE OR OTHERWISE) ARISING IN ANY WAY OUT OF THE USE
  36:Src/stm32f1xx_hal_msp.c ****   * OF THIS SOFTWARE, EVEN IF ADVISED OF THE POSSIBILITY OF SUCH DAMAGE.
  37:Src/stm32f1xx_hal_msp.c ****   *
  38:Src/stm32f1xx_hal_msp.c ****   ******************************************************************************
  39:Src/stm32f1xx_hal_msp.c ****   */
  40:Src/stm32f1xx_hal_msp.c **** /* USER CODE END Header */
  41:Src/stm32f1xx_hal_msp.c **** 
  42:Src/stm32f1xx_hal_msp.c **** /* Includes ------------------------------------------------------------------*/
  43:Src/stm32f1xx_hal_msp.c **** #include "main.h"
  44:Src/stm32f1xx_hal_msp.c **** /* USER CODE BEGIN Includes */
  45:Src/stm32f1xx_hal_msp.c **** 
  46:Src/stm32f1xx_hal_msp.c **** /* USER CODE END Includes */
  47:Src/stm32f1xx_hal_msp.c **** 
  48:Src/stm32f1xx_hal_msp.c **** /* Private typedef -----------------------------------------------------------*/
  49:Src/stm32f1xx_hal_msp.c **** /* USER CODE BEGIN TD */
  50:Src/stm32f1xx_hal_msp.c **** 
  51:Src/stm32f1xx_hal_msp.c **** /* USER CODE END TD */
  52:Src/stm32f1xx_hal_msp.c **** 
  53:Src/stm32f1xx_hal_msp.c **** /* Private define ------------------------------------------------------------*/
  54:Src/stm32f1xx_hal_msp.c **** /* USER CODE BEGIN Define */
  55:Src/stm32f1xx_hal_msp.c ****  
  56:Src/stm32f1xx_hal_msp.c **** /* USER CODE END Define */
  57:Src/stm32f1xx_hal_msp.c **** 
  58:Src/stm32f1xx_hal_msp.c **** /* Private macro -------------------------------------------------------------*/
  59:Src/stm32f1xx_hal_msp.c **** /* USER CODE BEGIN Macro */
  60:Src/stm32f1xx_hal_msp.c **** 
  61:Src/stm32f1xx_hal_msp.c **** /* USER CODE END Macro */
  62:Src/stm32f1xx_hal_msp.c **** 
  63:Src/stm32f1xx_hal_msp.c **** /* Private variables ---------------------------------------------------------*/
  64:Src/stm32f1xx_hal_msp.c **** /* USER CODE BEGIN PV */
  65:Src/stm32f1xx_hal_msp.c **** 
  66:Src/stm32f1xx_hal_msp.c **** /* USER CODE END PV */
  67:Src/stm32f1xx_hal_msp.c **** 
  68:Src/stm32f1xx_hal_msp.c **** /* Private function prototypes -----------------------------------------------*/
  69:Src/stm32f1xx_hal_msp.c **** /* USER CODE BEGIN PFP */
  70:Src/stm32f1xx_hal_msp.c **** 
  71:Src/stm32f1xx_hal_msp.c **** /* USER CODE END PFP */
  72:Src/stm32f1xx_hal_msp.c **** 
  73:Src/stm32f1xx_hal_msp.c **** /* External functions --------------------------------------------------------*/
  74:Src/stm32f1xx_hal_msp.c **** /* USER CODE BEGIN ExternalFunctions */
  75:Src/stm32f1xx_hal_msp.c **** 
  76:Src/stm32f1xx_hal_msp.c **** /* USER CODE END ExternalFunctions */
  77:Src/stm32f1xx_hal_msp.c **** 
  78:Src/stm32f1xx_hal_msp.c **** /* USER CODE BEGIN 0 */
  79:Src/stm32f1xx_hal_msp.c **** 
  80:Src/stm32f1xx_hal_msp.c **** /* USER CODE END 0 */
  81:Src/stm32f1xx_hal_msp.c **** /**
  82:Src/stm32f1xx_hal_msp.c ****   * Initializes the Global MSP.
  83:Src/stm32f1xx_hal_msp.c ****   */
  84:Src/stm32f1xx_hal_msp.c **** void HAL_MspInit(void)
  85:Src/stm32f1xx_hal_msp.c **** {
  26              		.loc 1 85 0
  27              		.cfi_startproc
  28              		@ args = 0, pretend = 0, frame = 8
  29              		@ frame_needed = 0, uses_anonymous_args = 0
  30              		@ link register save eliminated.
ARM GAS  /tmp/ccfXxqZm.s 			page 3


  31 0000 82B0     		sub	sp, sp, #8
  32              	.LCFI0:
  33              		.cfi_def_cfa_offset 8
  34              	.LBB2:
  86:Src/stm32f1xx_hal_msp.c ****   /* USER CODE BEGIN MspInit 0 */
  87:Src/stm32f1xx_hal_msp.c **** 
  88:Src/stm32f1xx_hal_msp.c ****   /* USER CODE END MspInit 0 */
  89:Src/stm32f1xx_hal_msp.c **** 
  90:Src/stm32f1xx_hal_msp.c ****   __HAL_RCC_AFIO_CLK_ENABLE();
  35              		.loc 1 90 0
  36 0002 0E4B     		ldr	r3, .L3
  37 0004 9A69     		ldr	r2, [r3, #24]
  38 0006 42F00102 		orr	r2, r2, #1
  39 000a 9A61     		str	r2, [r3, #24]
  40 000c 9A69     		ldr	r2, [r3, #24]
  41 000e 02F00102 		and	r2, r2, #1
  42 0012 0092     		str	r2, [sp]
  43 0014 009A     		ldr	r2, [sp]
  44              	.LBE2:
  45              	.LBB3:
  91:Src/stm32f1xx_hal_msp.c ****   __HAL_RCC_PWR_CLK_ENABLE();
  46              		.loc 1 91 0
  47 0016 DA69     		ldr	r2, [r3, #28]
  48 0018 42F08052 		orr	r2, r2, #268435456
  49 001c DA61     		str	r2, [r3, #28]
  50 001e DB69     		ldr	r3, [r3, #28]
  51 0020 03F08053 		and	r3, r3, #268435456
  52 0024 0193     		str	r3, [sp, #4]
  53 0026 019B     		ldr	r3, [sp, #4]
  54              	.LBE3:
  55              	.LBB4:
  92:Src/stm32f1xx_hal_msp.c **** 
  93:Src/stm32f1xx_hal_msp.c ****   /* System interrupt init*/
  94:Src/stm32f1xx_hal_msp.c **** 
  95:Src/stm32f1xx_hal_msp.c ****   /**NONJTRST: Full SWJ (JTAG-DP + SW-DP) but without NJTRST 
  96:Src/stm32f1xx_hal_msp.c ****   */
  97:Src/stm32f1xx_hal_msp.c ****   __HAL_AFIO_REMAP_SWJ_NONJTRST();
  56              		.loc 1 97 0
  57 0028 054A     		ldr	r2, .L3+4
  58 002a 5368     		ldr	r3, [r2, #4]
  59              	.LVL0:
  60 002c 23F0E063 		bic	r3, r3, #117440512
  61              	.LVL1:
  62 0030 43F08073 		orr	r3, r3, #16777216
  63              	.LVL2:
  64 0034 5360     		str	r3, [r2, #4]
  65              	.LBE4:
  98:Src/stm32f1xx_hal_msp.c **** 
  99:Src/stm32f1xx_hal_msp.c ****   /* USER CODE BEGIN MspInit 1 */
 100:Src/stm32f1xx_hal_msp.c **** 
 101:Src/stm32f1xx_hal_msp.c ****   /* USER CODE END MspInit 1 */
 102:Src/stm32f1xx_hal_msp.c **** }
  66              		.loc 1 102 0
  67 0036 02B0     		add	sp, sp, #8
  68              	.LCFI1:
  69              		.cfi_def_cfa_offset 0
  70              		@ sp needed
ARM GAS  /tmp/ccfXxqZm.s 			page 4


  71 0038 7047     		bx	lr
  72              	.L4:
  73 003a 00BF     		.align	2
  74              	.L3:
  75 003c 00100240 		.word	1073876992
  76 0040 00000140 		.word	1073807360
  77              		.cfi_endproc
  78              	.LFE66:
  80              		.section	.text.HAL_I2C_MspInit,"ax",%progbits
  81              		.align	1
  82              		.global	HAL_I2C_MspInit
  83              		.syntax unified
  84              		.thumb
  85              		.thumb_func
  86              		.fpu softvfp
  88              	HAL_I2C_MspInit:
  89              	.LFB67:
 103:Src/stm32f1xx_hal_msp.c **** 
 104:Src/stm32f1xx_hal_msp.c **** /**
 105:Src/stm32f1xx_hal_msp.c **** * @brief I2C MSP Initialization
 106:Src/stm32f1xx_hal_msp.c **** * This function configures the hardware resources used in this example
 107:Src/stm32f1xx_hal_msp.c **** * @param hi2c: I2C handle pointer
 108:Src/stm32f1xx_hal_msp.c **** * @retval None
 109:Src/stm32f1xx_hal_msp.c **** */
 110:Src/stm32f1xx_hal_msp.c **** void HAL_I2C_MspInit(I2C_HandleTypeDef* hi2c)
 111:Src/stm32f1xx_hal_msp.c **** {
  90              		.loc 1 111 0
  91              		.cfi_startproc
  92              		@ args = 0, pretend = 0, frame = 24
  93              		@ frame_needed = 0, uses_anonymous_args = 0
  94              	.LVL3:
  95 0000 10B5     		push	{r4, lr}
  96              	.LCFI2:
  97              		.cfi_def_cfa_offset 8
  98              		.cfi_offset 4, -8
  99              		.cfi_offset 14, -4
 100 0002 86B0     		sub	sp, sp, #24
 101              	.LCFI3:
 102              		.cfi_def_cfa_offset 32
 112:Src/stm32f1xx_hal_msp.c **** 
 113:Src/stm32f1xx_hal_msp.c ****   GPIO_InitTypeDef GPIO_InitStruct = {0};
 103              		.loc 1 113 0
 104 0004 0023     		movs	r3, #0
 105 0006 0293     		str	r3, [sp, #8]
 106 0008 0393     		str	r3, [sp, #12]
 107 000a 0493     		str	r3, [sp, #16]
 108 000c 0593     		str	r3, [sp, #20]
 114:Src/stm32f1xx_hal_msp.c ****   if(hi2c->Instance==I2C1)
 109              		.loc 1 114 0
 110 000e 0268     		ldr	r2, [r0]
 111 0010 114B     		ldr	r3, .L9
 112 0012 9A42     		cmp	r2, r3
 113 0014 01D0     		beq	.L8
 114              	.LVL4:
 115              	.L5:
 115:Src/stm32f1xx_hal_msp.c ****   {
 116:Src/stm32f1xx_hal_msp.c ****   /* USER CODE BEGIN I2C1_MspInit 0 */
ARM GAS  /tmp/ccfXxqZm.s 			page 5


 117:Src/stm32f1xx_hal_msp.c **** 
 118:Src/stm32f1xx_hal_msp.c ****   /* USER CODE END I2C1_MspInit 0 */
 119:Src/stm32f1xx_hal_msp.c ****   
 120:Src/stm32f1xx_hal_msp.c ****     __HAL_RCC_GPIOB_CLK_ENABLE();
 121:Src/stm32f1xx_hal_msp.c ****     /**I2C1 GPIO Configuration    
 122:Src/stm32f1xx_hal_msp.c ****     PB6     ------> I2C1_SCL
 123:Src/stm32f1xx_hal_msp.c ****     PB7     ------> I2C1_SDA 
 124:Src/stm32f1xx_hal_msp.c ****     */
 125:Src/stm32f1xx_hal_msp.c ****     GPIO_InitStruct.Pin = GPIO_PIN_6|GPIO_PIN_7;
 126:Src/stm32f1xx_hal_msp.c ****     GPIO_InitStruct.Mode = GPIO_MODE_AF_OD;
 127:Src/stm32f1xx_hal_msp.c ****     GPIO_InitStruct.Speed = GPIO_SPEED_FREQ_HIGH;
 128:Src/stm32f1xx_hal_msp.c ****     HAL_GPIO_Init(GPIOB, &GPIO_InitStruct);
 129:Src/stm32f1xx_hal_msp.c **** 
 130:Src/stm32f1xx_hal_msp.c ****     /* Peripheral clock enable */
 131:Src/stm32f1xx_hal_msp.c ****     __HAL_RCC_I2C1_CLK_ENABLE();
 132:Src/stm32f1xx_hal_msp.c ****   /* USER CODE BEGIN I2C1_MspInit 1 */
 133:Src/stm32f1xx_hal_msp.c **** 
 134:Src/stm32f1xx_hal_msp.c ****   /* USER CODE END I2C1_MspInit 1 */
 135:Src/stm32f1xx_hal_msp.c ****   }
 136:Src/stm32f1xx_hal_msp.c **** 
 137:Src/stm32f1xx_hal_msp.c **** }
 116              		.loc 1 137 0
 117 0016 06B0     		add	sp, sp, #24
 118              	.LCFI4:
 119              		.cfi_remember_state
 120              		.cfi_def_cfa_offset 8
 121              		@ sp needed
 122 0018 10BD     		pop	{r4, pc}
 123              	.LVL5:
 124              	.L8:
 125              	.LCFI5:
 126              		.cfi_restore_state
 127              	.LBB5:
 120:Src/stm32f1xx_hal_msp.c ****     /**I2C1 GPIO Configuration    
 128              		.loc 1 120 0
 129 001a 104C     		ldr	r4, .L9+4
 130 001c A369     		ldr	r3, [r4, #24]
 131 001e 43F00803 		orr	r3, r3, #8
 132 0022 A361     		str	r3, [r4, #24]
 133 0024 A369     		ldr	r3, [r4, #24]
 134 0026 03F00803 		and	r3, r3, #8
 135 002a 0093     		str	r3, [sp]
 136 002c 009B     		ldr	r3, [sp]
 137              	.LBE5:
 125:Src/stm32f1xx_hal_msp.c ****     GPIO_InitStruct.Mode = GPIO_MODE_AF_OD;
 138              		.loc 1 125 0
 139 002e C023     		movs	r3, #192
 140 0030 0293     		str	r3, [sp, #8]
 126:Src/stm32f1xx_hal_msp.c ****     GPIO_InitStruct.Speed = GPIO_SPEED_FREQ_HIGH;
 141              		.loc 1 126 0
 142 0032 1223     		movs	r3, #18
 143 0034 0393     		str	r3, [sp, #12]
 127:Src/stm32f1xx_hal_msp.c ****     HAL_GPIO_Init(GPIOB, &GPIO_InitStruct);
 144              		.loc 1 127 0
 145 0036 0323     		movs	r3, #3
 146 0038 0593     		str	r3, [sp, #20]
 128:Src/stm32f1xx_hal_msp.c **** 
ARM GAS  /tmp/ccfXxqZm.s 			page 6


 147              		.loc 1 128 0
 148 003a 02A9     		add	r1, sp, #8
 149 003c 0848     		ldr	r0, .L9+8
 150              	.LVL6:
 151 003e FFF7FEFF 		bl	HAL_GPIO_Init
 152              	.LVL7:
 153              	.LBB6:
 131:Src/stm32f1xx_hal_msp.c ****   /* USER CODE BEGIN I2C1_MspInit 1 */
 154              		.loc 1 131 0
 155 0042 E369     		ldr	r3, [r4, #28]
 156 0044 43F40013 		orr	r3, r3, #2097152
 157 0048 E361     		str	r3, [r4, #28]
 158 004a E369     		ldr	r3, [r4, #28]
 159 004c 03F40013 		and	r3, r3, #2097152
 160 0050 0193     		str	r3, [sp, #4]
 161 0052 019B     		ldr	r3, [sp, #4]
 162              	.LBE6:
 163              		.loc 1 137 0
 164 0054 DFE7     		b	.L5
 165              	.L10:
 166 0056 00BF     		.align	2
 167              	.L9:
 168 0058 00540040 		.word	1073763328
 169 005c 00100240 		.word	1073876992
 170 0060 000C0140 		.word	1073810432
 171              		.cfi_endproc
 172              	.LFE67:
 174              		.section	.text.HAL_I2C_MspDeInit,"ax",%progbits
 175              		.align	1
 176              		.global	HAL_I2C_MspDeInit
 177              		.syntax unified
 178              		.thumb
 179              		.thumb_func
 180              		.fpu softvfp
 182              	HAL_I2C_MspDeInit:
 183              	.LFB68:
 138:Src/stm32f1xx_hal_msp.c **** 
 139:Src/stm32f1xx_hal_msp.c **** /**
 140:Src/stm32f1xx_hal_msp.c **** * @brief I2C MSP De-Initialization
 141:Src/stm32f1xx_hal_msp.c **** * This function freeze the hardware resources used in this example
 142:Src/stm32f1xx_hal_msp.c **** * @param hi2c: I2C handle pointer
 143:Src/stm32f1xx_hal_msp.c **** * @retval None
 144:Src/stm32f1xx_hal_msp.c **** */
 145:Src/stm32f1xx_hal_msp.c **** 
 146:Src/stm32f1xx_hal_msp.c **** void HAL_I2C_MspDeInit(I2C_HandleTypeDef* hi2c)
 147:Src/stm32f1xx_hal_msp.c **** {
 184              		.loc 1 147 0
 185              		.cfi_startproc
 186              		@ args = 0, pretend = 0, frame = 0
 187              		@ frame_needed = 0, uses_anonymous_args = 0
 188              	.LVL8:
 189 0000 08B5     		push	{r3, lr}
 190              	.LCFI6:
 191              		.cfi_def_cfa_offset 8
 192              		.cfi_offset 3, -8
 193              		.cfi_offset 14, -4
 148:Src/stm32f1xx_hal_msp.c **** 
ARM GAS  /tmp/ccfXxqZm.s 			page 7


 149:Src/stm32f1xx_hal_msp.c ****   if(hi2c->Instance==I2C1)
 194              		.loc 1 149 0
 195 0002 0268     		ldr	r2, [r0]
 196 0004 064B     		ldr	r3, .L15
 197 0006 9A42     		cmp	r2, r3
 198 0008 00D0     		beq	.L14
 199              	.LVL9:
 200              	.L11:
 150:Src/stm32f1xx_hal_msp.c ****   {
 151:Src/stm32f1xx_hal_msp.c ****   /* USER CODE BEGIN I2C1_MspDeInit 0 */
 152:Src/stm32f1xx_hal_msp.c **** 
 153:Src/stm32f1xx_hal_msp.c ****   /* USER CODE END I2C1_MspDeInit 0 */
 154:Src/stm32f1xx_hal_msp.c ****     /* Peripheral clock disable */
 155:Src/stm32f1xx_hal_msp.c ****     __HAL_RCC_I2C1_CLK_DISABLE();
 156:Src/stm32f1xx_hal_msp.c ****   
 157:Src/stm32f1xx_hal_msp.c ****     /**I2C1 GPIO Configuration    
 158:Src/stm32f1xx_hal_msp.c ****     PB6     ------> I2C1_SCL
 159:Src/stm32f1xx_hal_msp.c ****     PB7     ------> I2C1_SDA 
 160:Src/stm32f1xx_hal_msp.c ****     */
 161:Src/stm32f1xx_hal_msp.c ****     HAL_GPIO_DeInit(GPIOB, GPIO_PIN_6|GPIO_PIN_7);
 162:Src/stm32f1xx_hal_msp.c **** 
 163:Src/stm32f1xx_hal_msp.c ****   /* USER CODE BEGIN I2C1_MspDeInit 1 */
 164:Src/stm32f1xx_hal_msp.c **** 
 165:Src/stm32f1xx_hal_msp.c ****   /* USER CODE END I2C1_MspDeInit 1 */
 166:Src/stm32f1xx_hal_msp.c ****   }
 167:Src/stm32f1xx_hal_msp.c **** 
 168:Src/stm32f1xx_hal_msp.c **** }
 201              		.loc 1 168 0
 202 000a 08BD     		pop	{r3, pc}
 203              	.LVL10:
 204              	.L14:
 155:Src/stm32f1xx_hal_msp.c ****   
 205              		.loc 1 155 0
 206 000c 054A     		ldr	r2, .L15+4
 207 000e D369     		ldr	r3, [r2, #28]
 208 0010 23F40013 		bic	r3, r3, #2097152
 209 0014 D361     		str	r3, [r2, #28]
 161:Src/stm32f1xx_hal_msp.c **** 
 210              		.loc 1 161 0
 211 0016 C021     		movs	r1, #192
 212 0018 0348     		ldr	r0, .L15+8
 213              	.LVL11:
 214 001a FFF7FEFF 		bl	HAL_GPIO_DeInit
 215              	.LVL12:
 216              		.loc 1 168 0
 217 001e F4E7     		b	.L11
 218              	.L16:
 219              		.align	2
 220              	.L15:
 221 0020 00540040 		.word	1073763328
 222 0024 00100240 		.word	1073876992
 223 0028 000C0140 		.word	1073810432
 224              		.cfi_endproc
 225              	.LFE68:
 227              		.section	.text.HAL_UART_MspInit,"ax",%progbits
 228              		.align	1
 229              		.global	HAL_UART_MspInit
ARM GAS  /tmp/ccfXxqZm.s 			page 8


 230              		.syntax unified
 231              		.thumb
 232              		.thumb_func
 233              		.fpu softvfp
 235              	HAL_UART_MspInit:
 236              	.LFB69:
 169:Src/stm32f1xx_hal_msp.c **** 
 170:Src/stm32f1xx_hal_msp.c **** /**
 171:Src/stm32f1xx_hal_msp.c **** * @brief UART MSP Initialization
 172:Src/stm32f1xx_hal_msp.c **** * This function configures the hardware resources used in this example
 173:Src/stm32f1xx_hal_msp.c **** * @param huart: UART handle pointer
 174:Src/stm32f1xx_hal_msp.c **** * @retval None
 175:Src/stm32f1xx_hal_msp.c **** */
 176:Src/stm32f1xx_hal_msp.c **** void HAL_UART_MspInit(UART_HandleTypeDef* huart)
 177:Src/stm32f1xx_hal_msp.c **** {
 237              		.loc 1 177 0
 238              		.cfi_startproc
 239              		@ args = 0, pretend = 0, frame = 24
 240              		@ frame_needed = 0, uses_anonymous_args = 0
 241              	.LVL13:
 242 0000 10B5     		push	{r4, lr}
 243              	.LCFI7:
 244              		.cfi_def_cfa_offset 8
 245              		.cfi_offset 4, -8
 246              		.cfi_offset 14, -4
 247 0002 86B0     		sub	sp, sp, #24
 248              	.LCFI8:
 249              		.cfi_def_cfa_offset 32
 178:Src/stm32f1xx_hal_msp.c **** 
 179:Src/stm32f1xx_hal_msp.c ****   GPIO_InitTypeDef GPIO_InitStruct = {0};
 250              		.loc 1 179 0
 251 0004 0023     		movs	r3, #0
 252 0006 0293     		str	r3, [sp, #8]
 253 0008 0393     		str	r3, [sp, #12]
 254 000a 0493     		str	r3, [sp, #16]
 255 000c 0593     		str	r3, [sp, #20]
 180:Src/stm32f1xx_hal_msp.c ****   if(huart->Instance==USART1)
 256              		.loc 1 180 0
 257 000e 0268     		ldr	r2, [r0]
 258 0010 174B     		ldr	r3, .L21
 259 0012 9A42     		cmp	r2, r3
 260 0014 01D0     		beq	.L20
 261              	.LVL14:
 262              	.L17:
 181:Src/stm32f1xx_hal_msp.c ****   {
 182:Src/stm32f1xx_hal_msp.c ****   /* USER CODE BEGIN USART1_MspInit 0 */
 183:Src/stm32f1xx_hal_msp.c **** 
 184:Src/stm32f1xx_hal_msp.c ****   /* USER CODE END USART1_MspInit 0 */
 185:Src/stm32f1xx_hal_msp.c ****     /* Peripheral clock enable */
 186:Src/stm32f1xx_hal_msp.c ****     __HAL_RCC_USART1_CLK_ENABLE();
 187:Src/stm32f1xx_hal_msp.c ****   
 188:Src/stm32f1xx_hal_msp.c ****     __HAL_RCC_GPIOA_CLK_ENABLE();
 189:Src/stm32f1xx_hal_msp.c ****     /**USART1 GPIO Configuration    
 190:Src/stm32f1xx_hal_msp.c ****     PA9     ------> USART1_TX
 191:Src/stm32f1xx_hal_msp.c ****     PA10     ------> USART1_RX 
 192:Src/stm32f1xx_hal_msp.c ****     */
 193:Src/stm32f1xx_hal_msp.c ****     GPIO_InitStruct.Pin = GPIO_PIN_9;
ARM GAS  /tmp/ccfXxqZm.s 			page 9


 194:Src/stm32f1xx_hal_msp.c ****     GPIO_InitStruct.Mode = GPIO_MODE_AF_PP;
 195:Src/stm32f1xx_hal_msp.c ****     GPIO_InitStruct.Speed = GPIO_SPEED_FREQ_HIGH;
 196:Src/stm32f1xx_hal_msp.c ****     HAL_GPIO_Init(GPIOA, &GPIO_InitStruct);
 197:Src/stm32f1xx_hal_msp.c **** 
 198:Src/stm32f1xx_hal_msp.c ****     GPIO_InitStruct.Pin = GPIO_PIN_10;
 199:Src/stm32f1xx_hal_msp.c ****     GPIO_InitStruct.Mode = GPIO_MODE_INPUT;
 200:Src/stm32f1xx_hal_msp.c ****     GPIO_InitStruct.Pull = GPIO_NOPULL;
 201:Src/stm32f1xx_hal_msp.c ****     HAL_GPIO_Init(GPIOA, &GPIO_InitStruct);
 202:Src/stm32f1xx_hal_msp.c **** 
 203:Src/stm32f1xx_hal_msp.c ****   /* USER CODE BEGIN USART1_MspInit 1 */
 204:Src/stm32f1xx_hal_msp.c **** 
 205:Src/stm32f1xx_hal_msp.c ****   /* USER CODE END USART1_MspInit 1 */
 206:Src/stm32f1xx_hal_msp.c ****   }
 207:Src/stm32f1xx_hal_msp.c **** 
 208:Src/stm32f1xx_hal_msp.c **** }
 263              		.loc 1 208 0
 264 0016 06B0     		add	sp, sp, #24
 265              	.LCFI9:
 266              		.cfi_remember_state
 267              		.cfi_def_cfa_offset 8
 268              		@ sp needed
 269 0018 10BD     		pop	{r4, pc}
 270              	.LVL15:
 271              	.L20:
 272              	.LCFI10:
 273              		.cfi_restore_state
 274              	.LBB7:
 186:Src/stm32f1xx_hal_msp.c ****   
 275              		.loc 1 186 0
 276 001a 03F55843 		add	r3, r3, #55296
 277 001e 9A69     		ldr	r2, [r3, #24]
 278 0020 42F48042 		orr	r2, r2, #16384
 279 0024 9A61     		str	r2, [r3, #24]
 280 0026 9A69     		ldr	r2, [r3, #24]
 281 0028 02F48042 		and	r2, r2, #16384
 282 002c 0092     		str	r2, [sp]
 283 002e 009A     		ldr	r2, [sp]
 284              	.LBE7:
 285              	.LBB8:
 188:Src/stm32f1xx_hal_msp.c ****     /**USART1 GPIO Configuration    
 286              		.loc 1 188 0
 287 0030 9A69     		ldr	r2, [r3, #24]
 288 0032 42F00402 		orr	r2, r2, #4
 289 0036 9A61     		str	r2, [r3, #24]
 290 0038 9B69     		ldr	r3, [r3, #24]
 291 003a 03F00403 		and	r3, r3, #4
 292 003e 0193     		str	r3, [sp, #4]
 293 0040 019B     		ldr	r3, [sp, #4]
 294              	.LBE8:
 193:Src/stm32f1xx_hal_msp.c ****     GPIO_InitStruct.Mode = GPIO_MODE_AF_PP;
 295              		.loc 1 193 0
 296 0042 4FF40073 		mov	r3, #512
 297 0046 0293     		str	r3, [sp, #8]
 194:Src/stm32f1xx_hal_msp.c ****     GPIO_InitStruct.Speed = GPIO_SPEED_FREQ_HIGH;
 298              		.loc 1 194 0
 299 0048 0223     		movs	r3, #2
 300 004a 0393     		str	r3, [sp, #12]
ARM GAS  /tmp/ccfXxqZm.s 			page 10


 195:Src/stm32f1xx_hal_msp.c ****     HAL_GPIO_Init(GPIOA, &GPIO_InitStruct);
 301              		.loc 1 195 0
 302 004c 0323     		movs	r3, #3
 303 004e 0593     		str	r3, [sp, #20]
 196:Src/stm32f1xx_hal_msp.c **** 
 304              		.loc 1 196 0
 305 0050 084C     		ldr	r4, .L21+4
 306 0052 02A9     		add	r1, sp, #8
 307 0054 2046     		mov	r0, r4
 308              	.LVL16:
 309 0056 FFF7FEFF 		bl	HAL_GPIO_Init
 310              	.LVL17:
 198:Src/stm32f1xx_hal_msp.c ****     GPIO_InitStruct.Mode = GPIO_MODE_INPUT;
 311              		.loc 1 198 0
 312 005a 4FF48063 		mov	r3, #1024
 313 005e 0293     		str	r3, [sp, #8]
 199:Src/stm32f1xx_hal_msp.c ****     GPIO_InitStruct.Pull = GPIO_NOPULL;
 314              		.loc 1 199 0
 315 0060 0023     		movs	r3, #0
 316 0062 0393     		str	r3, [sp, #12]
 200:Src/stm32f1xx_hal_msp.c ****     HAL_GPIO_Init(GPIOA, &GPIO_InitStruct);
 317              		.loc 1 200 0
 318 0064 0493     		str	r3, [sp, #16]
 201:Src/stm32f1xx_hal_msp.c **** 
 319              		.loc 1 201 0
 320 0066 02A9     		add	r1, sp, #8
 321 0068 2046     		mov	r0, r4
 322 006a FFF7FEFF 		bl	HAL_GPIO_Init
 323              	.LVL18:
 324              		.loc 1 208 0
 325 006e D2E7     		b	.L17
 326              	.L22:
 327              		.align	2
 328              	.L21:
 329 0070 00380140 		.word	1073821696
 330 0074 00080140 		.word	1073809408
 331              		.cfi_endproc
 332              	.LFE69:
 334              		.section	.text.HAL_UART_MspDeInit,"ax",%progbits
 335              		.align	1
 336              		.global	HAL_UART_MspDeInit
 337              		.syntax unified
 338              		.thumb
 339              		.thumb_func
 340              		.fpu softvfp
 342              	HAL_UART_MspDeInit:
 343              	.LFB70:
 209:Src/stm32f1xx_hal_msp.c **** 
 210:Src/stm32f1xx_hal_msp.c **** /**
 211:Src/stm32f1xx_hal_msp.c **** * @brief UART MSP De-Initialization
 212:Src/stm32f1xx_hal_msp.c **** * This function freeze the hardware resources used in this example
 213:Src/stm32f1xx_hal_msp.c **** * @param huart: UART handle pointer
 214:Src/stm32f1xx_hal_msp.c **** * @retval None
 215:Src/stm32f1xx_hal_msp.c **** */
 216:Src/stm32f1xx_hal_msp.c **** 
 217:Src/stm32f1xx_hal_msp.c **** void HAL_UART_MspDeInit(UART_HandleTypeDef* huart)
 218:Src/stm32f1xx_hal_msp.c **** {
ARM GAS  /tmp/ccfXxqZm.s 			page 11


 344              		.loc 1 218 0
 345              		.cfi_startproc
 346              		@ args = 0, pretend = 0, frame = 0
 347              		@ frame_needed = 0, uses_anonymous_args = 0
 348              	.LVL19:
 349 0000 08B5     		push	{r3, lr}
 350              	.LCFI11:
 351              		.cfi_def_cfa_offset 8
 352              		.cfi_offset 3, -8
 353              		.cfi_offset 14, -4
 219:Src/stm32f1xx_hal_msp.c **** 
 220:Src/stm32f1xx_hal_msp.c ****   if(huart->Instance==USART1)
 354              		.loc 1 220 0
 355 0002 0268     		ldr	r2, [r0]
 356 0004 074B     		ldr	r3, .L27
 357 0006 9A42     		cmp	r2, r3
 358 0008 00D0     		beq	.L26
 359              	.LVL20:
 360              	.L23:
 221:Src/stm32f1xx_hal_msp.c ****   {
 222:Src/stm32f1xx_hal_msp.c ****   /* USER CODE BEGIN USART1_MspDeInit 0 */
 223:Src/stm32f1xx_hal_msp.c **** 
 224:Src/stm32f1xx_hal_msp.c ****   /* USER CODE END USART1_MspDeInit 0 */
 225:Src/stm32f1xx_hal_msp.c ****     /* Peripheral clock disable */
 226:Src/stm32f1xx_hal_msp.c ****     __HAL_RCC_USART1_CLK_DISABLE();
 227:Src/stm32f1xx_hal_msp.c ****   
 228:Src/stm32f1xx_hal_msp.c ****     /**USART1 GPIO Configuration    
 229:Src/stm32f1xx_hal_msp.c ****     PA9     ------> USART1_TX
 230:Src/stm32f1xx_hal_msp.c ****     PA10     ------> USART1_RX 
 231:Src/stm32f1xx_hal_msp.c ****     */
 232:Src/stm32f1xx_hal_msp.c ****     HAL_GPIO_DeInit(GPIOA, GPIO_PIN_9|GPIO_PIN_10);
 233:Src/stm32f1xx_hal_msp.c **** 
 234:Src/stm32f1xx_hal_msp.c ****   /* USER CODE BEGIN USART1_MspDeInit 1 */
 235:Src/stm32f1xx_hal_msp.c **** 
 236:Src/stm32f1xx_hal_msp.c ****   /* USER CODE END USART1_MspDeInit 1 */
 237:Src/stm32f1xx_hal_msp.c ****   }
 238:Src/stm32f1xx_hal_msp.c **** 
 239:Src/stm32f1xx_hal_msp.c **** }
 361              		.loc 1 239 0
 362 000a 08BD     		pop	{r3, pc}
 363              	.LVL21:
 364              	.L26:
 226:Src/stm32f1xx_hal_msp.c ****   
 365              		.loc 1 226 0
 366 000c 064A     		ldr	r2, .L27+4
 367 000e 9369     		ldr	r3, [r2, #24]
 368 0010 23F48043 		bic	r3, r3, #16384
 369 0014 9361     		str	r3, [r2, #24]
 232:Src/stm32f1xx_hal_msp.c **** 
 370              		.loc 1 232 0
 371 0016 4FF4C061 		mov	r1, #1536
 372 001a 0448     		ldr	r0, .L27+8
 373              	.LVL22:
 374 001c FFF7FEFF 		bl	HAL_GPIO_DeInit
 375              	.LVL23:
 376              		.loc 1 239 0
 377 0020 F3E7     		b	.L23
ARM GAS  /tmp/ccfXxqZm.s 			page 12


 378              	.L28:
 379 0022 00BF     		.align	2
 380              	.L27:
 381 0024 00380140 		.word	1073821696
 382 0028 00100240 		.word	1073876992
 383 002c 00080140 		.word	1073809408
 384              		.cfi_endproc
 385              	.LFE70:
 387              		.text
 388              	.Letext0:
 389              		.file 2 "/usr/include/newlib/machine/_default_types.h"
 390              		.file 3 "/usr/include/newlib/sys/_stdint.h"
 391              		.file 4 "Drivers/CMSIS/Include/core_cm3.h"
 392              		.file 5 "Drivers/CMSIS/Device/ST/STM32F1xx/Include/system_stm32f1xx.h"
 393              		.file 6 "Drivers/CMSIS/Device/ST/STM32F1xx/Include/stm32f103xb.h"
 394              		.file 7 "/usr/include/newlib/sys/lock.h"
 395              		.file 8 "/usr/include/newlib/sys/_types.h"
 396              		.file 9 "/usr/lib/gcc/arm-none-eabi/7.3.1/include/stddef.h"
 397              		.file 10 "/usr/include/newlib/sys/reent.h"
 398              		.file 11 "Drivers/STM32F1xx_HAL_Driver/Inc/stm32f1xx_hal_def.h"
 399              		.file 12 "Drivers/STM32F1xx_HAL_Driver/Inc/stm32f1xx_hal_gpio.h"
 400              		.file 13 "Drivers/STM32F1xx_HAL_Driver/Inc/stm32f1xx_hal_dma.h"
 401              		.file 14 "Drivers/STM32F1xx_HAL_Driver/Inc/stm32f1xx_hal_i2c.h"
 402              		.file 15 "Drivers/STM32F1xx_HAL_Driver/Inc/stm32f1xx_hal_uart.h"
 403              		.file 16 "Drivers/STM32F1xx_HAL_Driver/Inc/stm32f1xx_hal.h"
ARM GAS  /tmp/ccfXxqZm.s 			page 13


DEFINED SYMBOLS
                            *ABS*:0000000000000000 stm32f1xx_hal_msp.c
     /tmp/ccfXxqZm.s:16     .text.HAL_MspInit:0000000000000000 $t
     /tmp/ccfXxqZm.s:23     .text.HAL_MspInit:0000000000000000 HAL_MspInit
     /tmp/ccfXxqZm.s:75     .text.HAL_MspInit:000000000000003c $d
     /tmp/ccfXxqZm.s:81     .text.HAL_I2C_MspInit:0000000000000000 $t
     /tmp/ccfXxqZm.s:88     .text.HAL_I2C_MspInit:0000000000000000 HAL_I2C_MspInit
     /tmp/ccfXxqZm.s:168    .text.HAL_I2C_MspInit:0000000000000058 $d
     /tmp/ccfXxqZm.s:175    .text.HAL_I2C_MspDeInit:0000000000000000 $t
     /tmp/ccfXxqZm.s:182    .text.HAL_I2C_MspDeInit:0000000000000000 HAL_I2C_MspDeInit
     /tmp/ccfXxqZm.s:221    .text.HAL_I2C_MspDeInit:0000000000000020 $d
     /tmp/ccfXxqZm.s:228    .text.HAL_UART_MspInit:0000000000000000 $t
     /tmp/ccfXxqZm.s:235    .text.HAL_UART_MspInit:0000000000000000 HAL_UART_MspInit
     /tmp/ccfXxqZm.s:329    .text.HAL_UART_MspInit:0000000000000070 $d
     /tmp/ccfXxqZm.s:335    .text.HAL_UART_MspDeInit:0000000000000000 $t
     /tmp/ccfXxqZm.s:342    .text.HAL_UART_MspDeInit:0000000000000000 HAL_UART_MspDeInit
     /tmp/ccfXxqZm.s:381    .text.HAL_UART_MspDeInit:0000000000000024 $d

UNDEFINED SYMBOLS
HAL_GPIO_Init
HAL_GPIO_DeInit
