ARM GAS  /var/folders/bp/f56jfl7x4ql_2mb87dhbknk40000gn/T//ccusAIE7.s 			page 1


   1              		.syntax unified
   2              		.cpu cortex-m3
   3              		.fpu softvfp
   4              		.eabi_attribute 20, 1
   5              		.eabi_attribute 21, 1
   6              		.eabi_attribute 23, 3
   7              		.eabi_attribute 24, 1
   8              		.eabi_attribute 25, 1
   9              		.eabi_attribute 26, 1
  10              		.eabi_attribute 30, 1
  11              		.eabi_attribute 34, 1
  12              		.eabi_attribute 18, 4
  13              		.thumb
  14              		.syntax unified
  15              		.file	"stm32f1xx_hal_spi_ex.c"
  16              		.text
  17              	.Ltext0:
  18              		.cfi_sections	.debug_frame
  19              		.section	.text.HAL_SPI_Init,"ax",%progbits
  20              		.align	2
  21              		.global	HAL_SPI_Init
  22              		.thumb
  23              		.thumb_func
  25              	HAL_SPI_Init:
  26              	.LFB63:
  27              		.file 1 "Drivers/STM32F1xx_HAL_Driver/Src/stm32f1xx_hal_spi_ex.c"
   1:Drivers/STM32F1xx_HAL_Driver/Src/stm32f1xx_hal_spi_ex.c **** /**
   2:Drivers/STM32F1xx_HAL_Driver/Src/stm32f1xx_hal_spi_ex.c ****   ******************************************************************************
   3:Drivers/STM32F1xx_HAL_Driver/Src/stm32f1xx_hal_spi_ex.c ****   * @file    stm32f1xx_hal_spi_ex.c
   4:Drivers/STM32F1xx_HAL_Driver/Src/stm32f1xx_hal_spi_ex.c ****   * @author  MCD Application Team
   5:Drivers/STM32F1xx_HAL_Driver/Src/stm32f1xx_hal_spi_ex.c ****   * @brief   Extended SPI HAL module driver.
   6:Drivers/STM32F1xx_HAL_Driver/Src/stm32f1xx_hal_spi_ex.c ****   *    
   7:Drivers/STM32F1xx_HAL_Driver/Src/stm32f1xx_hal_spi_ex.c ****   *          This file provides firmware functions to manage the following 
   8:Drivers/STM32F1xx_HAL_Driver/Src/stm32f1xx_hal_spi_ex.c ****   *          functionalities SPI extension peripheral:
   9:Drivers/STM32F1xx_HAL_Driver/Src/stm32f1xx_hal_spi_ex.c ****   *           + Extended Peripheral Control functions
  10:Drivers/STM32F1xx_HAL_Driver/Src/stm32f1xx_hal_spi_ex.c ****   *  
  11:Drivers/STM32F1xx_HAL_Driver/Src/stm32f1xx_hal_spi_ex.c ****   ******************************************************************************
  12:Drivers/STM32F1xx_HAL_Driver/Src/stm32f1xx_hal_spi_ex.c ****   * @attention
  13:Drivers/STM32F1xx_HAL_Driver/Src/stm32f1xx_hal_spi_ex.c ****   *
  14:Drivers/STM32F1xx_HAL_Driver/Src/stm32f1xx_hal_spi_ex.c ****   * <h2><center>&copy; COPYRIGHT(c) 2016 STMicroelectronics</center></h2>
  15:Drivers/STM32F1xx_HAL_Driver/Src/stm32f1xx_hal_spi_ex.c ****   *
  16:Drivers/STM32F1xx_HAL_Driver/Src/stm32f1xx_hal_spi_ex.c ****   * Redistribution and use in source and binary forms, with or without modification,
  17:Drivers/STM32F1xx_HAL_Driver/Src/stm32f1xx_hal_spi_ex.c ****   * are permitted provided that the following conditions are met:
  18:Drivers/STM32F1xx_HAL_Driver/Src/stm32f1xx_hal_spi_ex.c ****   *   1. Redistributions of source code must retain the above copyright notice,
  19:Drivers/STM32F1xx_HAL_Driver/Src/stm32f1xx_hal_spi_ex.c ****   *      this list of conditions and the following disclaimer.
  20:Drivers/STM32F1xx_HAL_Driver/Src/stm32f1xx_hal_spi_ex.c ****   *   2. Redistributions in binary form must reproduce the above copyright notice,
  21:Drivers/STM32F1xx_HAL_Driver/Src/stm32f1xx_hal_spi_ex.c ****   *      this list of conditions and the following disclaimer in the documentation
  22:Drivers/STM32F1xx_HAL_Driver/Src/stm32f1xx_hal_spi_ex.c ****   *      and/or other materials provided with the distribution.
  23:Drivers/STM32F1xx_HAL_Driver/Src/stm32f1xx_hal_spi_ex.c ****   *   3. Neither the name of STMicroelectronics nor the names of its contributors
  24:Drivers/STM32F1xx_HAL_Driver/Src/stm32f1xx_hal_spi_ex.c ****   *      may be used to endorse or promote products derived from this software
  25:Drivers/STM32F1xx_HAL_Driver/Src/stm32f1xx_hal_spi_ex.c ****   *      without specific prior written permission.
  26:Drivers/STM32F1xx_HAL_Driver/Src/stm32f1xx_hal_spi_ex.c ****   *
  27:Drivers/STM32F1xx_HAL_Driver/Src/stm32f1xx_hal_spi_ex.c ****   * THIS SOFTWARE IS PROVIDED BY THE COPYRIGHT HOLDERS AND CONTRIBUTORS "AS IS"
  28:Drivers/STM32F1xx_HAL_Driver/Src/stm32f1xx_hal_spi_ex.c ****   * AND ANY EXPRESS OR IMPLIED WARRANTIES, INCLUDING, BUT NOT LIMITED TO, THE
  29:Drivers/STM32F1xx_HAL_Driver/Src/stm32f1xx_hal_spi_ex.c ****   * IMPLIED WARRANTIES OF MERCHANTABILITY AND FITNESS FOR A PARTICULAR PURPOSE ARE
  30:Drivers/STM32F1xx_HAL_Driver/Src/stm32f1xx_hal_spi_ex.c ****   * DISCLAIMED. IN NO EVENT SHALL THE COPYRIGHT HOLDER OR CONTRIBUTORS BE LIABLE
  31:Drivers/STM32F1xx_HAL_Driver/Src/stm32f1xx_hal_spi_ex.c ****   * FOR ANY DIRECT, INDIRECT, INCIDENTAL, SPECIAL, EXEMPLARY, OR CONSEQUENTIAL
ARM GAS  /var/folders/bp/f56jfl7x4ql_2mb87dhbknk40000gn/T//ccusAIE7.s 			page 2


  32:Drivers/STM32F1xx_HAL_Driver/Src/stm32f1xx_hal_spi_ex.c ****   * DAMAGES (INCLUDING, BUT NOT LIMITED TO, PROCUREMENT OF SUBSTITUTE GOODS OR
  33:Drivers/STM32F1xx_HAL_Driver/Src/stm32f1xx_hal_spi_ex.c ****   * SERVICES; LOSS OF USE, DATA, OR PROFITS; OR BUSINESS INTERRUPTION) HOWEVER
  34:Drivers/STM32F1xx_HAL_Driver/Src/stm32f1xx_hal_spi_ex.c ****   * CAUSED AND ON ANY THEORY OF LIABILITY, WHETHER IN CONTRACT, STRICT LIABILITY,
  35:Drivers/STM32F1xx_HAL_Driver/Src/stm32f1xx_hal_spi_ex.c ****   * OR TORT (INCLUDING NEGLIGENCE OR OTHERWISE) ARISING IN ANY WAY OUT OF THE USE
  36:Drivers/STM32F1xx_HAL_Driver/Src/stm32f1xx_hal_spi_ex.c ****   * OF THIS SOFTWARE, EVEN IF ADVISED OF THE POSSIBILITY OF SUCH DAMAGE.
  37:Drivers/STM32F1xx_HAL_Driver/Src/stm32f1xx_hal_spi_ex.c ****   *
  38:Drivers/STM32F1xx_HAL_Driver/Src/stm32f1xx_hal_spi_ex.c ****   ******************************************************************************
  39:Drivers/STM32F1xx_HAL_Driver/Src/stm32f1xx_hal_spi_ex.c ****   */
  40:Drivers/STM32F1xx_HAL_Driver/Src/stm32f1xx_hal_spi_ex.c **** 
  41:Drivers/STM32F1xx_HAL_Driver/Src/stm32f1xx_hal_spi_ex.c **** /* Includes ------------------------------------------------------------------*/
  42:Drivers/STM32F1xx_HAL_Driver/Src/stm32f1xx_hal_spi_ex.c **** #include "stm32f1xx_hal.h"
  43:Drivers/STM32F1xx_HAL_Driver/Src/stm32f1xx_hal_spi_ex.c **** 
  44:Drivers/STM32F1xx_HAL_Driver/Src/stm32f1xx_hal_spi_ex.c **** /** @addtogroup STM32F1xx_HAL_Driver
  45:Drivers/STM32F1xx_HAL_Driver/Src/stm32f1xx_hal_spi_ex.c ****   * @{
  46:Drivers/STM32F1xx_HAL_Driver/Src/stm32f1xx_hal_spi_ex.c ****   */
  47:Drivers/STM32F1xx_HAL_Driver/Src/stm32f1xx_hal_spi_ex.c **** 
  48:Drivers/STM32F1xx_HAL_Driver/Src/stm32f1xx_hal_spi_ex.c **** /** @addtogroup SPI
  49:Drivers/STM32F1xx_HAL_Driver/Src/stm32f1xx_hal_spi_ex.c ****   * @{
  50:Drivers/STM32F1xx_HAL_Driver/Src/stm32f1xx_hal_spi_ex.c ****   */
  51:Drivers/STM32F1xx_HAL_Driver/Src/stm32f1xx_hal_spi_ex.c **** #ifdef HAL_SPI_MODULE_ENABLED
  52:Drivers/STM32F1xx_HAL_Driver/Src/stm32f1xx_hal_spi_ex.c **** 
  53:Drivers/STM32F1xx_HAL_Driver/Src/stm32f1xx_hal_spi_ex.c **** /** @defgroup SPI_Private_Variables SPI Private Variables
  54:Drivers/STM32F1xx_HAL_Driver/Src/stm32f1xx_hal_spi_ex.c ****   * @{
  55:Drivers/STM32F1xx_HAL_Driver/Src/stm32f1xx_hal_spi_ex.c ****   */
  56:Drivers/STM32F1xx_HAL_Driver/Src/stm32f1xx_hal_spi_ex.c **** #if (USE_SPI_CRC != 0U)
  57:Drivers/STM32F1xx_HAL_Driver/Src/stm32f1xx_hal_spi_ex.c **** /* Variable used to determine if device is impacted by implementation of workaround
  58:Drivers/STM32F1xx_HAL_Driver/Src/stm32f1xx_hal_spi_ex.c ****    related to wrong CRC errors detection on SPI2. Conditions in which this workaround has to be app
  59:Drivers/STM32F1xx_HAL_Driver/Src/stm32f1xx_hal_spi_ex.c ****     - STM32F101CDE/STM32F103CDE
  60:Drivers/STM32F1xx_HAL_Driver/Src/stm32f1xx_hal_spi_ex.c ****     - Revision ID : Z
  61:Drivers/STM32F1xx_HAL_Driver/Src/stm32f1xx_hal_spi_ex.c ****     - SPI2
  62:Drivers/STM32F1xx_HAL_Driver/Src/stm32f1xx_hal_spi_ex.c ****     - In receive only mode, with CRC calculation enabled, at the end of the CRC reception,
  63:Drivers/STM32F1xx_HAL_Driver/Src/stm32f1xx_hal_spi_ex.c ****       the software needs to check the CRCERR flag. If it is found set, read back the SPI_RXCRC:
  64:Drivers/STM32F1xx_HAL_Driver/Src/stm32f1xx_hal_spi_ex.c ****         + If the value is 0, the complete data transfer is successful.
  65:Drivers/STM32F1xx_HAL_Driver/Src/stm32f1xx_hal_spi_ex.c ****         + Otherwise, one or more errors have been detected during the data transfer by CPU or DMA.
  66:Drivers/STM32F1xx_HAL_Driver/Src/stm32f1xx_hal_spi_ex.c ****       If CRCERR is found reset, the complete data transfer is considered successful.
  67:Drivers/STM32F1xx_HAL_Driver/Src/stm32f1xx_hal_spi_ex.c **** */
  68:Drivers/STM32F1xx_HAL_Driver/Src/stm32f1xx_hal_spi_ex.c **** uint8_t uCRCErrorWorkaroundCheck = 0U;
  69:Drivers/STM32F1xx_HAL_Driver/Src/stm32f1xx_hal_spi_ex.c **** #endif /* USE_SPI_CRC */
  70:Drivers/STM32F1xx_HAL_Driver/Src/stm32f1xx_hal_spi_ex.c **** /**
  71:Drivers/STM32F1xx_HAL_Driver/Src/stm32f1xx_hal_spi_ex.c ****   * @}
  72:Drivers/STM32F1xx_HAL_Driver/Src/stm32f1xx_hal_spi_ex.c ****   */
  73:Drivers/STM32F1xx_HAL_Driver/Src/stm32f1xx_hal_spi_ex.c **** 
  74:Drivers/STM32F1xx_HAL_Driver/Src/stm32f1xx_hal_spi_ex.c **** 
  75:Drivers/STM32F1xx_HAL_Driver/Src/stm32f1xx_hal_spi_ex.c **** /* Private typedef -----------------------------------------------------------*/
  76:Drivers/STM32F1xx_HAL_Driver/Src/stm32f1xx_hal_spi_ex.c **** /* Private define ------------------------------------------------------------*/
  77:Drivers/STM32F1xx_HAL_Driver/Src/stm32f1xx_hal_spi_ex.c **** /* Private macro -------------------------------------------------------------*/
  78:Drivers/STM32F1xx_HAL_Driver/Src/stm32f1xx_hal_spi_ex.c **** /* Private variables ---------------------------------------------------------*/
  79:Drivers/STM32F1xx_HAL_Driver/Src/stm32f1xx_hal_spi_ex.c **** /* Private function prototypes -----------------------------------------------*/
  80:Drivers/STM32F1xx_HAL_Driver/Src/stm32f1xx_hal_spi_ex.c **** /* Private functions ---------------------------------------------------------*/
  81:Drivers/STM32F1xx_HAL_Driver/Src/stm32f1xx_hal_spi_ex.c **** 
  82:Drivers/STM32F1xx_HAL_Driver/Src/stm32f1xx_hal_spi_ex.c **** /** @addtogroup SPI_Exported_Functions
  83:Drivers/STM32F1xx_HAL_Driver/Src/stm32f1xx_hal_spi_ex.c ****   * @{
  84:Drivers/STM32F1xx_HAL_Driver/Src/stm32f1xx_hal_spi_ex.c ****   */
  85:Drivers/STM32F1xx_HAL_Driver/Src/stm32f1xx_hal_spi_ex.c **** 
  86:Drivers/STM32F1xx_HAL_Driver/Src/stm32f1xx_hal_spi_ex.c **** /** @addtogroup SPI_Exported_Functions_Group1
  87:Drivers/STM32F1xx_HAL_Driver/Src/stm32f1xx_hal_spi_ex.c ****   *
  88:Drivers/STM32F1xx_HAL_Driver/Src/stm32f1xx_hal_spi_ex.c ****   * @{
ARM GAS  /var/folders/bp/f56jfl7x4ql_2mb87dhbknk40000gn/T//ccusAIE7.s 			page 3


  89:Drivers/STM32F1xx_HAL_Driver/Src/stm32f1xx_hal_spi_ex.c ****   */
  90:Drivers/STM32F1xx_HAL_Driver/Src/stm32f1xx_hal_spi_ex.c **** 
  91:Drivers/STM32F1xx_HAL_Driver/Src/stm32f1xx_hal_spi_ex.c **** /**
  92:Drivers/STM32F1xx_HAL_Driver/Src/stm32f1xx_hal_spi_ex.c ****   * @brief  Initializes the SPI according to the specified parameters 
  93:Drivers/STM32F1xx_HAL_Driver/Src/stm32f1xx_hal_spi_ex.c ****   *         in the SPI_InitTypeDef and create the associated handle.
  94:Drivers/STM32F1xx_HAL_Driver/Src/stm32f1xx_hal_spi_ex.c ****   * @param  hspi: pointer to a SPI_HandleTypeDef structure that contains
  95:Drivers/STM32F1xx_HAL_Driver/Src/stm32f1xx_hal_spi_ex.c ****   *                the configuration information for SPI module.
  96:Drivers/STM32F1xx_HAL_Driver/Src/stm32f1xx_hal_spi_ex.c ****   * @retval HAL status
  97:Drivers/STM32F1xx_HAL_Driver/Src/stm32f1xx_hal_spi_ex.c ****   */
  98:Drivers/STM32F1xx_HAL_Driver/Src/stm32f1xx_hal_spi_ex.c **** HAL_StatusTypeDef HAL_SPI_Init(SPI_HandleTypeDef *hspi)
  99:Drivers/STM32F1xx_HAL_Driver/Src/stm32f1xx_hal_spi_ex.c **** {
  28              		.loc 1 99 0
  29              		.cfi_startproc
  30              		@ args = 0, pretend = 0, frame = 0
  31              		@ frame_needed = 0, uses_anonymous_args = 0
  32              	.LVL0:
 100:Drivers/STM32F1xx_HAL_Driver/Src/stm32f1xx_hal_spi_ex.c ****   /* Check the SPI handle allocation */
 101:Drivers/STM32F1xx_HAL_Driver/Src/stm32f1xx_hal_spi_ex.c ****   if(hspi == NULL)
  33              		.loc 1 101 0
  34 0000 0028     		cmp	r0, #0
  35 0002 3CD0     		beq	.L4
  99:Drivers/STM32F1xx_HAL_Driver/Src/stm32f1xx_hal_spi_ex.c ****   /* Check the SPI handle allocation */
  36              		.loc 1 99 0
  37 0004 10B5     		push	{r4, lr}
  38              	.LCFI0:
  39              		.cfi_def_cfa_offset 8
  40              		.cfi_offset 4, -8
  41              		.cfi_offset 14, -4
  42 0006 0446     		mov	r4, r0
 102:Drivers/STM32F1xx_HAL_Driver/Src/stm32f1xx_hal_spi_ex.c ****   {
 103:Drivers/STM32F1xx_HAL_Driver/Src/stm32f1xx_hal_spi_ex.c ****     return HAL_ERROR;
 104:Drivers/STM32F1xx_HAL_Driver/Src/stm32f1xx_hal_spi_ex.c ****   }
 105:Drivers/STM32F1xx_HAL_Driver/Src/stm32f1xx_hal_spi_ex.c **** 
 106:Drivers/STM32F1xx_HAL_Driver/Src/stm32f1xx_hal_spi_ex.c ****   /* Check the parameters */
 107:Drivers/STM32F1xx_HAL_Driver/Src/stm32f1xx_hal_spi_ex.c ****   assert_param(IS_SPI_ALL_INSTANCE(hspi->Instance));
 108:Drivers/STM32F1xx_HAL_Driver/Src/stm32f1xx_hal_spi_ex.c ****   assert_param(IS_SPI_MODE(hspi->Init.Mode));
 109:Drivers/STM32F1xx_HAL_Driver/Src/stm32f1xx_hal_spi_ex.c ****   assert_param(IS_SPI_DIRECTION(hspi->Init.Direction));
 110:Drivers/STM32F1xx_HAL_Driver/Src/stm32f1xx_hal_spi_ex.c ****   assert_param(IS_SPI_DATASIZE(hspi->Init.DataSize));
 111:Drivers/STM32F1xx_HAL_Driver/Src/stm32f1xx_hal_spi_ex.c ****   assert_param(IS_SPI_CPOL(hspi->Init.CLKPolarity));
 112:Drivers/STM32F1xx_HAL_Driver/Src/stm32f1xx_hal_spi_ex.c ****   assert_param(IS_SPI_CPHA(hspi->Init.CLKPhase));
 113:Drivers/STM32F1xx_HAL_Driver/Src/stm32f1xx_hal_spi_ex.c ****   assert_param(IS_SPI_NSS(hspi->Init.NSS));
 114:Drivers/STM32F1xx_HAL_Driver/Src/stm32f1xx_hal_spi_ex.c ****   assert_param(IS_SPI_BAUDRATE_PRESCALER(hspi->Init.BaudRatePrescaler));
 115:Drivers/STM32F1xx_HAL_Driver/Src/stm32f1xx_hal_spi_ex.c ****   assert_param(IS_SPI_FIRST_BIT(hspi->Init.FirstBit));
 116:Drivers/STM32F1xx_HAL_Driver/Src/stm32f1xx_hal_spi_ex.c **** 
 117:Drivers/STM32F1xx_HAL_Driver/Src/stm32f1xx_hal_spi_ex.c **** #if (USE_SPI_CRC != 0U)
 118:Drivers/STM32F1xx_HAL_Driver/Src/stm32f1xx_hal_spi_ex.c ****   assert_param(IS_SPI_CRC_CALCULATION(hspi->Init.CRCCalculation));
 119:Drivers/STM32F1xx_HAL_Driver/Src/stm32f1xx_hal_spi_ex.c ****   if(hspi->Init.CRCCalculation == SPI_CRCCALCULATION_ENABLE)
 120:Drivers/STM32F1xx_HAL_Driver/Src/stm32f1xx_hal_spi_ex.c ****   {
 121:Drivers/STM32F1xx_HAL_Driver/Src/stm32f1xx_hal_spi_ex.c ****     assert_param(IS_SPI_CRC_POLYNOMIAL(hspi->Init.CRCPolynomial));
 122:Drivers/STM32F1xx_HAL_Driver/Src/stm32f1xx_hal_spi_ex.c ****   }
 123:Drivers/STM32F1xx_HAL_Driver/Src/stm32f1xx_hal_spi_ex.c **** #else
 124:Drivers/STM32F1xx_HAL_Driver/Src/stm32f1xx_hal_spi_ex.c ****   hspi->Init.CRCCalculation = SPI_CRCCALCULATION_DISABLE;
  43              		.loc 1 124 0
  44 0008 0023     		movs	r3, #0
  45 000a 8362     		str	r3, [r0, #40]
 125:Drivers/STM32F1xx_HAL_Driver/Src/stm32f1xx_hal_spi_ex.c **** #endif /* USE_SPI_CRC */
 126:Drivers/STM32F1xx_HAL_Driver/Src/stm32f1xx_hal_spi_ex.c **** 
ARM GAS  /var/folders/bp/f56jfl7x4ql_2mb87dhbknk40000gn/T//ccusAIE7.s 			page 4


 127:Drivers/STM32F1xx_HAL_Driver/Src/stm32f1xx_hal_spi_ex.c ****   if(hspi->State == HAL_SPI_STATE_RESET)
  46              		.loc 1 127 0
  47 000c 90F85130 		ldrb	r3, [r0, #81]	@ zero_extendqisi2
  48 0010 13F0FF0F 		tst	r3, #255
  49 0014 01D1     		bne	.L3
 128:Drivers/STM32F1xx_HAL_Driver/Src/stm32f1xx_hal_spi_ex.c ****   {
 129:Drivers/STM32F1xx_HAL_Driver/Src/stm32f1xx_hal_spi_ex.c ****     /* Init the low level hardware : GPIO, CLOCK, NVIC... */
 130:Drivers/STM32F1xx_HAL_Driver/Src/stm32f1xx_hal_spi_ex.c ****     HAL_SPI_MspInit(hspi);
  50              		.loc 1 130 0
  51 0016 FFF7FEFF 		bl	HAL_SPI_MspInit
  52              	.LVL1:
  53              	.L3:
 131:Drivers/STM32F1xx_HAL_Driver/Src/stm32f1xx_hal_spi_ex.c ****   }
 132:Drivers/STM32F1xx_HAL_Driver/Src/stm32f1xx_hal_spi_ex.c ****   
 133:Drivers/STM32F1xx_HAL_Driver/Src/stm32f1xx_hal_spi_ex.c ****   hspi->State = HAL_SPI_STATE_BUSY;
  54              		.loc 1 133 0
  55 001a 0223     		movs	r3, #2
  56 001c 84F85130 		strb	r3, [r4, #81]
 134:Drivers/STM32F1xx_HAL_Driver/Src/stm32f1xx_hal_spi_ex.c **** 
 135:Drivers/STM32F1xx_HAL_Driver/Src/stm32f1xx_hal_spi_ex.c ****   /* Disble the selected SPI peripheral */
 136:Drivers/STM32F1xx_HAL_Driver/Src/stm32f1xx_hal_spi_ex.c ****   __HAL_SPI_DISABLE(hspi);
  57              		.loc 1 136 0
  58 0020 2268     		ldr	r2, [r4]
  59 0022 1368     		ldr	r3, [r2]
  60 0024 23F04003 		bic	r3, r3, #64
  61 0028 1360     		str	r3, [r2]
 137:Drivers/STM32F1xx_HAL_Driver/Src/stm32f1xx_hal_spi_ex.c **** 
 138:Drivers/STM32F1xx_HAL_Driver/Src/stm32f1xx_hal_spi_ex.c ****   /*----------------------- SPIx CR1 & CR2 Configuration ---------------------*/
 139:Drivers/STM32F1xx_HAL_Driver/Src/stm32f1xx_hal_spi_ex.c ****   /* Configure : SPI Mode, Communication Mode, Data size, Clock polarity and phase, NSS management,
 140:Drivers/STM32F1xx_HAL_Driver/Src/stm32f1xx_hal_spi_ex.c ****   Communication speed, First bit and CRC calculation state */
 141:Drivers/STM32F1xx_HAL_Driver/Src/stm32f1xx_hal_spi_ex.c ****   WRITE_REG(hspi->Instance->CR1, (hspi->Init.Mode | hspi->Init.Direction | hspi->Init.DataSize |
  62              		.loc 1 141 0
  63 002a 2168     		ldr	r1, [r4]
  64 002c 6268     		ldr	r2, [r4, #4]
  65 002e A368     		ldr	r3, [r4, #8]
  66 0030 1A43     		orrs	r2, r2, r3
  67 0032 E368     		ldr	r3, [r4, #12]
  68 0034 1A43     		orrs	r2, r2, r3
  69 0036 2369     		ldr	r3, [r4, #16]
  70 0038 1A43     		orrs	r2, r2, r3
  71 003a 6369     		ldr	r3, [r4, #20]
  72 003c 1A43     		orrs	r2, r2, r3
  73 003e A369     		ldr	r3, [r4, #24]
  74 0040 03F40073 		and	r3, r3, #512
  75 0044 1343     		orrs	r3, r3, r2
  76 0046 E269     		ldr	r2, [r4, #28]
  77 0048 1343     		orrs	r3, r3, r2
  78 004a 226A     		ldr	r2, [r4, #32]
  79 004c 1343     		orrs	r3, r3, r2
  80 004e A26A     		ldr	r2, [r4, #40]
  81 0050 1A43     		orrs	r2, r2, r3
  82 0052 0A60     		str	r2, [r1]
 142:Drivers/STM32F1xx_HAL_Driver/Src/stm32f1xx_hal_spi_ex.c ****                                   hspi->Init.CLKPolarity | hspi->Init.CLKPhase | (hspi->Init.NSS & 
 143:Drivers/STM32F1xx_HAL_Driver/Src/stm32f1xx_hal_spi_ex.c ****                                   hspi->Init.BaudRatePrescaler | hspi->Init.FirstBit  | hspi->Init.
 144:Drivers/STM32F1xx_HAL_Driver/Src/stm32f1xx_hal_spi_ex.c **** 
 145:Drivers/STM32F1xx_HAL_Driver/Src/stm32f1xx_hal_spi_ex.c ****   /* Configure : NSS management */
 146:Drivers/STM32F1xx_HAL_Driver/Src/stm32f1xx_hal_spi_ex.c ****   WRITE_REG(hspi->Instance->CR2, (((hspi->Init.NSS >> 16U) & SPI_CR2_SSOE) | hspi->Init.TIMode));
ARM GAS  /var/folders/bp/f56jfl7x4ql_2mb87dhbknk40000gn/T//ccusAIE7.s 			page 5


  83              		.loc 1 146 0
  84 0054 2168     		ldr	r1, [r4]
  85 0056 638B     		ldrh	r3, [r4, #26]
  86 0058 03F00402 		and	r2, r3, #4
  87 005c 636A     		ldr	r3, [r4, #36]
  88 005e 1343     		orrs	r3, r3, r2
  89 0060 4B60     		str	r3, [r1, #4]
 147:Drivers/STM32F1xx_HAL_Driver/Src/stm32f1xx_hal_spi_ex.c **** 
 148:Drivers/STM32F1xx_HAL_Driver/Src/stm32f1xx_hal_spi_ex.c ****   /*---------------------------- SPIx CRCPOLY Configuration ------------------*/
 149:Drivers/STM32F1xx_HAL_Driver/Src/stm32f1xx_hal_spi_ex.c ****   /* Configure : CRC Polynomial */
 150:Drivers/STM32F1xx_HAL_Driver/Src/stm32f1xx_hal_spi_ex.c ****   WRITE_REG(hspi->Instance->CRCPR, hspi->Init.CRCPolynomial);
  90              		.loc 1 150 0
  91 0062 2368     		ldr	r3, [r4]
  92 0064 E26A     		ldr	r2, [r4, #44]
  93 0066 1A61     		str	r2, [r3, #16]
 151:Drivers/STM32F1xx_HAL_Driver/Src/stm32f1xx_hal_spi_ex.c **** 
 152:Drivers/STM32F1xx_HAL_Driver/Src/stm32f1xx_hal_spi_ex.c **** #if defined(SPI_I2SCFGR_I2SMOD)
 153:Drivers/STM32F1xx_HAL_Driver/Src/stm32f1xx_hal_spi_ex.c ****   /* Activate the SPI mode (Make sure that I2SMOD bit in I2SCFGR register is reset) */
 154:Drivers/STM32F1xx_HAL_Driver/Src/stm32f1xx_hal_spi_ex.c ****   CLEAR_BIT(hspi->Instance->I2SCFGR, SPI_I2SCFGR_I2SMOD);
  94              		.loc 1 154 0
  95 0068 2268     		ldr	r2, [r4]
  96 006a D369     		ldr	r3, [r2, #28]
  97 006c 23F40063 		bic	r3, r3, #2048
  98 0070 D361     		str	r3, [r2, #28]
 155:Drivers/STM32F1xx_HAL_Driver/Src/stm32f1xx_hal_spi_ex.c **** #endif /* SPI_I2SCFGR_I2SMOD */
 156:Drivers/STM32F1xx_HAL_Driver/Src/stm32f1xx_hal_spi_ex.c **** 
 157:Drivers/STM32F1xx_HAL_Driver/Src/stm32f1xx_hal_spi_ex.c **** #if (USE_SPI_CRC != 0U)
 158:Drivers/STM32F1xx_HAL_Driver/Src/stm32f1xx_hal_spi_ex.c **** #if defined (STM32F101xE) || defined (STM32F103xE)
 159:Drivers/STM32F1xx_HAL_Driver/Src/stm32f1xx_hal_spi_ex.c ****   /* Check RevisionID value for identifying if Device is Rev Z (0x0001) in order to enable workarou
 160:Drivers/STM32F1xx_HAL_Driver/Src/stm32f1xx_hal_spi_ex.c ****      CRC errors wrongly detected */
 161:Drivers/STM32F1xx_HAL_Driver/Src/stm32f1xx_hal_spi_ex.c ****   /* Pb is that ES_STM32F10xxCDE also identify an issue in Debug registers access while not in Debu
 162:Drivers/STM32F1xx_HAL_Driver/Src/stm32f1xx_hal_spi_ex.c ****      Revision ID information is only available in Debug mode, so Workaround could not be implemente
 163:Drivers/STM32F1xx_HAL_Driver/Src/stm32f1xx_hal_spi_ex.c ****      to distinguish Rev Z devices (issue present) from more recent version (issue fixed).
 164:Drivers/STM32F1xx_HAL_Driver/Src/stm32f1xx_hal_spi_ex.c ****      So, in case of Revison Z F101 or F103 devices, below variable should be assigned to 1 */
 165:Drivers/STM32F1xx_HAL_Driver/Src/stm32f1xx_hal_spi_ex.c ****   uCRCErrorWorkaroundCheck = 0U;
 166:Drivers/STM32F1xx_HAL_Driver/Src/stm32f1xx_hal_spi_ex.c **** #else
 167:Drivers/STM32F1xx_HAL_Driver/Src/stm32f1xx_hal_spi_ex.c ****   uCRCErrorWorkaroundCheck = 0U;
 168:Drivers/STM32F1xx_HAL_Driver/Src/stm32f1xx_hal_spi_ex.c **** #endif /* STM32F101xE || STM32F103xE */
 169:Drivers/STM32F1xx_HAL_Driver/Src/stm32f1xx_hal_spi_ex.c **** #endif /* USE_SPI_CRC */
 170:Drivers/STM32F1xx_HAL_Driver/Src/stm32f1xx_hal_spi_ex.c **** 
 171:Drivers/STM32F1xx_HAL_Driver/Src/stm32f1xx_hal_spi_ex.c ****   hspi->ErrorCode = HAL_SPI_ERROR_NONE;
  99              		.loc 1 171 0
 100 0072 0020     		movs	r0, #0
 101 0074 6065     		str	r0, [r4, #84]
 172:Drivers/STM32F1xx_HAL_Driver/Src/stm32f1xx_hal_spi_ex.c ****   hspi->State = HAL_SPI_STATE_READY;
 102              		.loc 1 172 0
 103 0076 0123     		movs	r3, #1
 104 0078 84F85130 		strb	r3, [r4, #81]
 173:Drivers/STM32F1xx_HAL_Driver/Src/stm32f1xx_hal_spi_ex.c ****   
 174:Drivers/STM32F1xx_HAL_Driver/Src/stm32f1xx_hal_spi_ex.c ****   return HAL_OK;
 105              		.loc 1 174 0
 106 007c 10BD     		pop	{r4, pc}
 107              	.LVL2:
 108              	.L4:
 109              	.LCFI1:
 110              		.cfi_def_cfa_offset 0
 111              		.cfi_restore 4
ARM GAS  /var/folders/bp/f56jfl7x4ql_2mb87dhbknk40000gn/T//ccusAIE7.s 			page 6


 112              		.cfi_restore 14
 103:Drivers/STM32F1xx_HAL_Driver/Src/stm32f1xx_hal_spi_ex.c ****   }
 113              		.loc 1 103 0
 114 007e 0120     		movs	r0, #1
 115              	.LVL3:
 116 0080 7047     		bx	lr
 117              		.cfi_endproc
 118              	.LFE63:
 120 0082 00BF     		.text
 121              	.Letext0:
 122              		.file 2 "/Users/msd/Downloads/gcc-arm-none-eabi-5_2-2015q4/arm-none-eabi/include/machine/_default_
 123              		.file 3 "/Users/msd/Downloads/gcc-arm-none-eabi-5_2-2015q4/arm-none-eabi/include/sys/_stdint.h"
 124              		.file 4 "Drivers/CMSIS/Device/ST/STM32F1xx/Include/stm32f103xb.h"
 125              		.file 5 "Drivers/STM32F1xx_HAL_Driver/Inc/stm32f1xx_hal_def.h"
 126              		.file 6 "Drivers/STM32F1xx_HAL_Driver/Inc/stm32f1xx_hal_dma.h"
 127              		.file 7 "Drivers/STM32F1xx_HAL_Driver/Inc/stm32f1xx_hal_spi.h"
 128              		.file 8 "Drivers/CMSIS/Include/core_cm3.h"
ARM GAS  /var/folders/bp/f56jfl7x4ql_2mb87dhbknk40000gn/T//ccusAIE7.s 			page 7


DEFINED SYMBOLS
                            *ABS*:0000000000000000 stm32f1xx_hal_spi_ex.c
/var/folders/bp/f56jfl7x4ql_2mb87dhbknk40000gn/T//ccusAIE7.s:20     .text.HAL_SPI_Init:0000000000000000 $t
/var/folders/bp/f56jfl7x4ql_2mb87dhbknk40000gn/T//ccusAIE7.s:25     .text.HAL_SPI_Init:0000000000000000 HAL_SPI_Init
                     .debug_frame:0000000000000010 $d

UNDEFINED SYMBOLS
HAL_SPI_MspInit
