ARM GAS  /var/folders/bp/f56jfl7x4ql_2mb87dhbknk40000gn/T//cc4qLaiT.s 			page 1


   1              		.syntax unified
   2              		.cpu cortex-m3
   3              		.fpu softvfp
   4              		.eabi_attribute 20, 1
   5              		.eabi_attribute 21, 1
   6              		.eabi_attribute 23, 3
   7              		.eabi_attribute 24, 1
   8              		.eabi_attribute 25, 1
   9              		.eabi_attribute 26, 1
  10              		.eabi_attribute 30, 1
  11              		.eabi_attribute 34, 1
  12              		.eabi_attribute 18, 4
  13              		.thumb
  14              		.syntax unified
  15              		.file	"stm32f1xx_it.c"
  16              		.text
  17              	.Ltext0:
  18              		.cfi_sections	.debug_frame
  19              		.section	.text.NMI_Handler,"ax",%progbits
  20              		.align	2
  21              		.global	NMI_Handler
  22              		.thumb
  23              		.thumb_func
  25              	NMI_Handler:
  26              	.LFB63:
  27              		.file 1 "Src/stm32f1xx_it.c"
   1:Src/stm32f1xx_it.c **** /* USER CODE BEGIN Header */
   2:Src/stm32f1xx_it.c **** /**
   3:Src/stm32f1xx_it.c ****   ******************************************************************************
   4:Src/stm32f1xx_it.c ****   * @file    stm32f1xx_it.c
   5:Src/stm32f1xx_it.c ****   * @brief   Interrupt Service Routines.
   6:Src/stm32f1xx_it.c ****   ******************************************************************************
   7:Src/stm32f1xx_it.c ****   *
   8:Src/stm32f1xx_it.c ****   * COPYRIGHT(c) 2019 STMicroelectronics
   9:Src/stm32f1xx_it.c ****   *
  10:Src/stm32f1xx_it.c ****   * Redistribution and use in source and binary forms, with or without modification,
  11:Src/stm32f1xx_it.c ****   * are permitted provided that the following conditions are met:
  12:Src/stm32f1xx_it.c ****   *   1. Redistributions of source code must retain the above copyright notice,
  13:Src/stm32f1xx_it.c ****   *      this list of conditions and the following disclaimer.
  14:Src/stm32f1xx_it.c ****   *   2. Redistributions in binary form must reproduce the above copyright notice,
  15:Src/stm32f1xx_it.c ****   *      this list of conditions and the following disclaimer in the documentation
  16:Src/stm32f1xx_it.c ****   *      and/or other materials provided with the distribution.
  17:Src/stm32f1xx_it.c ****   *   3. Neither the name of STMicroelectronics nor the names of its contributors
  18:Src/stm32f1xx_it.c ****   *      may be used to endorse or promote products derived from this software
  19:Src/stm32f1xx_it.c ****   *      without specific prior written permission.
  20:Src/stm32f1xx_it.c ****   *
  21:Src/stm32f1xx_it.c ****   * THIS SOFTWARE IS PROVIDED BY THE COPYRIGHT HOLDERS AND CONTRIBUTORS "AS IS"
  22:Src/stm32f1xx_it.c ****   * AND ANY EXPRESS OR IMPLIED WARRANTIES, INCLUDING, BUT NOT LIMITED TO, THE
  23:Src/stm32f1xx_it.c ****   * IMPLIED WARRANTIES OF MERCHANTABILITY AND FITNESS FOR A PARTICULAR PURPOSE ARE
  24:Src/stm32f1xx_it.c ****   * DISCLAIMED. IN NO EVENT SHALL THE COPYRIGHT HOLDER OR CONTRIBUTORS BE LIABLE
  25:Src/stm32f1xx_it.c ****   * FOR ANY DIRECT, INDIRECT, INCIDENTAL, SPECIAL, EXEMPLARY, OR CONSEQUENTIAL
  26:Src/stm32f1xx_it.c ****   * DAMAGES (INCLUDING, BUT NOT LIMITED TO, PROCUREMENT OF SUBSTITUTE GOODS OR
  27:Src/stm32f1xx_it.c ****   * SERVICES; LOSS OF USE, DATA, OR PROFITS; OR BUSINESS INTERRUPTION) HOWEVER
  28:Src/stm32f1xx_it.c ****   * CAUSED AND ON ANY THEORY OF LIABILITY, WHETHER IN CONTRACT, STRICT LIABILITY,
  29:Src/stm32f1xx_it.c ****   * OR TORT (INCLUDING NEGLIGENCE OR OTHERWISE) ARISING IN ANY WAY OUT OF THE USE
  30:Src/stm32f1xx_it.c ****   * OF THIS SOFTWARE, EVEN IF ADVISED OF THE POSSIBILITY OF SUCH DAMAGE.
  31:Src/stm32f1xx_it.c ****   *
ARM GAS  /var/folders/bp/f56jfl7x4ql_2mb87dhbknk40000gn/T//cc4qLaiT.s 			page 2


  32:Src/stm32f1xx_it.c ****   ******************************************************************************
  33:Src/stm32f1xx_it.c ****   */
  34:Src/stm32f1xx_it.c **** /* USER CODE END Header */
  35:Src/stm32f1xx_it.c **** 
  36:Src/stm32f1xx_it.c **** /* Includes ------------------------------------------------------------------*/
  37:Src/stm32f1xx_it.c **** #include "main.h"
  38:Src/stm32f1xx_it.c **** #include "stm32f1xx_it.h"
  39:Src/stm32f1xx_it.c **** /* Private includes ----------------------------------------------------------*/
  40:Src/stm32f1xx_it.c **** /* USER CODE BEGIN Includes */
  41:Src/stm32f1xx_it.c **** /* USER CODE END Includes */
  42:Src/stm32f1xx_it.c **** 
  43:Src/stm32f1xx_it.c **** /* Private typedef -----------------------------------------------------------*/
  44:Src/stm32f1xx_it.c **** /* USER CODE BEGIN TD */
  45:Src/stm32f1xx_it.c **** 
  46:Src/stm32f1xx_it.c **** /* USER CODE END TD */
  47:Src/stm32f1xx_it.c **** 
  48:Src/stm32f1xx_it.c **** /* Private define ------------------------------------------------------------*/
  49:Src/stm32f1xx_it.c **** /* USER CODE BEGIN PD */
  50:Src/stm32f1xx_it.c ****  
  51:Src/stm32f1xx_it.c **** /* USER CODE END PD */
  52:Src/stm32f1xx_it.c **** 
  53:Src/stm32f1xx_it.c **** /* Private macro -------------------------------------------------------------*/
  54:Src/stm32f1xx_it.c **** /* USER CODE BEGIN PM */
  55:Src/stm32f1xx_it.c **** 
  56:Src/stm32f1xx_it.c **** /* USER CODE END PM */
  57:Src/stm32f1xx_it.c **** 
  58:Src/stm32f1xx_it.c **** /* Private variables ---------------------------------------------------------*/
  59:Src/stm32f1xx_it.c **** /* USER CODE BEGIN PV */
  60:Src/stm32f1xx_it.c **** 
  61:Src/stm32f1xx_it.c **** /* USER CODE END PV */
  62:Src/stm32f1xx_it.c **** 
  63:Src/stm32f1xx_it.c **** /* Private function prototypes -----------------------------------------------*/
  64:Src/stm32f1xx_it.c **** /* USER CODE BEGIN PFP */
  65:Src/stm32f1xx_it.c **** 
  66:Src/stm32f1xx_it.c **** /* USER CODE END PFP */
  67:Src/stm32f1xx_it.c **** 
  68:Src/stm32f1xx_it.c **** /* Private user code ---------------------------------------------------------*/
  69:Src/stm32f1xx_it.c **** /* USER CODE BEGIN 0 */
  70:Src/stm32f1xx_it.c **** 
  71:Src/stm32f1xx_it.c **** /* USER CODE END 0 */
  72:Src/stm32f1xx_it.c **** 
  73:Src/stm32f1xx_it.c **** /* External variables --------------------------------------------------------*/
  74:Src/stm32f1xx_it.c **** extern SPI_HandleTypeDef hspi1;
  75:Src/stm32f1xx_it.c **** extern TIM_HandleTypeDef htim2;
  76:Src/stm32f1xx_it.c **** extern TIM_HandleTypeDef htim3;
  77:Src/stm32f1xx_it.c **** /* USER CODE BEGIN EV */
  78:Src/stm32f1xx_it.c **** 
  79:Src/stm32f1xx_it.c **** /* USER CODE END EV */
  80:Src/stm32f1xx_it.c **** 
  81:Src/stm32f1xx_it.c **** /******************************************************************************/
  82:Src/stm32f1xx_it.c **** /*           Cortex-M3 Processor Interruption and Exception Handlers          */ 
  83:Src/stm32f1xx_it.c **** /******************************************************************************/
  84:Src/stm32f1xx_it.c **** /**
  85:Src/stm32f1xx_it.c ****   * @brief This function handles Non maskable interrupt.
  86:Src/stm32f1xx_it.c ****   */
  87:Src/stm32f1xx_it.c **** void NMI_Handler(void)
  88:Src/stm32f1xx_it.c **** {
ARM GAS  /var/folders/bp/f56jfl7x4ql_2mb87dhbknk40000gn/T//cc4qLaiT.s 			page 3


  28              		.loc 1 88 0
  29              		.cfi_startproc
  30              		@ args = 0, pretend = 0, frame = 0
  31              		@ frame_needed = 0, uses_anonymous_args = 0
  32              		@ link register save eliminated.
  33 0000 7047     		bx	lr
  34              		.cfi_endproc
  35              	.LFE63:
  37 0002 00BF     		.section	.text.HardFault_Handler,"ax",%progbits
  38              		.align	2
  39              		.global	HardFault_Handler
  40              		.thumb
  41              		.thumb_func
  43              	HardFault_Handler:
  44              	.LFB64:
  89:Src/stm32f1xx_it.c ****   /* USER CODE BEGIN NonMaskableInt_IRQn 0 */
  90:Src/stm32f1xx_it.c **** 
  91:Src/stm32f1xx_it.c ****   /* USER CODE END NonMaskableInt_IRQn 0 */
  92:Src/stm32f1xx_it.c ****   /* USER CODE BEGIN NonMaskableInt_IRQn 1 */
  93:Src/stm32f1xx_it.c **** 
  94:Src/stm32f1xx_it.c ****   /* USER CODE END NonMaskableInt_IRQn 1 */
  95:Src/stm32f1xx_it.c **** }
  96:Src/stm32f1xx_it.c **** 
  97:Src/stm32f1xx_it.c **** /**
  98:Src/stm32f1xx_it.c ****   * @brief This function handles Hard fault interrupt.
  99:Src/stm32f1xx_it.c ****   */
 100:Src/stm32f1xx_it.c **** void HardFault_Handler(void)
 101:Src/stm32f1xx_it.c **** {
  45              		.loc 1 101 0
  46              		.cfi_startproc
  47              		@ Volatile: function does not return.
  48              		@ args = 0, pretend = 0, frame = 0
  49              		@ frame_needed = 0, uses_anonymous_args = 0
  50              		@ link register save eliminated.
  51              	.L3:
  52 0000 FEE7     		b	.L3
  53              		.cfi_endproc
  54              	.LFE64:
  56 0002 00BF     		.section	.text.MemManage_Handler,"ax",%progbits
  57              		.align	2
  58              		.global	MemManage_Handler
  59              		.thumb
  60              		.thumb_func
  62              	MemManage_Handler:
  63              	.LFB65:
 102:Src/stm32f1xx_it.c ****   /* USER CODE BEGIN HardFault_IRQn 0 */
 103:Src/stm32f1xx_it.c **** 
 104:Src/stm32f1xx_it.c ****   /* USER CODE END HardFault_IRQn 0 */
 105:Src/stm32f1xx_it.c ****   while (1)
 106:Src/stm32f1xx_it.c ****   {
 107:Src/stm32f1xx_it.c ****     /* USER CODE BEGIN W1_HardFault_IRQn 0 */
 108:Src/stm32f1xx_it.c ****     /* USER CODE END W1_HardFault_IRQn 0 */
 109:Src/stm32f1xx_it.c ****   }
 110:Src/stm32f1xx_it.c **** }
 111:Src/stm32f1xx_it.c **** 
 112:Src/stm32f1xx_it.c **** /**
 113:Src/stm32f1xx_it.c ****   * @brief This function handles Memory management fault.
ARM GAS  /var/folders/bp/f56jfl7x4ql_2mb87dhbknk40000gn/T//cc4qLaiT.s 			page 4


 114:Src/stm32f1xx_it.c ****   */
 115:Src/stm32f1xx_it.c **** void MemManage_Handler(void)
 116:Src/stm32f1xx_it.c **** {
  64              		.loc 1 116 0
  65              		.cfi_startproc
  66              		@ Volatile: function does not return.
  67              		@ args = 0, pretend = 0, frame = 0
  68              		@ frame_needed = 0, uses_anonymous_args = 0
  69              		@ link register save eliminated.
  70              	.L5:
  71 0000 FEE7     		b	.L5
  72              		.cfi_endproc
  73              	.LFE65:
  75 0002 00BF     		.section	.text.BusFault_Handler,"ax",%progbits
  76              		.align	2
  77              		.global	BusFault_Handler
  78              		.thumb
  79              		.thumb_func
  81              	BusFault_Handler:
  82              	.LFB66:
 117:Src/stm32f1xx_it.c ****   /* USER CODE BEGIN MemoryManagement_IRQn 0 */
 118:Src/stm32f1xx_it.c **** 
 119:Src/stm32f1xx_it.c ****   /* USER CODE END MemoryManagement_IRQn 0 */
 120:Src/stm32f1xx_it.c ****   while (1)
 121:Src/stm32f1xx_it.c ****   {
 122:Src/stm32f1xx_it.c ****     /* USER CODE BEGIN W1_MemoryManagement_IRQn 0 */
 123:Src/stm32f1xx_it.c ****     /* USER CODE END W1_MemoryManagement_IRQn 0 */
 124:Src/stm32f1xx_it.c ****   }
 125:Src/stm32f1xx_it.c **** }
 126:Src/stm32f1xx_it.c **** 
 127:Src/stm32f1xx_it.c **** /**
 128:Src/stm32f1xx_it.c ****   * @brief This function handles Prefetch fault, memory access fault.
 129:Src/stm32f1xx_it.c ****   */
 130:Src/stm32f1xx_it.c **** void BusFault_Handler(void)
 131:Src/stm32f1xx_it.c **** {
  83              		.loc 1 131 0
  84              		.cfi_startproc
  85              		@ Volatile: function does not return.
  86              		@ args = 0, pretend = 0, frame = 0
  87              		@ frame_needed = 0, uses_anonymous_args = 0
  88              		@ link register save eliminated.
  89              	.L7:
  90 0000 FEE7     		b	.L7
  91              		.cfi_endproc
  92              	.LFE66:
  94 0002 00BF     		.section	.text.UsageFault_Handler,"ax",%progbits
  95              		.align	2
  96              		.global	UsageFault_Handler
  97              		.thumb
  98              		.thumb_func
 100              	UsageFault_Handler:
 101              	.LFB67:
 132:Src/stm32f1xx_it.c ****   /* USER CODE BEGIN BusFault_IRQn 0 */
 133:Src/stm32f1xx_it.c **** 
 134:Src/stm32f1xx_it.c ****   /* USER CODE END BusFault_IRQn 0 */
 135:Src/stm32f1xx_it.c ****   while (1)
 136:Src/stm32f1xx_it.c ****   {
ARM GAS  /var/folders/bp/f56jfl7x4ql_2mb87dhbknk40000gn/T//cc4qLaiT.s 			page 5


 137:Src/stm32f1xx_it.c ****     /* USER CODE BEGIN W1_BusFault_IRQn 0 */
 138:Src/stm32f1xx_it.c ****     /* USER CODE END W1_BusFault_IRQn 0 */
 139:Src/stm32f1xx_it.c ****   }
 140:Src/stm32f1xx_it.c **** }
 141:Src/stm32f1xx_it.c **** 
 142:Src/stm32f1xx_it.c **** /**
 143:Src/stm32f1xx_it.c ****   * @brief This function handles Undefined instruction or illegal state.
 144:Src/stm32f1xx_it.c ****   */
 145:Src/stm32f1xx_it.c **** void UsageFault_Handler(void)
 146:Src/stm32f1xx_it.c **** {
 102              		.loc 1 146 0
 103              		.cfi_startproc
 104              		@ Volatile: function does not return.
 105              		@ args = 0, pretend = 0, frame = 0
 106              		@ frame_needed = 0, uses_anonymous_args = 0
 107              		@ link register save eliminated.
 108              	.L9:
 109 0000 FEE7     		b	.L9
 110              		.cfi_endproc
 111              	.LFE67:
 113 0002 00BF     		.section	.text.SVC_Handler,"ax",%progbits
 114              		.align	2
 115              		.global	SVC_Handler
 116              		.thumb
 117              		.thumb_func
 119              	SVC_Handler:
 120              	.LFB68:
 147:Src/stm32f1xx_it.c ****   /* USER CODE BEGIN UsageFault_IRQn 0 */
 148:Src/stm32f1xx_it.c **** 
 149:Src/stm32f1xx_it.c ****   /* USER CODE END UsageFault_IRQn 0 */
 150:Src/stm32f1xx_it.c ****   while (1)
 151:Src/stm32f1xx_it.c ****   {
 152:Src/stm32f1xx_it.c ****     /* USER CODE BEGIN W1_UsageFault_IRQn 0 */
 153:Src/stm32f1xx_it.c ****     /* USER CODE END W1_UsageFault_IRQn 0 */
 154:Src/stm32f1xx_it.c ****   }
 155:Src/stm32f1xx_it.c **** }
 156:Src/stm32f1xx_it.c **** 
 157:Src/stm32f1xx_it.c **** /**
 158:Src/stm32f1xx_it.c ****   * @brief This function handles System service call via SWI instruction.
 159:Src/stm32f1xx_it.c ****   */
 160:Src/stm32f1xx_it.c **** void SVC_Handler(void)
 161:Src/stm32f1xx_it.c **** {
 121              		.loc 1 161 0
 122              		.cfi_startproc
 123              		@ args = 0, pretend = 0, frame = 0
 124              		@ frame_needed = 0, uses_anonymous_args = 0
 125              		@ link register save eliminated.
 126 0000 7047     		bx	lr
 127              		.cfi_endproc
 128              	.LFE68:
 130 0002 00BF     		.section	.text.DebugMon_Handler,"ax",%progbits
 131              		.align	2
 132              		.global	DebugMon_Handler
 133              		.thumb
 134              		.thumb_func
 136              	DebugMon_Handler:
 137              	.LFB69:
ARM GAS  /var/folders/bp/f56jfl7x4ql_2mb87dhbknk40000gn/T//cc4qLaiT.s 			page 6


 162:Src/stm32f1xx_it.c ****   /* USER CODE BEGIN SVCall_IRQn 0 */
 163:Src/stm32f1xx_it.c **** 
 164:Src/stm32f1xx_it.c ****   /* USER CODE END SVCall_IRQn 0 */
 165:Src/stm32f1xx_it.c ****   /* USER CODE BEGIN SVCall_IRQn 1 */
 166:Src/stm32f1xx_it.c **** 
 167:Src/stm32f1xx_it.c ****   /* USER CODE END SVCall_IRQn 1 */
 168:Src/stm32f1xx_it.c **** }
 169:Src/stm32f1xx_it.c **** 
 170:Src/stm32f1xx_it.c **** /**
 171:Src/stm32f1xx_it.c ****   * @brief This function handles Debug monitor.
 172:Src/stm32f1xx_it.c ****   */
 173:Src/stm32f1xx_it.c **** void DebugMon_Handler(void)
 174:Src/stm32f1xx_it.c **** {
 138              		.loc 1 174 0
 139              		.cfi_startproc
 140              		@ args = 0, pretend = 0, frame = 0
 141              		@ frame_needed = 0, uses_anonymous_args = 0
 142              		@ link register save eliminated.
 143 0000 7047     		bx	lr
 144              		.cfi_endproc
 145              	.LFE69:
 147 0002 00BF     		.section	.text.PendSV_Handler,"ax",%progbits
 148              		.align	2
 149              		.global	PendSV_Handler
 150              		.thumb
 151              		.thumb_func
 153              	PendSV_Handler:
 154              	.LFB70:
 175:Src/stm32f1xx_it.c ****   /* USER CODE BEGIN DebugMonitor_IRQn 0 */
 176:Src/stm32f1xx_it.c **** 
 177:Src/stm32f1xx_it.c ****   /* USER CODE END DebugMonitor_IRQn 0 */
 178:Src/stm32f1xx_it.c ****   /* USER CODE BEGIN DebugMonitor_IRQn 1 */
 179:Src/stm32f1xx_it.c **** 
 180:Src/stm32f1xx_it.c ****   /* USER CODE END DebugMonitor_IRQn 1 */
 181:Src/stm32f1xx_it.c **** }
 182:Src/stm32f1xx_it.c **** 
 183:Src/stm32f1xx_it.c **** /**
 184:Src/stm32f1xx_it.c ****   * @brief This function handles Pendable request for system service.
 185:Src/stm32f1xx_it.c ****   */
 186:Src/stm32f1xx_it.c **** void PendSV_Handler(void)
 187:Src/stm32f1xx_it.c **** {
 155              		.loc 1 187 0
 156              		.cfi_startproc
 157              		@ args = 0, pretend = 0, frame = 0
 158              		@ frame_needed = 0, uses_anonymous_args = 0
 159              		@ link register save eliminated.
 160 0000 7047     		bx	lr
 161              		.cfi_endproc
 162              	.LFE70:
 164 0002 00BF     		.section	.text.SysTick_Handler,"ax",%progbits
 165              		.align	2
 166              		.global	SysTick_Handler
 167              		.thumb
 168              		.thumb_func
 170              	SysTick_Handler:
 171              	.LFB71:
 188:Src/stm32f1xx_it.c ****   /* USER CODE BEGIN PendSV_IRQn 0 */
ARM GAS  /var/folders/bp/f56jfl7x4ql_2mb87dhbknk40000gn/T//cc4qLaiT.s 			page 7


 189:Src/stm32f1xx_it.c **** 
 190:Src/stm32f1xx_it.c ****   /* USER CODE END PendSV_IRQn 0 */
 191:Src/stm32f1xx_it.c ****   /* USER CODE BEGIN PendSV_IRQn 1 */
 192:Src/stm32f1xx_it.c **** 
 193:Src/stm32f1xx_it.c ****   /* USER CODE END PendSV_IRQn 1 */
 194:Src/stm32f1xx_it.c **** }
 195:Src/stm32f1xx_it.c **** 
 196:Src/stm32f1xx_it.c **** /**
 197:Src/stm32f1xx_it.c ****   * @brief This function handles System tick timer.
 198:Src/stm32f1xx_it.c ****   */
 199:Src/stm32f1xx_it.c **** void SysTick_Handler(void)
 200:Src/stm32f1xx_it.c **** {
 172              		.loc 1 200 0
 173              		.cfi_startproc
 174              		@ args = 0, pretend = 0, frame = 0
 175              		@ frame_needed = 0, uses_anonymous_args = 0
 176              		.loc 1 200 0
 177 0000 08B5     		push	{r3, lr}
 178              	.LCFI0:
 179              		.cfi_def_cfa_offset 8
 180              		.cfi_offset 3, -8
 181              		.cfi_offset 14, -4
 201:Src/stm32f1xx_it.c ****   /* USER CODE BEGIN SysTick_IRQn 0 */
 202:Src/stm32f1xx_it.c **** 
 203:Src/stm32f1xx_it.c ****   /* USER CODE END SysTick_IRQn 0 */
 204:Src/stm32f1xx_it.c ****   HAL_IncTick();
 182              		.loc 1 204 0
 183 0002 FFF7FEFF 		bl	HAL_IncTick
 184              	.LVL0:
 185 0006 08BD     		pop	{r3, pc}
 186              		.cfi_endproc
 187              	.LFE71:
 189              		.text
 190              	.Letext0:
 191              		.file 2 "/Users/msd/Downloads/gcc-arm-none-eabi-5_2-2015q4/arm-none-eabi/include/machine/_default_
 192              		.file 3 "/Users/msd/Downloads/gcc-arm-none-eabi-5_2-2015q4/arm-none-eabi/include/sys/_stdint.h"
 193              		.file 4 "Drivers/CMSIS/Include/core_cm3.h"
 194              		.file 5 "Drivers/STM32F1xx_HAL_Driver/Inc/stm32f1xx_hal.h"
ARM GAS  /var/folders/bp/f56jfl7x4ql_2mb87dhbknk40000gn/T//cc4qLaiT.s 			page 8


DEFINED SYMBOLS
                            *ABS*:0000000000000000 stm32f1xx_it.c
/var/folders/bp/f56jfl7x4ql_2mb87dhbknk40000gn/T//cc4qLaiT.s:20     .text.NMI_Handler:0000000000000000 $t
/var/folders/bp/f56jfl7x4ql_2mb87dhbknk40000gn/T//cc4qLaiT.s:25     .text.NMI_Handler:0000000000000000 NMI_Handler
/var/folders/bp/f56jfl7x4ql_2mb87dhbknk40000gn/T//cc4qLaiT.s:38     .text.HardFault_Handler:0000000000000000 $t
/var/folders/bp/f56jfl7x4ql_2mb87dhbknk40000gn/T//cc4qLaiT.s:43     .text.HardFault_Handler:0000000000000000 HardFault_Handler
/var/folders/bp/f56jfl7x4ql_2mb87dhbknk40000gn/T//cc4qLaiT.s:57     .text.MemManage_Handler:0000000000000000 $t
/var/folders/bp/f56jfl7x4ql_2mb87dhbknk40000gn/T//cc4qLaiT.s:62     .text.MemManage_Handler:0000000000000000 MemManage_Handler
/var/folders/bp/f56jfl7x4ql_2mb87dhbknk40000gn/T//cc4qLaiT.s:76     .text.BusFault_Handler:0000000000000000 $t
/var/folders/bp/f56jfl7x4ql_2mb87dhbknk40000gn/T//cc4qLaiT.s:81     .text.BusFault_Handler:0000000000000000 BusFault_Handler
/var/folders/bp/f56jfl7x4ql_2mb87dhbknk40000gn/T//cc4qLaiT.s:95     .text.UsageFault_Handler:0000000000000000 $t
/var/folders/bp/f56jfl7x4ql_2mb87dhbknk40000gn/T//cc4qLaiT.s:100    .text.UsageFault_Handler:0000000000000000 UsageFault_Handler
/var/folders/bp/f56jfl7x4ql_2mb87dhbknk40000gn/T//cc4qLaiT.s:114    .text.SVC_Handler:0000000000000000 $t
/var/folders/bp/f56jfl7x4ql_2mb87dhbknk40000gn/T//cc4qLaiT.s:119    .text.SVC_Handler:0000000000000000 SVC_Handler
/var/folders/bp/f56jfl7x4ql_2mb87dhbknk40000gn/T//cc4qLaiT.s:131    .text.DebugMon_Handler:0000000000000000 $t
/var/folders/bp/f56jfl7x4ql_2mb87dhbknk40000gn/T//cc4qLaiT.s:136    .text.DebugMon_Handler:0000000000000000 DebugMon_Handler
/var/folders/bp/f56jfl7x4ql_2mb87dhbknk40000gn/T//cc4qLaiT.s:148    .text.PendSV_Handler:0000000000000000 $t
/var/folders/bp/f56jfl7x4ql_2mb87dhbknk40000gn/T//cc4qLaiT.s:153    .text.PendSV_Handler:0000000000000000 PendSV_Handler
/var/folders/bp/f56jfl7x4ql_2mb87dhbknk40000gn/T//cc4qLaiT.s:165    .text.SysTick_Handler:0000000000000000 $t
/var/folders/bp/f56jfl7x4ql_2mb87dhbknk40000gn/T//cc4qLaiT.s:170    .text.SysTick_Handler:0000000000000000 SysTick_Handler
                     .debug_frame:0000000000000010 $d

UNDEFINED SYMBOLS
HAL_IncTick
