ARM GAS  C:\cygwin64\tmp\ccJZW9oX.s 			page 1


   1              		.cpu cortex-m4
   2              		.eabi_attribute 27, 1
   3              		.eabi_attribute 28, 1
   4              		.eabi_attribute 20, 1
   5              		.eabi_attribute 21, 1
   6              		.eabi_attribute 23, 3
   7              		.eabi_attribute 24, 1
   8              		.eabi_attribute 25, 1
   9              		.eabi_attribute 26, 1
  10              		.eabi_attribute 30, 1
  11              		.eabi_attribute 34, 1
  12              		.eabi_attribute 18, 4
  13              		.file	"stm32f4xx_it.c"
  14              		.text
  15              	.Ltext0:
  16              		.cfi_sections	.debug_frame
  17              		.section	.text.NMI_Handler,"ax",%progbits
  18              		.align	1
  19              		.global	NMI_Handler
  20              		.arch armv7e-m
  21              		.syntax unified
  22              		.thumb
  23              		.thumb_func
  24              		.fpu fpv4-sp-d16
  26              	NMI_Handler:
  27              	.LFB130:
  28              		.file 1 "Src/stm32f4xx_it.c"
   1:Src/stm32f4xx_it.c **** /* USER CODE BEGIN Header */
   2:Src/stm32f4xx_it.c **** /**
   3:Src/stm32f4xx_it.c ****   ******************************************************************************
   4:Src/stm32f4xx_it.c ****   * @file    stm32f4xx_it.c
   5:Src/stm32f4xx_it.c ****   * @brief   Interrupt Service Routines.
   6:Src/stm32f4xx_it.c ****   ******************************************************************************
   7:Src/stm32f4xx_it.c ****   * @attention
   8:Src/stm32f4xx_it.c ****   *
   9:Src/stm32f4xx_it.c ****   * <h2><center>&copy; Copyright (c) 2019 STMicroelectronics.
  10:Src/stm32f4xx_it.c ****   * All rights reserved.</center></h2>
  11:Src/stm32f4xx_it.c ****   *
  12:Src/stm32f4xx_it.c ****   * This software component is licensed by ST under BSD 3-Clause license,
  13:Src/stm32f4xx_it.c ****   * the "License"; You may not use this file except in compliance with the
  14:Src/stm32f4xx_it.c ****   * License. You may obtain a copy of the License at:
  15:Src/stm32f4xx_it.c ****   *                        opensource.org/licenses/BSD-3-Clause
  16:Src/stm32f4xx_it.c ****   *
  17:Src/stm32f4xx_it.c ****   ******************************************************************************
  18:Src/stm32f4xx_it.c ****   */
  19:Src/stm32f4xx_it.c **** /* USER CODE END Header */
  20:Src/stm32f4xx_it.c **** 
  21:Src/stm32f4xx_it.c **** /* Includes ------------------------------------------------------------------*/
  22:Src/stm32f4xx_it.c **** #include "main.h"
  23:Src/stm32f4xx_it.c **** #include "stm32f4xx_it.h"
  24:Src/stm32f4xx_it.c **** /* Private includes ----------------------------------------------------------*/
  25:Src/stm32f4xx_it.c **** /* USER CODE BEGIN Includes */
  26:Src/stm32f4xx_it.c **** /* USER CODE END Includes */
  27:Src/stm32f4xx_it.c **** 
  28:Src/stm32f4xx_it.c **** /* Private typedef -----------------------------------------------------------*/
  29:Src/stm32f4xx_it.c **** /* USER CODE BEGIN TD */
  30:Src/stm32f4xx_it.c **** 
ARM GAS  C:\cygwin64\tmp\ccJZW9oX.s 			page 2


  31:Src/stm32f4xx_it.c **** /* USER CODE END TD */
  32:Src/stm32f4xx_it.c **** 
  33:Src/stm32f4xx_it.c **** /* Private define ------------------------------------------------------------*/
  34:Src/stm32f4xx_it.c **** /* USER CODE BEGIN PD */
  35:Src/stm32f4xx_it.c ****  
  36:Src/stm32f4xx_it.c **** /* USER CODE END PD */
  37:Src/stm32f4xx_it.c **** 
  38:Src/stm32f4xx_it.c **** /* Private macro -------------------------------------------------------------*/
  39:Src/stm32f4xx_it.c **** /* USER CODE BEGIN PM */
  40:Src/stm32f4xx_it.c **** 
  41:Src/stm32f4xx_it.c **** /* USER CODE END PM */
  42:Src/stm32f4xx_it.c **** 
  43:Src/stm32f4xx_it.c **** /* Private variables ---------------------------------------------------------*/
  44:Src/stm32f4xx_it.c **** /* USER CODE BEGIN PV */
  45:Src/stm32f4xx_it.c **** 
  46:Src/stm32f4xx_it.c **** /* USER CODE END PV */
  47:Src/stm32f4xx_it.c **** 
  48:Src/stm32f4xx_it.c **** /* Private function prototypes -----------------------------------------------*/
  49:Src/stm32f4xx_it.c **** /* USER CODE BEGIN PFP */
  50:Src/stm32f4xx_it.c **** 
  51:Src/stm32f4xx_it.c **** /* USER CODE END PFP */
  52:Src/stm32f4xx_it.c **** 
  53:Src/stm32f4xx_it.c **** /* Private user code ---------------------------------------------------------*/
  54:Src/stm32f4xx_it.c **** /* USER CODE BEGIN 0 */
  55:Src/stm32f4xx_it.c **** 
  56:Src/stm32f4xx_it.c **** /* USER CODE END 0 */
  57:Src/stm32f4xx_it.c **** 
  58:Src/stm32f4xx_it.c **** /* External variables --------------------------------------------------------*/
  59:Src/stm32f4xx_it.c **** extern CAN_HandleTypeDef hcan1;
  60:Src/stm32f4xx_it.c **** extern CAN_HandleTypeDef hcan2;
  61:Src/stm32f4xx_it.c **** /* USER CODE BEGIN EV */
  62:Src/stm32f4xx_it.c **** 
  63:Src/stm32f4xx_it.c **** /* USER CODE END EV */
  64:Src/stm32f4xx_it.c **** 
  65:Src/stm32f4xx_it.c **** /******************************************************************************/
  66:Src/stm32f4xx_it.c **** /*           Cortex-M4 Processor Interruption and Exception Handlers          */ 
  67:Src/stm32f4xx_it.c **** /******************************************************************************/
  68:Src/stm32f4xx_it.c **** /**
  69:Src/stm32f4xx_it.c ****   * @brief This function handles Non maskable interrupt.
  70:Src/stm32f4xx_it.c ****   */
  71:Src/stm32f4xx_it.c **** void NMI_Handler(void)
  72:Src/stm32f4xx_it.c **** {
  29              		.loc 1 72 1 view -0
  30              		.cfi_startproc
  31              		@ args = 0, pretend = 0, frame = 0
  32              		@ frame_needed = 0, uses_anonymous_args = 0
  33              		@ link register save eliminated.
  73:Src/stm32f4xx_it.c ****   /* USER CODE BEGIN NonMaskableInt_IRQn 0 */
  74:Src/stm32f4xx_it.c **** 
  75:Src/stm32f4xx_it.c ****   /* USER CODE END NonMaskableInt_IRQn 0 */
  76:Src/stm32f4xx_it.c ****   /* USER CODE BEGIN NonMaskableInt_IRQn 1 */
  77:Src/stm32f4xx_it.c **** 
  78:Src/stm32f4xx_it.c ****   /* USER CODE END NonMaskableInt_IRQn 1 */
  79:Src/stm32f4xx_it.c **** }
  34              		.loc 1 79 1 view .LVU1
  35 0000 7047     		bx	lr
  36              		.cfi_endproc
ARM GAS  C:\cygwin64\tmp\ccJZW9oX.s 			page 3


  37              	.LFE130:
  39              		.section	.text.HardFault_Handler,"ax",%progbits
  40              		.align	1
  41              		.global	HardFault_Handler
  42              		.syntax unified
  43              		.thumb
  44              		.thumb_func
  45              		.fpu fpv4-sp-d16
  47              	HardFault_Handler:
  48              	.LFB131:
  80:Src/stm32f4xx_it.c **** 
  81:Src/stm32f4xx_it.c **** /**
  82:Src/stm32f4xx_it.c ****   * @brief This function handles Hard fault interrupt.
  83:Src/stm32f4xx_it.c ****   */
  84:Src/stm32f4xx_it.c **** void HardFault_Handler(void)
  85:Src/stm32f4xx_it.c **** {
  49              		.loc 1 85 1 view -0
  50              		.cfi_startproc
  51              		@ Volatile: function does not return.
  52              		@ args = 0, pretend = 0, frame = 0
  53              		@ frame_needed = 0, uses_anonymous_args = 0
  54              		@ link register save eliminated.
  55              	.L3:
  86:Src/stm32f4xx_it.c ****   /* USER CODE BEGIN HardFault_IRQn 0 */
  87:Src/stm32f4xx_it.c **** 
  88:Src/stm32f4xx_it.c ****   /* USER CODE END HardFault_IRQn 0 */
  89:Src/stm32f4xx_it.c ****   while (1)
  56              		.loc 1 89 3 discriminator 1 view .LVU3
  90:Src/stm32f4xx_it.c ****   {
  91:Src/stm32f4xx_it.c ****     /* USER CODE BEGIN W1_HardFault_IRQn 0 */
  92:Src/stm32f4xx_it.c ****     /* USER CODE END W1_HardFault_IRQn 0 */
  93:Src/stm32f4xx_it.c ****   }
  57              		.loc 1 93 3 discriminator 1 view .LVU4
  58 0000 FEE7     		b	.L3
  59              		.cfi_endproc
  60              	.LFE131:
  62              		.section	.text.MemManage_Handler,"ax",%progbits
  63              		.align	1
  64              		.global	MemManage_Handler
  65              		.syntax unified
  66              		.thumb
  67              		.thumb_func
  68              		.fpu fpv4-sp-d16
  70              	MemManage_Handler:
  71              	.LFB132:
  94:Src/stm32f4xx_it.c **** }
  95:Src/stm32f4xx_it.c **** 
  96:Src/stm32f4xx_it.c **** /**
  97:Src/stm32f4xx_it.c ****   * @brief This function handles Memory management fault.
  98:Src/stm32f4xx_it.c ****   */
  99:Src/stm32f4xx_it.c **** void MemManage_Handler(void)
 100:Src/stm32f4xx_it.c **** {
  72              		.loc 1 100 1 view -0
  73              		.cfi_startproc
  74              		@ Volatile: function does not return.
  75              		@ args = 0, pretend = 0, frame = 0
  76              		@ frame_needed = 0, uses_anonymous_args = 0
ARM GAS  C:\cygwin64\tmp\ccJZW9oX.s 			page 4


  77              		@ link register save eliminated.
  78              	.L5:
 101:Src/stm32f4xx_it.c ****   /* USER CODE BEGIN MemoryManagement_IRQn 0 */
 102:Src/stm32f4xx_it.c **** 
 103:Src/stm32f4xx_it.c ****   /* USER CODE END MemoryManagement_IRQn 0 */
 104:Src/stm32f4xx_it.c ****   while (1)
  79              		.loc 1 104 3 discriminator 1 view .LVU6
 105:Src/stm32f4xx_it.c ****   {
 106:Src/stm32f4xx_it.c ****     /* USER CODE BEGIN W1_MemoryManagement_IRQn 0 */
 107:Src/stm32f4xx_it.c ****     /* USER CODE END W1_MemoryManagement_IRQn 0 */
 108:Src/stm32f4xx_it.c ****   }
  80              		.loc 1 108 3 discriminator 1 view .LVU7
  81 0000 FEE7     		b	.L5
  82              		.cfi_endproc
  83              	.LFE132:
  85              		.section	.text.BusFault_Handler,"ax",%progbits
  86              		.align	1
  87              		.global	BusFault_Handler
  88              		.syntax unified
  89              		.thumb
  90              		.thumb_func
  91              		.fpu fpv4-sp-d16
  93              	BusFault_Handler:
  94              	.LFB133:
 109:Src/stm32f4xx_it.c **** }
 110:Src/stm32f4xx_it.c **** 
 111:Src/stm32f4xx_it.c **** /**
 112:Src/stm32f4xx_it.c ****   * @brief This function handles Pre-fetch fault, memory access fault.
 113:Src/stm32f4xx_it.c ****   */
 114:Src/stm32f4xx_it.c **** void BusFault_Handler(void)
 115:Src/stm32f4xx_it.c **** {
  95              		.loc 1 115 1 view -0
  96              		.cfi_startproc
  97              		@ Volatile: function does not return.
  98              		@ args = 0, pretend = 0, frame = 0
  99              		@ frame_needed = 0, uses_anonymous_args = 0
 100              		@ link register save eliminated.
 101              	.L7:
 116:Src/stm32f4xx_it.c ****   /* USER CODE BEGIN BusFault_IRQn 0 */
 117:Src/stm32f4xx_it.c **** 
 118:Src/stm32f4xx_it.c ****   /* USER CODE END BusFault_IRQn 0 */
 119:Src/stm32f4xx_it.c ****   while (1)
 102              		.loc 1 119 3 discriminator 1 view .LVU9
 120:Src/stm32f4xx_it.c ****   {
 121:Src/stm32f4xx_it.c ****     /* USER CODE BEGIN W1_BusFault_IRQn 0 */
 122:Src/stm32f4xx_it.c ****     /* USER CODE END W1_BusFault_IRQn 0 */
 123:Src/stm32f4xx_it.c ****   }
 103              		.loc 1 123 3 discriminator 1 view .LVU10
 104 0000 FEE7     		b	.L7
 105              		.cfi_endproc
 106              	.LFE133:
 108              		.section	.text.UsageFault_Handler,"ax",%progbits
 109              		.align	1
 110              		.global	UsageFault_Handler
 111              		.syntax unified
 112              		.thumb
 113              		.thumb_func
ARM GAS  C:\cygwin64\tmp\ccJZW9oX.s 			page 5


 114              		.fpu fpv4-sp-d16
 116              	UsageFault_Handler:
 117              	.LFB134:
 124:Src/stm32f4xx_it.c **** }
 125:Src/stm32f4xx_it.c **** 
 126:Src/stm32f4xx_it.c **** /**
 127:Src/stm32f4xx_it.c ****   * @brief This function handles Undefined instruction or illegal state.
 128:Src/stm32f4xx_it.c ****   */
 129:Src/stm32f4xx_it.c **** void UsageFault_Handler(void)
 130:Src/stm32f4xx_it.c **** {
 118              		.loc 1 130 1 view -0
 119              		.cfi_startproc
 120              		@ Volatile: function does not return.
 121              		@ args = 0, pretend = 0, frame = 0
 122              		@ frame_needed = 0, uses_anonymous_args = 0
 123              		@ link register save eliminated.
 124              	.L9:
 131:Src/stm32f4xx_it.c ****   /* USER CODE BEGIN UsageFault_IRQn 0 */
 132:Src/stm32f4xx_it.c **** 
 133:Src/stm32f4xx_it.c ****   /* USER CODE END UsageFault_IRQn 0 */
 134:Src/stm32f4xx_it.c ****   while (1)
 125              		.loc 1 134 3 discriminator 1 view .LVU12
 135:Src/stm32f4xx_it.c ****   {
 136:Src/stm32f4xx_it.c ****     /* USER CODE BEGIN W1_UsageFault_IRQn 0 */
 137:Src/stm32f4xx_it.c ****     /* USER CODE END W1_UsageFault_IRQn 0 */
 138:Src/stm32f4xx_it.c ****   }
 126              		.loc 1 138 3 discriminator 1 view .LVU13
 127 0000 FEE7     		b	.L9
 128              		.cfi_endproc
 129              	.LFE134:
 131              		.section	.text.SVC_Handler,"ax",%progbits
 132              		.align	1
 133              		.global	SVC_Handler
 134              		.syntax unified
 135              		.thumb
 136              		.thumb_func
 137              		.fpu fpv4-sp-d16
 139              	SVC_Handler:
 140              	.LFB135:
 139:Src/stm32f4xx_it.c **** }
 140:Src/stm32f4xx_it.c **** 
 141:Src/stm32f4xx_it.c **** /**
 142:Src/stm32f4xx_it.c ****   * @brief This function handles System service call via SWI instruction.
 143:Src/stm32f4xx_it.c ****   */
 144:Src/stm32f4xx_it.c **** void SVC_Handler(void)
 145:Src/stm32f4xx_it.c **** {
 141              		.loc 1 145 1 view -0
 142              		.cfi_startproc
 143              		@ args = 0, pretend = 0, frame = 0
 144              		@ frame_needed = 0, uses_anonymous_args = 0
 145              		@ link register save eliminated.
 146:Src/stm32f4xx_it.c ****   /* USER CODE BEGIN SVCall_IRQn 0 */
 147:Src/stm32f4xx_it.c **** 
 148:Src/stm32f4xx_it.c ****   /* USER CODE END SVCall_IRQn 0 */
 149:Src/stm32f4xx_it.c ****   /* USER CODE BEGIN SVCall_IRQn 1 */
 150:Src/stm32f4xx_it.c **** 
 151:Src/stm32f4xx_it.c ****   /* USER CODE END SVCall_IRQn 1 */
ARM GAS  C:\cygwin64\tmp\ccJZW9oX.s 			page 6


 152:Src/stm32f4xx_it.c **** }
 146              		.loc 1 152 1 view .LVU15
 147 0000 7047     		bx	lr
 148              		.cfi_endproc
 149              	.LFE135:
 151              		.section	.text.DebugMon_Handler,"ax",%progbits
 152              		.align	1
 153              		.global	DebugMon_Handler
 154              		.syntax unified
 155              		.thumb
 156              		.thumb_func
 157              		.fpu fpv4-sp-d16
 159              	DebugMon_Handler:
 160              	.LFB136:
 153:Src/stm32f4xx_it.c **** 
 154:Src/stm32f4xx_it.c **** /**
 155:Src/stm32f4xx_it.c ****   * @brief This function handles Debug monitor.
 156:Src/stm32f4xx_it.c ****   */
 157:Src/stm32f4xx_it.c **** void DebugMon_Handler(void)
 158:Src/stm32f4xx_it.c **** {
 161              		.loc 1 158 1 view -0
 162              		.cfi_startproc
 163              		@ args = 0, pretend = 0, frame = 0
 164              		@ frame_needed = 0, uses_anonymous_args = 0
 165              		@ link register save eliminated.
 159:Src/stm32f4xx_it.c ****   /* USER CODE BEGIN DebugMonitor_IRQn 0 */
 160:Src/stm32f4xx_it.c **** 
 161:Src/stm32f4xx_it.c ****   /* USER CODE END DebugMonitor_IRQn 0 */
 162:Src/stm32f4xx_it.c ****   /* USER CODE BEGIN DebugMonitor_IRQn 1 */
 163:Src/stm32f4xx_it.c **** 
 164:Src/stm32f4xx_it.c ****   /* USER CODE END DebugMonitor_IRQn 1 */
 165:Src/stm32f4xx_it.c **** }
 166              		.loc 1 165 1 view .LVU17
 167 0000 7047     		bx	lr
 168              		.cfi_endproc
 169              	.LFE136:
 171              		.section	.text.PendSV_Handler,"ax",%progbits
 172              		.align	1
 173              		.global	PendSV_Handler
 174              		.syntax unified
 175              		.thumb
 176              		.thumb_func
 177              		.fpu fpv4-sp-d16
 179              	PendSV_Handler:
 180              	.LFB137:
 166:Src/stm32f4xx_it.c **** 
 167:Src/stm32f4xx_it.c **** /**
 168:Src/stm32f4xx_it.c ****   * @brief This function handles Pendable request for system service.
 169:Src/stm32f4xx_it.c ****   */
 170:Src/stm32f4xx_it.c **** void PendSV_Handler(void)
 171:Src/stm32f4xx_it.c **** {
 181              		.loc 1 171 1 view -0
 182              		.cfi_startproc
 183              		@ args = 0, pretend = 0, frame = 0
 184              		@ frame_needed = 0, uses_anonymous_args = 0
 185              		@ link register save eliminated.
 172:Src/stm32f4xx_it.c ****   /* USER CODE BEGIN PendSV_IRQn 0 */
ARM GAS  C:\cygwin64\tmp\ccJZW9oX.s 			page 7


 173:Src/stm32f4xx_it.c **** 
 174:Src/stm32f4xx_it.c ****   /* USER CODE END PendSV_IRQn 0 */
 175:Src/stm32f4xx_it.c ****   /* USER CODE BEGIN PendSV_IRQn 1 */
 176:Src/stm32f4xx_it.c **** 
 177:Src/stm32f4xx_it.c ****   /* USER CODE END PendSV_IRQn 1 */
 178:Src/stm32f4xx_it.c **** }
 186              		.loc 1 178 1 view .LVU19
 187 0000 7047     		bx	lr
 188              		.cfi_endproc
 189              	.LFE137:
 191              		.section	.text.SysTick_Handler,"ax",%progbits
 192              		.align	1
 193              		.global	SysTick_Handler
 194              		.syntax unified
 195              		.thumb
 196              		.thumb_func
 197              		.fpu fpv4-sp-d16
 199              	SysTick_Handler:
 200              	.LFB138:
 179:Src/stm32f4xx_it.c **** 
 180:Src/stm32f4xx_it.c **** /**
 181:Src/stm32f4xx_it.c ****   * @brief This function handles System tick timer.
 182:Src/stm32f4xx_it.c ****   */
 183:Src/stm32f4xx_it.c **** void SysTick_Handler(void)
 184:Src/stm32f4xx_it.c **** {
 201              		.loc 1 184 1 view -0
 202              		.cfi_startproc
 203              		@ args = 0, pretend = 0, frame = 0
 204              		@ frame_needed = 0, uses_anonymous_args = 0
 205 0000 08B5     		push	{r3, lr}
 206              	.LCFI0:
 207              		.cfi_def_cfa_offset 8
 208              		.cfi_offset 3, -8
 209              		.cfi_offset 14, -4
 185:Src/stm32f4xx_it.c ****   /* USER CODE BEGIN SysTick_IRQn 0 */
 186:Src/stm32f4xx_it.c **** 
 187:Src/stm32f4xx_it.c ****   /* USER CODE END SysTick_IRQn 0 */
 188:Src/stm32f4xx_it.c ****   HAL_IncTick();
 210              		.loc 1 188 3 view .LVU21
 211 0002 FFF7FEFF 		bl	HAL_IncTick
 212              	.LVL0:
 189:Src/stm32f4xx_it.c ****   /* USER CODE BEGIN SysTick_IRQn 1 */
 190:Src/stm32f4xx_it.c **** 
 191:Src/stm32f4xx_it.c ****   /* USER CODE END SysTick_IRQn 1 */
 192:Src/stm32f4xx_it.c **** }
 213              		.loc 1 192 1 is_stmt 0 view .LVU22
 214 0006 08BD     		pop	{r3, pc}
 215              		.cfi_endproc
 216              	.LFE138:
 218              		.section	.text.CAN1_RX0_IRQHandler,"ax",%progbits
 219              		.align	1
 220              		.global	CAN1_RX0_IRQHandler
 221              		.syntax unified
 222              		.thumb
 223              		.thumb_func
 224              		.fpu fpv4-sp-d16
 226              	CAN1_RX0_IRQHandler:
ARM GAS  C:\cygwin64\tmp\ccJZW9oX.s 			page 8


 227              	.LFB139:
 193:Src/stm32f4xx_it.c **** 
 194:Src/stm32f4xx_it.c **** /******************************************************************************/
 195:Src/stm32f4xx_it.c **** /* STM32F4xx Peripheral Interrupt Handlers                                    */
 196:Src/stm32f4xx_it.c **** /* Add here the Interrupt Handlers for the used peripherals.                  */
 197:Src/stm32f4xx_it.c **** /* For the available peripheral interrupt handler names,                      */
 198:Src/stm32f4xx_it.c **** /* please refer to the startup file (startup_stm32f4xx.s).                    */
 199:Src/stm32f4xx_it.c **** /******************************************************************************/
 200:Src/stm32f4xx_it.c **** 
 201:Src/stm32f4xx_it.c **** /**
 202:Src/stm32f4xx_it.c ****   * @brief This function handles CAN1 RX0 interrupt.
 203:Src/stm32f4xx_it.c ****   */
 204:Src/stm32f4xx_it.c **** void CAN1_RX0_IRQHandler(void)
 205:Src/stm32f4xx_it.c **** {
 228              		.loc 1 205 1 is_stmt 1 view -0
 229              		.cfi_startproc
 230              		@ args = 0, pretend = 0, frame = 0
 231              		@ frame_needed = 0, uses_anonymous_args = 0
 232 0000 08B5     		push	{r3, lr}
 233              	.LCFI1:
 234              		.cfi_def_cfa_offset 8
 235              		.cfi_offset 3, -8
 236              		.cfi_offset 14, -4
 206:Src/stm32f4xx_it.c ****   /* USER CODE BEGIN CAN1_RX0_IRQn 0 */
 207:Src/stm32f4xx_it.c **** 
 208:Src/stm32f4xx_it.c ****   /* USER CODE END CAN1_RX0_IRQn 0 */
 209:Src/stm32f4xx_it.c ****   HAL_CAN_IRQHandler(&hcan1);
 237              		.loc 1 209 3 view .LVU24
 238 0002 0248     		ldr	r0, .L17
 239 0004 FFF7FEFF 		bl	HAL_CAN_IRQHandler
 240              	.LVL1:
 210:Src/stm32f4xx_it.c ****   /* USER CODE BEGIN CAN1_RX0_IRQn 1 */
 211:Src/stm32f4xx_it.c **** 
 212:Src/stm32f4xx_it.c ****   /* USER CODE END CAN1_RX0_IRQn 1 */
 213:Src/stm32f4xx_it.c **** }
 241              		.loc 1 213 1 is_stmt 0 view .LVU25
 242 0008 08BD     		pop	{r3, pc}
 243              	.L18:
 244 000a 00BF     		.align	2
 245              	.L17:
 246 000c 00000000 		.word	hcan1
 247              		.cfi_endproc
 248              	.LFE139:
 250              		.section	.text.CAN2_RX0_IRQHandler,"ax",%progbits
 251              		.align	1
 252              		.global	CAN2_RX0_IRQHandler
 253              		.syntax unified
 254              		.thumb
 255              		.thumb_func
 256              		.fpu fpv4-sp-d16
 258              	CAN2_RX0_IRQHandler:
 259              	.LFB140:
 214:Src/stm32f4xx_it.c **** 
 215:Src/stm32f4xx_it.c **** /**
 216:Src/stm32f4xx_it.c ****   * @brief This function handles CAN2 RX0 interrupt.
 217:Src/stm32f4xx_it.c ****   */
 218:Src/stm32f4xx_it.c **** void CAN2_RX0_IRQHandler(void)
ARM GAS  C:\cygwin64\tmp\ccJZW9oX.s 			page 9


 219:Src/stm32f4xx_it.c **** {
 260              		.loc 1 219 1 is_stmt 1 view -0
 261              		.cfi_startproc
 262              		@ args = 0, pretend = 0, frame = 0
 263              		@ frame_needed = 0, uses_anonymous_args = 0
 264 0000 08B5     		push	{r3, lr}
 265              	.LCFI2:
 266              		.cfi_def_cfa_offset 8
 267              		.cfi_offset 3, -8
 268              		.cfi_offset 14, -4
 220:Src/stm32f4xx_it.c ****   /* USER CODE BEGIN CAN2_RX0_IRQn 0 */
 221:Src/stm32f4xx_it.c **** 
 222:Src/stm32f4xx_it.c ****   /* USER CODE END CAN2_RX0_IRQn 0 */
 223:Src/stm32f4xx_it.c ****   HAL_CAN_IRQHandler(&hcan2);
 269              		.loc 1 223 3 view .LVU27
 270 0002 0248     		ldr	r0, .L21
 271 0004 FFF7FEFF 		bl	HAL_CAN_IRQHandler
 272              	.LVL2:
 224:Src/stm32f4xx_it.c ****   /* USER CODE BEGIN CAN2_RX0_IRQn 1 */
 225:Src/stm32f4xx_it.c **** 
 226:Src/stm32f4xx_it.c ****   /* USER CODE END CAN2_RX0_IRQn 1 */
 227:Src/stm32f4xx_it.c **** }
 273              		.loc 1 227 1 is_stmt 0 view .LVU28
 274 0008 08BD     		pop	{r3, pc}
 275              	.L22:
 276 000a 00BF     		.align	2
 277              	.L21:
 278 000c 00000000 		.word	hcan2
 279              		.cfi_endproc
 280              	.LFE140:
 282              		.text
 283              	.Letext0:
 284              		.file 2 "c:\\arm-gcc\\8-2018-q4-major\\arm-none-eabi\\include\\machine\\_default_types.h"
 285              		.file 3 "c:\\arm-gcc\\8-2018-q4-major\\arm-none-eabi\\include\\sys\\_stdint.h"
 286              		.file 4 "Drivers/CMSIS/Include/core_cm4.h"
 287              		.file 5 "Drivers/CMSIS/Device/ST/STM32F4xx/Include/system_stm32f4xx.h"
 288              		.file 6 "Drivers/CMSIS/Device/ST/STM32F4xx/Include/stm32f446xx.h"
 289              		.file 7 "Drivers/CMSIS/Device/ST/STM32F4xx/Include/stm32f4xx.h"
 290              		.file 8 "Drivers/STM32F4xx_HAL_Driver/Inc/stm32f4xx_hal_can.h"
 291              		.file 9 "Drivers/STM32F4xx_HAL_Driver/Inc/stm32f4xx_hal.h"
ARM GAS  C:\cygwin64\tmp\ccJZW9oX.s 			page 10


DEFINED SYMBOLS
                            *ABS*:00000000 stm32f4xx_it.c
C:\cygwin64\tmp\ccJZW9oX.s:18     .text.NMI_Handler:00000000 $t
C:\cygwin64\tmp\ccJZW9oX.s:26     .text.NMI_Handler:00000000 NMI_Handler
C:\cygwin64\tmp\ccJZW9oX.s:40     .text.HardFault_Handler:00000000 $t
C:\cygwin64\tmp\ccJZW9oX.s:47     .text.HardFault_Handler:00000000 HardFault_Handler
C:\cygwin64\tmp\ccJZW9oX.s:63     .text.MemManage_Handler:00000000 $t
C:\cygwin64\tmp\ccJZW9oX.s:70     .text.MemManage_Handler:00000000 MemManage_Handler
C:\cygwin64\tmp\ccJZW9oX.s:86     .text.BusFault_Handler:00000000 $t
C:\cygwin64\tmp\ccJZW9oX.s:93     .text.BusFault_Handler:00000000 BusFault_Handler
C:\cygwin64\tmp\ccJZW9oX.s:109    .text.UsageFault_Handler:00000000 $t
C:\cygwin64\tmp\ccJZW9oX.s:116    .text.UsageFault_Handler:00000000 UsageFault_Handler
C:\cygwin64\tmp\ccJZW9oX.s:132    .text.SVC_Handler:00000000 $t
C:\cygwin64\tmp\ccJZW9oX.s:139    .text.SVC_Handler:00000000 SVC_Handler
C:\cygwin64\tmp\ccJZW9oX.s:152    .text.DebugMon_Handler:00000000 $t
C:\cygwin64\tmp\ccJZW9oX.s:159    .text.DebugMon_Handler:00000000 DebugMon_Handler
C:\cygwin64\tmp\ccJZW9oX.s:172    .text.PendSV_Handler:00000000 $t
C:\cygwin64\tmp\ccJZW9oX.s:179    .text.PendSV_Handler:00000000 PendSV_Handler
C:\cygwin64\tmp\ccJZW9oX.s:192    .text.SysTick_Handler:00000000 $t
C:\cygwin64\tmp\ccJZW9oX.s:199    .text.SysTick_Handler:00000000 SysTick_Handler
C:\cygwin64\tmp\ccJZW9oX.s:219    .text.CAN1_RX0_IRQHandler:00000000 $t
C:\cygwin64\tmp\ccJZW9oX.s:226    .text.CAN1_RX0_IRQHandler:00000000 CAN1_RX0_IRQHandler
C:\cygwin64\tmp\ccJZW9oX.s:246    .text.CAN1_RX0_IRQHandler:0000000c $d
C:\cygwin64\tmp\ccJZW9oX.s:251    .text.CAN2_RX0_IRQHandler:00000000 $t
C:\cygwin64\tmp\ccJZW9oX.s:258    .text.CAN2_RX0_IRQHandler:00000000 CAN2_RX0_IRQHandler
C:\cygwin64\tmp\ccJZW9oX.s:278    .text.CAN2_RX0_IRQHandler:0000000c $d

UNDEFINED SYMBOLS
HAL_IncTick
HAL_CAN_IRQHandler
hcan1
hcan2
